[ 2016-04-19T01:23:45+08:00 ] 39.187.124.36 /index.php/User/Index/support
INFO: [ app_init ] --START--
INFO: Run Behavior\BuildLiteBehavior [ RunTime:0.000019s ]
INFO: [ app_init ] --END-- [ RunTime:0.000356s ]
INFO: [ app_begin ] --START--
INFO: Run Behavior\ReadHtmlCacheBehavior [ RunTime:0.000459s ]
INFO: [ app_begin ] --END-- [ RunTime:0.000517s ]
SQL: SHOW COLUMNS FROM `vol_intelapply` [ RunTime:0.0011s ]
SQL: SELECT * FROM `vol_intelapply` WHERE ( uid='2016005' ) LIMIT 1   [ RunTime:0.0001s ]
SQL: SHOW COLUMNS FROM `vol_sup_other_type` [ RunTime:0.0004s ]
SQL: SELECT * FROM `vol_sup_other_type`  [ RunTime:0.0001s ]
SQL: SHOW COLUMNS FROM `vol_sup_money` [ RunTime:0.0004s ]
SQL: SELECT * FROM `vol_sup_money` WHERE ( uid='2016005' and status='1' ) LIMIT 1   [ RunTime:0.0001s ]
SQL: SHOW COLUMNS FROM `vol_sup_other` [ RunTime:0.0005s ]
SQL: SELECT * FROM `vol_sup_other` WHERE ( uid='2016005' and status='1' ) LIMIT 1   [ RunTime:0.0001s ]
INFO: [ view_parse ] --START--
INFO: [ template_filter ] --START--
INFO: Run Behavior\ContentReplaceBehavior [ RunTime:0.000089s ]
INFO: [ template_filter ] --END-- [ RunTime:0.000147s ]
INFO: Run Behavior\ParseTemplateBehavior [ RunTime:0.008446s ]
INFO: [ view_parse ] --END-- [ RunTime:0.008503s ]
INFO: [ view_filter ] --START--
INFO: Run Behavior\WriteHtmlCacheBehavior [ RunTime:0.000186s ]
INFO: [ view_filter ] --END-- [ RunTime:0.000236s ]
INFO: [ app_end ] --START--
INFO: Run Behavior\ShowPageTraceBehavior [ RunTime:0.000443s ]
INFO: [ app_end ] --END-- [ RunTime:0.000495s ]

[ 2016-04-19T01:23:48+08:00 ] 39.187.124.36 /User/Index/index
INFO: [ app_init ] --START--
INFO: Run Behavior\BuildLiteBehavior [ RunTime:0.000014s ]
INFO: [ app_init ] --END-- [ RunTime:0.000312s ]
INFO: [ app_begin ] --START--
INFO: Run Behavior\ReadHtmlCacheBehavior [ RunTime:0.000454s ]
INFO: [ app_begin ] --END-- [ RunTime:0.000513s ]
SQL: SHOW COLUMNS FROM `vol_user` [ RunTime:0.0008s ]
SQL: SELECT * FROM `vol_user` WHERE ( uid='2016005' ) LIMIT 1   [ RunTime:0.0001s ]
SQL: SHOW COLUMNS FROM `vol_user_type_apply` [ RunTime:0.0005s ]
SQL: SELECT * FROM `vol_user_type_apply` WHERE ( uid='2016005' and status='1' ) LIMIT 1   [ RunTime:0.0001s ]
SQL: SELECT COUNT(*) AS tp_count FROM `vol_user` WHERE ( rmobile='13819801110' ) LIMIT 1   [ RunTime:0.0001s ]
SQL: SHOW COLUMNS FROM `vol_intelapply` [ RunTime:0.0009s ]
SQL: SELECT * FROM `vol_intelapply` WHERE ( uid='2016005' ) LIMIT 1   [ RunTime:0.0002s ]
INFO: [ view_parse ] --START--
INFO: [ template_filter ] --START--
INFO: Run Behavior\ContentReplaceBehavior [ RunTime:0.000073s ]
INFO: [ template_filter ] --END-- [ RunTime:0.000127s ]
SQL: SHOW COLUMNS FROM `vol_user_type` [ RunTime:0.0004s ]
SQL: SELECT * FROM `vol_user_type` WHERE ( id='0' ) LIMIT 1   [ RunTime:0.0001s ]
SQL: SELECT * FROM `vol_user` WHERE ( mobile='' ) LIMIT 1   [ RunTime:0.0001s ]
INFO: Run Behavior\ParseTemplateBehavior [ RunTime:0.010158s ]
INFO: [ view_parse ] --END-- [ RunTime:0.010209s ]
INFO: [ view_filter ] --START--
INFO: Run Behavior\WriteHtmlCacheBehavior [ RunTime:0.000230s ]
INFO: [ view_filter ] --END-- [ RunTime:0.000295s ]
INFO: [ app_end ] --START--
INFO: Run Behavior\ShowPageTraceBehavior [ RunTime:0.000443s ]
INFO: [ app_end ] --END-- [ RunTime:0.000497s ]

[ 2016-04-19T01:23:50+08:00 ] 39.187.124.36 /User/Index/support
INFO: [ app_init ] --START--
INFO: Run Behavior\BuildLiteBehavior [ RunTime:0.000015s ]
INFO: [ app_init ] --END-- [ RunTime:0.000310s ]
INFO: [ app_begin ] --START--
INFO: Run Behavior\ReadHtmlCacheBehavior [ RunTime:0.000437s ]
INFO: [ app_begin ] --END-- [ RunTime:0.000495s ]
SQL: SHOW COLUMNS FROM `vol_intelapply` [ RunTime:0.0012s ]
SQL: SELECT * FROM `vol_intelapply` WHERE ( uid='2016005' ) LIMIT 1   [ RunTime:0.0001s ]
SQL: SHOW COLUMNS FROM `vol_sup_other_type` [ RunTime:0.0004s ]
SQL: SELECT * FROM `vol_sup_other_type`  [ RunTime:0.0001s ]
SQL: SHOW COLUMNS FROM `vol_sup_money` [ RunTime:0.0004s ]
SQL: SELECT * FROM `vol_sup_money` WHERE ( uid='2016005' and status='1' ) LIMIT 1   [ RunTime:0.0001s ]
SQL: SHOW COLUMNS FROM `vol_sup_other` [ RunTime:0.0004s ]
SQL: SELECT * FROM `vol_sup_other` WHERE ( uid='2016005' and status='1' ) LIMIT 1   [ RunTime:0.0001s ]
INFO: [ view_parse ] --START--
INFO: [ template_filter ] --START--
INFO: Run Behavior\ContentReplaceBehavior [ RunTime:0.000070s ]
INFO: [ template_filter ] --END-- [ RunTime:0.000126s ]
INFO: Run Behavior\ParseTemplateBehavior [ RunTime:0.008390s ]
INFO: [ view_parse ] --END-- [ RunTime:0.008449s ]
INFO: [ view_filter ] --START--
INFO: Run Behavior\WriteHtmlCacheBehavior [ RunTime:0.000189s ]
INFO: [ view_filter ] --END-- [ RunTime:0.000239s ]
INFO: [ app_end ] --START--
INFO: Run Behavior\ShowPageTraceBehavior [ RunTime:0.000433s ]
INFO: [ app_end ] --END-- [ RunTime:0.000510s ]

[ 2016-04-19T01:23:59+08:00 ] 39.187.124.36 /User/Index/support
INFO: [ app_init ] --START--
INFO: Run Behavior\BuildLiteBehavior [ RunTime:0.000018s ]
INFO: [ app_init ] --END-- [ RunTime:0.000347s ]
INFO: [ app_begin ] --START--
INFO: Run Behavior\ReadHtmlCacheBehavior [ RunTime:0.000449s ]
INFO: [ app_begin ] --END-- [ RunTime:0.000507s ]
SQL: SHOW COLUMNS FROM `vol_intelapply` [ RunTime:0.0011s ]
SQL: SELECT * FROM `vol_intelapply` WHERE ( uid='2016005' ) LIMIT 1   [ RunTime:0.0001s ]
SQL: SHOW COLUMNS FROM `vol_sup_other_type` [ RunTime:0.0004s ]
SQL: SELECT * FROM `vol_sup_other_type`  [ RunTime:0.0001s ]
SQL: SHOW COLUMNS FROM `vol_sup_money` [ RunTime:0.0004s ]
SQL: SELECT * FROM `vol_sup_money` WHERE ( uid='2016005' and status='1' ) LIMIT 1   [ RunTime:0.0001s ]
SQL: SHOW COLUMNS FROM `vol_sup_other` [ RunTime:0.0004s ]
SQL: SELECT * FROM `vol_sup_other` WHERE ( uid='2016005' and status='1' ) LIMIT 1   [ RunTime:0.0001s ]
INFO: [ view_parse ] --START--
INFO: [ template_filter ] --START--
INFO: Run Behavior\ContentReplaceBehavior [ RunTime:0.000068s ]
INFO: [ template_filter ] --END-- [ RunTime:0.000124s ]
INFO: Run Behavior\ParseTemplateBehavior [ RunTime:0.008323s ]
INFO: [ view_parse ] --END-- [ RunTime:0.008379s ]
INFO: [ view_filter ] --START--
INFO: Run Behavior\WriteHtmlCacheBehavior [ RunTime:0.000209s ]
INFO: [ view_filter ] --END-- [ RunTime:0.000258s ]
INFO: [ app_end ] --START--
INFO: Run Behavior\ShowPageTraceBehavior [ RunTime:0.000446s ]
INFO: [ app_end ] --END-- [ RunTime:0.000498s ]

[ 2016-04-19T02:05:30+08:00 ] 101.226.125.121 /index.php/User/Index/index
INFO: [ app_init ] --START--
INFO: Run Behavior\BuildLiteBehavior [ RunTime:0.000016s ]
INFO: [ app_init ] --END-- [ RunTime:0.000323s ]
INFO: [ app_begin ] --START--
INFO: Run Behavior\ReadHtmlCacheBehavior [ RunTime:0.000433s ]
INFO: [ app_begin ] --END-- [ RunTime:0.000491s ]

[ 2016-04-19T02:05:31+08:00 ] 101.226.125.121 /index.php?m=user&c=index&a=login&openid=o4oq9vrth6xoOukHedv5iQtqTbs8
INFO: [ app_init ] --START--
INFO: Run Behavior\BuildLiteBehavior [ RunTime:0.000017s ]
INFO: [ app_init ] --END-- [ RunTime:0.000320s ]
INFO: [ app_begin ] --START--
INFO: Run Behavior\ReadHtmlCacheBehavior [ RunTime:0.000438s ]
INFO: [ app_begin ] --END-- [ RunTime:0.000496s ]
SQL: SHOW COLUMNS FROM `vol_user` [ RunTime:0.0010s ]
SQL: SELECT * FROM `vol_user` WHERE ( openid='o4oq9vrth6xoOukHedv5iQtqTbs8' ) LIMIT 1   [ RunTime:0.0001s ]

[ 2016-04-19T02:05:31+08:00 ] 101.226.125.121 /index.php/User/Index/index
INFO: [ app_init ] --START--
INFO: Run Behavior\BuildLiteBehavior [ RunTime:0.000014s ]
INFO: [ app_init ] --END-- [ RunTime:0.000311s ]
INFO: [ app_begin ] --START--
INFO: Run Behavior\ReadHtmlCacheBehavior [ RunTime:0.000435s ]
INFO: [ app_begin ] --END-- [ RunTime:0.000493s ]
SQL: SHOW COLUMNS FROM `vol_user` [ RunTime:0.0008s ]
SQL: SELECT * FROM `vol_user` WHERE ( uid='2016001' ) LIMIT 1   [ RunTime:0.0001s ]
SQL: SHOW COLUMNS FROM `vol_user_type_apply` [ RunTime:0.0004s ]
SQL: SELECT * FROM `vol_user_type_apply` WHERE ( uid='2016001' and status='1' ) LIMIT 1   [ RunTime:0.0003s ]
SQL: SELECT COUNT(*) AS tp_count FROM `vol_user` WHERE ( rmobile='18858002358' ) LIMIT 1   [ RunTime:0.0002s ]
SQL: SHOW COLUMNS FROM `vol_intelapply` [ RunTime:0.0008s ]
SQL: SELECT * FROM `vol_intelapply` WHERE ( uid='2016001' ) LIMIT 1   [ RunTime:0.0001s ]
INFO: [ view_parse ] --START--
INFO: [ template_filter ] --START--
INFO: Run Behavior\ContentReplaceBehavior [ RunTime:0.000074s ]
INFO: [ template_filter ] --END-- [ RunTime:0.000133s ]
SQL: SHOW COLUMNS FROM `vol_user_type` [ RunTime:0.0004s ]
SQL: SELECT * FROM `vol_user_type` WHERE ( id='1' ) LIMIT 1   [ RunTime:0.0001s ]
SQL: SELECT * FROM `vol_user` WHERE ( mobile='18858002358' ) LIMIT 1   [ RunTime:0.0002s ]
INFO: Run Behavior\ParseTemplateBehavior [ RunTime:0.010318s ]
INFO: [ view_parse ] --END-- [ RunTime:0.010370s ]
INFO: [ view_filter ] --START--
INFO: Run Behavior\WriteHtmlCacheBehavior [ RunTime:0.000192s ]
INFO: [ view_filter ] --END-- [ RunTime:0.000243s ]
INFO: [ app_end ] --START--
INFO: Run Behavior\ShowPageTraceBehavior [ RunTime:0.000430s ]
INFO: [ app_end ] --END-- [ RunTime:0.000481s ]

[ 2016-04-19T02:05:49+08:00 ] 101.226.125.121 /User/Index/index
INFO: [ app_init ] --START--
INFO: Run Behavior\BuildLiteBehavior [ RunTime:0.000014s ]
INFO: [ app_init ] --END-- [ RunTime:0.000322s ]
INFO: [ app_begin ] --START--
INFO: Run Behavior\ReadHtmlCacheBehavior [ RunTime:0.000447s ]
INFO: [ app_begin ] --END-- [ RunTime:0.000507s ]
SQL: SHOW COLUMNS FROM `vol_user` [ RunTime:0.0007s ]
SQL: SELECT * FROM `vol_user` WHERE ( uid='2016001' ) LIMIT 1   [ RunTime:0.0001s ]
SQL: SHOW COLUMNS FROM `vol_user_type_apply` [ RunTime:0.0004s ]
SQL: SELECT * FROM `vol_user_type_apply` WHERE ( uid='2016001' and status='1' ) LIMIT 1   [ RunTime:0.0003s ]
SQL: SELECT COUNT(*) AS tp_count FROM `vol_user` WHERE ( rmobile='18858002358' ) LIMIT 1   [ RunTime:0.0001s ]
SQL: SHOW COLUMNS FROM `vol_intelapply` [ RunTime:0.0008s ]
SQL: SELECT * FROM `vol_intelapply` WHERE ( uid='2016001' ) LIMIT 1   [ RunTime:0.0001s ]
INFO: [ view_parse ] --START--
INFO: [ template_filter ] --START--
INFO: Run Behavior\ContentReplaceBehavior [ RunTime:0.000074s ]
INFO: [ template_filter ] --END-- [ RunTime:0.000127s ]
SQL: SHOW COLUMNS FROM `vol_user_type` [ RunTime:0.0004s ]
SQL: SELECT * FROM `vol_user_type` WHERE ( id='1' ) LIMIT 1   [ RunTime:0.0001s ]
SQL: SELECT * FROM `vol_user` WHERE ( mobile='18858002358' ) LIMIT 1   [ RunTime:0.0001s ]
INFO: Run Behavior\ParseTemplateBehavior [ RunTime:0.010067s ]
INFO: [ view_parse ] --END-- [ RunTime:0.010118s ]
INFO: [ view_filter ] --START--
INFO: Run Behavior\WriteHtmlCacheBehavior [ RunTime:0.000222s ]
INFO: [ view_filter ] --END-- [ RunTime:0.000271s ]
INFO: [ app_end ] --START--
INFO: Run Behavior\ShowPageTraceBehavior [ RunTime:0.000476s ]
INFO: [ app_end ] --END-- [ RunTime:0.000528s ]

[ 2016-04-19T02:05:50+08:00 ] 101.226.33.239 /User/Index/index
INFO: [ app_init ] --START--
INFO: Run Behavior\BuildLiteBehavior [ RunTime:0.000015s ]
INFO: [ app_init ] --END-- [ RunTime:0.000308s ]
INFO: [ app_begin ] --START--
INFO: Run Behavior\ReadHtmlCacheBehavior [ RunTime:0.000413s ]
INFO: [ app_begin ] --END-- [ RunTime:0.000472s ]

[ 2016-04-19T02:05:52+08:00 ] 101.226.125.121 /User/Index/index
INFO: [ app_init ] --START--
INFO: Run Behavior\BuildLiteBehavior [ RunTime:0.000014s ]
INFO: [ app_init ] --END-- [ RunTime:0.000335s ]
INFO: [ app_begin ] --START--
INFO: Run Behavior\ReadHtmlCacheBehavior [ RunTime:0.000435s ]
INFO: [ app_begin ] --END-- [ RunTime:0.000493s ]
SQL: SHOW COLUMNS FROM `vol_user` [ RunTime:0.0008s ]
SQL: SELECT * FROM `vol_user` WHERE ( uid='2016001' ) LIMIT 1   [ RunTime:0.0001s ]
SQL: SHOW COLUMNS FROM `vol_user_type_apply` [ RunTime:0.0004s ]
SQL: SELECT * FROM `vol_user_type_apply` WHERE ( uid='2016001' and status='1' ) LIMIT 1   [ RunTime:0.0001s ]
SQL: SELECT COUNT(*) AS tp_count FROM `vol_user` WHERE ( rmobile='18858002358' ) LIMIT 1   [ RunTime:0.0001s ]
SQL: SHOW COLUMNS FROM `vol_intelapply` [ RunTime:0.0009s ]
SQL: SELECT * FROM `vol_intelapply` WHERE ( uid='2016001' ) LIMIT 1   [ RunTime:0.0001s ]
INFO: [ view_parse ] --START--
INFO: [ template_filter ] --START--
INFO: Run Behavior\ContentReplaceBehavior [ RunTime:0.000075s ]
INFO: [ template_filter ] --END-- [ RunTime:0.000131s ]
SQL: SHOW COLUMNS FROM `vol_user_type` [ RunTime:0.0004s ]
SQL: SELECT * FROM `vol_user_type` WHERE ( id='1' ) LIMIT 1   [ RunTime:0.0001s ]
SQL: SELECT * FROM `vol_user` WHERE ( mobile='18858002358' ) LIMIT 1   [ RunTime:0.0001s ]
INFO: Run Behavior\ParseTemplateBehavior [ RunTime:0.010140s ]
INFO: [ view_parse ] --END-- [ RunTime:0.010193s ]
INFO: [ view_filter ] --START--
INFO: Run Behavior\WriteHtmlCacheBehavior [ RunTime:0.000204s ]
INFO: [ view_filter ] --END-- [ RunTime:0.000254s ]
INFO: [ app_end ] --START--
INFO: Run Behavior\ShowPageTraceBehavior [ RunTime:0.000515s ]
INFO: [ app_end ] --END-- [ RunTime:0.000578s ]

[ 2016-04-19T02:05:57+08:00 ] 180.153.201.66 /index.php/User/Index/index
INFO: [ app_init ] --START--
INFO: Run Behavior\BuildLiteBehavior [ RunTime:0.000015s ]
INFO: [ app_init ] --END-- [ RunTime:0.000315s ]
INFO: [ app_begin ] --START--
INFO: Run Behavior\ReadHtmlCacheBehavior [ RunTime:0.000446s ]
INFO: [ app_begin ] --END-- [ RunTime:0.000503s ]

[ 2016-04-19T02:05:57+08:00 ] 101.226.125.121 /index.php/User/Index/index
INFO: [ app_init ] --START--
INFO: Run Behavior\BuildLiteBehavior [ RunTime:0.000014s ]
INFO: [ app_init ] --END-- [ RunTime:0.000302s ]
INFO: [ app_begin ] --START--
INFO: Run Behavior\ReadHtmlCacheBehavior [ RunTime:0.000424s ]
INFO: [ app_begin ] --END-- [ RunTime:0.000487s ]
SQL: SHOW COLUMNS FROM `vol_user` [ RunTime:0.0007s ]
SQL: SELECT * FROM `vol_user` WHERE ( uid='2016001' ) LIMIT 1   [ RunTime:0.0001s ]
SQL: SHOW COLUMNS FROM `vol_user_type_apply` [ RunTime:0.0007s ]
SQL: SELECT * FROM `vol_user_type_apply` WHERE ( uid='2016001' and status='1' ) LIMIT 1   [ RunTime:0.0001s ]
SQL: SELECT COUNT(*) AS tp_count FROM `vol_user` WHERE ( rmobile='18858002358' ) LIMIT 1   [ RunTime:0.0001s ]
SQL: SHOW COLUMNS FROM `vol_intelapply` [ RunTime:0.0009s ]
SQL: SELECT * FROM `vol_intelapply` WHERE ( uid='2016001' ) LIMIT 1   [ RunTime:0.0001s ]
INFO: [ view_parse ] --START--
INFO: [ template_filter ] --START--
INFO: Run Behavior\ContentReplaceBehavior [ RunTime:0.000076s ]
INFO: [ template_filter ] --END-- [ RunTime:0.000133s ]
SQL: SHOW COLUMNS FROM `vol_user_type` [ RunTime:0.0004s ]
SQL: SELECT * FROM `vol_user_type` WHERE ( id='1' ) LIMIT 1   [ RunTime:0.0001s ]
SQL: SELECT * FROM `vol_user` WHERE ( mobile='18858002358' ) LIMIT 1   [ RunTime:0.0001s ]
INFO: Run Behavior\ParseTemplateBehavior [ RunTime:0.012715s ]
INFO: [ view_parse ] --END-- [ RunTime:0.012767s ]
INFO: [ view_filter ] --START--
INFO: Run Behavior\WriteHtmlCacheBehavior [ RunTime:0.000190s ]
INFO: [ view_filter ] --END-- [ RunTime:0.000240s ]
INFO: [ app_end ] --START--
INFO: Run Behavior\ShowPageTraceBehavior [ RunTime:0.000458s ]
INFO: [ app_end ] --END-- [ RunTime:0.000522s ]

[ 2016-04-19T02:06:48+08:00 ] 101.226.125.121 /User/Index/index
INFO: [ app_init ] --START--
INFO: Run Behavior\BuildLiteBehavior [ RunTime:0.000014s ]
INFO: [ app_init ] --END-- [ RunTime:0.000324s ]
INFO: [ app_begin ] --START--
INFO: Run Behavior\ReadHtmlCacheBehavior [ RunTime:0.000436s ]
INFO: [ app_begin ] --END-- [ RunTime:0.000494s ]
SQL: SHOW COLUMNS FROM `vol_user` [ RunTime:0.0008s ]
SQL: SELECT * FROM `vol_user` WHERE ( uid='2016001' ) LIMIT 1   [ RunTime:0.0003s ]
SQL: SHOW COLUMNS FROM `vol_user_type_apply` [ RunTime:0.0004s ]
SQL: SELECT * FROM `vol_user_type_apply` WHERE ( uid='2016001' and status='1' ) LIMIT 1   [ RunTime:0.0003s ]
SQL: SELECT COUNT(*) AS tp_count FROM `vol_user` WHERE ( rmobile='18858002358' ) LIMIT 1   [ RunTime:0.0002s ]
SQL: SHOW COLUMNS FROM `vol_intelapply` [ RunTime:0.0009s ]
SQL: SELECT * FROM `vol_intelapply` WHERE ( uid='2016001' ) LIMIT 1   [ RunTime:0.0001s ]
INFO: [ view_parse ] --START--
INFO: [ template_filter ] --START--
INFO: Run Behavior\ContentReplaceBehavior [ RunTime:0.000078s ]
INFO: [ template_filter ] --END-- [ RunTime:0.000134s ]
SQL: SHOW COLUMNS FROM `vol_user_type` [ RunTime:0.0004s ]
SQL: SELECT * FROM `vol_user_type` WHERE ( id='0' ) LIMIT 1   [ RunTime:0.0001s ]
SQL: SELECT * FROM `vol_user` WHERE ( mobile='18858002358' ) LIMIT 1   [ RunTime:0.0002s ]
INFO: Run Behavior\ParseTemplateBehavior [ RunTime:0.010133s ]
INFO: [ view_parse ] --END-- [ RunTime:0.010187s ]
INFO: [ view_filter ] --START--
INFO: Run Behavior\WriteHtmlCacheBehavior [ RunTime:0.000193s ]
INFO: [ view_filter ] --END-- [ RunTime:0.000274s ]
INFO: [ app_end ] --START--
INFO: Run Behavior\ShowPageTraceBehavior [ RunTime:0.000447s ]
INFO: [ app_end ] --END-- [ RunTime:0.000503s ]

[ 2016-04-19T02:07:02+08:00 ] 101.226.125.121 /User/Index/index
INFO: [ app_init ] --START--
INFO: Run Behavior\BuildLiteBehavior [ RunTime:0.000014s ]
INFO: [ app_init ] --END-- [ RunTime:0.000305s ]
INFO: [ app_begin ] --START--
INFO: Run Behavior\ReadHtmlCacheBehavior [ RunTime:0.000416s ]
INFO: [ app_begin ] --END-- [ RunTime:0.000473s ]
SQL: SHOW COLUMNS FROM `vol_user` [ RunTime:0.0008s ]
SQL: SELECT * FROM `vol_user` WHERE ( uid='2016001' ) LIMIT 1   [ RunTime:0.0001s ]
SQL: SHOW COLUMNS FROM `vol_user_type_apply` [ RunTime:0.0004s ]
SQL: SELECT * FROM `vol_user_type_apply` WHERE ( uid='2016001' and status='1' ) LIMIT 1   [ RunTime:0.0003s ]
SQL: SELECT COUNT(*) AS tp_count FROM `vol_user` WHERE ( rmobile='18858002358' ) LIMIT 1   [ RunTime:0.0001s ]
SQL: SHOW COLUMNS FROM `vol_intelapply` [ RunTime:0.0008s ]
SQL: SELECT * FROM `vol_intelapply` WHERE ( uid='2016001' ) LIMIT 1   [ RunTime:0.0001s ]
INFO: [ view_parse ] --START--
INFO: [ template_filter ] --START--
INFO: Run Behavior\ContentReplaceBehavior [ RunTime:0.000074s ]
INFO: [ template_filter ] --END-- [ RunTime:0.000129s ]
SQL: SHOW COLUMNS FROM `vol_user_type` [ RunTime:0.0004s ]
SQL: SELECT * FROM `vol_user_type` WHERE ( id='0' ) LIMIT 1   [ RunTime:0.0001s ]
SQL: SELECT * FROM `vol_user` WHERE ( mobile='18858002358' ) LIMIT 1   [ RunTime:0.0001s ]
INFO: Run Behavior\ParseTemplateBehavior [ RunTime:0.009856s ]
INFO: [ view_parse ] --END-- [ RunTime:0.009909s ]
INFO: [ view_filter ] --START--
INFO: Run Behavior\WriteHtmlCacheBehavior [ RunTime:0.000219s ]
INFO: [ view_filter ] --END-- [ RunTime:0.000270s ]
INFO: [ app_end ] --START--
INFO: Run Behavior\ShowPageTraceBehavior [ RunTime:0.000456s ]
INFO: [ app_end ] --END-- [ RunTime:0.000507s ]

[ 2016-04-19T02:07:03+08:00 ] 101.226.125.121 /User/Index/apply/cid/1
INFO: [ app_init ] --START--
INFO: Run Behavior\BuildLiteBehavior [ RunTime:0.000016s ]
INFO: [ app_init ] --END-- [ RunTime:0.000316s ]
INFO: [ app_begin ] --START--
INFO: Run Behavior\ReadHtmlCacheBehavior [ RunTime:0.000426s ]
INFO: [ app_begin ] --END-- [ RunTime:0.000507s ]
SQL: SHOW COLUMNS FROM `vol_user_type` [ RunTime:0.0006s ]
SQL: SELECT * FROM `vol_user_type` WHERE ( id='1' ) LIMIT 1   [ RunTime:0.0001s ]
INFO: [ view_parse ] --START--
INFO: [ template_filter ] --START--
INFO: Run Behavior\ContentReplaceBehavior [ RunTime:0.000057s ]
INFO: [ template_filter ] --END-- [ RunTime:0.000137s ]
INFO: Run Behavior\ParseTemplateBehavior [ RunTime:0.005655s ]
INFO: [ view_parse ] --END-- [ RunTime:0.005714s ]
INFO: [ view_filter ] --START--
INFO: Run Behavior\WriteHtmlCacheBehavior [ RunTime:0.000184s ]
INFO: [ view_filter ] --END-- [ RunTime:0.000232s ]
INFO: [ app_end ] --START--
INFO: Run Behavior\ShowPageTraceBehavior [ RunTime:0.000478s ]
INFO: [ app_end ] --END-- [ RunTime:0.000528s ]

[ 2016-04-19T02:07:12+08:00 ] 101.226.125.121 /User/Index/index
INFO: [ app_init ] --START--
INFO: Run Behavior\BuildLiteBehavior [ RunTime:0.000014s ]
INFO: [ app_init ] --END-- [ RunTime:0.000308s ]
INFO: [ app_begin ] --START--
INFO: Run Behavior\ReadHtmlCacheBehavior [ RunTime:0.000415s ]
INFO: [ app_begin ] --END-- [ RunTime:0.000473s ]
SQL: SHOW COLUMNS FROM `vol_user` [ RunTime:0.0008s ]
SQL: SELECT * FROM `vol_user` WHERE ( uid='2016001' ) LIMIT 1   [ RunTime:0.0001s ]
SQL: SHOW COLUMNS FROM `vol_user_type_apply` [ RunTime:0.0005s ]
SQL: SELECT * FROM `vol_user_type_apply` WHERE ( uid='2016001' and status='1' ) LIMIT 1   [ RunTime:0.0003s ]
SQL: SELECT COUNT(*) AS tp_count FROM `vol_user` WHERE ( rmobile='18858002358' ) LIMIT 1   [ RunTime:0.0001s ]
SQL: SHOW COLUMNS FROM `vol_intelapply` [ RunTime:0.0008s ]
SQL: SELECT * FROM `vol_intelapply` WHERE ( uid='2016001' ) LIMIT 1   [ RunTime:0.0001s ]
INFO: [ view_parse ] --START--
INFO: [ template_filter ] --START--
INFO: Run Behavior\ContentReplaceBehavior [ RunTime:0.000138s ]
INFO: [ template_filter ] --END-- [ RunTime:0.000225s ]
SQL: SHOW COLUMNS FROM `vol_user_type` [ RunTime:0.0004s ]
SQL: SELECT * FROM `vol_user_type` WHERE ( id='0' ) LIMIT 1   [ RunTime:0.0001s ]
SQL: SELECT * FROM `vol_user` WHERE ( mobile='18858002358' ) LIMIT 1   [ RunTime:0.0001s ]
INFO: Run Behavior\ParseTemplateBehavior [ RunTime:0.009993s ]
INFO: [ view_parse ] --END-- [ RunTime:0.010043s ]
INFO: [ view_filter ] --START--
INFO: Run Behavior\WriteHtmlCacheBehavior [ RunTime:0.000219s ]
INFO: [ view_filter ] --END-- [ RunTime:0.000290s ]
INFO: [ app_end ] --START--
INFO: Run Behavior\ShowPageTraceBehavior [ RunTime:0.000434s ]
INFO: [ app_end ] --END-- [ RunTime:0.000486s ]

[ 2016-04-19T02:17:18+08:00 ] 101.226.125.121 /index.php/User/Index/index
INFO: [ app_init ] --START--
INFO: Run Behavior\BuildLiteBehavior [ RunTime:0.000014s ]
INFO: [ app_init ] --END-- [ RunTime:0.000302s ]
INFO: [ app_begin ] --START--
INFO: Run Behavior\ReadHtmlCacheBehavior [ RunTime:0.000450s ]
INFO: [ app_begin ] --END-- [ RunTime:0.000509s ]

[ 2016-04-19T02:17:20+08:00 ] 101.226.66.181 /index.php?m=user&c=index&a=login&openid=
INFO: [ app_init ] --START--
INFO: Run Behavior\BuildLiteBehavior [ RunTime:0.000015s ]
INFO: [ app_init ] --END-- [ RunTime:0.000314s ]
INFO: [ app_begin ] --START--
INFO: Run Behavior\ReadHtmlCacheBehavior [ RunTime:0.000456s ]
INFO: [ app_begin ] --END-- [ RunTime:0.000515s ]
SQL: SHOW COLUMNS FROM `vol_user` [ RunTime:0.0008s ]
SQL: SELECT * FROM `vol_user` WHERE ( openid='' ) LIMIT 1   [ RunTime:0.0002s ]
INFO: [ view_parse ] --START--
INFO: [ template_filter ] --START--
INFO: Run Behavior\ContentReplaceBehavior [ RunTime:0.000075s ]
INFO: [ template_filter ] --END-- [ RunTime:0.000137s ]
NOTIC: [8] Undefined variable: avatar /www/web/yigong/public_html/Application/Runtime/Cache/User/62992500eefa3687fdce3a8051bb7cf1.php 第 26 行.
INFO: Run Behavior\ParseTemplateBehavior [ RunTime:0.011040s ]
INFO: [ view_parse ] --END-- [ RunTime:0.011094s ]
INFO: [ view_filter ] --START--
INFO: Run Behavior\WriteHtmlCacheBehavior [ RunTime:0.000186s ]
INFO: [ view_filter ] --END-- [ RunTime:0.000234s ]
INFO: [ app_end ] --START--
INFO: Run Behavior\ShowPageTraceBehavior [ RunTime:0.000459s ]
INFO: [ app_end ] --END-- [ RunTime:0.000513s ]

[ 2016-04-19T02:17:20+08:00 ] 180.153.206.13 /index.php?m=user&c=index&a=login&openid=
INFO: [ app_init ] --START--
INFO: Run Behavior\BuildLiteBehavior [ RunTime:0.000013s ]
INFO: [ app_init ] --END-- [ RunTime:0.000311s ]
INFO: [ app_begin ] --START--
INFO: Run Behavior\ReadHtmlCacheBehavior [ RunTime:0.000451s ]
INFO: [ app_begin ] --END-- [ RunTime:0.000510s ]
SQL: SHOW COLUMNS FROM `vol_user` [ RunTime:0.0007s ]
SQL: SELECT * FROM `vol_user` WHERE ( openid='' ) LIMIT 1   [ RunTime:0.0001s ]
INFO: [ view_parse ] --START--
INFO: [ template_filter ] --START--
INFO: Run Behavior\ContentReplaceBehavior [ RunTime:0.000053s ]
INFO: [ template_filter ] --END-- [ RunTime:0.000113s ]
NOTIC: [8] Undefined variable: avatar /www/web/yigong/public_html/Application/Runtime/Cache/User/62992500eefa3687fdce3a8051bb7cf1.php 第 26 行.
INFO: Run Behavior\ParseTemplateBehavior [ RunTime:0.013286s ]
INFO: [ view_parse ] --END-- [ RunTime:0.013344s ]
INFO: [ view_filter ] --START--
INFO: Run Behavior\WriteHtmlCacheBehavior [ RunTime:0.000203s ]
INFO: [ view_filter ] --END-- [ RunTime:0.000254s ]
INFO: [ app_end ] --START--
INFO: Run Behavior\ShowPageTraceBehavior [ RunTime:0.000488s ]
INFO: [ app_end ] --END-- [ RunTime:0.000541s ]

[ 2016-04-19T02:17:20+08:00 ] 180.153.163.191 /index.php?m=user&c=index&a=login&openid=
INFO: [ app_init ] --START--
INFO: Run Behavior\BuildLiteBehavior [ RunTime:0.000013s ]
INFO: [ app_init ] --END-- [ RunTime:0.000299s ]
INFO: [ app_begin ] --START--
INFO: Run Behavior\ReadHtmlCacheBehavior [ RunTime:0.000410s ]
INFO: [ app_begin ] --END-- [ RunTime:0.000469s ]
SQL: SHOW COLUMNS FROM `vol_user` [ RunTime:0.0007s ]
SQL: SELECT * FROM `vol_user` WHERE ( openid='' ) LIMIT 1   [ RunTime:0.0001s ]
INFO: [ view_parse ] --START--
INFO: [ template_filter ] --START--
INFO: Run Behavior\ContentReplaceBehavior [ RunTime:0.000053s ]
INFO: [ template_filter ] --END-- [ RunTime:0.000113s ]
NOTIC: [8] Undefined variable: avatar /www/web/yigong/public_html/Application/Runtime/Cache/User/62992500eefa3687fdce3a8051bb7cf1.php 第 26 行.
INFO: Run Behavior\ParseTemplateBehavior [ RunTime:0.005932s ]
INFO: [ view_parse ] --END-- [ RunTime:0.005988s ]
INFO: [ view_filter ] --START--
INFO: Run Behavior\WriteHtmlCacheBehavior [ RunTime:0.000208s ]
INFO: [ view_filter ] --END-- [ RunTime:0.000258s ]
INFO: [ app_end ] --START--
INFO: Run Behavior\ShowPageTraceBehavior [ RunTime:0.000439s ]
INFO: [ app_end ] --END-- [ RunTime:0.000489s ]

[ 2016-04-19T02:17:21+08:00 ] 101.226.125.121 /index.php?m=user&c=index&a=login&openid=o4oq9vrth6xoOukHedv5iQtqTbs8
INFO: [ app_init ] --START--
INFO: Run Behavior\BuildLiteBehavior [ RunTime:0.000022s ]
INFO: [ app_init ] --END-- [ RunTime:0.000470s ]
INFO: [ app_begin ] --START--
INFO: Run Behavior\ReadHtmlCacheBehavior [ RunTime:0.000473s ]
INFO: [ app_begin ] --END-- [ RunTime:0.000533s ]
SQL: SHOW COLUMNS FROM `vol_user` [ RunTime:0.0008s ]
SQL: SELECT * FROM `vol_user` WHERE ( openid='o4oq9vrth6xoOukHedv5iQtqTbs8' ) LIMIT 1   [ RunTime:0.0003s ]

[ 2016-04-19T02:17:21+08:00 ] 101.226.33.223 /index.php?m=user&c=index&a=login&openid=o4oq9vrth6xoOukHedv5iQtqTbs8
INFO: [ app_init ] --START--
INFO: Run Behavior\BuildLiteBehavior [ RunTime:0.000014s ]
INFO: [ app_init ] --END-- [ RunTime:0.000320s ]
INFO: [ app_begin ] --START--
INFO: Run Behavior\ReadHtmlCacheBehavior [ RunTime:0.000437s ]
INFO: [ app_begin ] --END-- [ RunTime:0.000500s ]
SQL: SHOW COLUMNS FROM `vol_user` [ RunTime:0.0007s ]
SQL: SELECT * FROM `vol_user` WHERE ( openid='o4oq9vrth6xoOukHedv5iQtqTbs8' ) LIMIT 1   [ RunTime:0.0001s ]

[ 2016-04-19T02:17:21+08:00 ] 101.226.33.223 /User/Index/index
INFO: [ app_init ] --START--
INFO: Run Behavior\BuildLiteBehavior [ RunTime:0.000013s ]
INFO: [ app_init ] --END-- [ RunTime:0.000303s ]
INFO: [ app_begin ] --START--
INFO: Run Behavior\ReadHtmlCacheBehavior [ RunTime:0.000433s ]
INFO: [ app_begin ] --END-- [ RunTime:0.000489s ]
SQL: SHOW COLUMNS FROM `vol_user` [ RunTime:0.0007s ]
SQL: SELECT * FROM `vol_user` WHERE ( uid='2016001' ) LIMIT 1   [ RunTime:0.0003s ]
SQL: SHOW COLUMNS FROM `vol_user_type_apply` [ RunTime:0.0004s ]
SQL: SELECT * FROM `vol_user_type_apply` WHERE ( uid='2016001' and status='1' ) LIMIT 1   [ RunTime:0.0002s ]
SQL: SELECT COUNT(*) AS tp_count FROM `vol_user` WHERE ( rmobile='18858002358' ) LIMIT 1   [ RunTime:0.0003s ]
SQL: SHOW COLUMNS FROM `vol_intelapply` [ RunTime:0.0008s ]
SQL: SELECT * FROM `vol_intelapply` WHERE ( uid='2016001' ) LIMIT 1   [ RunTime:0.0001s ]
INFO: [ view_parse ] --START--
INFO: [ template_filter ] --START--
INFO: Run Behavior\ContentReplaceBehavior [ RunTime:0.000073s ]
INFO: [ template_filter ] --END-- [ RunTime:0.000127s ]
SQL: SHOW COLUMNS FROM `vol_user_type` [ RunTime:0.0004s ]
SQL: SELECT * FROM `vol_user_type` WHERE ( id='1' ) LIMIT 1   [ RunTime:0.0001s ]
SQL: SELECT * FROM `vol_user` WHERE ( mobile='18858002358' ) LIMIT 1   [ RunTime:0.0002s ]
INFO: Run Behavior\ParseTemplateBehavior [ RunTime:0.010136s ]
INFO: [ view_parse ] --END-- [ RunTime:0.010188s ]
INFO: [ view_filter ] --START--
INFO: Run Behavior\WriteHtmlCacheBehavior [ RunTime:0.000190s ]
INFO: [ view_filter ] --END-- [ RunTime:0.000240s ]
INFO: [ app_end ] --START--
INFO: Run Behavior\ShowPageTraceBehavior [ RunTime:0.000451s ]
INFO: [ app_end ] --END-- [ RunTime:0.000504s ]

[ 2016-04-19T02:17:21+08:00 ] 101.226.125.121 /index.php/User/Index/index
INFO: [ app_init ] --START--
INFO: Run Behavior\BuildLiteBehavior [ RunTime:0.000014s ]
INFO: [ app_init ] --END-- [ RunTime:0.000312s ]
INFO: [ app_begin ] --START--
INFO: Run Behavior\ReadHtmlCacheBehavior [ RunTime:0.000433s ]
INFO: [ app_begin ] --END-- [ RunTime:0.000490s ]
SQL: SHOW COLUMNS FROM `vol_user` [ RunTime:0.0007s ]
SQL: SELECT * FROM `vol_user` WHERE ( uid='2016001' ) LIMIT 1   [ RunTime:0.0001s ]
SQL: SHOW COLUMNS FROM `vol_user_type_apply` [ RunTime:0.0004s ]
SQL: SELECT * FROM `vol_user_type_apply` WHERE ( uid='2016001' and status='1' ) LIMIT 1   [ RunTime:0.0001s ]
SQL: SELECT COUNT(*) AS tp_count FROM `vol_user` WHERE ( rmobile='18858002358' ) LIMIT 1   [ RunTime:0.0001s ]
SQL: SHOW COLUMNS FROM `vol_intelapply` [ RunTime:0.0008s ]
SQL: SELECT * FROM `vol_intelapply` WHERE ( uid='2016001' ) LIMIT 1   [ RunTime:0.0001s ]
INFO: [ view_parse ] --START--
INFO: [ template_filter ] --START--
INFO: Run Behavior\ContentReplaceBehavior [ RunTime:0.000075s ]
INFO: [ template_filter ] --END-- [ RunTime:0.000130s ]
SQL: SHOW COLUMNS FROM `vol_user_type` [ RunTime:0.0004s ]
SQL: SELECT * FROM `vol_user_type` WHERE ( id='1' ) LIMIT 1   [ RunTime:0.0001s ]
SQL: SELECT * FROM `vol_user` WHERE ( mobile='18858002358' ) LIMIT 1   [ RunTime:0.0001s ]
INFO: Run Behavior\ParseTemplateBehavior [ RunTime:0.010015s ]
INFO: [ view_parse ] --END-- [ RunTime:0.010068s ]
INFO: [ view_filter ] --START--
INFO: Run Behavior\WriteHtmlCacheBehavior [ RunTime:0.000190s ]
INFO: [ view_filter ] --END-- [ RunTime:0.000239s ]
INFO: [ app_end ] --START--
INFO: Run Behavior\ShowPageTraceBehavior [ RunTime:0.000463s ]
INFO: [ app_end ] --END-- [ RunTime:0.000514s ]

[ 2016-04-19T02:33:44+08:00 ] 101.226.125.121 /User/Index/index
INFO: [ app_init ] --START--
INFO: Run Behavior\BuildLiteBehavior [ RunTime:0.000012s ]
INFO: [ app_init ] --END-- [ RunTime:0.000293s ]
INFO: [ app_begin ] --START--
INFO: Run Behavior\ReadHtmlCacheBehavior [ RunTime:0.004441s ]
INFO: [ app_begin ] --END-- [ RunTime:0.004499s ]
SQL: SHOW COLUMNS FROM `vol_user` [ RunTime:0.0008s ]
SQL: SELECT * FROM `vol_user` WHERE ( uid='2016001' ) LIMIT 1   [ RunTime:0.0001s ]
SQL: SHOW COLUMNS FROM `vol_user_type_apply` [ RunTime:0.0005s ]
SQL: SELECT * FROM `vol_user_type_apply` WHERE ( uid='2016001' and status='1' ) LIMIT 1   [ RunTime:0.0001s ]
SQL: SELECT COUNT(*) AS tp_count FROM `vol_user` WHERE ( rmobile='18858002358' ) LIMIT 1   [ RunTime:0.0001s ]
SQL: SHOW COLUMNS FROM `vol_intelapply` [ RunTime:0.0009s ]
SQL: SELECT * FROM `vol_intelapply` WHERE ( uid='2016001' ) LIMIT 1   [ RunTime:0.0001s ]
INFO: [ view_parse ] --START--
INFO: [ template_filter ] --START--
INFO: Run Behavior\ContentReplaceBehavior [ RunTime:0.000073s ]
INFO: [ template_filter ] --END-- [ RunTime:0.000129s ]
SQL: SHOW COLUMNS FROM `vol_user_type` [ RunTime:0.0004s ]
SQL: SELECT * FROM `vol_user_type` WHERE ( id='1' ) LIMIT 1   [ RunTime:0.0001s ]
SQL: SELECT * FROM `vol_user` WHERE ( mobile='18858002358' ) LIMIT 1   [ RunTime:0.0001s ]
INFO: Run Behavior\ParseTemplateBehavior [ RunTime:0.010005s ]
INFO: [ view_parse ] --END-- [ RunTime:0.010057s ]
INFO: [ view_filter ] --START--
INFO: Run Behavior\WriteHtmlCacheBehavior [ RunTime:0.000191s ]
INFO: [ view_filter ] --END-- [ RunTime:0.000240s ]
INFO: [ app_end ] --START--
INFO: Run Behavior\ShowPageTraceBehavior [ RunTime:0.000515s ]
INFO: [ app_end ] --END-- [ RunTime:0.000566s ]

[ 2016-04-19T02:33:44+08:00 ] 101.226.125.121 /User/Index/index
INFO: [ app_init ] --START--
INFO: Run Behavior\BuildLiteBehavior [ RunTime:0.000014s ]
INFO: [ app_init ] --END-- [ RunTime:0.000315s ]
INFO: [ app_begin ] --START--
INFO: Run Behavior\ReadHtmlCacheBehavior [ RunTime:0.000416s ]
INFO: [ app_begin ] --END-- [ RunTime:0.000474s ]
SQL: SHOW COLUMNS FROM `vol_user` [ RunTime:0.0008s ]
SQL: SELECT * FROM `vol_user` WHERE ( uid='2016001' ) LIMIT 1   [ RunTime:0.0001s ]
SQL: SHOW COLUMNS FROM `vol_user_type_apply` [ RunTime:0.0004s ]
SQL: SELECT * FROM `vol_user_type_apply` WHERE ( uid='2016001' and status='1' ) LIMIT 1   [ RunTime:0.0001s ]
SQL: SELECT COUNT(*) AS tp_count FROM `vol_user` WHERE ( rmobile='18858002358' ) LIMIT 1   [ RunTime:0.0001s ]
SQL: SHOW COLUMNS FROM `vol_intelapply` [ RunTime:0.0009s ]
SQL: SELECT * FROM `vol_intelapply` WHERE ( uid='2016001' ) LIMIT 1   [ RunTime:0.0001s ]
INFO: [ view_parse ] --START--
INFO: [ template_filter ] --START--
INFO: Run Behavior\ContentReplaceBehavior [ RunTime:0.000072s ]
INFO: [ template_filter ] --END-- [ RunTime:0.000127s ]
SQL: SHOW COLUMNS FROM `vol_user_type` [ RunTime:0.0004s ]
SQL: SELECT * FROM `vol_user_type` WHERE ( id='1' ) LIMIT 1   [ RunTime:0.0001s ]
SQL: SELECT * FROM `vol_user` WHERE ( mobile='18858002358' ) LIMIT 1   [ RunTime:0.0001s ]
INFO: Run Behavior\ParseTemplateBehavior [ RunTime:0.010036s ]
INFO: [ view_parse ] --END-- [ RunTime:0.010091s ]
INFO: [ view_filter ] --START--
INFO: Run Behavior\WriteHtmlCacheBehavior [ RunTime:0.000191s ]
INFO: [ view_filter ] --END-- [ RunTime:0.000240s ]
INFO: [ app_end ] --START--
INFO: Run Behavior\ShowPageTraceBehavior [ RunTime:0.000499s ]
INFO: [ app_end ] --END-- [ RunTime:0.000551s ]

[ 2016-04-19T02:33:46+08:00 ] 101.226.125.121 /User/Index/support
INFO: [ app_init ] --START--
INFO: Run Behavior\BuildLiteBehavior [ RunTime:0.000014s ]
INFO: [ app_init ] --END-- [ RunTime:0.000310s ]
INFO: [ app_begin ] --START--
INFO: Run Behavior\ReadHtmlCacheBehavior [ RunTime:0.000412s ]
INFO: [ app_begin ] --END-- [ RunTime:0.000470s ]
SQL: SHOW COLUMNS FROM `vol_intelapply` [ RunTime:0.0011s ]
SQL: SELECT * FROM `vol_intelapply` WHERE ( uid='2016001' ) LIMIT 1   [ RunTime:0.0001s ]
SQL: SHOW COLUMNS FROM `vol_sup_other_type` [ RunTime:0.0004s ]
SQL: SELECT * FROM `vol_sup_other_type`  [ RunTime:0.0001s ]
SQL: SHOW COLUMNS FROM `vol_sup_money` [ RunTime:0.0005s ]
SQL: SELECT * FROM `vol_sup_money` WHERE ( uid='2016001' and status='1' ) LIMIT 1   [ RunTime:0.0002s ]
SQL: SHOW COLUMNS FROM `vol_sup_other` [ RunTime:0.0004s ]
SQL: SELECT * FROM `vol_sup_other` WHERE ( uid='2016001' and status='1' ) LIMIT 1   [ RunTime:0.0002s ]
INFO: [ view_parse ] --START--
INFO: [ template_filter ] --START--
INFO: Run Behavior\ContentReplaceBehavior [ RunTime:0.000069s ]
INFO: [ template_filter ] --END-- [ RunTime:0.000126s ]
INFO: Run Behavior\ParseTemplateBehavior [ RunTime:0.008506s ]
INFO: [ view_parse ] --END-- [ RunTime:0.008564s ]
INFO: [ view_filter ] --START--
INFO: Run Behavior\WriteHtmlCacheBehavior [ RunTime:0.000187s ]
INFO: [ view_filter ] --END-- [ RunTime:0.000237s ]
INFO: [ app_end ] --START--
INFO: Run Behavior\ShowPageTraceBehavior [ RunTime:0.000432s ]
INFO: [ app_end ] --END-- [ RunTime:0.000487s ]

[ 2016-04-19T02:33:46+08:00 ] 101.226.33.203 /User/Index/support
INFO: [ app_init ] --START--
INFO: Run Behavior\BuildLiteBehavior [ RunTime:0.000015s ]
INFO: [ app_init ] --END-- [ RunTime:0.000308s ]
INFO: [ app_begin ] --START--
INFO: Run Behavior\ReadHtmlCacheBehavior [ RunTime:0.000415s ]
INFO: [ app_begin ] --END-- [ RunTime:0.000474s ]

[ 2016-04-19T02:33:59+08:00 ] 101.226.125.121 /User/Index/index
INFO: [ app_init ] --START--
INFO: Run Behavior\BuildLiteBehavior [ RunTime:0.000015s ]
INFO: [ app_init ] --END-- [ RunTime:0.000313s ]
INFO: [ app_begin ] --START--
INFO: Run Behavior\ReadHtmlCacheBehavior [ RunTime:0.000435s ]
INFO: [ app_begin ] --END-- [ RunTime:0.000492s ]
SQL: SHOW COLUMNS FROM `vol_user` [ RunTime:0.0008s ]
SQL: SELECT * FROM `vol_user` WHERE ( uid='2016001' ) LIMIT 1   [ RunTime:0.0001s ]
SQL: SHOW COLUMNS FROM `vol_user_type_apply` [ RunTime:0.0004s ]
SQL: SELECT * FROM `vol_user_type_apply` WHERE ( uid='2016001' and status='1' ) LIMIT 1   [ RunTime:0.0001s ]
SQL: SELECT COUNT(*) AS tp_count FROM `vol_user` WHERE ( rmobile='18858002358' ) LIMIT 1   [ RunTime:0.0001s ]
SQL: SHOW COLUMNS FROM `vol_intelapply` [ RunTime:0.0009s ]
SQL: SELECT * FROM `vol_intelapply` WHERE ( uid='2016001' ) LIMIT 1   [ RunTime:0.0001s ]
INFO: [ view_parse ] --START--
INFO: [ template_filter ] --START--
INFO: Run Behavior\ContentReplaceBehavior [ RunTime:0.000074s ]
INFO: [ template_filter ] --END-- [ RunTime:0.000128s ]
SQL: SHOW COLUMNS FROM `vol_user_type` [ RunTime:0.0004s ]
SQL: SELECT * FROM `vol_user_type` WHERE ( id='1' ) LIMIT 1   [ RunTime:0.0001s ]
SQL: SELECT * FROM `vol_user` WHERE ( mobile='18858002358' ) LIMIT 1   [ RunTime:0.0001s ]
INFO: Run Behavior\ParseTemplateBehavior [ RunTime:0.009880s ]
INFO: [ view_parse ] --END-- [ RunTime:0.009931s ]
INFO: [ view_filter ] --START--
INFO: Run Behavior\WriteHtmlCacheBehavior [ RunTime:0.000224s ]
INFO: [ view_filter ] --END-- [ RunTime:0.000275s ]
INFO: [ app_end ] --START--
INFO: Run Behavior\ShowPageTraceBehavior [ RunTime:0.000454s ]
INFO: [ app_end ] --END-- [ RunTime:0.000507s ]

[ 2016-04-19T02:34:00+08:00 ] 101.226.125.121 /User/Index/support
INFO: [ app_init ] --START--
INFO: Run Behavior\BuildLiteBehavior [ RunTime:0.000016s ]
INFO: [ app_init ] --END-- [ RunTime:0.000320s ]
INFO: [ app_begin ] --START--
INFO: Run Behavior\ReadHtmlCacheBehavior [ RunTime:0.000444s ]
INFO: [ app_begin ] --END-- [ RunTime:0.000503s ]
SQL: SHOW COLUMNS FROM `vol_intelapply` [ RunTime:0.0011s ]
SQL: SELECT * FROM `vol_intelapply` WHERE ( uid='2016001' ) LIMIT 1   [ RunTime:0.0001s ]
SQL: SHOW COLUMNS FROM `vol_sup_other_type` [ RunTime:0.0004s ]
SQL: SELECT * FROM `vol_sup_other_type`  [ RunTime:0.0001s ]
SQL: SHOW COLUMNS FROM `vol_sup_money` [ RunTime:0.0004s ]
SQL: SELECT * FROM `vol_sup_money` WHERE ( uid='2016001' and status='1' ) LIMIT 1   [ RunTime:0.0001s ]
SQL: SHOW COLUMNS FROM `vol_sup_other` [ RunTime:0.0004s ]
SQL: SELECT * FROM `vol_sup_other` WHERE ( uid='2016001' and status='1' ) LIMIT 1   [ RunTime:0.0001s ]
INFO: [ view_parse ] --START--
INFO: [ template_filter ] --START--
INFO: Run Behavior\ContentReplaceBehavior [ RunTime:0.000068s ]
INFO: [ template_filter ] --END-- [ RunTime:0.000125s ]
INFO: Run Behavior\ParseTemplateBehavior [ RunTime:0.008578s ]
INFO: [ view_parse ] --END-- [ RunTime:0.008634s ]
INFO: [ view_filter ] --START--
INFO: Run Behavior\WriteHtmlCacheBehavior [ RunTime:0.000206s ]
INFO: [ view_filter ] --END-- [ RunTime:0.000264s ]
INFO: [ app_end ] --START--
INFO: Run Behavior\ShowPageTraceBehavior [ RunTime:0.000453s ]
INFO: [ app_end ] --END-- [ RunTime:0.000505s ]

[ 2016-04-19T02:34:06+08:00 ] 101.226.125.121 /User/Index/index
INFO: [ app_init ] --START--
INFO: Run Behavior\BuildLiteBehavior [ RunTime:0.000015s ]
INFO: [ app_init ] --END-- [ RunTime:0.000336s ]
INFO: [ app_begin ] --START--
INFO: Run Behavior\ReadHtmlCacheBehavior [ RunTime:0.000440s ]
INFO: [ app_begin ] --END-- [ RunTime:0.000500s ]
SQL: SHOW COLUMNS FROM `vol_user` [ RunTime:0.0008s ]
SQL: SELECT * FROM `vol_user` WHERE ( uid='2016001' ) LIMIT 1   [ RunTime:0.0001s ]
SQL: SHOW COLUMNS FROM `vol_user_type_apply` [ RunTime:0.0004s ]
SQL: SELECT * FROM `vol_user_type_apply` WHERE ( uid='2016001' and status='1' ) LIMIT 1   [ RunTime:0.0001s ]
SQL: SELECT COUNT(*) AS tp_count FROM `vol_user` WHERE ( rmobile='18858002358' ) LIMIT 1   [ RunTime:0.0001s ]
SQL: SHOW COLUMNS FROM `vol_intelapply` [ RunTime:0.0008s ]
SQL: SELECT * FROM `vol_intelapply` WHERE ( uid='2016001' ) LIMIT 1   [ RunTime:0.0001s ]
INFO: [ view_parse ] --START--
INFO: [ template_filter ] --START--
INFO: Run Behavior\ContentReplaceBehavior [ RunTime:0.000073s ]
INFO: [ template_filter ] --END-- [ RunTime:0.000127s ]
SQL: SHOW COLUMNS FROM `vol_user_type` [ RunTime:0.0004s ]
SQL: SELECT * FROM `vol_user_type` WHERE ( id='1' ) LIMIT 1   [ RunTime:0.0001s ]
SQL: SELECT * FROM `vol_user` WHERE ( mobile='18858002358' ) LIMIT 1   [ RunTime:0.0001s ]
INFO: Run Behavior\ParseTemplateBehavior [ RunTime:0.010005s ]
INFO: [ view_parse ] --END-- [ RunTime:0.010056s ]
INFO: [ view_filter ] --START--
INFO: Run Behavior\WriteHtmlCacheBehavior [ RunTime:0.000190s ]
INFO: [ view_filter ] --END-- [ RunTime:0.000240s ]
INFO: [ app_end ] --START--
INFO: Run Behavior\ShowPageTraceBehavior [ RunTime:0.000500s ]
INFO: [ app_end ] --END-- [ RunTime:0.000552s ]

[ 2016-04-19T02:34:09+08:00 ] 101.226.125.121 /User/Index/myduty
INFO: [ app_init ] --START--
INFO: Run Behavior\BuildLiteBehavior [ RunTime:0.000014s ]
INFO: [ app_init ] --END-- [ RunTime:0.000321s ]
INFO: [ app_begin ] --START--
INFO: Run Behavior\ReadHtmlCacheBehavior [ RunTime:0.000446s ]
INFO: [ app_begin ] --END-- [ RunTime:0.000505s ]
SQL: SHOW COLUMNS FROM `vol_intelapply` [ RunTime:0.0011s ]
SQL: SELECT * FROM `vol_intelapply` WHERE ( uid='2016001' ) LIMIT 1   [ RunTime:0.0002s ]
SQL: SHOW COLUMNS FROM `vol_obligation_type` [ RunTime:0.0004s ]
SQL: SELECT * FROM `vol_obligation_type`  [ RunTime:0.0001s ]
SQL: SELECT * FROM `vol_obligation_type` WHERE ( id <> '2' )  [ RunTime:0.0001s ]
SQL: SELECT * FROM `vol_obligation_type`  [ RunTime:0.0001s ]
SQL: SHOW COLUMNS FROM `vol_consultation_type` [ RunTime:0.0004s ]
SQL: SELECT * FROM `vol_consultation_type`  [ RunTime:0.0001s ]
SQL: SELECT * FROM `vol_consultation_type` WHERE ( id <> '1' )  [ RunTime:0.0001s ]
SQL: SELECT * FROM `vol_consultation_type`  [ RunTime:0.0001s ]
INFO: [ view_parse ] --START--
INFO: [ template_filter ] --START--
INFO: Run Behavior\ContentReplaceBehavior [ RunTime:0.000133s ]
INFO: [ template_filter ] --END-- [ RunTime:0.000189s ]
SQL: SELECT * FROM `vol_obligation_type` WHERE ( id='2' ) LIMIT 1   [ RunTime:0.0001s ]
SQL: SELECT * FROM `vol_obligation_type` WHERE ( id='2' ) LIMIT 1   [ RunTime:0.0001s ]
SQL: SELECT * FROM `vol_obligation_type` WHERE ( id='2' ) LIMIT 1   [ RunTime:0.0001s ]
SQL: SELECT * FROM `vol_consultation_type` WHERE ( id='1' ) LIMIT 1   [ RunTime:0.0001s ]
SQL: SELECT * FROM `vol_consultation_type` WHERE ( id='1' ) LIMIT 1   [ RunTime:0.0001s ]
SQL: SELECT * FROM `vol_consultation_type` WHERE ( id='1' ) LIMIT 1   [ RunTime:0.0001s ]
SQL: SHOW COLUMNS FROM `vol_obligation` [ RunTime:0.0004s ]
SQL: SELECT COUNT(*) AS tp_count FROM `vol_obligation` WHERE ( uid='2016001' ) LIMIT 1   [ RunTime:0.0001s ]
SQL: SELECT COUNT(*) AS tp_count FROM `vol_obligation` WHERE ( uid='2016001' and status='1' ) LIMIT 1   [ RunTime:0.0001s ]
SQL: SELECT COUNT(*) AS tp_count FROM `vol_obligation` WHERE ( uid='2016001' and status='2' ) LIMIT 1   [ RunTime:0.0001s ]
SQL: SELECT COUNT(*) AS tp_count FROM `vol_obligation` WHERE ( uid='2016001' and status='0' ) LIMIT 1   [ RunTime:0.0001s ]
SQL: SHOW COLUMNS FROM `vol_consultation` [ RunTime:0.0005s ]
SQL: SELECT COUNT(*) AS tp_count FROM `vol_consultation` WHERE ( aid='2016001' ) LIMIT 1   [ RunTime:0.0001s ]
SQL: SELECT COUNT(*) AS tp_count FROM `vol_consultation` WHERE ( aid='2016001' and status='1' ) LIMIT 1   [ RunTime:0.0001s ]
SQL: SELECT COUNT(*) AS tp_count FROM `vol_consultation` WHERE ( aid='2016001' and status='2' ) LIMIT 1   [ RunTime:0.0001s ]
SQL: SELECT COUNT(*) AS tp_count FROM `vol_consultation` WHERE ( aid='2016001' and status='0' ) LIMIT 1   [ RunTime:0.0001s ]
INFO: Run Behavior\ParseTemplateBehavior [ RunTime:0.020032s ]
INFO: [ view_parse ] --END-- [ RunTime:0.020084s ]
INFO: [ view_filter ] --START--
INFO: Run Behavior\WriteHtmlCacheBehavior [ RunTime:0.000198s ]
INFO: [ view_filter ] --END-- [ RunTime:0.000248s ]
INFO: [ app_end ] --START--
INFO: Run Behavior\ShowPageTraceBehavior [ RunTime:0.000465s ]
INFO: [ app_end ] --END-- [ RunTime:0.000524s ]

[ 2016-04-19T02:34:16+08:00 ] 101.226.125.121 /User/Index/index
INFO: [ app_init ] --START--
INFO: Run Behavior\BuildLiteBehavior [ RunTime:0.000014s ]
INFO: [ app_init ] --END-- [ RunTime:0.000308s ]
INFO: [ app_begin ] --START--
INFO: Run Behavior\ReadHtmlCacheBehavior [ RunTime:0.000414s ]
INFO: [ app_begin ] --END-- [ RunTime:0.000472s ]
SQL: SHOW COLUMNS FROM `vol_user` [ RunTime:0.0008s ]
SQL: SELECT * FROM `vol_user` WHERE ( uid='2016001' ) LIMIT 1   [ RunTime:0.0001s ]
SQL: SHOW COLUMNS FROM `vol_user_type_apply` [ RunTime:0.0004s ]
SQL: SELECT * FROM `vol_user_type_apply` WHERE ( uid='2016001' and status='1' ) LIMIT 1   [ RunTime:0.0001s ]
SQL: SELECT COUNT(*) AS tp_count FROM `vol_user` WHERE ( rmobile='18858002358' ) LIMIT 1   [ RunTime:0.0001s ]
SQL: SHOW COLUMNS FROM `vol_intelapply` [ RunTime:0.0008s ]
SQL: SELECT * FROM `vol_intelapply` WHERE ( uid='2016001' ) LIMIT 1   [ RunTime:0.0001s ]
INFO: [ view_parse ] --START--
INFO: [ template_filter ] --START--
INFO: Run Behavior\ContentReplaceBehavior [ RunTime:0.000071s ]
INFO: [ template_filter ] --END-- [ RunTime:0.000126s ]
SQL: SHOW COLUMNS FROM `vol_user_type` [ RunTime:0.0004s ]
SQL: SELECT * FROM `vol_user_type` WHERE ( id='1' ) LIMIT 1   [ RunTime:0.0001s ]
SQL: SELECT * FROM `vol_user` WHERE ( mobile='18858002358' ) LIMIT 1   [ RunTime:0.0001s ]
INFO: Run Behavior\ParseTemplateBehavior [ RunTime:0.009911s ]
INFO: [ view_parse ] --END-- [ RunTime:0.009962s ]
INFO: [ view_filter ] --START--
INFO: Run Behavior\WriteHtmlCacheBehavior [ RunTime:0.000217s ]
INFO: [ view_filter ] --END-- [ RunTime:0.000268s ]
INFO: [ app_end ] --START--
INFO: Run Behavior\ShowPageTraceBehavior [ RunTime:0.000452s ]
INFO: [ app_end ] --END-- [ RunTime:0.000503s ]

[ 2016-04-19T02:34:19+08:00 ] 101.226.125.121 /User/Index/index
INFO: [ app_init ] --START--
INFO: Run Behavior\BuildLiteBehavior [ RunTime:0.000015s ]
INFO: [ app_init ] --END-- [ RunTime:0.000311s ]
INFO: [ app_begin ] --START--
INFO: Run Behavior\ReadHtmlCacheBehavior [ RunTime:0.000415s ]
INFO: [ app_begin ] --END-- [ RunTime:0.000473s ]
SQL: SHOW COLUMNS FROM `vol_user` [ RunTime:0.0008s ]
SQL: SELECT * FROM `vol_user` WHERE ( uid='2016001' ) LIMIT 1   [ RunTime:0.0001s ]
SQL: SHOW COLUMNS FROM `vol_user_type_apply` [ RunTime:0.0005s ]
SQL: SELECT * FROM `vol_user_type_apply` WHERE ( uid='2016001' and status='1' ) LIMIT 1   [ RunTime:0.0001s ]
SQL: SELECT COUNT(*) AS tp_count FROM `vol_user` WHERE ( rmobile='18858002358' ) LIMIT 1   [ RunTime:0.0001s ]
SQL: SHOW COLUMNS FROM `vol_intelapply` [ RunTime:0.0008s ]
SQL: SELECT * FROM `vol_intelapply` WHERE ( uid='2016001' ) LIMIT 1   [ RunTime:0.0001s ]
INFO: [ view_parse ] --START--
INFO: [ template_filter ] --START--
INFO: Run Behavior\ContentReplaceBehavior [ RunTime:0.000073s ]
INFO: [ template_filter ] --END-- [ RunTime:0.000148s ]
SQL: SHOW COLUMNS FROM `vol_user_type` [ RunTime:0.0004s ]
SQL: SELECT * FROM `vol_user_type` WHERE ( id='1' ) LIMIT 1   [ RunTime:0.0001s ]
SQL: SELECT * FROM `vol_user` WHERE ( mobile='18858002358' ) LIMIT 1   [ RunTime:0.0001s ]
INFO: Run Behavior\ParseTemplateBehavior [ RunTime:0.009862s ]
INFO: [ view_parse ] --END-- [ RunTime:0.009914s ]
INFO: [ view_filter ] --START--
INFO: Run Behavior\WriteHtmlCacheBehavior [ RunTime:0.000193s ]
INFO: [ view_filter ] --END-- [ RunTime:0.000243s ]
INFO: [ app_end ] --START--
INFO: Run Behavior\ShowPageTraceBehavior [ RunTime:0.000479s ]
INFO: [ app_end ] --END-- [ RunTime:0.000531s ]

[ 2016-04-19T02:34:20+08:00 ] 101.226.125.121 /User/Index/finance
INFO: [ app_init ] --START--
INFO: Run Behavior\BuildLiteBehavior [ RunTime:0.000014s ]
INFO: [ app_init ] --END-- [ RunTime:0.000322s ]
INFO: [ app_begin ] --START--
INFO: Run Behavior\ReadHtmlCacheBehavior [ RunTime:0.000418s ]
INFO: [ app_begin ] --END-- [ RunTime:0.000487s ]
SQL: SHOW COLUMNS FROM `vol_finance` [ RunTime:0.0007s ]
SQL: SELECT * FROM `vol_finance` ORDER BY id LIMIT 10   [ RunTime:0.0001s ]
INFO: [ view_parse ] --START--
INFO: [ template_filter ] --START--
INFO: Run Behavior\ContentReplaceBehavior [ RunTime:0.000054s ]
INFO: [ template_filter ] --END-- [ RunTime:0.000116s ]
INFO: Run Behavior\ParseTemplateBehavior [ RunTime:0.006918s ]
INFO: [ view_parse ] --END-- [ RunTime:0.007000s ]
INFO: [ view_filter ] --START--
INFO: Run Behavior\WriteHtmlCacheBehavior [ RunTime:0.000191s ]
INFO: [ view_filter ] --END-- [ RunTime:0.000241s ]
INFO: [ app_end ] --START--
INFO: Run Behavior\ShowPageTraceBehavior [ RunTime:0.000432s ]
INFO: [ app_end ] --END-- [ RunTime:0.000483s ]

