[ 2016-04-20T06:28:51+08:00 ] 121.42.0.37 /login.jsp
INFO: [ app_init ] --START--
INFO: Run Behavior\BuildLiteBehavior [ RunTime:0.000015s ]
INFO: [ app_init ] --END-- [ RunTime:0.000325s ]
INFO: [ app_begin ] --START--
INFO: Run Behavior\ReadHtmlCacheBehavior [ RunTime:0.000437s ]
INFO: [ app_begin ] --END-- [ RunTime:0.000515s ]
ERR: 无法加载控制器:Login

[ 2016-04-20T11:16:26+08:00 ] 121.42.0.83 /user/images/must.gif
INFO: [ app_init ] --START--
INFO: Run Behavior\BuildLiteBehavior [ RunTime:0.000014s ]
INFO: [ app_init ] --END-- [ RunTime:0.000341s ]

[ 2016-04-20T12:43:18+08:00 ] 112.17.245.214 /index.php/User/Index/support
INFO: [ app_init ] --START--
INFO: Run Behavior\BuildLiteBehavior [ RunTime:0.000019s ]
INFO: [ app_init ] --END-- [ RunTime:0.000491s ]
INFO: [ app_begin ] --START--
INFO: Run Behavior\ReadHtmlCacheBehavior [ RunTime:0.000674s ]
INFO: [ app_begin ] --END-- [ RunTime:0.000757s ]

[ 2016-04-20T12:43:19+08:00 ] 112.17.245.214 /index.php?m=user&c=index&a=login&openid=o4oq9vspS4_9aw05quh05NECOXcU
INFO: [ app_init ] --START--
INFO: Run Behavior\BuildLiteBehavior [ RunTime:0.000020s ]
INFO: [ app_init ] --END-- [ RunTime:0.000475s ]
INFO: [ app_begin ] --START--
INFO: Run Behavior\ReadHtmlCacheBehavior [ RunTime:0.000424s ]
INFO: [ app_begin ] --END-- [ RunTime:0.000482s ]
SQL: SHOW COLUMNS FROM `vol_user` [ RunTime:0.0008s ]
SQL: SELECT * FROM `vol_user` WHERE ( openid='o4oq9vspS4_9aw05quh05NECOXcU' ) LIMIT 1   [ RunTime:0.0002s ]

[ 2016-04-20T12:43:19+08:00 ] 112.17.245.214 /index.php/User/Index/support
INFO: [ app_init ] --START--
INFO: Run Behavior\BuildLiteBehavior [ RunTime:0.000016s ]
INFO: [ app_init ] --END-- [ RunTime:0.000324s ]
INFO: [ app_begin ] --START--
INFO: Run Behavior\ReadHtmlCacheBehavior [ RunTime:0.000440s ]
INFO: [ app_begin ] --END-- [ RunTime:0.000499s ]
SQL: SHOW COLUMNS FROM `vol_intelapply` [ RunTime:0.0012s ]
SQL: SELECT * FROM `vol_intelapply` WHERE ( uid='2016005' ) LIMIT 1   [ RunTime:0.0001s ]
SQL: SHOW COLUMNS FROM `vol_sup_other_type` [ RunTime:0.0004s ]
SQL: SELECT * FROM `vol_sup_other_type`  [ RunTime:0.0001s ]
SQL: SHOW COLUMNS FROM `vol_sup_money` [ RunTime:0.0004s ]
SQL: SELECT * FROM `vol_sup_money` WHERE ( uid='2016005' and status='1' ) LIMIT 1   [ RunTime:0.0001s ]
SQL: SHOW COLUMNS FROM `vol_sup_other` [ RunTime:0.0004s ]
SQL: SELECT * FROM `vol_sup_other` WHERE ( uid='2016005' and status='1' ) LIMIT 1   [ RunTime:0.0001s ]
INFO: [ view_parse ] --START--
INFO: [ template_filter ] --START--
INFO: Run Behavior\ContentReplaceBehavior [ RunTime:0.000076s ]
INFO: [ template_filter ] --END-- [ RunTime:0.000152s ]
INFO: Run Behavior\ParseTemplateBehavior [ RunTime:0.008712s ]
INFO: [ view_parse ] --END-- [ RunTime:0.008771s ]
INFO: [ view_filter ] --START--
INFO: Run Behavior\WriteHtmlCacheBehavior [ RunTime:0.000190s ]
INFO: [ view_filter ] --END-- [ RunTime:0.000240s ]
INFO: [ app_end ] --START--
INFO: Run Behavior\ShowPageTraceBehavior [ RunTime:0.000438s ]
INFO: [ app_end ] --END-- [ RunTime:0.000492s ]

[ 2016-04-20T19:33:48+08:00 ] 39.180.50.158 /index.php/User/Index/support
INFO: [ app_init ] --START--
INFO: Run Behavior\BuildLiteBehavior [ RunTime:0.000015s ]
INFO: [ app_init ] --END-- [ RunTime:0.000308s ]
INFO: [ app_begin ] --START--
INFO: Run Behavior\ReadHtmlCacheBehavior [ RunTime:0.000408s ]
INFO: [ app_begin ] --END-- [ RunTime:0.000466s ]

[ 2016-04-20T19:33:50+08:00 ] 39.180.50.158 /index.php?m=user&c=index&a=login&openid=o4oq9vspS4_9aw05quh05NECOXcU
INFO: [ app_init ] --START--
INFO: Run Behavior\BuildLiteBehavior [ RunTime:0.000015s ]
INFO: [ app_init ] --END-- [ RunTime:0.000317s ]
INFO: [ app_begin ] --START--
INFO: Run Behavior\ReadHtmlCacheBehavior [ RunTime:0.000426s ]
INFO: [ app_begin ] --END-- [ RunTime:0.000484s ]
SQL: SHOW COLUMNS FROM `vol_user` [ RunTime:0.0008s ]
SQL: SELECT * FROM `vol_user` WHERE ( openid='o4oq9vspS4_9aw05quh05NECOXcU' ) LIMIT 1   [ RunTime:0.0001s ]

[ 2016-04-20T19:33:52+08:00 ] 39.180.50.158 /index.php/User/Index/support
INFO: [ app_init ] --START--
INFO: Run Behavior\BuildLiteBehavior [ RunTime:0.000014s ]
INFO: [ app_init ] --END-- [ RunTime:0.000306s ]
INFO: [ app_begin ] --START--
INFO: Run Behavior\ReadHtmlCacheBehavior [ RunTime:0.000406s ]
INFO: [ app_begin ] --END-- [ RunTime:0.000463s ]
SQL: SHOW COLUMNS FROM `vol_intelapply` [ RunTime:0.0011s ]
SQL: SELECT * FROM `vol_intelapply` WHERE ( uid='2016005' ) LIMIT 1   [ RunTime:0.0001s ]
SQL: SHOW COLUMNS FROM `vol_sup_other_type` [ RunTime:0.0004s ]
SQL: SELECT * FROM `vol_sup_other_type`  [ RunTime:0.0001s ]
SQL: SHOW COLUMNS FROM `vol_sup_money` [ RunTime:0.0004s ]
SQL: SELECT * FROM `vol_sup_money` WHERE ( uid='2016005' and status='1' ) LIMIT 1   [ RunTime:0.0001s ]
SQL: SHOW COLUMNS FROM `vol_sup_other` [ RunTime:0.0004s ]
SQL: SELECT * FROM `vol_sup_other` WHERE ( uid='2016005' and status='1' ) LIMIT 1   [ RunTime:0.0001s ]
INFO: [ view_parse ] --START--
INFO: [ template_filter ] --START--
INFO: Run Behavior\ContentReplaceBehavior [ RunTime:0.000077s ]
INFO: [ template_filter ] --END-- [ RunTime:0.000135s ]
INFO: Run Behavior\ParseTemplateBehavior [ RunTime:0.008408s ]
INFO: [ view_parse ] --END-- [ RunTime:0.008465s ]
INFO: [ view_filter ] --START--
INFO: Run Behavior\WriteHtmlCacheBehavior [ RunTime:0.000184s ]
INFO: [ view_filter ] --END-- [ RunTime:0.000234s ]
INFO: [ app_end ] --START--
INFO: Run Behavior\ShowPageTraceBehavior [ RunTime:0.000464s ]
INFO: [ app_end ] --END-- [ RunTime:0.000517s ]

[ 2016-04-20T19:33:55+08:00 ] 39.180.50.158 /User/Index/index
INFO: [ app_init ] --START--
INFO: Run Behavior\BuildLiteBehavior [ RunTime:0.000015s ]
INFO: [ app_init ] --END-- [ RunTime:0.000332s ]
INFO: [ app_begin ] --START--
INFO: Run Behavior\ReadHtmlCacheBehavior [ RunTime:0.000439s ]
INFO: [ app_begin ] --END-- [ RunTime:0.000497s ]
SQL: SHOW COLUMNS FROM `vol_user` [ RunTime:0.0007s ]
SQL: SELECT * FROM `vol_user` WHERE ( uid='2016005' ) LIMIT 1   [ RunTime:0.0001s ]
SQL: SHOW COLUMNS FROM `vol_user_type_apply` [ RunTime:0.0004s ]
SQL: SELECT * FROM `vol_user_type_apply` WHERE ( uid='2016005' and status='1' ) LIMIT 1   [ RunTime:0.0003s ]
SQL: SELECT COUNT(*) AS tp_count FROM `vol_user` WHERE ( rmobile='13819801110' ) LIMIT 1   [ RunTime:0.0003s ]
SQL: SHOW COLUMNS FROM `vol_intelapply` [ RunTime:0.0008s ]
SQL: SELECT * FROM `vol_intelapply` WHERE ( uid='2016005' ) LIMIT 1   [ RunTime:0.0001s ]
INFO: [ view_parse ] --START--
INFO: [ template_filter ] --START--
INFO: Run Behavior\ContentReplaceBehavior [ RunTime:0.000082s ]
INFO: [ template_filter ] --END-- [ RunTime:0.000158s ]
SQL: SHOW COLUMNS FROM `vol_user_type` [ RunTime:0.0006s ]
SQL: SELECT * FROM `vol_user_type` WHERE ( id='0' ) LIMIT 1   [ RunTime:0.0001s ]
SQL: SELECT * FROM `vol_user` WHERE ( mobile='' ) LIMIT 1   [ RunTime:0.0003s ]
INFO: Run Behavior\ParseTemplateBehavior [ RunTime:0.010839s ]
INFO: [ view_parse ] --END-- [ RunTime:0.010892s ]
INFO: [ view_filter ] --START--
INFO: Run Behavior\WriteHtmlCacheBehavior [ RunTime:0.000205s ]
INFO: [ view_filter ] --END-- [ RunTime:0.000256s ]
INFO: [ app_end ] --START--
INFO: Run Behavior\ShowPageTraceBehavior [ RunTime:0.000484s ]
INFO: [ app_end ] --END-- [ RunTime:0.000536s ]

[ 2016-04-20T19:34:04+08:00 ] 39.180.50.158 /User/Index/support
INFO: [ app_init ] --START--
INFO: Run Behavior\BuildLiteBehavior [ RunTime:0.000015s ]
INFO: [ app_init ] --END-- [ RunTime:0.000312s ]
INFO: [ app_begin ] --START--
INFO: Run Behavior\ReadHtmlCacheBehavior [ RunTime:0.000411s ]
INFO: [ app_begin ] --END-- [ RunTime:0.000468s ]
SQL: SHOW COLUMNS FROM `vol_intelapply` [ RunTime:0.0011s ]
SQL: SELECT * FROM `vol_intelapply` WHERE ( uid='2016005' ) LIMIT 1   [ RunTime:0.0002s ]
SQL: SHOW COLUMNS FROM `vol_sup_other_type` [ RunTime:0.0004s ]
SQL: SELECT * FROM `vol_sup_other_type`  [ RunTime:0.0001s ]
SQL: SHOW COLUMNS FROM `vol_sup_money` [ RunTime:0.0004s ]
SQL: SELECT * FROM `vol_sup_money` WHERE ( uid='2016005' and status='1' ) LIMIT 1   [ RunTime:0.0001s ]
SQL: SHOW COLUMNS FROM `vol_sup_other` [ RunTime:0.0004s ]
SQL: SELECT * FROM `vol_sup_other` WHERE ( uid='2016005' and status='1' ) LIMIT 1   [ RunTime:0.0001s ]
INFO: [ view_parse ] --START--
INFO: [ template_filter ] --START--
INFO: Run Behavior\ContentReplaceBehavior [ RunTime:0.000074s ]
INFO: [ template_filter ] --END-- [ RunTime:0.000139s ]
INFO: Run Behavior\ParseTemplateBehavior [ RunTime:0.008292s ]
INFO: [ view_parse ] --END-- [ RunTime:0.008373s ]
INFO: [ view_filter ] --START--
INFO: Run Behavior\WriteHtmlCacheBehavior [ RunTime:0.000189s ]
INFO: [ view_filter ] --END-- [ RunTime:0.000238s ]
INFO: [ app_end ] --START--
INFO: Run Behavior\ShowPageTraceBehavior [ RunTime:0.000438s ]
INFO: [ app_end ] --END-- [ RunTime:0.000491s ]

[ 2016-04-20T19:34:06+08:00 ] 39.180.50.158 /User/Index/support
INFO: [ app_init ] --START--
INFO: Run Behavior\BuildLiteBehavior [ RunTime:0.000015s ]
INFO: [ app_init ] --END-- [ RunTime:0.000335s ]
INFO: [ app_begin ] --START--
INFO: Run Behavior\ReadHtmlCacheBehavior [ RunTime:0.000667s ]
INFO: [ app_begin ] --END-- [ RunTime:0.000759s ]
SQL: SHOW COLUMNS FROM `vol_intelapply` [ RunTime:0.0011s ]
SQL: SELECT * FROM `vol_intelapply` WHERE ( uid='2016005' ) LIMIT 1   [ RunTime:0.0001s ]
SQL: SHOW COLUMNS FROM `vol_sup_other_type` [ RunTime:0.0004s ]
SQL: SELECT * FROM `vol_sup_other_type`  [ RunTime:0.0001s ]
SQL: SHOW COLUMNS FROM `vol_sup_money` [ RunTime:0.0004s ]
SQL: SELECT * FROM `vol_sup_money` WHERE ( uid='2016005' and status='1' ) LIMIT 1   [ RunTime:0.0001s ]
SQL: SHOW COLUMNS FROM `vol_sup_other` [ RunTime:0.0004s ]
SQL: SELECT * FROM `vol_sup_other` WHERE ( uid='2016005' and status='1' ) LIMIT 1   [ RunTime:0.0001s ]
INFO: [ view_parse ] --START--
INFO: [ template_filter ] --START--
INFO: Run Behavior\ContentReplaceBehavior [ RunTime:0.000074s ]
INFO: [ template_filter ] --END-- [ RunTime:0.000139s ]
INFO: Run Behavior\ParseTemplateBehavior [ RunTime:0.008298s ]
INFO: [ view_parse ] --END-- [ RunTime:0.008356s ]
INFO: [ view_filter ] --START--
INFO: Run Behavior\WriteHtmlCacheBehavior [ RunTime:0.000184s ]
INFO: [ view_filter ] --END-- [ RunTime:0.000233s ]
INFO: [ app_end ] --START--
INFO: Run Behavior\ShowPageTraceBehavior [ RunTime:0.000457s ]
INFO: [ app_end ] --END-- [ RunTime:0.000509s ]

[ 2016-04-20T19:40:52+08:00 ] 39.180.50.158 /index.php/User/Index/index
INFO: [ app_init ] --START--
INFO: Run Behavior\BuildLiteBehavior [ RunTime:0.000015s ]
INFO: [ app_init ] --END-- [ RunTime:0.000382s ]
INFO: [ app_begin ] --START--
INFO: Run Behavior\ReadHtmlCacheBehavior [ RunTime:0.000413s ]
INFO: [ app_begin ] --END-- [ RunTime:0.000473s ]

[ 2016-04-20T19:40:53+08:00 ] 39.180.50.158 /index.php?m=user&c=index&a=login&openid=o4oq9vspS4_9aw05quh05NECOXcU
INFO: [ app_init ] --START--
INFO: Run Behavior\BuildLiteBehavior [ RunTime:0.000014s ]
INFO: [ app_init ] --END-- [ RunTime:0.000309s ]
INFO: [ app_begin ] --START--
INFO: Run Behavior\ReadHtmlCacheBehavior [ RunTime:0.000438s ]
INFO: [ app_begin ] --END-- [ RunTime:0.000496s ]
SQL: SHOW COLUMNS FROM `vol_user` [ RunTime:0.0008s ]
SQL: SELECT * FROM `vol_user` WHERE ( openid='o4oq9vspS4_9aw05quh05NECOXcU' ) LIMIT 1   [ RunTime:0.0001s ]

[ 2016-04-20T19:40:53+08:00 ] 39.180.50.158 /index.php/User/Index/index
INFO: [ app_init ] --START--
INFO: Run Behavior\BuildLiteBehavior [ RunTime:0.000015s ]
INFO: [ app_init ] --END-- [ RunTime:0.000310s ]
INFO: [ app_begin ] --START--
INFO: Run Behavior\ReadHtmlCacheBehavior [ RunTime:0.000416s ]
INFO: [ app_begin ] --END-- [ RunTime:0.000498s ]
SQL: SHOW COLUMNS FROM `vol_user` [ RunTime:0.0008s ]
SQL: SELECT * FROM `vol_user` WHERE ( uid='2016005' ) LIMIT 1   [ RunTime:0.0001s ]
SQL: SHOW COLUMNS FROM `vol_user_type_apply` [ RunTime:0.0004s ]
SQL: SELECT * FROM `vol_user_type_apply` WHERE ( uid='2016005' and status='1' ) LIMIT 1   [ RunTime:0.0001s ]
SQL: SELECT COUNT(*) AS tp_count FROM `vol_user` WHERE ( rmobile='13819801110' ) LIMIT 1   [ RunTime:0.0001s ]
SQL: SHOW COLUMNS FROM `vol_intelapply` [ RunTime:0.0009s ]
SQL: SELECT * FROM `vol_intelapply` WHERE ( uid='2016005' ) LIMIT 1   [ RunTime:0.0001s ]
INFO: [ view_parse ] --START--
INFO: [ template_filter ] --START--
INFO: Run Behavior\ContentReplaceBehavior [ RunTime:0.000132s ]
INFO: [ template_filter ] --END-- [ RunTime:0.000208s ]
SQL: SHOW COLUMNS FROM `vol_user_type` [ RunTime:0.0005s ]
SQL: SELECT * FROM `vol_user_type` WHERE ( id='0' ) LIMIT 1   [ RunTime:0.0001s ]
SQL: SELECT * FROM `vol_user` WHERE ( mobile='' ) LIMIT 1   [ RunTime:0.0001s ]
INFO: Run Behavior\ParseTemplateBehavior [ RunTime:0.010380s ]
INFO: [ view_parse ] --END-- [ RunTime:0.010434s ]
INFO: [ view_filter ] --START--
INFO: Run Behavior\WriteHtmlCacheBehavior [ RunTime:0.000221s ]
INFO: [ view_filter ] --END-- [ RunTime:0.000271s ]
INFO: [ app_end ] --START--
INFO: Run Behavior\ShowPageTraceBehavior [ RunTime:0.000438s ]
INFO: [ app_end ] --END-- [ RunTime:0.000490s ]

[ 2016-04-20T19:42:18+08:00 ] 112.17.242.122 /index.php/User/Index/index
INFO: [ app_init ] --START--
INFO: Run Behavior\BuildLiteBehavior [ RunTime:0.000021s ]
INFO: [ app_init ] --END-- [ RunTime:0.000389s ]
INFO: [ app_begin ] --START--
INFO: Run Behavior\ReadHtmlCacheBehavior [ RunTime:0.000453s ]
INFO: [ app_begin ] --END-- [ RunTime:0.000510s ]

[ 2016-04-20T19:42:19+08:00 ] 112.17.242.122 /index.php?m=user&c=index&a=login&openid=o4oq9vjvanLVtnUxwXKRpf6E45J0
INFO: [ app_init ] --START--
INFO: Run Behavior\BuildLiteBehavior [ RunTime:0.000015s ]
INFO: [ app_init ] --END-- [ RunTime:0.000319s ]
INFO: [ app_begin ] --START--
INFO: Run Behavior\ReadHtmlCacheBehavior [ RunTime:0.000414s ]
INFO: [ app_begin ] --END-- [ RunTime:0.000472s ]
SQL: SHOW COLUMNS FROM `vol_user` [ RunTime:0.0008s ]
SQL: SELECT * FROM `vol_user` WHERE ( openid='o4oq9vjvanLVtnUxwXKRpf6E45J0' ) LIMIT 1   [ RunTime:0.0003s ]

[ 2016-04-20T19:42:20+08:00 ] 112.17.242.122 /index.php/User/Index/index
INFO: [ app_init ] --START--
INFO: Run Behavior\BuildLiteBehavior [ RunTime:0.000015s ]
INFO: [ app_init ] --END-- [ RunTime:0.000327s ]
INFO: [ app_begin ] --START--
INFO: Run Behavior\ReadHtmlCacheBehavior [ RunTime:0.000669s ]
INFO: [ app_begin ] --END-- [ RunTime:0.000755s ]
SQL: SHOW COLUMNS FROM `vol_user` [ RunTime:0.0008s ]
SQL: SELECT * FROM `vol_user` WHERE ( uid='2016003' ) LIMIT 1   [ RunTime:0.0001s ]
SQL: SHOW COLUMNS FROM `vol_user_type_apply` [ RunTime:0.0004s ]
SQL: SELECT * FROM `vol_user_type_apply` WHERE ( uid='2016003' and status='1' ) LIMIT 1   [ RunTime:0.0002s ]
SQL: SELECT COUNT(*) AS tp_count FROM `vol_user` WHERE ( rmobile='18606612303' ) LIMIT 1   [ RunTime:0.0002s ]
SQL: SHOW COLUMNS FROM `vol_intelapply` [ RunTime:0.0008s ]
SQL: SELECT * FROM `vol_intelapply` WHERE ( uid='2016003' ) LIMIT 1   [ RunTime:0.0002s ]
INFO: [ view_parse ] --START--
INFO: [ template_filter ] --START--
INFO: Run Behavior\ContentReplaceBehavior [ RunTime:0.000079s ]
INFO: [ template_filter ] --END-- [ RunTime:0.000145s ]
SQL: SHOW COLUMNS FROM `vol_user_type` [ RunTime:0.0006s ]
SQL: SELECT * FROM `vol_user_type` WHERE ( id='0' ) LIMIT 1   [ RunTime:0.0001s ]
SQL: SELECT * FROM `vol_user` WHERE ( mobile='18858002358' ) LIMIT 1   [ RunTime:0.0001s ]
INFO: Run Behavior\ParseTemplateBehavior [ RunTime:0.010842s ]
INFO: [ view_parse ] --END-- [ RunTime:0.010898s ]
INFO: [ view_filter ] --START--
INFO: Run Behavior\WriteHtmlCacheBehavior [ RunTime:0.000228s ]
INFO: [ view_filter ] --END-- [ RunTime:0.000279s ]
INFO: [ app_end ] --START--
INFO: Run Behavior\ShowPageTraceBehavior [ RunTime:0.000516s ]
INFO: [ app_end ] --END-- [ RunTime:0.000591s ]

[ 2016-04-20T19:42:20+08:00 ] 112.17.242.122 /index.php/User/Index/index
INFO: [ app_init ] --START--
INFO: Run Behavior\BuildLiteBehavior [ RunTime:0.000015s ]
INFO: [ app_init ] --END-- [ RunTime:0.000313s ]
INFO: [ app_begin ] --START--
INFO: Run Behavior\ReadHtmlCacheBehavior [ RunTime:0.000416s ]
INFO: [ app_begin ] --END-- [ RunTime:0.000473s ]
SQL: SHOW COLUMNS FROM `vol_user` [ RunTime:0.0007s ]
SQL: SELECT * FROM `vol_user` WHERE ( uid='2016003' ) LIMIT 1   [ RunTime:0.0001s ]
SQL: SHOW COLUMNS FROM `vol_user_type_apply` [ RunTime:0.0004s ]
SQL: SELECT * FROM `vol_user_type_apply` WHERE ( uid='2016003' and status='1' ) LIMIT 1   [ RunTime:0.0001s ]
SQL: SELECT COUNT(*) AS tp_count FROM `vol_user` WHERE ( rmobile='18606612303' ) LIMIT 1   [ RunTime:0.0001s ]
SQL: SHOW COLUMNS FROM `vol_intelapply` [ RunTime:0.0008s ]
SQL: SELECT * FROM `vol_intelapply` WHERE ( uid='2016003' ) LIMIT 1   [ RunTime:0.0001s ]
INFO: [ view_parse ] --START--
INFO: [ template_filter ] --START--
INFO: Run Behavior\ContentReplaceBehavior [ RunTime:0.000078s ]
INFO: [ template_filter ] --END-- [ RunTime:0.000138s ]
SQL: SHOW COLUMNS FROM `vol_user_type` [ RunTime:0.0005s ]
SQL: SELECT * FROM `vol_user_type` WHERE ( id='0' ) LIMIT 1   [ RunTime:0.0001s ]
SQL: SELECT * FROM `vol_user` WHERE ( mobile='18858002358' ) LIMIT 1   [ RunTime:0.0001s ]
INFO: Run Behavior\ParseTemplateBehavior [ RunTime:0.010100s ]
INFO: [ view_parse ] --END-- [ RunTime:0.010153s ]
INFO: [ view_filter ] --START--
INFO: Run Behavior\WriteHtmlCacheBehavior [ RunTime:0.000193s ]
INFO: [ view_filter ] --END-- [ RunTime:0.000244s ]
INFO: [ app_end ] --START--
INFO: Run Behavior\ShowPageTraceBehavior [ RunTime:0.000533s ]
INFO: [ app_end ] --END-- [ RunTime:0.000586s ]

[ 2016-04-20T19:43:17+08:00 ] 39.180.50.158 /index.php/User/Index/index
INFO: [ app_init ] --START--
INFO: Run Behavior\BuildLiteBehavior [ RunTime:0.000017s ]
INFO: [ app_init ] --END-- [ RunTime:0.000310s ]
INFO: [ app_begin ] --START--
INFO: Run Behavior\ReadHtmlCacheBehavior [ RunTime:0.000485s ]
INFO: [ app_begin ] --END-- [ RunTime:0.000548s ]
SQL: SHOW COLUMNS FROM `vol_user` [ RunTime:0.0008s ]
SQL: SELECT * FROM `vol_user` WHERE ( uid='2016005' ) LIMIT 1   [ RunTime:0.0001s ]
SQL: SHOW COLUMNS FROM `vol_user_type_apply` [ RunTime:0.0004s ]
SQL: SELECT * FROM `vol_user_type_apply` WHERE ( uid='2016005' and status='1' ) LIMIT 1   [ RunTime:0.0001s ]
SQL: SELECT COUNT(*) AS tp_count FROM `vol_user` WHERE ( rmobile='13819801110' ) LIMIT 1   [ RunTime:0.0001s ]
SQL: SHOW COLUMNS FROM `vol_intelapply` [ RunTime:0.0008s ]
SQL: SELECT * FROM `vol_intelapply` WHERE ( uid='2016005' ) LIMIT 1   [ RunTime:0.0001s ]
INFO: [ view_parse ] --START--
INFO: [ template_filter ] --START--
INFO: Run Behavior\ContentReplaceBehavior [ RunTime:0.000076s ]
INFO: [ template_filter ] --END-- [ RunTime:0.000134s ]
SQL: SHOW COLUMNS FROM `vol_user_type` [ RunTime:0.0004s ]
SQL: SELECT * FROM `vol_user_type` WHERE ( id='0' ) LIMIT 1   [ RunTime:0.0001s ]
SQL: SELECT * FROM `vol_user` WHERE ( mobile='' ) LIMIT 1   [ RunTime:0.0001s ]
INFO: Run Behavior\ParseTemplateBehavior [ RunTime:0.010532s ]
INFO: [ view_parse ] --END-- [ RunTime:0.010584s ]
INFO: [ view_filter ] --START--
INFO: Run Behavior\WriteHtmlCacheBehavior [ RunTime:0.000196s ]
INFO: [ view_filter ] --END-- [ RunTime:0.000295s ]
INFO: [ app_end ] --START--
INFO: Run Behavior\ShowPageTraceBehavior [ RunTime:0.000459s ]
INFO: [ app_end ] --END-- [ RunTime:0.000513s ]

[ 2016-04-20T19:43:20+08:00 ] 39.180.50.158 /User/Index/support
INFO: [ app_init ] --START--
INFO: Run Behavior\BuildLiteBehavior [ RunTime:0.000015s ]
INFO: [ app_init ] --END-- [ RunTime:0.000331s ]
INFO: [ app_begin ] --START--
INFO: Run Behavior\ReadHtmlCacheBehavior [ RunTime:0.000441s ]
INFO: [ app_begin ] --END-- [ RunTime:0.000500s ]
SQL: SHOW COLUMNS FROM `vol_intelapply` [ RunTime:0.0011s ]
SQL: SELECT * FROM `vol_intelapply` WHERE ( uid='2016005' ) LIMIT 1   [ RunTime:0.0001s ]
SQL: SHOW COLUMNS FROM `vol_sup_other_type` [ RunTime:0.0004s ]
SQL: SELECT * FROM `vol_sup_other_type`  [ RunTime:0.0001s ]
SQL: SHOW COLUMNS FROM `vol_sup_money` [ RunTime:0.0005s ]
SQL: SELECT * FROM `vol_sup_money` WHERE ( uid='2016005' and status='1' ) LIMIT 1   [ RunTime:0.0001s ]
SQL: SHOW COLUMNS FROM `vol_sup_other` [ RunTime:0.0004s ]
SQL: SELECT * FROM `vol_sup_other` WHERE ( uid='2016005' and status='1' ) LIMIT 1   [ RunTime:0.0001s ]
INFO: [ view_parse ] --START--
INFO: [ template_filter ] --START--
INFO: Run Behavior\ContentReplaceBehavior [ RunTime:0.000071s ]
INFO: [ template_filter ] --END-- [ RunTime:0.000158s ]
INFO: Run Behavior\ParseTemplateBehavior [ RunTime:0.008437s ]
INFO: [ view_parse ] --END-- [ RunTime:0.008494s ]
INFO: [ view_filter ] --START--
INFO: Run Behavior\WriteHtmlCacheBehavior [ RunTime:0.000185s ]
INFO: [ view_filter ] --END-- [ RunTime:0.000235s ]
INFO: [ app_end ] --START--
INFO: Run Behavior\ShowPageTraceBehavior [ RunTime:0.000441s ]
INFO: [ app_end ] --END-- [ RunTime:0.000493s ]

[ 2016-04-20T19:43:27+08:00 ] 39.180.50.158 /User/Index/support
INFO: [ app_init ] --START--
INFO: Run Behavior\BuildLiteBehavior [ RunTime:0.000014s ]
INFO: [ app_init ] --END-- [ RunTime:0.000334s ]
INFO: [ app_begin ] --START--
INFO: Run Behavior\ReadHtmlCacheBehavior [ RunTime:0.000438s ]
INFO: [ app_begin ] --END-- [ RunTime:0.000497s ]
SQL: SHOW COLUMNS FROM `vol_intelapply` [ RunTime:0.0011s ]
SQL: SELECT * FROM `vol_intelapply` WHERE ( uid='2016005' ) LIMIT 1   [ RunTime:0.0001s ]
SQL: SHOW COLUMNS FROM `vol_sup_other_type` [ RunTime:0.0004s ]
SQL: SELECT * FROM `vol_sup_other_type`  [ RunTime:0.0001s ]
SQL: SHOW COLUMNS FROM `vol_sup_money` [ RunTime:0.0004s ]
SQL: SELECT * FROM `vol_sup_money` WHERE ( uid='2016005' and status='1' ) LIMIT 1   [ RunTime:0.0001s ]
SQL: SHOW COLUMNS FROM `vol_sup_other` [ RunTime:0.0004s ]
SQL: SELECT * FROM `vol_sup_other` WHERE ( uid='2016005' and status='1' ) LIMIT 1   [ RunTime:0.0001s ]
INFO: [ view_parse ] --START--
INFO: [ template_filter ] --START--
INFO: Run Behavior\ContentReplaceBehavior [ RunTime:0.000071s ]
INFO: [ template_filter ] --END-- [ RunTime:0.000130s ]
INFO: Run Behavior\ParseTemplateBehavior [ RunTime:0.008199s ]
INFO: [ view_parse ] --END-- [ RunTime:0.008254s ]
INFO: [ view_filter ] --START--
INFO: Run Behavior\WriteHtmlCacheBehavior [ RunTime:0.000184s ]
INFO: [ view_filter ] --END-- [ RunTime:0.000233s ]
INFO: [ app_end ] --START--
INFO: Run Behavior\ShowPageTraceBehavior [ RunTime:0.000451s ]
INFO: [ app_end ] --END-- [ RunTime:0.000503s ]

[ 2016-04-20T19:44:02+08:00 ] 39.180.50.158 /index.php/User/Index/support
INFO: [ app_init ] --START--
INFO: Run Behavior\BuildLiteBehavior [ RunTime:0.000015s ]
INFO: [ app_init ] --END-- [ RunTime:0.000333s ]
INFO: [ app_begin ] --START--
INFO: Run Behavior\ReadHtmlCacheBehavior [ RunTime:0.000434s ]
INFO: [ app_begin ] --END-- [ RunTime:0.000492s ]
SQL: SHOW COLUMNS FROM `vol_intelapply` [ RunTime:0.0011s ]
SQL: SELECT * FROM `vol_intelapply` WHERE ( uid='2016005' ) LIMIT 1   [ RunTime:0.0002s ]
SQL: SHOW COLUMNS FROM `vol_sup_other_type` [ RunTime:0.0004s ]
SQL: SELECT * FROM `vol_sup_other_type`  [ RunTime:0.0001s ]
SQL: SHOW COLUMNS FROM `vol_sup_money` [ RunTime:0.0004s ]
SQL: SELECT * FROM `vol_sup_money` WHERE ( uid='2016005' and status='1' ) LIMIT 1   [ RunTime:0.0001s ]
SQL: SHOW COLUMNS FROM `vol_sup_other` [ RunTime:0.0004s ]
SQL: SELECT * FROM `vol_sup_other` WHERE ( uid='2016005' and status='1' ) LIMIT 1   [ RunTime:0.0001s ]
INFO: [ view_parse ] --START--
INFO: [ template_filter ] --START--
INFO: Run Behavior\ContentReplaceBehavior [ RunTime:0.000082s ]
INFO: [ template_filter ] --END-- [ RunTime:0.000142s ]
INFO: Run Behavior\ParseTemplateBehavior [ RunTime:0.008458s ]
INFO: [ view_parse ] --END-- [ RunTime:0.008515s ]
INFO: [ view_filter ] --START--
INFO: Run Behavior\WriteHtmlCacheBehavior [ RunTime:0.000184s ]
INFO: [ view_filter ] --END-- [ RunTime:0.000241s ]
INFO: [ app_end ] --START--
INFO: Run Behavior\ShowPageTraceBehavior [ RunTime:0.000456s ]
INFO: [ app_end ] --END-- [ RunTime:0.000510s ]

[ 2016-04-20T19:44:59+08:00 ] 39.180.50.158 /index.php/User/Index/index
INFO: [ app_init ] --START--
INFO: Run Behavior\BuildLiteBehavior [ RunTime:0.000014s ]
INFO: [ app_init ] --END-- [ RunTime:0.000305s ]
INFO: [ app_begin ] --START--
INFO: Run Behavior\ReadHtmlCacheBehavior [ RunTime:0.000410s ]
INFO: [ app_begin ] --END-- [ RunTime:0.000467s ]
SQL: SHOW COLUMNS FROM `vol_user` [ RunTime:0.0009s ]
SQL: SELECT * FROM `vol_user` WHERE ( uid='2016005' ) LIMIT 1   [ RunTime:0.0001s ]
SQL: SHOW COLUMNS FROM `vol_user_type_apply` [ RunTime:0.0004s ]
SQL: SELECT * FROM `vol_user_type_apply` WHERE ( uid='2016005' and status='1' ) LIMIT 1   [ RunTime:0.0001s ]
SQL: SELECT COUNT(*) AS tp_count FROM `vol_user` WHERE ( rmobile='13819801110' ) LIMIT 1   [ RunTime:0.0001s ]
SQL: SHOW COLUMNS FROM `vol_intelapply` [ RunTime:0.0008s ]
SQL: SELECT * FROM `vol_intelapply` WHERE ( uid='2016005' ) LIMIT 1   [ RunTime:0.0001s ]
INFO: [ view_parse ] --START--
INFO: [ template_filter ] --START--
INFO: Run Behavior\ContentReplaceBehavior [ RunTime:0.000076s ]
INFO: [ template_filter ] --END-- [ RunTime:0.000134s ]
SQL: SHOW COLUMNS FROM `vol_user_type` [ RunTime:0.0004s ]
SQL: SELECT * FROM `vol_user_type` WHERE ( id='0' ) LIMIT 1   [ RunTime:0.0001s ]
SQL: SELECT * FROM `vol_user` WHERE ( mobile='' ) LIMIT 1   [ RunTime:0.0001s ]
INFO: Run Behavior\ParseTemplateBehavior [ RunTime:0.010358s ]
INFO: [ view_parse ] --END-- [ RunTime:0.010416s ]
INFO: [ view_filter ] --START--
INFO: Run Behavior\WriteHtmlCacheBehavior [ RunTime:0.000339s ]
INFO: [ view_filter ] --END-- [ RunTime:0.000401s ]
INFO: [ app_end ] --START--
INFO: Run Behavior\ShowPageTraceBehavior [ RunTime:0.000468s ]
INFO: [ app_end ] --END-- [ RunTime:0.000523s ]

[ 2016-04-20T19:50:13+08:00 ] 112.17.242.122 /User/Index/support
INFO: [ app_init ] --START--
INFO: Run Behavior\BuildLiteBehavior [ RunTime:0.000015s ]
INFO: [ app_init ] --END-- [ RunTime:0.000312s ]
INFO: [ app_begin ] --START--
INFO: Run Behavior\ReadHtmlCacheBehavior [ RunTime:0.000413s ]
INFO: [ app_begin ] --END-- [ RunTime:0.000470s ]
SQL: SHOW COLUMNS FROM `vol_intelapply` [ RunTime:0.0011s ]
SQL: SELECT * FROM `vol_intelapply` WHERE ( uid='2016003' ) LIMIT 1   [ RunTime:0.0001s ]
SQL: SHOW COLUMNS FROM `vol_sup_other_type` [ RunTime:0.0004s ]
SQL: SELECT * FROM `vol_sup_other_type`  [ RunTime:0.0001s ]
SQL: SHOW COLUMNS FROM `vol_sup_money` [ RunTime:0.0004s ]
SQL: SELECT * FROM `vol_sup_money` WHERE ( uid='2016003' and status='1' ) LIMIT 1   [ RunTime:0.0002s ]
SQL: SHOW COLUMNS FROM `vol_sup_other` [ RunTime:0.0004s ]
SQL: SELECT * FROM `vol_sup_other` WHERE ( uid='2016003' and status='1' ) LIMIT 1   [ RunTime:0.0002s ]
INFO: [ view_parse ] --START--
INFO: [ template_filter ] --START--
INFO: Run Behavior\ContentReplaceBehavior [ RunTime:0.000075s ]
INFO: [ template_filter ] --END-- [ RunTime:0.000138s ]
INFO: Run Behavior\ParseTemplateBehavior [ RunTime:0.008401s ]
INFO: [ view_parse ] --END-- [ RunTime:0.008459s ]
INFO: [ view_filter ] --START--
INFO: Run Behavior\WriteHtmlCacheBehavior [ RunTime:0.000186s ]
INFO: [ view_filter ] --END-- [ RunTime:0.000258s ]
INFO: [ app_end ] --START--
INFO: Run Behavior\ShowPageTraceBehavior [ RunTime:0.000432s ]
INFO: [ app_end ] --END-- [ RunTime:0.000484s ]

