[ 2016-05-07T10:01:06+08:00 ] 121.42.0.17 /login.jsp
INFO: [ app_init ] --START--
INFO: Run Behavior\BuildLiteBehavior [ RunTime:0.000014s ]
INFO: [ app_init ] --END-- [ RunTime:0.000311s ]
INFO: [ app_begin ] --START--
INFO: Run Behavior\ReadHtmlCacheBehavior [ RunTime:0.000410s ]
INFO: [ app_begin ] --END-- [ RunTime:0.000467s ]
ERR: 无法加载控制器:Login

[ 2016-05-07T10:03:53+08:00 ] 121.42.0.17 /login.action?test=com.opensymphony.xwork2.dispatcher.HttpServletResponse&test=1541517918&method:(%23_memberAccess).setExcludedClasses(%40java.util.Collections%40EMPTY_SET),(%23_memberAccess).setExcludedPackageNamePatterns(%40java.util.Collections%40EMPTY_SET),%23d%3d%23parameters.test%5B1%5D,%23test%3d%23context.get(%23parameters.test%5B0%5D).getWriter(),%23test.println(%23d),%23test.close(),new%20java.lang.String
INFO: [ app_init ] --START--
INFO: Run Behavior\BuildLiteBehavior [ RunTime:0.000014s ]
INFO: [ app_init ] --END-- [ RunTime:0.000313s ]
INFO: [ app_begin ] --START--
INFO: Run Behavior\ReadHtmlCacheBehavior [ RunTime:0.000416s ]
INFO: [ app_begin ] --END-- [ RunTime:0.000497s ]
ERR: 无法加载控制器:Login

[ 2016-05-07T21:06:59+08:00 ] 112.17.236.220 /index.php/User/Index/support
INFO: [ app_init ] --START--
INFO: Run Behavior\BuildLiteBehavior [ RunTime:0.000014s ]
INFO: [ app_init ] --END-- [ RunTime:0.000312s ]
INFO: [ app_begin ] --START--
INFO: Run Behavior\ReadHtmlCacheBehavior [ RunTime:0.000415s ]
INFO: [ app_begin ] --END-- [ RunTime:0.000473s ]

[ 2016-05-07T21:07:00+08:00 ] 112.17.236.220 /index.php?m=user&c=index&a=login&openid=o4oq9vspS4_9aw05quh05NECOXcU&avatar=http://wx.qlogo.cn/mmopen/PiajxSqBRaEJp4BW1UydINRymKI5rpibeGh3R6BjOK1qynDJraZ46QPzQ6f29qYWibBcl0GGibccRWPcAd7z0BbBibQ/0
INFO: [ app_init ] --START--
INFO: Run Behavior\BuildLiteBehavior [ RunTime:0.000015s ]
INFO: [ app_init ] --END-- [ RunTime:0.000329s ]
INFO: [ app_begin ] --START--
INFO: Run Behavior\ReadHtmlCacheBehavior [ RunTime:0.000427s ]
INFO: [ app_begin ] --END-- [ RunTime:0.000485s ]
SQL: SHOW COLUMNS FROM `vol_user` [ RunTime:0.0011s ]
SQL: SELECT * FROM `vol_user` WHERE ( openid='o4oq9vspS4_9aw05quh05NECOXcU' ) LIMIT 1   [ RunTime:0.0001s ]

[ 2016-05-07T21:07:00+08:00 ] 112.17.236.220 /index.php/User/Index/support
INFO: [ app_init ] --START--
INFO: Run Behavior\BuildLiteBehavior [ RunTime:0.000015s ]
INFO: [ app_init ] --END-- [ RunTime:0.000310s ]
INFO: [ app_begin ] --START--
INFO: Run Behavior\ReadHtmlCacheBehavior [ RunTime:0.000409s ]
INFO: [ app_begin ] --END-- [ RunTime:0.000467s ]
SQL: SHOW COLUMNS FROM `vol_intelapply` [ RunTime:0.0011s ]
SQL: SELECT * FROM `vol_intelapply` WHERE ( uid='2016005' ) LIMIT 1   [ RunTime:0.0001s ]
SQL: SHOW COLUMNS FROM `vol_sup_other_type` [ RunTime:0.0004s ]
SQL: SELECT * FROM `vol_sup_other_type`  [ RunTime:0.0001s ]
SQL: SHOW COLUMNS FROM `vol_sup_money` [ RunTime:0.0004s ]
SQL: SELECT * FROM `vol_sup_money` WHERE ( uid='2016005' and status='1' ) LIMIT 1   [ RunTime:0.0001s ]
SQL: SHOW COLUMNS FROM `vol_sup_other` [ RunTime:0.0004s ]
SQL: SELECT * FROM `vol_sup_other` WHERE ( uid='2016005' and status='1' ) LIMIT 1   [ RunTime:0.0001s ]
INFO: [ view_parse ] --START--
INFO: [ template_filter ] --START--
INFO: Run Behavior\ContentReplaceBehavior [ RunTime:0.000079s ]
INFO: [ template_filter ] --END-- [ RunTime:0.000157s ]
INFO: Run Behavior\ParseTemplateBehavior [ RunTime:0.008018s ]
INFO: [ view_parse ] --END-- [ RunTime:0.008076s ]
INFO: [ view_filter ] --START--
INFO: Run Behavior\WriteHtmlCacheBehavior [ RunTime:0.000202s ]
INFO: [ view_filter ] --END-- [ RunTime:0.000252s ]
INFO: [ app_end ] --START--
INFO: Run Behavior\ShowPageTraceBehavior [ RunTime:0.000465s ]
INFO: [ app_end ] --END-- [ RunTime:0.000528s ]

[ 2016-05-07T21:07:03+08:00 ] 112.17.236.220 /User/Index/index
INFO: [ app_init ] --START--
INFO: Run Behavior\BuildLiteBehavior [ RunTime:0.000014s ]
INFO: [ app_init ] --END-- [ RunTime:0.000340s ]
INFO: [ app_begin ] --START--
INFO: Run Behavior\ReadHtmlCacheBehavior [ RunTime:0.000417s ]
INFO: [ app_begin ] --END-- [ RunTime:0.000477s ]
SQL: SHOW COLUMNS FROM `vol_user` [ RunTime:0.0008s ]
SQL: SELECT * FROM `vol_user` WHERE ( uid='2016005' ) LIMIT 1   [ RunTime:0.0001s ]
SQL: SHOW COLUMNS FROM `vol_user_type_apply` [ RunTime:0.0004s ]
SQL: SELECT * FROM `vol_user_type_apply` WHERE ( uid='2016005' and status='1' ) LIMIT 1   [ RunTime:0.0001s ]
SQL: SELECT COUNT(*) AS tp_count FROM `vol_user` WHERE ( rmobile='13819801110' and status='1' or rmobile='13819801110' and status='2' ) LIMIT 1   [ RunTime:0.0001s ]
SQL: SHOW COLUMNS FROM `vol_intelapply` [ RunTime:0.0009s ]
SQL: SELECT * FROM `vol_intelapply` WHERE ( uid='2016005' ) LIMIT 1   [ RunTime:0.0001s ]
INFO: [ view_parse ] --START--
INFO: [ template_filter ] --START--
INFO: Run Behavior\ContentReplaceBehavior [ RunTime:0.000088s ]
INFO: [ template_filter ] --END-- [ RunTime:0.000151s ]
SQL: SHOW COLUMNS FROM `vol_user_type` [ RunTime:0.0005s ]
SQL: SELECT * FROM `vol_user_type` WHERE ( id='0' ) LIMIT 1   [ RunTime:0.0001s ]
SQL: SELECT * FROM `vol_user` WHERE ( mobile='18858237143' ) LIMIT 1   [ RunTime:0.0001s ]
INFO: Run Behavior\ParseTemplateBehavior [ RunTime:0.010996s ]
INFO: [ view_parse ] --END-- [ RunTime:0.011064s ]
INFO: [ view_filter ] --START--
INFO: Run Behavior\WriteHtmlCacheBehavior [ RunTime:0.000252s ]
INFO: [ view_filter ] --END-- [ RunTime:0.000304s ]
INFO: [ app_end ] --START--
INFO: Run Behavior\ShowPageTraceBehavior [ RunTime:0.000449s ]
INFO: [ app_end ] --END-- [ RunTime:0.000502s ]

[ 2016-05-07T21:07:15+08:00 ] 112.17.236.220 /User/Index/index
INFO: [ app_init ] --START--
INFO: Run Behavior\BuildLiteBehavior [ RunTime:0.000015s ]
INFO: [ app_init ] --END-- [ RunTime:0.000331s ]
INFO: [ app_begin ] --START--
INFO: Run Behavior\ReadHtmlCacheBehavior [ RunTime:0.000420s ]
INFO: [ app_begin ] --END-- [ RunTime:0.000492s ]
SQL: SHOW COLUMNS FROM `vol_user` [ RunTime:0.0009s ]
SQL: SELECT * FROM `vol_user` WHERE ( uid='2016005' ) LIMIT 1   [ RunTime:0.0001s ]
SQL: SHOW COLUMNS FROM `vol_user_type_apply` [ RunTime:0.0004s ]
SQL: SELECT * FROM `vol_user_type_apply` WHERE ( uid='2016005' and status='1' ) LIMIT 1   [ RunTime:0.0001s ]
SQL: SELECT COUNT(*) AS tp_count FROM `vol_user` WHERE ( rmobile='13819801110' and status='1' or rmobile='13819801110' and status='2' ) LIMIT 1   [ RunTime:0.0001s ]
SQL: SHOW COLUMNS FROM `vol_intelapply` [ RunTime:0.0009s ]
SQL: SELECT * FROM `vol_intelapply` WHERE ( uid='2016005' ) LIMIT 1   [ RunTime:0.0001s ]
INFO: [ view_parse ] --START--
INFO: [ template_filter ] --START--
INFO: Run Behavior\ContentReplaceBehavior [ RunTime:0.000083s ]
INFO: [ template_filter ] --END-- [ RunTime:0.000143s ]
SQL: SHOW COLUMNS FROM `vol_user_type` [ RunTime:0.0005s ]
SQL: SELECT * FROM `vol_user_type` WHERE ( id='0' ) LIMIT 1   [ RunTime:0.0001s ]
SQL: SELECT * FROM `vol_user` WHERE ( mobile='18858237143' ) LIMIT 1   [ RunTime:0.0001s ]
INFO: Run Behavior\ParseTemplateBehavior [ RunTime:0.010801s ]
INFO: [ view_parse ] --END-- [ RunTime:0.010853s ]
INFO: [ view_filter ] --START--
INFO: Run Behavior\WriteHtmlCacheBehavior [ RunTime:0.000230s ]
INFO: [ view_filter ] --END-- [ RunTime:0.000280s ]
INFO: [ app_end ] --START--
INFO: Run Behavior\ShowPageTraceBehavior [ RunTime:0.000438s ]
INFO: [ app_end ] --END-- [ RunTime:0.000512s ]

