[ 2016-04-26T03:06:59+08:00 ] 121.42.0.14 /login.jsp
INFO: [ app_init ] --START--
INFO: Run Behavior\BuildLiteBehavior [ RunTime:0.000014s ]
INFO: [ app_init ] --END-- [ RunTime:0.000314s ]
INFO: [ app_begin ] --START--
INFO: Run Behavior\ReadHtmlCacheBehavior [ RunTime:0.000414s ]
INFO: [ app_begin ] --END-- [ RunTime:0.000471s ]
ERR: 无法加载控制器:Login

[ 2016-04-26T05:14:06+08:00 ] 39.186.66.24 /index.php/User/Index/support
INFO: [ app_init ] --START--
INFO: Run Behavior\BuildLiteBehavior [ RunTime:0.000020s ]
INFO: [ app_init ] --END-- [ RunTime:0.000317s ]
INFO: [ app_begin ] --START--
INFO: Run Behavior\ReadHtmlCacheBehavior [ RunTime:0.000437s ]
INFO: [ app_begin ] --END-- [ RunTime:0.000496s ]

[ 2016-04-26T05:14:07+08:00 ] 39.186.66.24 /index.php?m=user&c=index&a=login&openid=o4oq9vspS4_9aw05quh05NECOXcU
INFO: [ app_init ] --START--
INFO: Run Behavior\BuildLiteBehavior [ RunTime:0.000015s ]
INFO: [ app_init ] --END-- [ RunTime:0.000394s ]
INFO: [ app_begin ] --START--
INFO: Run Behavior\ReadHtmlCacheBehavior [ RunTime:0.000437s ]
INFO: [ app_begin ] --END-- [ RunTime:0.000498s ]
SQL: SHOW COLUMNS FROM `vol_user` [ RunTime:0.0008s ]
SQL: SELECT * FROM `vol_user` WHERE ( openid='o4oq9vspS4_9aw05quh05NECOXcU' ) LIMIT 1   [ RunTime:0.0001s ]

[ 2016-04-26T05:14:07+08:00 ] 39.186.66.24 /index.php/User/Index/support
INFO: [ app_init ] --START--
INFO: Run Behavior\BuildLiteBehavior [ RunTime:0.000014s ]
INFO: [ app_init ] --END-- [ RunTime:0.000305s ]
INFO: [ app_begin ] --START--
INFO: Run Behavior\ReadHtmlCacheBehavior [ RunTime:0.000430s ]
INFO: [ app_begin ] --END-- [ RunTime:0.000487s ]
SQL: SHOW COLUMNS FROM `vol_intelapply` [ RunTime:0.0017s ]
SQL: SELECT * FROM `vol_intelapply` WHERE ( uid='2016005' ) LIMIT 1   [ RunTime:0.0002s ]
SQL: SHOW COLUMNS FROM `vol_sup_other_type` [ RunTime:0.0004s ]
SQL: SELECT * FROM `vol_sup_other_type`  [ RunTime:0.0001s ]
SQL: SHOW COLUMNS FROM `vol_sup_money` [ RunTime:0.0004s ]
SQL: SELECT * FROM `vol_sup_money` WHERE ( uid='2016005' and status='1' ) LIMIT 1   [ RunTime:0.0001s ]
SQL: SHOW COLUMNS FROM `vol_sup_other` [ RunTime:0.0004s ]
SQL: SELECT * FROM `vol_sup_other` WHERE ( uid='2016005' and status='1' ) LIMIT 1   [ RunTime:0.0001s ]
INFO: [ view_parse ] --START--
INFO: [ template_filter ] --START--
INFO: Run Behavior\ContentReplaceBehavior [ RunTime:0.000069s ]
INFO: [ template_filter ] --END-- [ RunTime:0.000127s ]
INFO: Run Behavior\ParseTemplateBehavior [ RunTime:0.054548s ]
INFO: [ view_parse ] --END-- [ RunTime:0.054606s ]
INFO: [ view_filter ] --START--
INFO: Run Behavior\WriteHtmlCacheBehavior [ RunTime:0.008493s ]
INFO: [ view_filter ] --END-- [ RunTime:0.008548s ]
INFO: [ app_end ] --START--
INFO: Run Behavior\ShowPageTraceBehavior [ RunTime:0.001595s ]
INFO: [ app_end ] --END-- [ RunTime:0.001648s ]

[ 2016-04-26T05:14:12+08:00 ] 39.186.66.24 /User/Index/index
INFO: [ app_init ] --START--
INFO: Run Behavior\BuildLiteBehavior [ RunTime:0.000014s ]
INFO: [ app_init ] --END-- [ RunTime:0.000333s ]
INFO: [ app_begin ] --START--
INFO: Run Behavior\ReadHtmlCacheBehavior [ RunTime:0.000437s ]
INFO: [ app_begin ] --END-- [ RunTime:0.000497s ]
SQL: SHOW COLUMNS FROM `vol_user` [ RunTime:0.0008s ]
SQL: SELECT * FROM `vol_user` WHERE ( uid='2016005' ) LIMIT 1   [ RunTime:0.0001s ]
SQL: SHOW COLUMNS FROM `vol_user_type_apply` [ RunTime:0.0005s ]
SQL: SELECT * FROM `vol_user_type_apply` WHERE ( uid='2016005' and status='1' ) LIMIT 1   [ RunTime:0.0001s ]
SQL: SELECT COUNT(*) AS tp_count FROM `vol_user` WHERE ( rmobile='13819801110' ) LIMIT 1   [ RunTime:0.0001s ]
SQL: SHOW COLUMNS FROM `vol_intelapply` [ RunTime:0.0009s ]
SQL: SELECT * FROM `vol_intelapply` WHERE ( uid='2016005' ) LIMIT 1   [ RunTime:0.0001s ]
INFO: [ view_parse ] --START--
INFO: [ template_filter ] --START--
INFO: Run Behavior\ContentReplaceBehavior [ RunTime:0.000098s ]
INFO: [ template_filter ] --END-- [ RunTime:0.000167s ]
SQL: SHOW COLUMNS FROM `vol_user_type` [ RunTime:0.0004s ]
SQL: SELECT * FROM `vol_user_type` WHERE ( id='0' ) LIMIT 1   [ RunTime:0.0001s ]
SQL: SELECT * FROM `vol_user` WHERE ( mobile='' ) LIMIT 1   [ RunTime:0.0001s ]
INFO: Run Behavior\ParseTemplateBehavior [ RunTime:0.025404s ]
INFO: [ view_parse ] --END-- [ RunTime:0.025457s ]
INFO: [ view_filter ] --START--
INFO: Run Behavior\WriteHtmlCacheBehavior [ RunTime:0.000212s ]
INFO: [ view_filter ] --END-- [ RunTime:0.000288s ]
INFO: [ app_end ] --START--
INFO: Run Behavior\ShowPageTraceBehavior [ RunTime:0.000436s ]
INFO: [ app_end ] --END-- [ RunTime:0.000487s ]

[ 2016-04-26T05:14:13+08:00 ] 39.186.66.24 /User/Index/support
INFO: [ app_init ] --START--
INFO: Run Behavior\BuildLiteBehavior [ RunTime:0.000026s ]
INFO: [ app_init ] --END-- [ RunTime:0.000389s ]
INFO: [ app_begin ] --START--
INFO: Run Behavior\ReadHtmlCacheBehavior [ RunTime:0.000445s ]
INFO: [ app_begin ] --END-- [ RunTime:0.000526s ]
SQL: SHOW COLUMNS FROM `vol_intelapply` [ RunTime:0.0011s ]
SQL: SELECT * FROM `vol_intelapply` WHERE ( uid='2016005' ) LIMIT 1   [ RunTime:0.0001s ]
SQL: SHOW COLUMNS FROM `vol_sup_other_type` [ RunTime:0.0004s ]
SQL: SELECT * FROM `vol_sup_other_type`  [ RunTime:0.0001s ]
SQL: SHOW COLUMNS FROM `vol_sup_money` [ RunTime:0.0004s ]
SQL: SELECT * FROM `vol_sup_money` WHERE ( uid='2016005' and status='1' ) LIMIT 1   [ RunTime:0.0001s ]
SQL: SHOW COLUMNS FROM `vol_sup_other` [ RunTime:0.0004s ]
SQL: SELECT * FROM `vol_sup_other` WHERE ( uid='2016005' and status='1' ) LIMIT 1   [ RunTime:0.0002s ]
INFO: [ view_parse ] --START--
INFO: [ template_filter ] --START--
INFO: Run Behavior\ContentReplaceBehavior [ RunTime:0.000076s ]
INFO: [ template_filter ] --END-- [ RunTime:0.000142s ]
INFO: Run Behavior\ParseTemplateBehavior [ RunTime:0.008535s ]
INFO: [ view_parse ] --END-- [ RunTime:0.008594s ]
INFO: [ view_filter ] --START--
INFO: Run Behavior\WriteHtmlCacheBehavior [ RunTime:0.000185s ]
INFO: [ view_filter ] --END-- [ RunTime:0.000255s ]
INFO: [ app_end ] --START--
INFO: Run Behavior\ShowPageTraceBehavior [ RunTime:0.000441s ]
INFO: [ app_end ] --END-- [ RunTime:0.000494s ]

[ 2016-04-26T05:14:19+08:00 ] 39.186.66.24 /User/Index/support
INFO: [ app_init ] --START--
INFO: Run Behavior\BuildLiteBehavior [ RunTime:0.000015s ]
INFO: [ app_init ] --END-- [ RunTime:0.000309s ]
INFO: [ app_begin ] --START--
INFO: Run Behavior\ReadHtmlCacheBehavior [ RunTime:0.000431s ]
INFO: [ app_begin ] --END-- [ RunTime:0.000490s ]
SQL: SHOW COLUMNS FROM `vol_intelapply` [ RunTime:0.0011s ]
SQL: SELECT * FROM `vol_intelapply` WHERE ( uid='2016005' ) LIMIT 1   [ RunTime:0.0001s ]
SQL: SHOW COLUMNS FROM `vol_sup_other_type` [ RunTime:0.0004s ]
SQL: SELECT * FROM `vol_sup_other_type`  [ RunTime:0.0001s ]
SQL: SHOW COLUMNS FROM `vol_sup_money` [ RunTime:0.0004s ]
SQL: SELECT * FROM `vol_sup_money` WHERE ( uid='2016005' and status='1' ) LIMIT 1   [ RunTime:0.0001s ]
SQL: SHOW COLUMNS FROM `vol_sup_other` [ RunTime:0.0004s ]
SQL: SELECT * FROM `vol_sup_other` WHERE ( uid='2016005' and status='1' ) LIMIT 1   [ RunTime:0.0001s ]
INFO: [ view_parse ] --START--
INFO: [ template_filter ] --START--
INFO: Run Behavior\ContentReplaceBehavior [ RunTime:0.000071s ]
INFO: [ template_filter ] --END-- [ RunTime:0.000132s ]
INFO: Run Behavior\ParseTemplateBehavior [ RunTime:0.008461s ]
INFO: [ view_parse ] --END-- [ RunTime:0.008524s ]
INFO: [ view_filter ] --START--
INFO: Run Behavior\WriteHtmlCacheBehavior [ RunTime:0.000187s ]
INFO: [ view_filter ] --END-- [ RunTime:0.000251s ]
INFO: [ app_end ] --START--
INFO: Run Behavior\ShowPageTraceBehavior [ RunTime:0.000444s ]
INFO: [ app_end ] --END-- [ RunTime:0.000501s ]

[ 2016-04-26T05:26:27+08:00 ] 39.186.66.24 /index.php/User/Index/support
INFO: [ app_init ] --START--
INFO: Run Behavior\BuildLiteBehavior [ RunTime:0.000017s ]
INFO: [ app_init ] --END-- [ RunTime:0.000323s ]
INFO: [ app_begin ] --START--
INFO: Run Behavior\ReadHtmlCacheBehavior [ RunTime:0.000421s ]
INFO: [ app_begin ] --END-- [ RunTime:0.000480s ]
SQL: SHOW COLUMNS FROM `vol_intelapply` [ RunTime:0.0011s ]
SQL: SELECT * FROM `vol_intelapply` WHERE ( uid='2016005' ) LIMIT 1   [ RunTime:0.0001s ]
SQL: SHOW COLUMNS FROM `vol_sup_other_type` [ RunTime:0.0004s ]
SQL: SELECT * FROM `vol_sup_other_type`  [ RunTime:0.0001s ]
SQL: SHOW COLUMNS FROM `vol_sup_money` [ RunTime:0.0004s ]
SQL: SELECT * FROM `vol_sup_money` WHERE ( uid='2016005' and status='1' ) LIMIT 1   [ RunTime:0.0001s ]
SQL: SHOW COLUMNS FROM `vol_sup_other` [ RunTime:0.0004s ]
SQL: SELECT * FROM `vol_sup_other` WHERE ( uid='2016005' and status='1' ) LIMIT 1   [ RunTime:0.0001s ]
INFO: [ view_parse ] --START--
INFO: [ template_filter ] --START--
INFO: Run Behavior\ContentReplaceBehavior [ RunTime:0.000079s ]
INFO: [ template_filter ] --END-- [ RunTime:0.000158s ]
INFO: Run Behavior\ParseTemplateBehavior [ RunTime:0.008514s ]
INFO: [ view_parse ] --END-- [ RunTime:0.008575s ]
INFO: [ view_filter ] --START--
INFO: Run Behavior\WriteHtmlCacheBehavior [ RunTime:0.000192s ]
INFO: [ view_filter ] --END-- [ RunTime:0.000243s ]
INFO: [ app_end ] --START--
INFO: Run Behavior\ShowPageTraceBehavior [ RunTime:0.000445s ]
INFO: [ app_end ] --END-- [ RunTime:0.000504s ]

[ 2016-04-26T17:15:37+08:00 ] 39.186.66.24 /index.php/User/Index/support
INFO: [ app_init ] --START--
INFO: Run Behavior\BuildLiteBehavior [ RunTime:0.000015s ]
INFO: [ app_init ] --END-- [ RunTime:0.000309s ]
INFO: [ app_begin ] --START--
INFO: Run Behavior\ReadHtmlCacheBehavior [ RunTime:0.000415s ]
INFO: [ app_begin ] --END-- [ RunTime:0.000472s ]

[ 2016-04-26T17:15:38+08:00 ] 39.186.66.24 /index.php?m=user&c=index&a=login&openid=o4oq9vspS4_9aw05quh05NECOXcU
INFO: [ app_init ] --START--
INFO: Run Behavior\BuildLiteBehavior [ RunTime:0.000015s ]
INFO: [ app_init ] --END-- [ RunTime:0.000312s ]
INFO: [ app_begin ] --START--
INFO: Run Behavior\ReadHtmlCacheBehavior [ RunTime:0.000412s ]
INFO: [ app_begin ] --END-- [ RunTime:0.000469s ]
SQL: SHOW COLUMNS FROM `vol_user` [ RunTime:0.0009s ]
SQL: SELECT * FROM `vol_user` WHERE ( openid='o4oq9vspS4_9aw05quh05NECOXcU' ) LIMIT 1   [ RunTime:0.0001s ]

[ 2016-04-26T17:15:38+08:00 ] 39.186.66.24 /index.php/User/Index/support
INFO: [ app_init ] --START--
INFO: Run Behavior\BuildLiteBehavior [ RunTime:0.000015s ]
INFO: [ app_init ] --END-- [ RunTime:0.000308s ]
INFO: [ app_begin ] --START--
INFO: Run Behavior\ReadHtmlCacheBehavior [ RunTime:0.000414s ]
INFO: [ app_begin ] --END-- [ RunTime:0.000471s ]
SQL: SHOW COLUMNS FROM `vol_intelapply` [ RunTime:0.0011s ]
SQL: SELECT * FROM `vol_intelapply` WHERE ( uid='2016005' ) LIMIT 1   [ RunTime:0.0001s ]
SQL: SHOW COLUMNS FROM `vol_sup_other_type` [ RunTime:0.0004s ]
SQL: SELECT * FROM `vol_sup_other_type`  [ RunTime:0.0001s ]
SQL: SHOW COLUMNS FROM `vol_sup_money` [ RunTime:0.0004s ]
SQL: SELECT * FROM `vol_sup_money` WHERE ( uid='2016005' and status='1' ) LIMIT 1   [ RunTime:0.0001s ]
SQL: SHOW COLUMNS FROM `vol_sup_other` [ RunTime:0.0004s ]
SQL: SELECT * FROM `vol_sup_other` WHERE ( uid='2016005' and status='1' ) LIMIT 1   [ RunTime:0.0001s ]
INFO: [ view_parse ] --START--
INFO: [ template_filter ] --START--
INFO: Run Behavior\ContentReplaceBehavior [ RunTime:0.000075s ]
INFO: [ template_filter ] --END-- [ RunTime:0.000137s ]
INFO: Run Behavior\ParseTemplateBehavior [ RunTime:0.008284s ]
INFO: [ view_parse ] --END-- [ RunTime:0.008346s ]
INFO: [ view_filter ] --START--
INFO: Run Behavior\WriteHtmlCacheBehavior [ RunTime:0.000186s ]
INFO: [ view_filter ] --END-- [ RunTime:0.000235s ]
INFO: [ app_end ] --START--
INFO: Run Behavior\ShowPageTraceBehavior [ RunTime:0.000459s ]
INFO: [ app_end ] --END-- [ RunTime:0.000514s ]

