[ 2016-06-06T04:59:51+08:00 ] 121.42.0.38 /login.jsp
INFO: [ app_init ] --START--
INFO: Run Behavior\BuildLiteBehavior [ RunTime:0.000013s ]
INFO: [ app_init ] --END-- [ RunTime:0.000351s ]
INFO: [ app_begin ] --START--
INFO: Run Behavior\ReadHtmlCacheBehavior [ RunTime:0.000404s ]
INFO: [ app_begin ] --END-- [ RunTime:0.000442s ]
ERR: 无法加载控制器:Login

[ 2016-06-06T08:34:10+08:00 ] 112.21.166.80 /User/Index/index
INFO: [ app_init ] --START--
INFO: Run Behavior\BuildLiteBehavior [ RunTime:0.000011s ]
INFO: [ app_init ] --END-- [ RunTime:0.000296s ]
INFO: [ app_begin ] --START--
INFO: Run Behavior\ReadHtmlCacheBehavior [ RunTime:0.000400s ]
INFO: [ app_begin ] --END-- [ RunTime:0.000437s ]

[ 2016-06-06T08:34:39+08:00 ] 117.136.67.97 /index.php/User/Index/support
INFO: [ app_init ] --START--
INFO: Run Behavior\BuildLiteBehavior [ RunTime:0.000011s ]
INFO: [ app_init ] --END-- [ RunTime:0.000294s ]
INFO: [ app_begin ] --START--
INFO: Run Behavior\ReadHtmlCacheBehavior [ RunTime:0.000385s ]
INFO: [ app_begin ] --END-- [ RunTime:0.000422s ]
SQL: SHOW COLUMNS FROM `vol_intelapply` [ RunTime:0.0009s ]
SQL: SELECT * FROM `vol_intelapply` WHERE ( uid='2016004' ) LIMIT 1   [ RunTime:0.0001s ]
SQL: SHOW COLUMNS FROM `vol_sup_other_type` [ RunTime:0.0003s ]
SQL: SELECT * FROM `vol_sup_other_type`  [ RunTime:0.0001s ]
SQL: SHOW COLUMNS FROM `vol_sup_money` [ RunTime:0.0004s ]
SQL: SELECT * FROM `vol_sup_money` WHERE ( uid='2016004' and status='1' ) LIMIT 1   [ RunTime:0.0001s ]
SQL: SHOW COLUMNS FROM `vol_sup_other` [ RunTime:0.0003s ]
SQL: SELECT * FROM `vol_sup_other` WHERE ( uid='2016004' and status='1' ) LIMIT 1   [ RunTime:0.0001s ]
SQL: SHOW COLUMNS FROM `vol_user` [ RunTime:0.0005s ]
SQL: SELECT * FROM `vol_user` WHERE ( uid='2016004' ) LIMIT 1   [ RunTime:0.0001s ]
INFO: [ view_parse ] --START--
INFO: [ template_filter ] --START--
INFO: Run Behavior\ContentReplaceBehavior [ RunTime:0.000057s ]
INFO: [ template_filter ] --END-- [ RunTime:0.000089s ]
INFO: Run Behavior\ParseTemplateBehavior [ RunTime:0.006130s ]
INFO: [ view_parse ] --END-- [ RunTime:0.006166s ]
INFO: [ view_filter ] --START--
INFO: Run Behavior\WriteHtmlCacheBehavior [ RunTime:0.000163s ]
INFO: [ view_filter ] --END-- [ RunTime:0.000189s ]
INFO: [ app_end ] --START--
INFO: Run Behavior\ShowPageTraceBehavior [ RunTime:0.000427s ]
INFO: [ app_end ] --END-- [ RunTime:0.000458s ]

[ 2016-06-06T08:34:47+08:00 ] 117.136.67.97 /index.php/User/Index/support
INFO: [ app_init ] --START--
INFO: Run Behavior\BuildLiteBehavior [ RunTime:0.000011s ]
INFO: [ app_init ] --END-- [ RunTime:0.000288s ]
INFO: [ app_begin ] --START--
INFO: Run Behavior\ReadHtmlCacheBehavior [ RunTime:0.000400s ]
INFO: [ app_begin ] --END-- [ RunTime:0.000450s ]

[ 2016-06-06T08:42:16+08:00 ] 117.136.67.97 /index.php/User/Index/support
INFO: [ app_init ] --START--
INFO: Run Behavior\BuildLiteBehavior [ RunTime:0.000011s ]
INFO: [ app_init ] --END-- [ RunTime:0.000343s ]
INFO: [ app_begin ] --START--
INFO: Run Behavior\ReadHtmlCacheBehavior [ RunTime:0.000586s ]
INFO: [ app_begin ] --END-- [ RunTime:0.000662s ]
SQL: SHOW COLUMNS FROM `vol_intelapply` [ RunTime:0.0009s ]
SQL: SELECT * FROM `vol_intelapply` WHERE ( uid='2016004' ) LIMIT 1   [ RunTime:0.0001s ]
SQL: SHOW COLUMNS FROM `vol_sup_other_type` [ RunTime:0.0003s ]
SQL: SELECT * FROM `vol_sup_other_type`  [ RunTime:0.0001s ]
SQL: SHOW COLUMNS FROM `vol_sup_money` [ RunTime:0.0007s ]
SQL: SELECT * FROM `vol_sup_money` WHERE ( uid='2016004' and status='1' ) LIMIT 1   [ RunTime:0.0001s ]
SQL: SHOW COLUMNS FROM `vol_sup_other` [ RunTime:0.0003s ]
SQL: SELECT * FROM `vol_sup_other` WHERE ( uid='2016004' and status='1' ) LIMIT 1   [ RunTime:0.0001s ]
SQL: SHOW COLUMNS FROM `vol_user` [ RunTime:0.0005s ]
SQL: SELECT * FROM `vol_user` WHERE ( uid='2016004' ) LIMIT 1   [ RunTime:0.0001s ]
INFO: [ view_parse ] --START--
INFO: [ template_filter ] --START--
INFO: Run Behavior\ContentReplaceBehavior [ RunTime:0.000058s ]
INFO: [ template_filter ] --END-- [ RunTime:0.000090s ]
INFO: Run Behavior\ParseTemplateBehavior [ RunTime:0.005898s ]
INFO: [ view_parse ] --END-- [ RunTime:0.005932s ]
INFO: [ view_filter ] --START--
INFO: Run Behavior\WriteHtmlCacheBehavior [ RunTime:0.000162s ]
INFO: [ view_filter ] --END-- [ RunTime:0.000188s ]
INFO: [ app_end ] --START--
INFO: Run Behavior\ShowPageTraceBehavior [ RunTime:0.000430s ]
INFO: [ app_end ] --END-- [ RunTime:0.000461s ]

[ 2016-06-06T08:42:38+08:00 ] 112.21.166.79 /index.php/User/Index/support
INFO: [ app_init ] --START--
INFO: Run Behavior\BuildLiteBehavior [ RunTime:0.000012s ]
INFO: [ app_init ] --END-- [ RunTime:0.000289s ]
INFO: [ app_begin ] --START--
INFO: Run Behavior\ReadHtmlCacheBehavior [ RunTime:0.000370s ]
INFO: [ app_begin ] --END-- [ RunTime:0.000407s ]

[ 2016-06-06T08:49:33+08:00 ] 183.132.24.10 /index.php/User/Index/support
INFO: [ app_init ] --START--
INFO: Run Behavior\BuildLiteBehavior [ RunTime:0.000011s ]
INFO: [ app_init ] --END-- [ RunTime:0.000321s ]
INFO: [ app_begin ] --START--
INFO: Run Behavior\ReadHtmlCacheBehavior [ RunTime:0.000380s ]
INFO: [ app_begin ] --END-- [ RunTime:0.000432s ]
SQL: SHOW COLUMNS FROM `vol_intelapply` [ RunTime:0.0010s ]
SQL: SELECT * FROM `vol_intelapply` WHERE ( uid='2016005' ) LIMIT 1   [ RunTime:0.0001s ]
SQL: SHOW COLUMNS FROM `vol_sup_other_type` [ RunTime:0.0003s ]
SQL: SELECT * FROM `vol_sup_other_type`  [ RunTime:0.0001s ]
SQL: SHOW COLUMNS FROM `vol_sup_money` [ RunTime:0.0003s ]
SQL: SELECT * FROM `vol_sup_money` WHERE ( uid='2016005' and status='1' ) LIMIT 1   [ RunTime:0.0001s ]
SQL: SHOW COLUMNS FROM `vol_sup_other` [ RunTime:0.0003s ]
SQL: SELECT * FROM `vol_sup_other` WHERE ( uid='2016005' and status='1' ) LIMIT 1   [ RunTime:0.0001s ]
SQL: SHOW COLUMNS FROM `vol_user` [ RunTime:0.0005s ]
SQL: SELECT * FROM `vol_user` WHERE ( uid='2016005' ) LIMIT 1   [ RunTime:0.0001s ]
INFO: [ view_parse ] --START--
INFO: [ template_filter ] --START--
INFO: Run Behavior\ContentReplaceBehavior [ RunTime:0.000064s ]
INFO: [ template_filter ] --END-- [ RunTime:0.000098s ]
INFO: Run Behavior\ParseTemplateBehavior [ RunTime:0.006090s ]
INFO: [ view_parse ] --END-- [ RunTime:0.006138s ]
INFO: [ view_filter ] --START--
INFO: Run Behavior\WriteHtmlCacheBehavior [ RunTime:0.000162s ]
INFO: [ view_filter ] --END-- [ RunTime:0.000187s ]
INFO: [ app_end ] --START--
INFO: Run Behavior\ShowPageTraceBehavior [ RunTime:0.000416s ]
INFO: [ app_end ] --END-- [ RunTime:0.000446s ]

[ 2016-06-06T10:46:35+08:00 ] 117.136.67.97 /index.php/User/Index/support
INFO: [ app_init ] --START--
INFO: Run Behavior\BuildLiteBehavior [ RunTime:0.000012s ]
INFO: [ app_init ] --END-- [ RunTime:0.000266s ]
INFO: [ app_begin ] --START--
INFO: Run Behavior\ReadHtmlCacheBehavior [ RunTime:0.000408s ]
INFO: [ app_begin ] --END-- [ RunTime:0.000451s ]
SQL: SHOW COLUMNS FROM `vol_intelapply` [ RunTime:0.0010s ]
SQL: SELECT * FROM `vol_intelapply` WHERE ( uid='2016004' ) LIMIT 1   [ RunTime:0.0001s ]
SQL: SHOW COLUMNS FROM `vol_sup_other_type` [ RunTime:0.0003s ]
SQL: SELECT * FROM `vol_sup_other_type`  [ RunTime:0.0001s ]
SQL: SHOW COLUMNS FROM `vol_sup_money` [ RunTime:0.0004s ]
SQL: SELECT * FROM `vol_sup_money` WHERE ( uid='2016004' and status='1' ) LIMIT 1   [ RunTime:0.0001s ]
SQL: SHOW COLUMNS FROM `vol_sup_other` [ RunTime:0.0003s ]
SQL: SELECT * FROM `vol_sup_other` WHERE ( uid='2016004' and status='1' ) LIMIT 1   [ RunTime:0.0002s ]
SQL: SHOW COLUMNS FROM `vol_user` [ RunTime:0.0006s ]
SQL: SELECT * FROM `vol_user` WHERE ( uid='2016004' ) LIMIT 1   [ RunTime:0.0001s ]
INFO: [ view_parse ] --START--
INFO: [ template_filter ] --START--
INFO: Run Behavior\ContentReplaceBehavior [ RunTime:0.000059s ]
INFO: [ template_filter ] --END-- [ RunTime:0.000092s ]
INFO: Run Behavior\ParseTemplateBehavior [ RunTime:0.006254s ]
INFO: [ view_parse ] --END-- [ RunTime:0.006288s ]
INFO: [ view_filter ] --START--
INFO: Run Behavior\WriteHtmlCacheBehavior [ RunTime:0.000183s ]
INFO: [ view_filter ] --END-- [ RunTime:0.000210s ]
INFO: [ app_end ] --START--
INFO: Run Behavior\ShowPageTraceBehavior [ RunTime:0.000394s ]
INFO: [ app_end ] --END-- [ RunTime:0.000425s ]

[ 2016-06-06T11:05:17+08:00 ] 117.136.67.97 /index.php/User/Index/support
INFO: [ app_init ] --START--
INFO: Run Behavior\BuildLiteBehavior [ RunTime:0.000012s ]
INFO: [ app_init ] --END-- [ RunTime:0.000280s ]
INFO: [ app_begin ] --START--
INFO: Run Behavior\ReadHtmlCacheBehavior [ RunTime:0.000382s ]
INFO: [ app_begin ] --END-- [ RunTime:0.000432s ]
SQL: SHOW COLUMNS FROM `vol_intelapply` [ RunTime:0.0010s ]
SQL: SELECT * FROM `vol_intelapply` WHERE ( uid='2016004' ) LIMIT 1   [ RunTime:0.0001s ]
SQL: SHOW COLUMNS FROM `vol_sup_other_type` [ RunTime:0.0003s ]
SQL: SELECT * FROM `vol_sup_other_type`  [ RunTime:0.0001s ]
SQL: SHOW COLUMNS FROM `vol_sup_money` [ RunTime:0.0003s ]
SQL: SELECT * FROM `vol_sup_money` WHERE ( uid='2016004' and status='1' ) LIMIT 1   [ RunTime:0.0001s ]
SQL: SHOW COLUMNS FROM `vol_sup_other` [ RunTime:0.0003s ]
SQL: SELECT * FROM `vol_sup_other` WHERE ( uid='2016004' and status='1' ) LIMIT 1   [ RunTime:0.0001s ]
SQL: SHOW COLUMNS FROM `vol_user` [ RunTime:0.0004s ]
SQL: SELECT * FROM `vol_user` WHERE ( uid='2016004' ) LIMIT 1   [ RunTime:0.0001s ]
INFO: [ view_parse ] --START--
INFO: [ template_filter ] --START--
INFO: Run Behavior\ContentReplaceBehavior [ RunTime:0.000025s ]
INFO: [ template_filter ] --END-- [ RunTime:0.000057s ]
INFO: Run Behavior\ParseTemplateBehavior [ RunTime:0.001905s ]
INFO: [ view_parse ] --END-- [ RunTime:0.001947s ]
INFO: [ view_filter ] --START--
INFO: Run Behavior\WriteHtmlCacheBehavior [ RunTime:0.000162s ]
INFO: [ view_filter ] --END-- [ RunTime:0.000188s ]
INFO: [ app_end ] --START--
INFO: Run Behavior\ShowPageTraceBehavior [ RunTime:0.000419s ]
INFO: [ app_end ] --END-- [ RunTime:0.000454s ]

[ 2016-06-06T11:05:20+08:00 ] 117.136.67.97 /index.php/User/Index/index
INFO: [ app_init ] --START--
INFO: Run Behavior\BuildLiteBehavior [ RunTime:0.000011s ]
INFO: [ app_init ] --END-- [ RunTime:0.000269s ]
INFO: [ app_begin ] --START--
INFO: Run Behavior\ReadHtmlCacheBehavior [ RunTime:0.000382s ]
INFO: [ app_begin ] --END-- [ RunTime:0.000420s ]
SQL: SHOW COLUMNS FROM `vol_user` [ RunTime:0.0007s ]
SQL: SELECT * FROM `vol_user` WHERE ( uid='2016004' ) LIMIT 1   [ RunTime:0.0001s ]
SQL: SHOW COLUMNS FROM `vol_user_type_apply` [ RunTime:0.0004s ]
SQL: SELECT * FROM `vol_user_type_apply` WHERE ( uid='2016004' and status='1' ) LIMIT 1   [ RunTime:0.0001s ]
SQL: SELECT COUNT(*) AS tp_count FROM `vol_user` WHERE ( rmobile='13857810767' and status='1' or rmobile='13857810767' and status='2' ) LIMIT 1   [ RunTime:0.0001s ]
SQL: SHOW COLUMNS FROM `vol_intelapply` [ RunTime:0.0008s ]
SQL: SELECT * FROM `vol_intelapply` WHERE ( uid='2016004' ) LIMIT 1   [ RunTime:0.0001s ]
INFO: [ view_parse ] --START--
INFO: [ template_filter ] --START--
INFO: Run Behavior\ContentReplaceBehavior [ RunTime:0.000069s ]
INFO: [ template_filter ] --END-- [ RunTime:0.000102s ]
SQL: SHOW COLUMNS FROM `vol_user_type` [ RunTime:0.0003s ]
SQL: SELECT * FROM `vol_user_type` WHERE ( id='0' ) LIMIT 1   [ RunTime:0.0001s ]
INFO: Run Behavior\ParseTemplateBehavior [ RunTime:0.008111s ]
INFO: [ view_parse ] --END-- [ RunTime:0.008139s ]
INFO: [ view_filter ] --START--
INFO: Run Behavior\WriteHtmlCacheBehavior [ RunTime:0.000172s ]
INFO: [ view_filter ] --END-- [ RunTime:0.000199s ]
INFO: [ app_end ] --START--
INFO: Run Behavior\ShowPageTraceBehavior [ RunTime:0.000387s ]
INFO: [ app_end ] --END-- [ RunTime:0.000418s ]

[ 2016-06-06T11:05:21+08:00 ] 117.136.67.97 /index.php/User/Index/support
INFO: [ app_init ] --START--
INFO: Run Behavior\BuildLiteBehavior [ RunTime:0.000011s ]
INFO: [ app_init ] --END-- [ RunTime:0.000266s ]
INFO: [ app_begin ] --START--
INFO: Run Behavior\ReadHtmlCacheBehavior [ RunTime:0.000372s ]
INFO: [ app_begin ] --END-- [ RunTime:0.000409s ]
SQL: SHOW COLUMNS FROM `vol_intelapply` [ RunTime:0.0010s ]
SQL: SELECT * FROM `vol_intelapply` WHERE ( uid='2016004' ) LIMIT 1   [ RunTime:0.0002s ]
SQL: SHOW COLUMNS FROM `vol_sup_other_type` [ RunTime:0.0005s ]
SQL: SELECT * FROM `vol_sup_other_type`  [ RunTime:0.0001s ]
SQL: SHOW COLUMNS FROM `vol_sup_money` [ RunTime:0.0004s ]
SQL: SELECT * FROM `vol_sup_money` WHERE ( uid='2016004' and status='1' ) LIMIT 1   [ RunTime:0.0001s ]
SQL: SHOW COLUMNS FROM `vol_sup_other` [ RunTime:0.0004s ]
SQL: SELECT * FROM `vol_sup_other` WHERE ( uid='2016004' and status='1' ) LIMIT 1   [ RunTime:0.0001s ]
SQL: SHOW COLUMNS FROM `vol_user` [ RunTime:0.0007s ]
SQL: SELECT * FROM `vol_user` WHERE ( uid='2016004' ) LIMIT 1   [ RunTime:0.0005s ]
INFO: [ view_parse ] --START--
INFO: [ template_filter ] --START--
INFO: Run Behavior\ContentReplaceBehavior [ RunTime:0.000026s ]
INFO: [ template_filter ] --END-- [ RunTime:0.000058s ]
INFO: Run Behavior\ParseTemplateBehavior [ RunTime:0.002064s ]
INFO: [ view_parse ] --END-- [ RunTime:0.002111s ]
INFO: [ view_filter ] --START--
INFO: Run Behavior\WriteHtmlCacheBehavior [ RunTime:0.000191s ]
INFO: [ view_filter ] --END-- [ RunTime:0.000217s ]
INFO: [ app_end ] --START--
INFO: Run Behavior\ShowPageTraceBehavior [ RunTime:0.000399s ]
INFO: [ app_end ] --END-- [ RunTime:0.000428s ]

[ 2016-06-06T11:06:05+08:00 ] 117.136.67.97 /index.php/User/Index/support
INFO: [ app_init ] --START--
INFO: Run Behavior\BuildLiteBehavior [ RunTime:0.000012s ]
INFO: [ app_init ] --END-- [ RunTime:0.000340s ]
INFO: [ app_begin ] --START--
INFO: Run Behavior\ReadHtmlCacheBehavior [ RunTime:0.000459s ]
INFO: [ app_begin ] --END-- [ RunTime:0.000522s ]
SQL: SHOW COLUMNS FROM `vol_intelapply` [ RunTime:0.0009s ]
SQL: SELECT * FROM `vol_intelapply` WHERE ( uid='2016004' ) LIMIT 1   [ RunTime:0.0001s ]
SQL: SHOW COLUMNS FROM `vol_sup_other_type` [ RunTime:0.0003s ]
SQL: SELECT * FROM `vol_sup_other_type`  [ RunTime:0.0001s ]
SQL: SHOW COLUMNS FROM `vol_sup_money` [ RunTime:0.0003s ]
SQL: SELECT * FROM `vol_sup_money` WHERE ( uid='2016004' and status='1' ) LIMIT 1   [ RunTime:0.0001s ]
SQL: SHOW COLUMNS FROM `vol_sup_other` [ RunTime:0.0003s ]
SQL: SELECT * FROM `vol_sup_other` WHERE ( uid='2016004' and status='1' ) LIMIT 1   [ RunTime:0.0001s ]
SQL: SHOW COLUMNS FROM `vol_user` [ RunTime:0.0004s ]
SQL: SELECT * FROM `vol_user` WHERE ( uid='2016004' ) LIMIT 1   [ RunTime:0.0001s ]
INFO: [ view_parse ] --START--
INFO: [ template_filter ] --START--
INFO: Run Behavior\ContentReplaceBehavior [ RunTime:0.000056s ]
INFO: [ template_filter ] --END-- [ RunTime:0.000089s ]
INFO: Run Behavior\ParseTemplateBehavior [ RunTime:0.006116s ]
INFO: [ view_parse ] --END-- [ RunTime:0.006148s ]
INFO: [ view_filter ] --START--
INFO: Run Behavior\WriteHtmlCacheBehavior [ RunTime:0.000161s ]
INFO: [ view_filter ] --END-- [ RunTime:0.000186s ]
INFO: [ app_end ] --START--
INFO: Run Behavior\ShowPageTraceBehavior [ RunTime:0.000406s ]
INFO: [ app_end ] --END-- [ RunTime:0.000436s ]

[ 2016-06-06T11:07:08+08:00 ] 117.136.67.97 /index.php/User/Index/support
INFO: [ app_init ] --START--
INFO: Run Behavior\BuildLiteBehavior [ RunTime:0.000011s ]
INFO: [ app_init ] --END-- [ RunTime:0.000279s ]
INFO: [ app_begin ] --START--
INFO: Run Behavior\ReadHtmlCacheBehavior [ RunTime:0.000385s ]
INFO: [ app_begin ] --END-- [ RunTime:0.000433s ]
SQL: SHOW COLUMNS FROM `vol_intelapply` [ RunTime:0.0010s ]
SQL: SELECT * FROM `vol_intelapply` WHERE ( uid='2016004' ) LIMIT 1   [ RunTime:0.0002s ]
SQL: SHOW COLUMNS FROM `vol_sup_other_type` [ RunTime:0.0003s ]
SQL: SELECT * FROM `vol_sup_other_type`  [ RunTime:0.0001s ]
SQL: SHOW COLUMNS FROM `vol_sup_money` [ RunTime:0.0003s ]
SQL: SELECT * FROM `vol_sup_money` WHERE ( uid='2016004' and status='1' ) LIMIT 1   [ RunTime:0.0001s ]
SQL: SHOW COLUMNS FROM `vol_sup_other` [ RunTime:0.0003s ]
SQL: SELECT * FROM `vol_sup_other` WHERE ( uid='2016004' and status='1' ) LIMIT 1   [ RunTime:0.0001s ]
SQL: SHOW COLUMNS FROM `vol_user` [ RunTime:0.0004s ]
SQL: SELECT * FROM `vol_user` WHERE ( uid='2016004' ) LIMIT 1   [ RunTime:0.0001s ]
INFO: [ view_parse ] --START--
INFO: [ template_filter ] --START--
INFO: Run Behavior\ContentReplaceBehavior [ RunTime:0.000059s ]
INFO: [ template_filter ] --END-- [ RunTime:0.000092s ]
INFO: Run Behavior\ParseTemplateBehavior [ RunTime:0.006866s ]
INFO: [ view_parse ] --END-- [ RunTime:0.006914s ]
INFO: [ view_filter ] --START--
INFO: Run Behavior\WriteHtmlCacheBehavior [ RunTime:0.000163s ]
INFO: [ view_filter ] --END-- [ RunTime:0.000190s ]
INFO: [ app_end ] --START--
INFO: Run Behavior\ShowPageTraceBehavior [ RunTime:0.000439s ]
INFO: [ app_end ] --END-- [ RunTime:0.000470s ]

[ 2016-06-06T11:07:28+08:00 ] 117.136.67.97 /User/Index/dosupportm
INFO: [ app_init ] --START--
INFO: Run Behavior\BuildLiteBehavior [ RunTime:0.000011s ]
INFO: [ app_init ] --END-- [ RunTime:0.000270s ]
INFO: [ app_begin ] --START--
INFO: Run Behavior\ReadHtmlCacheBehavior [ RunTime:0.000364s ]
INFO: [ app_begin ] --END-- [ RunTime:0.000403s ]
SQL: SHOW COLUMNS FROM `vol_sup_money` [ RunTime:0.0005s ]
SQL: INSERT INTO `vol_sup_money` (`uid`,`price`,`status`,`date`) VALUES ('2016004','5','1','2016-06-06 11:07:27') [ RunTime:0.0002s ]
SQL: SHOW COLUMNS FROM `vol_user` [ RunTime:0.0005s ]
SQL: UPDATE `vol_user` SET `support`=support+1 WHERE ( uid='2016004' ) [ RunTime:0.0004s ]
INFO: [ view_parse ] --START--
INFO: [ template_filter ] --START--
INFO: Run Behavior\ContentReplaceBehavior [ RunTime:0.000034s ]
INFO: [ template_filter ] --END-- [ RunTime:0.000077s ]
INFO: Run Behavior\ParseTemplateBehavior [ RunTime:0.004407s ]
INFO: [ view_parse ] --END-- [ RunTime:0.004454s ]
INFO: [ view_filter ] --START--
INFO: Run Behavior\WriteHtmlCacheBehavior [ RunTime:0.000180s ]
INFO: [ view_filter ] --END-- [ RunTime:0.000208s ]
INFO: [ app_end ] --START--
INFO: Run Behavior\ShowPageTraceBehavior [ RunTime:0.000394s ]
INFO: [ app_end ] --END-- [ RunTime:0.000423s ]

[ 2016-06-06T11:07:29+08:00 ] 117.136.67.97 /User/Index/support
INFO: [ app_init ] --START--
INFO: Run Behavior\BuildLiteBehavior [ RunTime:0.000010s ]
INFO: [ app_init ] --END-- [ RunTime:0.000270s ]
INFO: [ app_begin ] --START--
INFO: Run Behavior\ReadHtmlCacheBehavior [ RunTime:0.000415s ]
INFO: [ app_begin ] --END-- [ RunTime:0.000456s ]
SQL: SHOW COLUMNS FROM `vol_intelapply` [ RunTime:0.0010s ]
SQL: SELECT * FROM `vol_intelapply` WHERE ( uid='2016004' ) LIMIT 1   [ RunTime:0.0001s ]
SQL: SHOW COLUMNS FROM `vol_sup_other_type` [ RunTime:0.0004s ]
SQL: SELECT * FROM `vol_sup_other_type`  [ RunTime:0.0001s ]
SQL: SHOW COLUMNS FROM `vol_sup_money` [ RunTime:0.0004s ]
SQL: SELECT * FROM `vol_sup_money` WHERE ( uid='2016004' and status='1' ) LIMIT 1   [ RunTime:0.0003s ]
SQL: SHOW COLUMNS FROM `vol_sup_other` [ RunTime:0.0004s ]
SQL: SELECT * FROM `vol_sup_other` WHERE ( uid='2016004' and status='1' ) LIMIT 1   [ RunTime:0.0001s ]
SQL: SHOW COLUMNS FROM `vol_user` [ RunTime:0.0005s ]
SQL: SELECT * FROM `vol_user` WHERE ( uid='2016004' ) LIMIT 1   [ RunTime:0.0003s ]
INFO: [ view_parse ] --START--
INFO: [ template_filter ] --START--
INFO: Run Behavior\ContentReplaceBehavior [ RunTime:0.000055s ]
INFO: [ template_filter ] --END-- [ RunTime:0.000087s ]
INFO: Run Behavior\ParseTemplateBehavior [ RunTime:0.006171s ]
INFO: [ view_parse ] --END-- [ RunTime:0.006212s ]
INFO: [ view_filter ] --START--
INFO: Run Behavior\WriteHtmlCacheBehavior [ RunTime:0.000247s ]
INFO: [ view_filter ] --END-- [ RunTime:0.000285s ]
INFO: [ app_end ] --START--
INFO: Run Behavior\ShowPageTraceBehavior [ RunTime:0.000463s ]
INFO: [ app_end ] --END-- [ RunTime:0.000493s ]

[ 2016-06-06T11:07:29+08:00 ] 117.136.67.97 /index.php/User/Index/support
INFO: [ app_init ] --START--
INFO: Run Behavior\BuildLiteBehavior [ RunTime:0.000010s ]
INFO: [ app_init ] --END-- [ RunTime:0.000268s ]
INFO: [ app_begin ] --START--
INFO: Run Behavior\ReadHtmlCacheBehavior [ RunTime:0.000372s ]
INFO: [ app_begin ] --END-- [ RunTime:0.000408s ]
SQL: SHOW COLUMNS FROM `vol_intelapply` [ RunTime:0.0008s ]
SQL: SELECT * FROM `vol_intelapply` WHERE ( uid='2016004' ) LIMIT 1   [ RunTime:0.0001s ]
SQL: SHOW COLUMNS FROM `vol_sup_other_type` [ RunTime:0.0003s ]
SQL: SELECT * FROM `vol_sup_other_type`  [ RunTime:0.0001s ]
SQL: SHOW COLUMNS FROM `vol_sup_money` [ RunTime:0.0004s ]
SQL: SELECT * FROM `vol_sup_money` WHERE ( uid='2016004' and status='1' ) LIMIT 1   [ RunTime:0.0001s ]
SQL: SHOW COLUMNS FROM `vol_sup_other` [ RunTime:0.0004s ]
SQL: SELECT * FROM `vol_sup_other` WHERE ( uid='2016004' and status='1' ) LIMIT 1   [ RunTime:0.0001s ]
SQL: SHOW COLUMNS FROM `vol_user` [ RunTime:0.0005s ]
SQL: SELECT * FROM `vol_user` WHERE ( uid='2016004' ) LIMIT 1   [ RunTime:0.0001s ]
INFO: [ view_parse ] --START--
INFO: [ template_filter ] --START--
INFO: Run Behavior\ContentReplaceBehavior [ RunTime:0.000055s ]
INFO: [ template_filter ] --END-- [ RunTime:0.000087s ]
INFO: Run Behavior\ParseTemplateBehavior [ RunTime:0.005926s ]
INFO: [ view_parse ] --END-- [ RunTime:0.005960s ]
INFO: [ view_filter ] --START--
INFO: Run Behavior\WriteHtmlCacheBehavior [ RunTime:0.000159s ]
INFO: [ view_filter ] --END-- [ RunTime:0.000185s ]
INFO: [ app_end ] --START--
INFO: Run Behavior\ShowPageTraceBehavior [ RunTime:0.000368s ]
INFO: [ app_end ] --END-- [ RunTime:0.000396s ]

[ 2016-06-06T11:07:34+08:00 ] 117.136.67.97 /User/Index/doothersup
INFO: [ app_init ] --START--
INFO: Run Behavior\BuildLiteBehavior [ RunTime:0.000012s ]
INFO: [ app_init ] --END-- [ RunTime:0.000293s ]
INFO: [ app_begin ] --START--
INFO: Run Behavior\ReadHtmlCacheBehavior [ RunTime:0.000376s ]
INFO: [ app_begin ] --END-- [ RunTime:0.000428s ]
SQL: SHOW COLUMNS FROM `vol_sup_other` [ RunTime:0.0005s ]
SQL: INSERT INTO `vol_sup_other` (`uid`,`content`,`date`,`status`) VALUES ('2016004','考虑考虑','2016-06-06','1') [ RunTime:0.0003s ]
SQL: SHOW COLUMNS FROM `vol_user` [ RunTime:0.0005s ]
SQL: UPDATE `vol_user` SET `support`=support+1 WHERE ( uid='2016004' ) [ RunTime:0.0002s ]
INFO: [ view_parse ] --START--
INFO: [ template_filter ] --START--
INFO: Run Behavior\ContentReplaceBehavior [ RunTime:0.000038s ]
INFO: [ template_filter ] --END-- [ RunTime:0.000087s ]
INFO: Run Behavior\ParseTemplateBehavior [ RunTime:0.006546s ]
INFO: [ view_parse ] --END-- [ RunTime:0.006604s ]
INFO: [ view_filter ] --START--
INFO: Run Behavior\WriteHtmlCacheBehavior [ RunTime:0.000165s ]
INFO: [ view_filter ] --END-- [ RunTime:0.000207s ]
INFO: [ app_end ] --START--
INFO: Run Behavior\ShowPageTraceBehavior [ RunTime:0.000461s ]
INFO: [ app_end ] --END-- [ RunTime:0.000499s ]

[ 2016-06-06T11:07:35+08:00 ] 117.136.67.97 /User/Index/support
INFO: [ app_init ] --START--
INFO: Run Behavior\BuildLiteBehavior [ RunTime:0.000010s ]
INFO: [ app_init ] --END-- [ RunTime:0.000279s ]
INFO: [ app_begin ] --START--
INFO: Run Behavior\ReadHtmlCacheBehavior [ RunTime:0.000414s ]
INFO: [ app_begin ] --END-- [ RunTime:0.000465s ]
SQL: SHOW COLUMNS FROM `vol_intelapply` [ RunTime:0.0010s ]
SQL: SELECT * FROM `vol_intelapply` WHERE ( uid='2016004' ) LIMIT 1   [ RunTime:0.0001s ]
SQL: SHOW COLUMNS FROM `vol_sup_other_type` [ RunTime:0.0003s ]
SQL: SELECT * FROM `vol_sup_other_type`  [ RunTime:0.0001s ]
SQL: SHOW COLUMNS FROM `vol_sup_money` [ RunTime:0.0004s ]
SQL: SELECT * FROM `vol_sup_money` WHERE ( uid='2016004' and status='1' ) LIMIT 1   [ RunTime:0.0001s ]
SQL: SHOW COLUMNS FROM `vol_sup_other` [ RunTime:0.0004s ]
SQL: SELECT * FROM `vol_sup_other` WHERE ( uid='2016004' and status='1' ) LIMIT 1   [ RunTime:0.0002s ]
SQL: SHOW COLUMNS FROM `vol_user` [ RunTime:0.0005s ]
SQL: SELECT * FROM `vol_user` WHERE ( uid='2016004' ) LIMIT 1   [ RunTime:0.0002s ]
INFO: [ view_parse ] --START--
INFO: [ template_filter ] --START--
INFO: Run Behavior\ContentReplaceBehavior [ RunTime:0.000065s ]
INFO: [ template_filter ] --END-- [ RunTime:0.000099s ]
INFO: Run Behavior\ParseTemplateBehavior [ RunTime:0.006437s ]
INFO: [ view_parse ] --END-- [ RunTime:0.006505s ]
INFO: [ view_filter ] --START--
INFO: Run Behavior\WriteHtmlCacheBehavior [ RunTime:0.000164s ]
INFO: [ view_filter ] --END-- [ RunTime:0.000206s ]
INFO: [ app_end ] --START--
INFO: Run Behavior\ShowPageTraceBehavior [ RunTime:0.000445s ]
INFO: [ app_end ] --END-- [ RunTime:0.000482s ]

[ 2016-06-06T11:07:40+08:00 ] 117.136.67.97 /User/Index/doothersup
INFO: [ app_init ] --START--
INFO: Run Behavior\BuildLiteBehavior [ RunTime:0.000012s ]
INFO: [ app_init ] --END-- [ RunTime:0.000308s ]
INFO: [ app_begin ] --START--
INFO: Run Behavior\ReadHtmlCacheBehavior [ RunTime:0.000386s ]
INFO: [ app_begin ] --END-- [ RunTime:0.000428s ]
SQL: SHOW COLUMNS FROM `vol_sup_other` [ RunTime:0.0005s ]
SQL: INSERT INTO `vol_sup_other` (`uid`,`content`,`date`,`status`) VALUES ('2016004','考虑考虑','2016-06-06','1') [ RunTime:0.0002s ]
SQL: SHOW COLUMNS FROM `vol_user` [ RunTime:0.0005s ]
SQL: UPDATE `vol_user` SET `support`=support+1 WHERE ( uid='2016004' ) [ RunTime:0.0002s ]
INFO: [ view_parse ] --START--
INFO: [ template_filter ] --START--
INFO: Run Behavior\ContentReplaceBehavior [ RunTime:0.000039s ]
INFO: [ template_filter ] --END-- [ RunTime:0.000080s ]
INFO: Run Behavior\ParseTemplateBehavior [ RunTime:0.004810s ]
INFO: [ view_parse ] --END-- [ RunTime:0.004864s ]
INFO: [ view_filter ] --START--
INFO: Run Behavior\WriteHtmlCacheBehavior [ RunTime:0.000171s ]
INFO: [ view_filter ] --END-- [ RunTime:0.000202s ]
INFO: [ app_end ] --START--
INFO: Run Behavior\ShowPageTraceBehavior [ RunTime:0.000445s ]
INFO: [ app_end ] --END-- [ RunTime:0.000485s ]

[ 2016-06-06T11:07:42+08:00 ] 117.136.67.97 /User/Index/support
INFO: [ app_init ] --START--
INFO: Run Behavior\BuildLiteBehavior [ RunTime:0.000012s ]
INFO: [ app_init ] --END-- [ RunTime:0.000267s ]
INFO: [ app_begin ] --START--
INFO: Run Behavior\ReadHtmlCacheBehavior [ RunTime:0.000437s ]
INFO: [ app_begin ] --END-- [ RunTime:0.000475s ]
SQL: SHOW COLUMNS FROM `vol_intelapply` [ RunTime:0.0010s ]
SQL: SELECT * FROM `vol_intelapply` WHERE ( uid='2016004' ) LIMIT 1   [ RunTime:0.0001s ]
SQL: SHOW COLUMNS FROM `vol_sup_other_type` [ RunTime:0.0003s ]
SQL: SELECT * FROM `vol_sup_other_type`  [ RunTime:0.0001s ]
SQL: SHOW COLUMNS FROM `vol_sup_money` [ RunTime:0.0003s ]
SQL: SELECT * FROM `vol_sup_money` WHERE ( uid='2016004' and status='1' ) LIMIT 1   [ RunTime:0.0001s ]
SQL: SHOW COLUMNS FROM `vol_sup_other` [ RunTime:0.0003s ]
SQL: SELECT * FROM `vol_sup_other` WHERE ( uid='2016004' and status='1' ) LIMIT 1   [ RunTime:0.0003s ]
SQL: SHOW COLUMNS FROM `vol_user` [ RunTime:0.0004s ]
SQL: SELECT * FROM `vol_user` WHERE ( uid='2016004' ) LIMIT 1   [ RunTime:0.0002s ]
INFO: [ view_parse ] --START--
INFO: [ template_filter ] --START--
INFO: Run Behavior\ContentReplaceBehavior [ RunTime:0.000056s ]
INFO: [ template_filter ] --END-- [ RunTime:0.000089s ]
INFO: Run Behavior\ParseTemplateBehavior [ RunTime:0.005892s ]
INFO: [ view_parse ] --END-- [ RunTime:0.005926s ]
INFO: [ view_filter ] --START--
INFO: Run Behavior\WriteHtmlCacheBehavior [ RunTime:0.000162s ]
INFO: [ view_filter ] --END-- [ RunTime:0.000189s ]
INFO: [ app_end ] --START--
INFO: Run Behavior\ShowPageTraceBehavior [ RunTime:0.000399s ]
INFO: [ app_end ] --END-- [ RunTime:0.000430s ]

[ 2016-06-06T11:07:50+08:00 ] 117.136.67.97 /index.php/User/Index/support
INFO: [ app_init ] --START--
INFO: Run Behavior\BuildLiteBehavior [ RunTime:0.000011s ]
INFO: [ app_init ] --END-- [ RunTime:0.000269s ]
INFO: [ app_begin ] --START--
INFO: Run Behavior\ReadHtmlCacheBehavior [ RunTime:0.000399s ]
INFO: [ app_begin ] --END-- [ RunTime:0.000437s ]
SQL: SHOW COLUMNS FROM `vol_intelapply` [ RunTime:0.0010s ]
SQL: SELECT * FROM `vol_intelapply` WHERE ( uid='2016004' ) LIMIT 1   [ RunTime:0.0001s ]
SQL: SHOW COLUMNS FROM `vol_sup_other_type` [ RunTime:0.0003s ]
SQL: SELECT * FROM `vol_sup_other_type`  [ RunTime:0.0001s ]
SQL: SHOW COLUMNS FROM `vol_sup_money` [ RunTime:0.0003s ]
SQL: SELECT * FROM `vol_sup_money` WHERE ( uid='2016004' and status='1' ) LIMIT 1   [ RunTime:0.0001s ]
SQL: SHOW COLUMNS FROM `vol_sup_other` [ RunTime:0.0003s ]
SQL: SELECT * FROM `vol_sup_other` WHERE ( uid='2016004' and status='1' ) LIMIT 1   [ RunTime:0.0001s ]
SQL: SHOW COLUMNS FROM `vol_user` [ RunTime:0.0005s ]
SQL: SELECT * FROM `vol_user` WHERE ( uid='2016004' ) LIMIT 1   [ RunTime:0.0001s ]
INFO: [ view_parse ] --START--
INFO: [ template_filter ] --START--
INFO: Run Behavior\ContentReplaceBehavior [ RunTime:0.000065s ]
INFO: [ template_filter ] --END-- [ RunTime:0.000127s ]
INFO: Run Behavior\ParseTemplateBehavior [ RunTime:0.006271s ]
INFO: [ view_parse ] --END-- [ RunTime:0.006317s ]
INFO: [ view_filter ] --START--
INFO: Run Behavior\WriteHtmlCacheBehavior [ RunTime:0.000182s ]
INFO: [ view_filter ] --END-- [ RunTime:0.000209s ]
INFO: [ app_end ] --START--
INFO: Run Behavior\ShowPageTraceBehavior [ RunTime:0.000451s ]
INFO: [ app_end ] --END-- [ RunTime:0.000499s ]

[ 2016-06-06T11:07:56+08:00 ] 117.136.67.97 /User/Index/dosupportm
INFO: [ app_init ] --START--
INFO: Run Behavior\BuildLiteBehavior [ RunTime:0.000011s ]
INFO: [ app_init ] --END-- [ RunTime:0.000267s ]
INFO: [ app_begin ] --START--
INFO: Run Behavior\ReadHtmlCacheBehavior [ RunTime:0.000433s ]
INFO: [ app_begin ] --END-- [ RunTime:0.000473s ]
SQL: SHOW COLUMNS FROM `vol_sup_money` [ RunTime:0.0007s ]
SQL: INSERT INTO `vol_sup_money` (`uid`,`price`,`status`,`date`) VALUES ('2016004','2','1','2016-06-06 11:07:56') [ RunTime:0.0002s ]
SQL: SHOW COLUMNS FROM `vol_user` [ RunTime:0.0005s ]
SQL: UPDATE `vol_user` SET `support`=support+1 WHERE ( uid='2016004' ) [ RunTime:0.0002s ]
INFO: [ view_parse ] --START--
INFO: [ template_filter ] --START--
INFO: Run Behavior\ContentReplaceBehavior [ RunTime:0.000034s ]
INFO: [ template_filter ] --END-- [ RunTime:0.000074s ]
INFO: Run Behavior\ParseTemplateBehavior [ RunTime:0.004643s ]
INFO: [ view_parse ] --END-- [ RunTime:0.004676s ]
INFO: [ view_filter ] --START--
INFO: Run Behavior\WriteHtmlCacheBehavior [ RunTime:0.000159s ]
INFO: [ view_filter ] --END-- [ RunTime:0.000187s ]
INFO: [ app_end ] --START--
INFO: Run Behavior\ShowPageTraceBehavior [ RunTime:0.000406s ]
INFO: [ app_end ] --END-- [ RunTime:0.000437s ]

[ 2016-06-06T11:07:58+08:00 ] 117.136.67.97 /User/Index/support
INFO: [ app_init ] --START--
INFO: Run Behavior\BuildLiteBehavior [ RunTime:0.000011s ]
INFO: [ app_init ] --END-- [ RunTime:0.000262s ]
INFO: [ app_begin ] --START--
INFO: Run Behavior\ReadHtmlCacheBehavior [ RunTime:0.000378s ]
INFO: [ app_begin ] --END-- [ RunTime:0.000422s ]
SQL: SHOW COLUMNS FROM `vol_intelapply` [ RunTime:0.0009s ]
SQL: SELECT * FROM `vol_intelapply` WHERE ( uid='2016004' ) LIMIT 1   [ RunTime:0.0002s ]
SQL: SHOW COLUMNS FROM `vol_sup_other_type` [ RunTime:0.0003s ]
SQL: SELECT * FROM `vol_sup_other_type`  [ RunTime:0.0001s ]
SQL: SHOW COLUMNS FROM `vol_sup_money` [ RunTime:0.0003s ]
SQL: SELECT * FROM `vol_sup_money` WHERE ( uid='2016004' and status='1' ) LIMIT 1   [ RunTime:0.0002s ]
SQL: SHOW COLUMNS FROM `vol_sup_other` [ RunTime:0.0003s ]
SQL: SELECT * FROM `vol_sup_other` WHERE ( uid='2016004' and status='1' ) LIMIT 1   [ RunTime:0.0001s ]
SQL: SHOW COLUMNS FROM `vol_user` [ RunTime:0.0004s ]
SQL: SELECT * FROM `vol_user` WHERE ( uid='2016004' ) LIMIT 1   [ RunTime:0.0002s ]
INFO: [ view_parse ] --START--
INFO: [ template_filter ] --START--
INFO: Run Behavior\ContentReplaceBehavior [ RunTime:0.000057s ]
INFO: [ template_filter ] --END-- [ RunTime:0.000089s ]
INFO: Run Behavior\ParseTemplateBehavior [ RunTime:0.006031s ]
INFO: [ view_parse ] --END-- [ RunTime:0.006065s ]
INFO: [ view_filter ] --START--
INFO: Run Behavior\WriteHtmlCacheBehavior [ RunTime:0.000161s ]
INFO: [ view_filter ] --END-- [ RunTime:0.000186s ]
INFO: [ app_end ] --START--
INFO: Run Behavior\ShowPageTraceBehavior [ RunTime:0.000427s ]
INFO: [ app_end ] --END-- [ RunTime:0.000457s ]

[ 2016-06-06T11:07:58+08:00 ] 117.136.67.97 /index.php/User/Index/support
INFO: [ app_init ] --START--
INFO: Run Behavior\BuildLiteBehavior [ RunTime:0.000010s ]
INFO: [ app_init ] --END-- [ RunTime:0.000258s ]
INFO: [ app_begin ] --START--
INFO: Run Behavior\ReadHtmlCacheBehavior [ RunTime:0.000385s ]
INFO: [ app_begin ] --END-- [ RunTime:0.000421s ]
SQL: SHOW COLUMNS FROM `vol_intelapply` [ RunTime:0.0009s ]
SQL: SELECT * FROM `vol_intelapply` WHERE ( uid='2016004' ) LIMIT 1   [ RunTime:0.0002s ]
SQL: SHOW COLUMNS FROM `vol_sup_other_type` [ RunTime:0.0003s ]
SQL: SELECT * FROM `vol_sup_other_type`  [ RunTime:0.0001s ]
SQL: SHOW COLUMNS FROM `vol_sup_money` [ RunTime:0.0003s ]
SQL: SELECT * FROM `vol_sup_money` WHERE ( uid='2016004' and status='1' ) LIMIT 1   [ RunTime:0.0001s ]
SQL: SHOW COLUMNS FROM `vol_sup_other` [ RunTime:0.0003s ]
SQL: SELECT * FROM `vol_sup_other` WHERE ( uid='2016004' and status='1' ) LIMIT 1   [ RunTime:0.0001s ]
SQL: SHOW COLUMNS FROM `vol_user` [ RunTime:0.0004s ]
SQL: SELECT * FROM `vol_user` WHERE ( uid='2016004' ) LIMIT 1   [ RunTime:0.0001s ]
INFO: [ view_parse ] --START--
INFO: [ template_filter ] --START--
INFO: Run Behavior\ContentReplaceBehavior [ RunTime:0.000055s ]
INFO: [ template_filter ] --END-- [ RunTime:0.000096s ]
INFO: Run Behavior\ParseTemplateBehavior [ RunTime:0.006442s ]
INFO: [ view_parse ] --END-- [ RunTime:0.006490s ]
INFO: [ view_filter ] --START--
INFO: Run Behavior\WriteHtmlCacheBehavior [ RunTime:0.000162s ]
INFO: [ view_filter ] --END-- [ RunTime:0.000187s ]
INFO: [ app_end ] --START--
INFO: Run Behavior\ShowPageTraceBehavior [ RunTime:0.000410s ]
INFO: [ app_end ] --END-- [ RunTime:0.000446s ]

[ 2016-06-06T11:08:45+08:00 ] 36.23.161.109 /User/Index/index
INFO: [ app_init ] --START--
INFO: Run Behavior\BuildLiteBehavior [ RunTime:0.000011s ]
INFO: [ app_init ] --END-- [ RunTime:0.000284s ]
INFO: [ app_begin ] --START--
INFO: Run Behavior\ReadHtmlCacheBehavior [ RunTime:0.000429s ]
INFO: [ app_begin ] --END-- [ RunTime:0.000478s ]

[ 2016-06-06T11:08:46+08:00 ] 36.23.161.109 /index.php?m=user&c=index&a=login&openid=o4oq9vrth6xoOukHedv5iQtqTbs8&avatar=http://wx.qlogo.cn/mmopen/ajNVdqHZLLD0Z0Ksut3uvXWYNovOJGRoJaz6unyg4Ml56oNF8CNvZdnUZP5ROHlkCicGibkewlcjKA5ic5LTt0puQ/0
INFO: [ app_init ] --START--
INFO: Run Behavior\BuildLiteBehavior [ RunTime:0.000018s ]
INFO: [ app_init ] --END-- [ RunTime:0.000306s ]
INFO: [ app_begin ] --START--
INFO: Run Behavior\ReadHtmlCacheBehavior [ RunTime:0.000411s ]
INFO: [ app_begin ] --END-- [ RunTime:0.000461s ]
SQL: SHOW COLUMNS FROM `vol_user` [ RunTime:0.0007s ]
SQL: SELECT * FROM `vol_user` WHERE ( openid='o4oq9vrth6xoOukHedv5iQtqTbs8' ) LIMIT 1   [ RunTime:0.0003s ]

[ 2016-06-06T11:08:46+08:00 ] 36.23.161.109 /index.php/User/Index/index
INFO: [ app_init ] --START--
INFO: Run Behavior\BuildLiteBehavior [ RunTime:0.000010s ]
INFO: [ app_init ] --END-- [ RunTime:0.000273s ]
INFO: [ app_begin ] --START--
INFO: Run Behavior\ReadHtmlCacheBehavior [ RunTime:0.000408s ]
INFO: [ app_begin ] --END-- [ RunTime:0.000457s ]
SQL: SHOW COLUMNS FROM `vol_user` [ RunTime:0.0006s ]
SQL: SELECT * FROM `vol_user` WHERE ( uid='2016007' ) LIMIT 1   [ RunTime:0.0002s ]
SQL: SHOW COLUMNS FROM `vol_user_type_apply` [ RunTime:0.0004s ]
SQL: SELECT * FROM `vol_user_type_apply` WHERE ( uid='2016007' and status='1' ) LIMIT 1   [ RunTime:0.0001s ]
SQL: SELECT COUNT(*) AS tp_count FROM `vol_user` WHERE ( rmobile='18858002358' and status='1' or rmobile='18858002358' and status='2' ) LIMIT 1   [ RunTime:0.0002s ]
SQL: SHOW COLUMNS FROM `vol_intelapply` [ RunTime:0.0008s ]
SQL: SELECT * FROM `vol_intelapply` WHERE ( uid='2016007' ) LIMIT 1   [ RunTime:0.0001s ]
INFO: [ view_parse ] --START--
INFO: [ template_filter ] --START--
INFO: Run Behavior\ContentReplaceBehavior [ RunTime:0.000073s ]
INFO: [ template_filter ] --END-- [ RunTime:0.000107s ]
SQL: SHOW COLUMNS FROM `vol_user_type` [ RunTime:0.0003s ]
SQL: SELECT * FROM `vol_user_type` WHERE ( id='1' ) LIMIT 1   [ RunTime:0.0001s ]
INFO: Run Behavior\ParseTemplateBehavior [ RunTime:0.008620s ]
INFO: [ view_parse ] --END-- [ RunTime:0.008654s ]
INFO: [ view_filter ] --START--
INFO: Run Behavior\WriteHtmlCacheBehavior [ RunTime:0.000182s ]
INFO: [ view_filter ] --END-- [ RunTime:0.000209s ]
INFO: [ app_end ] --START--
INFO: Run Behavior\ShowPageTraceBehavior [ RunTime:0.000405s ]
INFO: [ app_end ] --END-- [ RunTime:0.000435s ]

[ 2016-06-06T11:09:51+08:00 ] 36.23.161.109 /User/Index/index
INFO: [ app_init ] --START--
INFO: Run Behavior\BuildLiteBehavior [ RunTime:0.000011s ]
INFO: [ app_init ] --END-- [ RunTime:0.000260s ]
INFO: [ app_begin ] --START--
INFO: Run Behavior\ReadHtmlCacheBehavior [ RunTime:0.000382s ]
INFO: [ app_begin ] --END-- [ RunTime:0.000419s ]
SQL: SHOW COLUMNS FROM `vol_user` [ RunTime:0.0007s ]
SQL: SELECT * FROM `vol_user` WHERE ( uid='2016007' ) LIMIT 1   [ RunTime:0.0002s ]
SQL: SHOW COLUMNS FROM `vol_user_type_apply` [ RunTime:0.0004s ]
SQL: SELECT * FROM `vol_user_type_apply` WHERE ( uid='2016007' and status='1' ) LIMIT 1   [ RunTime:0.0006s ]
SQL: SELECT COUNT(*) AS tp_count FROM `vol_user` WHERE ( rmobile='18858002358' and status='1' or rmobile='18858002358' and status='2' ) LIMIT 1   [ RunTime:0.0001s ]
SQL: SHOW COLUMNS FROM `vol_intelapply` [ RunTime:0.0009s ]
SQL: SELECT * FROM `vol_intelapply` WHERE ( uid='2016007' ) LIMIT 1   [ RunTime:0.0001s ]
INFO: [ view_parse ] --START--
INFO: [ template_filter ] --START--
INFO: Run Behavior\ContentReplaceBehavior [ RunTime:0.000079s ]
INFO: [ template_filter ] --END-- [ RunTime:0.000114s ]
SQL: SHOW COLUMNS FROM `vol_user_type` [ RunTime:0.0003s ]
SQL: SELECT * FROM `vol_user_type` WHERE ( id='1' ) LIMIT 1   [ RunTime:0.0001s ]
INFO: Run Behavior\ParseTemplateBehavior [ RunTime:0.008588s ]
INFO: [ view_parse ] --END-- [ RunTime:0.008629s ]
INFO: [ view_filter ] --START--
INFO: Run Behavior\WriteHtmlCacheBehavior [ RunTime:0.000199s ]
INFO: [ view_filter ] --END-- [ RunTime:0.000237s ]
INFO: [ app_end ] --START--
INFO: Run Behavior\ShowPageTraceBehavior [ RunTime:0.000432s ]
INFO: [ app_end ] --END-- [ RunTime:0.000470s ]

[ 2016-06-06T11:10:16+08:00 ] 36.23.161.109 /User/Index/finance
INFO: [ app_init ] --START--
INFO: Run Behavior\BuildLiteBehavior [ RunTime:0.000011s ]
INFO: [ app_init ] --END-- [ RunTime:0.000260s ]
INFO: [ app_begin ] --START--
INFO: Run Behavior\ReadHtmlCacheBehavior [ RunTime:0.000372s ]
INFO: [ app_begin ] --END-- [ RunTime:0.000408s ]
SQL: SHOW COLUMNS FROM `vol_finance` [ RunTime:0.0005s ]
SQL: SELECT * FROM `vol_finance` ORDER BY id LIMIT 10   [ RunTime:0.0001s ]
SQL: SHOW COLUMNS FROM `vol_user` [ RunTime:0.0004s ]
SQL: SELECT * FROM `vol_user` WHERE ( uid='2016007' ) LIMIT 1   [ RunTime:0.0001s ]
INFO: [ view_parse ] --START--
INFO: [ template_filter ] --START--
INFO: Run Behavior\ContentReplaceBehavior [ RunTime:0.000060s ]
INFO: [ template_filter ] --END-- [ RunTime:0.000101s ]
INFO: Run Behavior\ParseTemplateBehavior [ RunTime:0.006129s ]
INFO: [ view_parse ] --END-- [ RunTime:0.006162s ]
INFO: [ view_filter ] --START--
INFO: Run Behavior\WriteHtmlCacheBehavior [ RunTime:0.000185s ]
INFO: [ view_filter ] --END-- [ RunTime:0.000212s ]
INFO: [ app_end ] --START--
INFO: Run Behavior\ShowPageTraceBehavior [ RunTime:0.000443s ]
INFO: [ app_end ] --END-- [ RunTime:0.000473s ]

[ 2016-06-06T11:10:21+08:00 ] 36.23.161.109 /User/Index/index
INFO: [ app_init ] --START--
INFO: Run Behavior\BuildLiteBehavior [ RunTime:0.000011s ]
INFO: [ app_init ] --END-- [ RunTime:0.000286s ]
INFO: [ app_begin ] --START--
INFO: Run Behavior\ReadHtmlCacheBehavior [ RunTime:0.000413s ]
INFO: [ app_begin ] --END-- [ RunTime:0.000462s ]
SQL: SHOW COLUMNS FROM `vol_user` [ RunTime:0.0006s ]
SQL: SELECT * FROM `vol_user` WHERE ( uid='2016007' ) LIMIT 1   [ RunTime:0.0001s ]
SQL: SHOW COLUMNS FROM `vol_user_type_apply` [ RunTime:0.0003s ]
SQL: SELECT * FROM `vol_user_type_apply` WHERE ( uid='2016007' and status='1' ) LIMIT 1   [ RunTime:0.0001s ]
SQL: SELECT COUNT(*) AS tp_count FROM `vol_user` WHERE ( rmobile='18858002358' and status='1' or rmobile='18858002358' and status='2' ) LIMIT 1   [ RunTime:0.0001s ]
SQL: SHOW COLUMNS FROM `vol_intelapply` [ RunTime:0.0008s ]
SQL: SELECT * FROM `vol_intelapply` WHERE ( uid='2016007' ) LIMIT 1   [ RunTime:0.0001s ]
INFO: [ view_parse ] --START--
INFO: [ template_filter ] --START--
INFO: Run Behavior\ContentReplaceBehavior [ RunTime:0.000078s ]
INFO: [ template_filter ] --END-- [ RunTime:0.000115s ]
SQL: SHOW COLUMNS FROM `vol_user_type` [ RunTime:0.0003s ]
SQL: SELECT * FROM `vol_user_type` WHERE ( id='1' ) LIMIT 1   [ RunTime:0.0001s ]
INFO: Run Behavior\ParseTemplateBehavior [ RunTime:0.008606s ]
INFO: [ view_parse ] --END-- [ RunTime:0.008645s ]
INFO: [ view_filter ] --START--
INFO: Run Behavior\WriteHtmlCacheBehavior [ RunTime:0.000197s ]
INFO: [ view_filter ] --END-- [ RunTime:0.000225s ]
INFO: [ app_end ] --START--
INFO: Run Behavior\ShowPageTraceBehavior [ RunTime:0.000381s ]
INFO: [ app_end ] --END-- [ RunTime:0.000412s ]

[ 2016-06-06T11:10:50+08:00 ] 36.23.161.109 /User/Index/myduty
INFO: [ app_init ] --START--
INFO: Run Behavior\BuildLiteBehavior [ RunTime:0.000011s ]
INFO: [ app_init ] --END-- [ RunTime:0.000294s ]
INFO: [ app_begin ] --START--
INFO: Run Behavior\ReadHtmlCacheBehavior [ RunTime:0.000402s ]
INFO: [ app_begin ] --END-- [ RunTime:0.000459s ]
SQL: SHOW COLUMNS FROM `vol_intelapply` [ RunTime:0.0009s ]
SQL: SELECT * FROM `vol_intelapply` WHERE ( uid='2016007' ) LIMIT 1   [ RunTime:0.0002s ]
SQL: SHOW COLUMNS FROM `vol_obligation_type` [ RunTime:0.0003s ]
SQL: SELECT * FROM `vol_obligation_type`  [ RunTime:0.0001s ]
SQL: SELECT * FROM `vol_obligation_type` WHERE ( id <> '1' )  [ RunTime:0.0001s ]
SQL: SELECT * FROM `vol_obligation_type`  [ RunTime:0.0001s ]
SQL: SHOW COLUMNS FROM `vol_consultation_type` [ RunTime:0.0014s ]
SQL: SELECT * FROM `vol_consultation_type`  [ RunTime:0.0009s ]
SQL: SELECT * FROM `vol_consultation_type` WHERE ( id <> '1' )  [ RunTime:0.0001s ]
SQL: SELECT * FROM `vol_consultation_type`  [ RunTime:0.0001s ]
SQL: SHOW COLUMNS FROM `vol_user` [ RunTime:0.0005s ]
SQL: SELECT * FROM `vol_user` WHERE ( uid='2016007' ) LIMIT 1   [ RunTime:0.0001s ]
INFO: [ view_parse ] --START--
INFO: [ template_filter ] --START--
INFO: Run Behavior\ContentReplaceBehavior [ RunTime:0.000132s ]
INFO: [ template_filter ] --END-- [ RunTime:0.000168s ]
SQL: SELECT * FROM `vol_obligation_type` WHERE ( id='1' ) LIMIT 1   [ RunTime:0.0001s ]
SQL: SELECT * FROM `vol_obligation_type` WHERE ( id='1' ) LIMIT 1   [ RunTime:0.0001s ]
SQL: SELECT * FROM `vol_obligation_type` WHERE ( id='1' ) LIMIT 1   [ RunTime:0.0001s ]
SQL: SELECT * FROM `vol_consultation_type` WHERE ( id='1' ) LIMIT 1   [ RunTime:0.0001s ]
SQL: SELECT * FROM `vol_consultation_type` WHERE ( id='1' ) LIMIT 1   [ RunTime:0.0001s ]
SQL: SELECT * FROM `vol_consultation_type` WHERE ( id='1' ) LIMIT 1   [ RunTime:0.0001s ]
SQL: SHOW COLUMNS FROM `vol_obligation` [ RunTime:0.0004s ]
SQL: SELECT COUNT(*) AS tp_count FROM `vol_obligation` WHERE ( uid='2016007' ) LIMIT 1   [ RunTime:0.0001s ]
SQL: SELECT COUNT(*) AS tp_count FROM `vol_obligation` WHERE ( uid='2016007' and status='1' ) LIMIT 1   [ RunTime:0.0001s ]
SQL: SELECT COUNT(*) AS tp_count FROM `vol_obligation` WHERE ( uid='2016007' and status='2' ) LIMIT 1   [ RunTime:0.0001s ]
SQL: SELECT COUNT(*) AS tp_count FROM `vol_obligation` WHERE ( uid='2016007' and status='0' ) LIMIT 1   [ RunTime:0.0001s ]
SQL: SHOW COLUMNS FROM `vol_consultation` [ RunTime:0.0004s ]
SQL: SELECT COUNT(*) AS tp_count FROM `vol_consultation` WHERE ( aid='2016007' ) LIMIT 1   [ RunTime:0.0001s ]
SQL: SELECT COUNT(*) AS tp_count FROM `vol_consultation` WHERE ( aid='2016007' and status='1' ) LIMIT 1   [ RunTime:0.0001s ]
SQL: SELECT COUNT(*) AS tp_count FROM `vol_consultation` WHERE ( aid='2016007' and status='2' ) LIMIT 1   [ RunTime:0.0001s ]
SQL: SELECT COUNT(*) AS tp_count FROM `vol_consultation` WHERE ( aid='2016007' and status='0' ) LIMIT 1   [ RunTime:0.0001s ]
INFO: Run Behavior\ParseTemplateBehavior [ RunTime:0.014387s ]
INFO: [ view_parse ] --END-- [ RunTime:0.014420s ]
INFO: [ view_filter ] --START--
INFO: Run Behavior\WriteHtmlCacheBehavior [ RunTime:0.000171s ]
INFO: [ view_filter ] --END-- [ RunTime:0.000197s ]
INFO: [ app_end ] --START--
INFO: Run Behavior\ShowPageTraceBehavior [ RunTime:0.000387s ]
INFO: [ app_end ] --END-- [ RunTime:0.000421s ]

[ 2016-06-06T11:13:45+08:00 ] 117.136.67.97 /index.php/User/Index/index
INFO: [ app_init ] --START--
INFO: Run Behavior\BuildLiteBehavior [ RunTime:0.000011s ]
INFO: [ app_init ] --END-- [ RunTime:0.000284s ]
INFO: [ app_begin ] --START--
INFO: Run Behavior\ReadHtmlCacheBehavior [ RunTime:0.000391s ]
INFO: [ app_begin ] --END-- [ RunTime:0.000440s ]
SQL: SHOW COLUMNS FROM `vol_user` [ RunTime:0.0006s ]
SQL: SELECT * FROM `vol_user` WHERE ( uid='2016004' ) LIMIT 1   [ RunTime:0.0001s ]
SQL: SHOW COLUMNS FROM `vol_user_type_apply` [ RunTime:0.0003s ]
SQL: SELECT * FROM `vol_user_type_apply` WHERE ( uid='2016004' and status='1' ) LIMIT 1   [ RunTime:0.0001s ]
SQL: SELECT COUNT(*) AS tp_count FROM `vol_user` WHERE ( rmobile='13857810767' and status='1' or rmobile='13857810767' and status='2' ) LIMIT 1   [ RunTime:0.0002s ]
SQL: SHOW COLUMNS FROM `vol_intelapply` [ RunTime:0.0007s ]
SQL: SELECT * FROM `vol_intelapply` WHERE ( uid='2016004' ) LIMIT 1   [ RunTime:0.0001s ]
INFO: [ view_parse ] --START--
INFO: [ template_filter ] --START--
INFO: Run Behavior\ContentReplaceBehavior [ RunTime:0.000085s ]
INFO: [ template_filter ] --END-- [ RunTime:0.000122s ]
SQL: SHOW COLUMNS FROM `vol_user_type` [ RunTime:0.0003s ]
SQL: SELECT * FROM `vol_user_type` WHERE ( id='0' ) LIMIT 1   [ RunTime:0.0001s ]
INFO: Run Behavior\ParseTemplateBehavior [ RunTime:0.008417s ]
INFO: [ view_parse ] --END-- [ RunTime:0.008453s ]
INFO: [ view_filter ] --START--
INFO: Run Behavior\WriteHtmlCacheBehavior [ RunTime:0.000185s ]
INFO: [ view_filter ] --END-- [ RunTime:0.000210s ]
INFO: [ app_end ] --START--
INFO: Run Behavior\ShowPageTraceBehavior [ RunTime:0.000380s ]
INFO: [ app_end ] --END-- [ RunTime:0.000409s ]

[ 2016-06-06T11:13:48+08:00 ] 117.136.67.97 /User/Index/set
INFO: [ app_init ] --START--
INFO: Run Behavior\BuildLiteBehavior [ RunTime:0.000011s ]
INFO: [ app_init ] --END-- [ RunTime:0.000279s ]
INFO: [ app_begin ] --START--
INFO: Run Behavior\ReadHtmlCacheBehavior [ RunTime:0.000376s ]
INFO: [ app_begin ] --END-- [ RunTime:0.000424s ]
SQL: SHOW COLUMNS FROM `vol_user` [ RunTime:0.0006s ]
SQL: SELECT * FROM `vol_user` WHERE ( uid='2016004' ) LIMIT 1   [ RunTime:0.0001s ]
INFO: [ view_parse ] --START--
INFO: [ template_filter ] --START--
INFO: Run Behavior\ContentReplaceBehavior [ RunTime:0.000050s ]
INFO: [ template_filter ] --END-- [ RunTime:0.000090s ]
SQL: SHOW COLUMNS FROM `vol_user_type` [ RunTime:0.0004s ]
SQL: SELECT * FROM `vol_user_type` WHERE ( id='0' ) LIMIT 1   [ RunTime:0.0001s ]
INFO: Run Behavior\ParseTemplateBehavior [ RunTime:0.006751s ]
INFO: [ view_parse ] --END-- [ RunTime:0.006787s ]
INFO: [ view_filter ] --START--
INFO: Run Behavior\WriteHtmlCacheBehavior [ RunTime:0.000170s ]
INFO: [ view_filter ] --END-- [ RunTime:0.000197s ]
INFO: [ app_end ] --START--
INFO: Run Behavior\ShowPageTraceBehavior [ RunTime:0.000386s ]
INFO: [ app_end ] --END-- [ RunTime:0.000428s ]

[ 2016-06-06T11:13:52+08:00 ] 117.136.67.97 /index.php/User/Index/index
INFO: [ app_init ] --START--
INFO: Run Behavior\BuildLiteBehavior [ RunTime:0.000011s ]
INFO: [ app_init ] --END-- [ RunTime:0.000260s ]
INFO: [ app_begin ] --START--
INFO: Run Behavior\ReadHtmlCacheBehavior [ RunTime:0.000462s ]
INFO: [ app_begin ] --END-- [ RunTime:0.000515s ]
SQL: SHOW COLUMNS FROM `vol_user` [ RunTime:0.0006s ]
SQL: SELECT * FROM `vol_user` WHERE ( uid='2016004' ) LIMIT 1   [ RunTime:0.0001s ]
SQL: SHOW COLUMNS FROM `vol_user_type_apply` [ RunTime:0.0003s ]
SQL: SELECT * FROM `vol_user_type_apply` WHERE ( uid='2016004' and status='1' ) LIMIT 1   [ RunTime:0.0001s ]
SQL: SELECT COUNT(*) AS tp_count FROM `vol_user` WHERE ( rmobile='13857810767' and status='1' or rmobile='13857810767' and status='2' ) LIMIT 1   [ RunTime:0.0001s ]
SQL: SHOW COLUMNS FROM `vol_intelapply` [ RunTime:0.0007s ]
SQL: SELECT * FROM `vol_intelapply` WHERE ( uid='2016004' ) LIMIT 1   [ RunTime:0.0001s ]
INFO: [ view_parse ] --START--
INFO: [ template_filter ] --START--
INFO: Run Behavior\ContentReplaceBehavior [ RunTime:0.000068s ]
INFO: [ template_filter ] --END-- [ RunTime:0.000115s ]
SQL: SHOW COLUMNS FROM `vol_user_type` [ RunTime:0.0003s ]
SQL: SELECT * FROM `vol_user_type` WHERE ( id='0' ) LIMIT 1   [ RunTime:0.0001s ]
INFO: Run Behavior\ParseTemplateBehavior [ RunTime:0.007979s ]
INFO: [ view_parse ] --END-- [ RunTime:0.008005s ]
INFO: [ view_filter ] --START--
INFO: Run Behavior\WriteHtmlCacheBehavior [ RunTime:0.000189s ]
INFO: [ view_filter ] --END-- [ RunTime:0.000215s ]
INFO: [ app_end ] --START--
INFO: Run Behavior\ShowPageTraceBehavior [ RunTime:0.000384s ]
INFO: [ app_end ] --END-- [ RunTime:0.000415s ]

[ 2016-06-06T11:13:53+08:00 ] 117.136.67.97 /User/Index/support
INFO: [ app_init ] --START--
INFO: Run Behavior\BuildLiteBehavior [ RunTime:0.000011s ]
INFO: [ app_init ] --END-- [ RunTime:0.000295s ]
INFO: [ app_begin ] --START--
INFO: Run Behavior\ReadHtmlCacheBehavior [ RunTime:0.000384s ]
INFO: [ app_begin ] --END-- [ RunTime:0.000433s ]
SQL: SHOW COLUMNS FROM `vol_intelapply` [ RunTime:0.0012s ]
SQL: SELECT * FROM `vol_intelapply` WHERE ( uid='2016004' ) LIMIT 1   [ RunTime:0.0002s ]
SQL: SHOW COLUMNS FROM `vol_sup_other_type` [ RunTime:0.0003s ]
SQL: SELECT * FROM `vol_sup_other_type`  [ RunTime:0.0001s ]
SQL: SHOW COLUMNS FROM `vol_sup_money` [ RunTime:0.0003s ]
SQL: SELECT * FROM `vol_sup_money` WHERE ( uid='2016004' and status='1' ) LIMIT 1   [ RunTime:0.0001s ]
SQL: SHOW COLUMNS FROM `vol_sup_other` [ RunTime:0.0003s ]
SQL: SELECT * FROM `vol_sup_other` WHERE ( uid='2016004' and status='1' ) LIMIT 1   [ RunTime:0.0001s ]
SQL: SHOW COLUMNS FROM `vol_user` [ RunTime:0.0004s ]
SQL: SELECT * FROM `vol_user` WHERE ( uid='2016004' ) LIMIT 1   [ RunTime:0.0001s ]
INFO: [ view_parse ] --START--
INFO: [ template_filter ] --START--
INFO: Run Behavior\ContentReplaceBehavior [ RunTime:0.000063s ]
INFO: [ template_filter ] --END-- [ RunTime:0.000098s ]
INFO: Run Behavior\ParseTemplateBehavior [ RunTime:0.006215s ]
INFO: [ view_parse ] --END-- [ RunTime:0.006265s ]
INFO: [ view_filter ] --START--
INFO: Run Behavior\WriteHtmlCacheBehavior [ RunTime:0.000171s ]
INFO: [ view_filter ] --END-- [ RunTime:0.000198s ]
INFO: [ app_end ] --START--
INFO: Run Behavior\ShowPageTraceBehavior [ RunTime:0.000427s ]
INFO: [ app_end ] --END-- [ RunTime:0.000463s ]

[ 2016-06-06T11:48:19+08:00 ] 106.120.160.109 /User/Index/finance
INFO: [ app_init ] --START--
INFO: Run Behavior\BuildLiteBehavior [ RunTime:0.000012s ]
INFO: [ app_init ] --END-- [ RunTime:0.000285s ]
INFO: [ app_begin ] --START--
INFO: Run Behavior\ReadHtmlCacheBehavior [ RunTime:0.000412s ]
INFO: [ app_begin ] --END-- [ RunTime:0.000461s ]

[ 2016-06-06T11:48:31+08:00 ] 220.181.132.196 /User/Index/finance
INFO: [ app_init ] --START--
INFO: Run Behavior\BuildLiteBehavior [ RunTime:0.000015s ]
INFO: [ app_init ] --END-- [ RunTime:0.000293s ]
INFO: [ app_begin ] --START--
INFO: Run Behavior\ReadHtmlCacheBehavior [ RunTime:0.000374s ]
INFO: [ app_begin ] --END-- [ RunTime:0.000411s ]

