[ 2016-05-14T00:13:58+08:00 ] 121.42.0.58 /
INFO: [ app_init ] --START--
INFO: Run Behavior\BuildLiteBehavior [ RunTime:0.000014s ]
INFO: [ app_init ] --END-- [ RunTime:0.000306s ]
INFO: [ app_begin ] --START--
INFO: Run Behavior\ReadHtmlCacheBehavior [ RunTime:0.000454s ]
INFO: [ app_begin ] --END-- [ RunTime:0.000512s ]

[ 2016-05-14T01:08:16+08:00 ] 140.207.54.77 /index.php?m=Home&c=Wechat&a=index&signature=f53efa64db2f8190a87949281de07ab151ea2d7f&timestamp=1463159296&nonce=269508814
INFO: [ app_init ] --START--
INFO: Run Behavior\BuildLiteBehavior [ RunTime:0.000023s ]
INFO: [ app_init ] --END-- [ RunTime:0.000545s ]
INFO: [ app_begin ] --START--
INFO: Run Behavior\ReadHtmlCacheBehavior [ RunTime:0.000638s ]
INFO: [ app_begin ] --END-- [ RunTime:0.000724s ]
NOTIC: [8] Use of undefined constant self - assumed 'self' /www/web/yigong/public_html/SingKa/Library/Com/Wechat.class.php 第 156 行.

[ 2016-05-14T01:08:16+08:00 ] 112.12.154.107 /index.php
INFO: [ app_init ] --START--
INFO: Run Behavior\BuildLiteBehavior [ RunTime:0.000014s ]
INFO: [ app_init ] --END-- [ RunTime:0.000329s ]
INFO: [ app_begin ] --START--
INFO: Run Behavior\ReadHtmlCacheBehavior [ RunTime:0.000409s ]
INFO: [ app_begin ] --END-- [ RunTime:0.000465s ]
SQL: SHOW COLUMNS FROM `vol_consultation_type` [ RunTime:0.0006s ]
SQL: SELECT * FROM `vol_consultation_type`  [ RunTime:0.0001s ]
SQL: SHOW COLUMNS FROM `vol_restaurant_time` [ RunTime:0.0004s ]
SQL: SELECT * FROM `vol_restaurant_time`  [ RunTime:0.0001s ]
SQL: SHOW COLUMNS FROM `vol_active` [ RunTime:0.0004s ]
SQL: SELECT * FROM `vol_active` ORDER BY id DESC LIMIT 1   [ RunTime:0.0001s ]
SQL: SHOW COLUMNS FROM `vol_active_sign` [ RunTime:0.0004s ]
SQL: SELECT SUM(number) AS tp_sum FROM `vol_active_sign` WHERE ( aid='2' ) LIMIT 1   [ RunTime:0.0001s ]
SQL: SHOW COLUMNS FROM `vol_user` [ RunTime:0.0005s ]
SQL: SELECT * FROM `vol_user` WHERE ( uid='2016004' ) LIMIT 1   [ RunTime:0.0001s ]
NOTIC: [2] Missing argument 1 for Think\Controller::show(), called in /www/web/yigong/public_html/Application/Home/Controller/IndexController.class.php on line 27 and defined /www/web/yigong/public_html/SingKa/Library/Think/Controller.class.php 第 68 行.
NOTIC: [8] Undefined variable: content /www/web/yigong/public_html/SingKa/Library/Think/Controller.class.php 第 69 行.
INFO: [ view_parse ] --START--
INFO: [ template_filter ] --START--
INFO: Run Behavior\ContentReplaceBehavior [ RunTime:0.000086s ]
INFO: [ template_filter ] --END-- [ RunTime:0.000144s ]
SQL: SHOW COLUMNS FROM `vol_consultation` [ RunTime:0.0005s ]
SQL: SELECT * FROM `vol_consultation` WHERE ( uid='2016004' and status='0' ) LIMIT 1   [ RunTime:0.0001s ]
SQL: SELECT * FROM `vol_consultation` WHERE ( uid='2016004' and status='1' ) LIMIT 1   [ RunTime:0.0001s ]
SQL: SELECT * FROM `vol_consultation` WHERE ( uid='2016004' and status='2' ) LIMIT 1   [ RunTime:0.0001s ]
SQL: SHOW COLUMNS FROM `vol_restaurant` [ RunTime:0.0004s ]
SQL: SELECT * FROM `vol_restaurant` WHERE ( uid='2016004' and date='2016/05/15' ) LIMIT 1   [ RunTime:0.0004s ]
SQL: SELECT * FROM `vol_active_sign` WHERE ( aid='2' and uid='2016004' ) LIMIT 1   [ RunTime:0.0001s ]
INFO: Run Behavior\ParseTemplateBehavior [ RunTime:0.013141s ]
INFO: [ view_parse ] --END-- [ RunTime:0.013191s ]
INFO: [ view_filter ] --START--
INFO: Run Behavior\WriteHtmlCacheBehavior [ RunTime:0.000199s ]
INFO: [ view_filter ] --END-- [ RunTime:0.000248s ]
INFO: [ app_end ] --START--
INFO: Run Behavior\ShowPageTraceBehavior [ RunTime:0.000476s ]
INFO: [ app_end ] --END-- [ RunTime:0.000530s ]

[ 2016-05-14T03:10:45+08:00 ] 58.247.206.156 /index.php?m=Home&c=Wechat&a=index&signature=d11e0b266cb34e6480b2b2c60b4f46176c3298ef&timestamp=1463166645&nonce=1611826691
INFO: [ app_init ] --START--
INFO: Run Behavior\BuildLiteBehavior [ RunTime:0.000014s ]
INFO: [ app_init ] --END-- [ RunTime:0.000308s ]
INFO: [ app_begin ] --START--
INFO: Run Behavior\ReadHtmlCacheBehavior [ RunTime:0.000448s ]
INFO: [ app_begin ] --END-- [ RunTime:0.000506s ]
NOTIC: [8] Use of undefined constant self - assumed 'self' /www/web/yigong/public_html/SingKa/Library/Com/Wechat.class.php 第 156 行.

[ 2016-05-14T03:10:50+08:00 ] 58.247.206.156 /index.php?m=Home&c=Wechat&a=index&signature=67e1993e026104bbbc15eafe922b5f07bb454101&timestamp=1463166650&nonce=59544703
INFO: [ app_init ] --START--
INFO: Run Behavior\BuildLiteBehavior [ RunTime:0.000014s ]
INFO: [ app_init ] --END-- [ RunTime:0.000308s ]
INFO: [ app_begin ] --START--
INFO: Run Behavior\ReadHtmlCacheBehavior [ RunTime:0.000410s ]
INFO: [ app_begin ] --END-- [ RunTime:0.000478s ]
NOTIC: [8] Use of undefined constant self - assumed 'self' /www/web/yigong/public_html/SingKa/Library/Com/Wechat.class.php 第 156 行.

[ 2016-05-14T03:10:50+08:00 ] 112.17.243.173 /index.php
INFO: [ app_init ] --START--
INFO: Run Behavior\BuildLiteBehavior [ RunTime:0.000014s ]
INFO: [ app_init ] --END-- [ RunTime:0.000328s ]
INFO: [ app_begin ] --START--
INFO: Run Behavior\ReadHtmlCacheBehavior [ RunTime:0.000433s ]
INFO: [ app_begin ] --END-- [ RunTime:0.000490s ]
SQL: SHOW COLUMNS FROM `vol_consultation_type` [ RunTime:0.0006s ]
SQL: SELECT * FROM `vol_consultation_type`  [ RunTime:0.0001s ]
SQL: SHOW COLUMNS FROM `vol_restaurant_time` [ RunTime:0.0004s ]
SQL: SELECT * FROM `vol_restaurant_time`  [ RunTime:0.0001s ]
SQL: SHOW COLUMNS FROM `vol_active` [ RunTime:0.0004s ]
SQL: SELECT * FROM `vol_active` ORDER BY id DESC LIMIT 1   [ RunTime:0.0001s ]
SQL: SHOW COLUMNS FROM `vol_active_sign` [ RunTime:0.0004s ]
SQL: SELECT SUM(number) AS tp_sum FROM `vol_active_sign` WHERE ( aid='2' ) LIMIT 1   [ RunTime:0.0001s ]
SQL: SHOW COLUMNS FROM `vol_user` [ RunTime:0.0005s ]
SQL: SELECT * FROM `vol_user` WHERE ( uid='2016005' ) LIMIT 1   [ RunTime:0.0001s ]
NOTIC: [2] Missing argument 1 for Think\Controller::show(), called in /www/web/yigong/public_html/Application/Home/Controller/IndexController.class.php on line 27 and defined /www/web/yigong/public_html/SingKa/Library/Think/Controller.class.php 第 68 行.
NOTIC: [8] Undefined variable: content /www/web/yigong/public_html/SingKa/Library/Think/Controller.class.php 第 69 行.
INFO: [ view_parse ] --START--
INFO: [ template_filter ] --START--
INFO: Run Behavior\ContentReplaceBehavior [ RunTime:0.000086s ]
INFO: [ template_filter ] --END-- [ RunTime:0.000145s ]
SQL: SHOW COLUMNS FROM `vol_consultation` [ RunTime:0.0006s ]
SQL: SELECT * FROM `vol_consultation` WHERE ( uid='2016005' and status='0' ) LIMIT 1   [ RunTime:0.0001s ]
SQL: SELECT * FROM `vol_consultation` WHERE ( uid='2016005' and status='1' ) LIMIT 1   [ RunTime:0.0003s ]
SQL: SELECT * FROM `vol_consultation` WHERE ( uid='2016005' and status='2' ) LIMIT 1   [ RunTime:0.0001s ]
SQL: SHOW COLUMNS FROM `vol_restaurant` [ RunTime:0.0007s ]
SQL: SELECT * FROM `vol_restaurant` WHERE ( uid='2016005' and date='2016/05/15' ) LIMIT 1   [ RunTime:0.0003s ]
SQL: SELECT * FROM `vol_active_sign` WHERE ( aid='2' and uid='2016005' ) LIMIT 1   [ RunTime:0.0001s ]
INFO: Run Behavior\ParseTemplateBehavior [ RunTime:0.014866s ]
INFO: [ view_parse ] --END-- [ RunTime:0.014930s ]
INFO: [ view_filter ] --START--
INFO: Run Behavior\WriteHtmlCacheBehavior [ RunTime:0.000394s ]
INFO: [ view_filter ] --END-- [ RunTime:0.000476s ]
INFO: [ app_end ] --START--
INFO: Run Behavior\ShowPageTraceBehavior [ RunTime:0.000717s ]
INFO: [ app_end ] --END-- [ RunTime:0.000799s ]

[ 2016-05-14T08:02:37+08:00 ] 121.42.0.34 /
INFO: [ app_init ] --START--
INFO: Run Behavior\BuildLiteBehavior [ RunTime:0.000016s ]
INFO: [ app_init ] --END-- [ RunTime:0.000315s ]
INFO: [ app_begin ] --START--
INFO: Run Behavior\ReadHtmlCacheBehavior [ RunTime:0.000418s ]
INFO: [ app_begin ] --END-- [ RunTime:0.000474s ]

[ 2016-05-14T09:23:52+08:00 ] 58.247.206.141 /index.php?m=Home&c=Wechat&a=index&signature=f91ee28012c61d5aaa6640d78e9756e3d6793efb&timestamp=1463189032&nonce=1034878775
INFO: [ app_init ] --START--
INFO: Run Behavior\BuildLiteBehavior [ RunTime:0.000014s ]
INFO: [ app_init ] --END-- [ RunTime:0.000314s ]
INFO: [ app_begin ] --START--
INFO: Run Behavior\ReadHtmlCacheBehavior [ RunTime:0.000434s ]
INFO: [ app_begin ] --END-- [ RunTime:0.000491s ]
NOTIC: [8] Use of undefined constant self - assumed 'self' /www/web/yigong/public_html/SingKa/Library/Com/Wechat.class.php 第 156 行.

[ 2016-05-14T09:23:52+08:00 ] 112.17.246.127 /index.php
INFO: [ app_init ] --START--
INFO: Run Behavior\BuildLiteBehavior [ RunTime:0.000014s ]
INFO: [ app_init ] --END-- [ RunTime:0.000646s ]
INFO: [ app_begin ] --START--
INFO: Run Behavior\ReadHtmlCacheBehavior [ RunTime:0.000441s ]
INFO: [ app_begin ] --END-- [ RunTime:0.000499s ]

[ 2016-05-14T09:23:53+08:00 ] 112.17.246.127 /index.php
INFO: [ app_init ] --START--
INFO: Run Behavior\BuildLiteBehavior [ RunTime:0.000021s ]
INFO: [ app_init ] --END-- [ RunTime:0.000498s ]
INFO: [ app_begin ] --START--
INFO: Run Behavior\ReadHtmlCacheBehavior [ RunTime:0.000674s ]
INFO: [ app_begin ] --END-- [ RunTime:0.000757s ]
SQL: SHOW COLUMNS FROM `vol_consultation_type` [ RunTime:0.0006s ]
SQL: SELECT * FROM `vol_consultation_type`  [ RunTime:0.0001s ]
SQL: SHOW COLUMNS FROM `vol_restaurant_time` [ RunTime:0.0004s ]
SQL: SELECT * FROM `vol_restaurant_time`  [ RunTime:0.0001s ]
SQL: SHOW COLUMNS FROM `vol_active` [ RunTime:0.0005s ]
SQL: SELECT * FROM `vol_active` ORDER BY id DESC LIMIT 1   [ RunTime:0.0001s ]
SQL: SHOW COLUMNS FROM `vol_active_sign` [ RunTime:0.0004s ]
SQL: SELECT SUM(number) AS tp_sum FROM `vol_active_sign` WHERE ( aid='2' ) LIMIT 1   [ RunTime:0.0001s ]
SQL: SHOW COLUMNS FROM `vol_user` [ RunTime:0.0005s ]
SQL: SELECT * FROM `vol_user` WHERE ( uid='2016005' ) LIMIT 1   [ RunTime:0.0001s ]
NOTIC: [2] Missing argument 1 for Think\Controller::show(), called in /www/web/yigong/public_html/Application/Home/Controller/IndexController.class.php on line 27 and defined /www/web/yigong/public_html/SingKa/Library/Think/Controller.class.php 第 68 行.
NOTIC: [8] Undefined variable: content /www/web/yigong/public_html/SingKa/Library/Think/Controller.class.php 第 69 行.
INFO: [ view_parse ] --START--
INFO: [ template_filter ] --START--
INFO: Run Behavior\ContentReplaceBehavior [ RunTime:0.000089s ]
INFO: [ template_filter ] --END-- [ RunTime:0.000156s ]
SQL: SHOW COLUMNS FROM `vol_consultation` [ RunTime:0.0007s ]
SQL: SELECT * FROM `vol_consultation` WHERE ( uid='2016005' and status='0' ) LIMIT 1   [ RunTime:0.0001s ]
SQL: SELECT * FROM `vol_consultation` WHERE ( uid='2016005' and status='1' ) LIMIT 1   [ RunTime:0.0001s ]
SQL: SELECT * FROM `vol_consultation` WHERE ( uid='2016005' and status='2' ) LIMIT 1   [ RunTime:0.0001s ]
SQL: SHOW COLUMNS FROM `vol_restaurant` [ RunTime:0.0005s ]
SQL: SELECT * FROM `vol_restaurant` WHERE ( uid='2016005' and date='2016/05/15' ) LIMIT 1   [ RunTime:0.0001s ]
SQL: SELECT * FROM `vol_active_sign` WHERE ( aid='2' and uid='2016005' ) LIMIT 1   [ RunTime:0.0001s ]
INFO: Run Behavior\ParseTemplateBehavior [ RunTime:0.013331s ]
INFO: [ view_parse ] --END-- [ RunTime:0.013385s ]
INFO: [ view_filter ] --START--
INFO: Run Behavior\WriteHtmlCacheBehavior [ RunTime:0.000209s ]
INFO: [ view_filter ] --END-- [ RunTime:0.000284s ]
INFO: [ app_end ] --START--
INFO: Run Behavior\ShowPageTraceBehavior [ RunTime:0.000447s ]
INFO: [ app_end ] --END-- [ RunTime:0.000499s ]

[ 2016-05-14T18:27:35+08:00 ] 183.136.190.62 /
INFO: [ app_init ] --START--
INFO: Run Behavior\BuildLiteBehavior [ RunTime:0.000014s ]
INFO: [ app_init ] --END-- [ RunTime:0.000311s ]
INFO: [ app_begin ] --START--
INFO: Run Behavior\ReadHtmlCacheBehavior [ RunTime:0.000527s ]
INFO: [ app_begin ] --END-- [ RunTime:0.000606s ]

