[ 2016-05-27T13:01:26+08:00 ] 121.42.0.87 /index.php?disp=dynamic
INFO: [ app_init ] --START--
INFO: Run Behavior\BuildLiteBehavior [ RunTime:0.000016s ]
INFO: [ app_init ] --END-- [ RunTime:0.000350s ]
INFO: [ app_begin ] --START--
INFO: Run Behavior\ReadHtmlCacheBehavior [ RunTime:0.000417s ]
INFO: [ app_begin ] --END-- [ RunTime:0.000476s ]
SQL: SHOW COLUMNS FROM `vol_consultation_type` [ RunTime:0.0006s ]
SQL: SELECT * FROM `vol_consultation_type`  [ RunTime:0.0001s ]
SQL: SHOW COLUMNS FROM `vol_restaurant_time` [ RunTime:0.0004s ]
SQL: SELECT * FROM `vol_restaurant_time`  [ RunTime:0.0001s ]
SQL: SHOW COLUMNS FROM `vol_active` [ RunTime:0.0004s ]
SQL: SELECT * FROM `vol_active` ORDER BY id DESC LIMIT 1   [ RunTime:0.0001s ]
SQL: SHOW COLUMNS FROM `vol_active_sign` [ RunTime:0.0004s ]
SQL: SELECT SUM(number) AS tp_sum FROM `vol_active_sign` WHERE ( aid='2' ) LIMIT 1   [ RunTime:0.0001s ]
NOTIC: [8] Undefined index: uid /www/web/yigong/public_html/Application/Home/Controller/IndexController.class.php 第 19 行.
SQL: SHOW COLUMNS FROM `vol_user` [ RunTime:0.0006s ]
SQL: SELECT * FROM `vol_user` WHERE ( uid='' ) LIMIT 1   [ RunTime:0.0001s ]
NOTIC: [2] Missing argument 1 for Think\Controller::show(), called in /www/web/yigong/public_html/Application/Home/Controller/IndexController.class.php on line 23 and defined /www/web/yigong/public_html/SingKa/Library/Think/Controller.class.php 第 68 行.
NOTIC: [8] Undefined variable: content /www/web/yigong/public_html/SingKa/Library/Think/Controller.class.php 第 69 行.
INFO: [ view_parse ] --START--
INFO: [ template_filter ] --START--
INFO: Run Behavior\ContentReplaceBehavior [ RunTime:0.000091s ]
INFO: [ template_filter ] --END-- [ RunTime:0.000182s ]
NOTIC: [8] Undefined index: uid /www/web/yigong/public_html/Application/Runtime/Cache/Home/2a94b8bda04ff446dcedd42276fc99ee.php 第 26 行.
NOTIC: [8] Undefined index: uid /www/web/yigong/public_html/Application/Runtime/Cache/Home/2a94b8bda04ff446dcedd42276fc99ee.php 第 33 行.
SQL: SHOW COLUMNS FROM `vol_consultation` [ RunTime:0.0006s ]
SQL: SELECT * FROM `vol_consultation` WHERE ( uid='' and status='0' ) LIMIT 1   [ RunTime:0.0001s ]
SQL: SELECT * FROM `vol_consultation` WHERE ( uid='' and status='1' ) LIMIT 1   [ RunTime:0.0001s ]
SQL: SELECT * FROM `vol_consultation` WHERE ( uid='' and status='2' ) LIMIT 1   [ RunTime:0.0001s ]
NOTIC: [8] Undefined index: uid /www/web/yigong/public_html/Application/Runtime/Cache/Home/2a94b8bda04ff446dcedd42276fc99ee.php 第 46 行.
NOTIC: [8] Undefined index: uid /www/web/yigong/public_html/Application/Runtime/Cache/Home/2a94b8bda04ff446dcedd42276fc99ee.php 第 64 行.
SQL: SHOW COLUMNS FROM `vol_restaurant` [ RunTime:0.0004s ]
SQL: SELECT * FROM `vol_restaurant` WHERE ( uid='' and date='2016/05/28' ) LIMIT 1   [ RunTime:0.0003s ]
NOTIC: [8] Undefined index: uid /www/web/yigong/public_html/Application/Runtime/Cache/Home/2a94b8bda04ff446dcedd42276fc99ee.php 第 73 行.
NOTIC: [8] Undefined index: uid /www/web/yigong/public_html/Application/Runtime/Cache/Home/2a94b8bda04ff446dcedd42276fc99ee.php 第 90 行.
SQL: SELECT * FROM `vol_active_sign` WHERE ( aid='2' and uid='' ) LIMIT 1   [ RunTime:0.0001s ]
INFO: Run Behavior\ParseTemplateBehavior [ RunTime:0.013613s ]
INFO: [ view_parse ] --END-- [ RunTime:0.013667s ]
INFO: [ view_filter ] --START--
INFO: Run Behavior\WriteHtmlCacheBehavior [ RunTime:0.000220s ]
INFO: [ view_filter ] --END-- [ RunTime:0.000270s ]
INFO: [ app_end ] --START--
INFO: Run Behavior\ShowPageTraceBehavior [ RunTime:0.000500s ]
INFO: [ app_end ] --END-- [ RunTime:0.000560s ]

[ 2016-05-27T13:02:55+08:00 ] 121.42.0.87 /index.php?disp=dynamic
INFO: [ app_init ] --START--
INFO: Run Behavior\BuildLiteBehavior [ RunTime:0.000014s ]
INFO: [ app_init ] --END-- [ RunTime:0.000310s ]
INFO: [ app_begin ] --START--
INFO: Run Behavior\ReadHtmlCacheBehavior [ RunTime:0.003443s ]
INFO: [ app_begin ] --END-- [ RunTime:0.003502s ]
SQL: SHOW COLUMNS FROM `vol_consultation_type` [ RunTime:0.0006s ]
SQL: SELECT * FROM `vol_consultation_type`  [ RunTime:0.0035s ]
SQL: SHOW COLUMNS FROM `vol_restaurant_time` [ RunTime:0.0004s ]
SQL: SELECT * FROM `vol_restaurant_time`  [ RunTime:0.0001s ]
SQL: SHOW COLUMNS FROM `vol_active` [ RunTime:0.0004s ]
SQL: SELECT * FROM `vol_active` ORDER BY id DESC LIMIT 1   [ RunTime:0.0001s ]
SQL: SHOW COLUMNS FROM `vol_active_sign` [ RunTime:0.0004s ]
SQL: SELECT SUM(number) AS tp_sum FROM `vol_active_sign` WHERE ( aid='2' ) LIMIT 1   [ RunTime:0.0001s ]
NOTIC: [8] Undefined index: uid /www/web/yigong/public_html/Application/Home/Controller/IndexController.class.php 第 19 行.
SQL: SHOW COLUMNS FROM `vol_user` [ RunTime:0.0006s ]
SQL: SELECT * FROM `vol_user` WHERE ( uid='' ) LIMIT 1   [ RunTime:0.0001s ]
NOTIC: [2] Missing argument 1 for Think\Controller::show(), called in /www/web/yigong/public_html/Application/Home/Controller/IndexController.class.php on line 23 and defined /www/web/yigong/public_html/SingKa/Library/Think/Controller.class.php 第 68 行.
NOTIC: [8] Undefined variable: content /www/web/yigong/public_html/SingKa/Library/Think/Controller.class.php 第 69 行.
INFO: [ view_parse ] --START--
INFO: [ template_filter ] --START--
INFO: Run Behavior\ContentReplaceBehavior [ RunTime:0.000088s ]
INFO: [ template_filter ] --END-- [ RunTime:0.000145s ]
NOTIC: [8] Undefined index: uid /www/web/yigong/public_html/Application/Runtime/Cache/Home/2a94b8bda04ff446dcedd42276fc99ee.php 第 26 行.
NOTIC: [8] Undefined index: uid /www/web/yigong/public_html/Application/Runtime/Cache/Home/2a94b8bda04ff446dcedd42276fc99ee.php 第 33 行.
SQL: SHOW COLUMNS FROM `vol_consultation` [ RunTime:0.0005s ]
SQL: SELECT * FROM `vol_consultation` WHERE ( uid='' and status='0' ) LIMIT 1   [ RunTime:0.0001s ]
SQL: SELECT * FROM `vol_consultation` WHERE ( uid='' and status='1' ) LIMIT 1   [ RunTime:0.0001s ]
SQL: SELECT * FROM `vol_consultation` WHERE ( uid='' and status='2' ) LIMIT 1   [ RunTime:0.0001s ]
NOTIC: [8] Undefined index: uid /www/web/yigong/public_html/Application/Runtime/Cache/Home/2a94b8bda04ff446dcedd42276fc99ee.php 第 46 行.
NOTIC: [8] Undefined index: uid /www/web/yigong/public_html/Application/Runtime/Cache/Home/2a94b8bda04ff446dcedd42276fc99ee.php 第 64 行.
SQL: SHOW COLUMNS FROM `vol_restaurant` [ RunTime:0.0004s ]
SQL: SELECT * FROM `vol_restaurant` WHERE ( uid='' and date='2016/05/28' ) LIMIT 1   [ RunTime:0.0001s ]
NOTIC: [8] Undefined index: uid /www/web/yigong/public_html/Application/Runtime/Cache/Home/2a94b8bda04ff446dcedd42276fc99ee.php 第 73 行.
NOTIC: [8] Undefined index: uid /www/web/yigong/public_html/Application/Runtime/Cache/Home/2a94b8bda04ff446dcedd42276fc99ee.php 第 90 行.
SQL: SELECT * FROM `vol_active_sign` WHERE ( aid='2' and uid='' ) LIMIT 1   [ RunTime:0.0001s ]
INFO: Run Behavior\ParseTemplateBehavior [ RunTime:0.013504s ]
INFO: [ view_parse ] --END-- [ RunTime:0.013556s ]
INFO: [ view_filter ] --START--
INFO: Run Behavior\WriteHtmlCacheBehavior [ RunTime:0.000195s ]
INFO: [ view_filter ] --END-- [ RunTime:0.000243s ]
INFO: [ app_end ] --START--
INFO: Run Behavior\ShowPageTraceBehavior [ RunTime:0.000466s ]
INFO: [ app_end ] --END-- [ RunTime:0.000517s ]

[ 2016-05-27T13:10:41+08:00 ] 121.42.0.87 /
INFO: [ app_init ] --START--
INFO: Run Behavior\BuildLiteBehavior [ RunTime:0.000015s ]
INFO: [ app_init ] --END-- [ RunTime:0.000335s ]
INFO: [ app_begin ] --START--
INFO: Run Behavior\ReadHtmlCacheBehavior [ RunTime:0.000453s ]
INFO: [ app_begin ] --END-- [ RunTime:0.000509s ]
SQL: SHOW COLUMNS FROM `vol_consultation_type` [ RunTime:0.0006s ]
SQL: SELECT * FROM `vol_consultation_type`  [ RunTime:0.0001s ]
SQL: SHOW COLUMNS FROM `vol_restaurant_time` [ RunTime:0.0004s ]
SQL: SELECT * FROM `vol_restaurant_time`  [ RunTime:0.0001s ]
SQL: SHOW COLUMNS FROM `vol_active` [ RunTime:0.0004s ]
SQL: SELECT * FROM `vol_active` ORDER BY id DESC LIMIT 1   [ RunTime:0.0001s ]
SQL: SHOW COLUMNS FROM `vol_active_sign` [ RunTime:0.0004s ]
SQL: SELECT SUM(number) AS tp_sum FROM `vol_active_sign` WHERE ( aid='2' ) LIMIT 1   [ RunTime:0.0001s ]
NOTIC: [8] Undefined index: uid /www/web/yigong/public_html/Application/Home/Controller/IndexController.class.php 第 19 行.
SQL: SHOW COLUMNS FROM `vol_user` [ RunTime:0.0006s ]
SQL: SELECT * FROM `vol_user` WHERE ( uid='' ) LIMIT 1   [ RunTime:0.0001s ]
NOTIC: [2] Missing argument 1 for Think\Controller::show(), called in /www/web/yigong/public_html/Application/Home/Controller/IndexController.class.php on line 23 and defined /www/web/yigong/public_html/SingKa/Library/Think/Controller.class.php 第 68 行.
NOTIC: [8] Undefined variable: content /www/web/yigong/public_html/SingKa/Library/Think/Controller.class.php 第 69 行.
INFO: [ view_parse ] --START--
INFO: [ template_filter ] --START--
INFO: Run Behavior\ContentReplaceBehavior [ RunTime:0.000086s ]
INFO: [ template_filter ] --END-- [ RunTime:0.000166s ]
NOTIC: [8] Undefined index: uid /www/web/yigong/public_html/Application/Runtime/Cache/Home/2a94b8bda04ff446dcedd42276fc99ee.php 第 26 行.
NOTIC: [8] Undefined index: uid /www/web/yigong/public_html/Application/Runtime/Cache/Home/2a94b8bda04ff446dcedd42276fc99ee.php 第 33 行.
SQL: SHOW COLUMNS FROM `vol_consultation` [ RunTime:0.0006s ]
SQL: SELECT * FROM `vol_consultation` WHERE ( uid='' and status='0' ) LIMIT 1   [ RunTime:0.0001s ]
SQL: SELECT * FROM `vol_consultation` WHERE ( uid='' and status='1' ) LIMIT 1   [ RunTime:0.0001s ]
SQL: SELECT * FROM `vol_consultation` WHERE ( uid='' and status='2' ) LIMIT 1   [ RunTime:0.0001s ]
NOTIC: [8] Undefined index: uid /www/web/yigong/public_html/Application/Runtime/Cache/Home/2a94b8bda04ff446dcedd42276fc99ee.php 第 46 行.
NOTIC: [8] Undefined index: uid /www/web/yigong/public_html/Application/Runtime/Cache/Home/2a94b8bda04ff446dcedd42276fc99ee.php 第 64 行.
SQL: SHOW COLUMNS FROM `vol_restaurant` [ RunTime:0.0005s ]
SQL: SELECT * FROM `vol_restaurant` WHERE ( uid='' and date='2016/05/28' ) LIMIT 1   [ RunTime:0.0001s ]
NOTIC: [8] Undefined index: uid /www/web/yigong/public_html/Application/Runtime/Cache/Home/2a94b8bda04ff446dcedd42276fc99ee.php 第 73 行.
NOTIC: [8] Undefined index: uid /www/web/yigong/public_html/Application/Runtime/Cache/Home/2a94b8bda04ff446dcedd42276fc99ee.php 第 90 行.
SQL: SELECT * FROM `vol_active_sign` WHERE ( aid='2' and uid='' ) LIMIT 1   [ RunTime:0.0001s ]
INFO: Run Behavior\ParseTemplateBehavior [ RunTime:0.013386s ]
INFO: [ view_parse ] --END-- [ RunTime:0.013438s ]
INFO: [ view_filter ] --START--
INFO: Run Behavior\WriteHtmlCacheBehavior [ RunTime:0.000224s ]
INFO: [ view_filter ] --END-- [ RunTime:0.000274s ]
INFO: [ app_end ] --START--
INFO: Run Behavior\ShowPageTraceBehavior [ RunTime:0.000476s ]
INFO: [ app_end ] --END-- [ RunTime:0.000537s ]

[ 2016-05-27T13:14:50+08:00 ] 121.42.0.87 /index.php
INFO: [ app_init ] --START--
INFO: Run Behavior\BuildLiteBehavior [ RunTime:0.000015s ]
INFO: [ app_init ] --END-- [ RunTime:0.000320s ]
INFO: [ app_begin ] --START--
INFO: Run Behavior\ReadHtmlCacheBehavior [ RunTime:0.000451s ]
INFO: [ app_begin ] --END-- [ RunTime:0.000507s ]
SQL: SHOW COLUMNS FROM `vol_consultation_type` [ RunTime:0.0006s ]
SQL: SELECT * FROM `vol_consultation_type`  [ RunTime:0.0001s ]
SQL: SHOW COLUMNS FROM `vol_restaurant_time` [ RunTime:0.0004s ]
SQL: SELECT * FROM `vol_restaurant_time`  [ RunTime:0.0001s ]
SQL: SHOW COLUMNS FROM `vol_active` [ RunTime:0.0005s ]
SQL: SELECT * FROM `vol_active` ORDER BY id DESC LIMIT 1   [ RunTime:0.0001s ]
SQL: SHOW COLUMNS FROM `vol_active_sign` [ RunTime:0.0004s ]
SQL: SELECT SUM(number) AS tp_sum FROM `vol_active_sign` WHERE ( aid='2' ) LIMIT 1   [ RunTime:0.0001s ]
NOTIC: [8] Undefined index: uid /www/web/yigong/public_html/Application/Home/Controller/IndexController.class.php 第 19 行.
SQL: SHOW COLUMNS FROM `vol_user` [ RunTime:0.0006s ]
SQL: SELECT * FROM `vol_user` WHERE ( uid='' ) LIMIT 1   [ RunTime:0.0001s ]
NOTIC: [2] Missing argument 1 for Think\Controller::show(), called in /www/web/yigong/public_html/Application/Home/Controller/IndexController.class.php on line 23 and defined /www/web/yigong/public_html/SingKa/Library/Think/Controller.class.php 第 68 行.
NOTIC: [8] Undefined variable: content /www/web/yigong/public_html/SingKa/Library/Think/Controller.class.php 第 69 行.
INFO: [ view_parse ] --START--
INFO: [ template_filter ] --START--
INFO: Run Behavior\ContentReplaceBehavior [ RunTime:0.000098s ]
INFO: [ template_filter ] --END-- [ RunTime:0.000162s ]
NOTIC: [8] Undefined index: uid /www/web/yigong/public_html/Application/Runtime/Cache/Home/2a94b8bda04ff446dcedd42276fc99ee.php 第 26 行.
NOTIC: [8] Undefined index: uid /www/web/yigong/public_html/Application/Runtime/Cache/Home/2a94b8bda04ff446dcedd42276fc99ee.php 第 33 行.
SQL: SHOW COLUMNS FROM `vol_consultation` [ RunTime:0.0005s ]
SQL: SELECT * FROM `vol_consultation` WHERE ( uid='' and status='0' ) LIMIT 1   [ RunTime:0.0001s ]
SQL: SELECT * FROM `vol_consultation` WHERE ( uid='' and status='1' ) LIMIT 1   [ RunTime:0.0001s ]
SQL: SELECT * FROM `vol_consultation` WHERE ( uid='' and status='2' ) LIMIT 1   [ RunTime:0.0001s ]
NOTIC: [8] Undefined index: uid /www/web/yigong/public_html/Application/Runtime/Cache/Home/2a94b8bda04ff446dcedd42276fc99ee.php 第 46 行.
NOTIC: [8] Undefined index: uid /www/web/yigong/public_html/Application/Runtime/Cache/Home/2a94b8bda04ff446dcedd42276fc99ee.php 第 64 行.
SQL: SHOW COLUMNS FROM `vol_restaurant` [ RunTime:0.0004s ]
SQL: SELECT * FROM `vol_restaurant` WHERE ( uid='' and date='2016/05/28' ) LIMIT 1   [ RunTime:0.0001s ]
NOTIC: [8] Undefined index: uid /www/web/yigong/public_html/Application/Runtime/Cache/Home/2a94b8bda04ff446dcedd42276fc99ee.php 第 73 行.
NOTIC: [8] Undefined index: uid /www/web/yigong/public_html/Application/Runtime/Cache/Home/2a94b8bda04ff446dcedd42276fc99ee.php 第 90 行.
SQL: SELECT * FROM `vol_active_sign` WHERE ( aid='2' and uid='' ) LIMIT 1   [ RunTime:0.0001s ]
INFO: Run Behavior\ParseTemplateBehavior [ RunTime:0.013467s ]
INFO: [ view_parse ] --END-- [ RunTime:0.013520s ]
INFO: [ view_filter ] --START--
INFO: Run Behavior\WriteHtmlCacheBehavior [ RunTime:0.000201s ]
INFO: [ view_filter ] --END-- [ RunTime:0.000258s ]
INFO: [ app_end ] --START--
INFO: Run Behavior\ShowPageTraceBehavior [ RunTime:0.000769s ]
INFO: [ app_end ] --END-- [ RunTime:0.000822s ]

[ 2016-05-27T13:15:51+08:00 ] 121.42.0.87 /
INFO: [ app_init ] --START--
INFO: Run Behavior\BuildLiteBehavior [ RunTime:0.000018s ]
INFO: [ app_init ] --END-- [ RunTime:0.000325s ]
INFO: [ app_begin ] --START--
INFO: Run Behavior\ReadHtmlCacheBehavior [ RunTime:0.000499s ]
INFO: [ app_begin ] --END-- [ RunTime:0.000714s ]
SQL: SHOW COLUMNS FROM `vol_consultation_type` [ RunTime:0.0007s ]
SQL: SELECT * FROM `vol_consultation_type`  [ RunTime:0.0001s ]
SQL: SHOW COLUMNS FROM `vol_restaurant_time` [ RunTime:0.0127s ]
SQL: SELECT * FROM `vol_restaurant_time`  [ RunTime:0.0001s ]
SQL: SHOW COLUMNS FROM `vol_active` [ RunTime:0.0005s ]
SQL: SELECT * FROM `vol_active` ORDER BY id DESC LIMIT 1   [ RunTime:0.0001s ]
SQL: SHOW COLUMNS FROM `vol_active_sign` [ RunTime:0.0004s ]
SQL: SELECT SUM(number) AS tp_sum FROM `vol_active_sign` WHERE ( aid='2' ) LIMIT 1   [ RunTime:0.0001s ]
NOTIC: [8] Undefined index: uid /www/web/yigong/public_html/Application/Home/Controller/IndexController.class.php 第 19 行.
SQL: SHOW COLUMNS FROM `vol_user` [ RunTime:0.0005s ]
SQL: SELECT * FROM `vol_user` WHERE ( uid='' ) LIMIT 1   [ RunTime:0.0001s ]
NOTIC: [2] Missing argument 1 for Think\Controller::show(), called in /www/web/yigong/public_html/Application/Home/Controller/IndexController.class.php on line 23 and defined /www/web/yigong/public_html/SingKa/Library/Think/Controller.class.php 第 68 行.
NOTIC: [8] Undefined variable: content /www/web/yigong/public_html/SingKa/Library/Think/Controller.class.php 第 69 行.
INFO: [ view_parse ] --START--
INFO: [ template_filter ] --START--
INFO: Run Behavior\ContentReplaceBehavior [ RunTime:0.000095s ]
INFO: [ template_filter ] --END-- [ RunTime:0.000170s ]
NOTIC: [8] Undefined index: uid /www/web/yigong/public_html/Application/Runtime/Cache/Home/2a94b8bda04ff446dcedd42276fc99ee.php 第 26 行.
NOTIC: [8] Undefined index: uid /www/web/yigong/public_html/Application/Runtime/Cache/Home/2a94b8bda04ff446dcedd42276fc99ee.php 第 33 行.
SQL: SHOW COLUMNS FROM `vol_consultation` [ RunTime:0.0011s ]
SQL: SELECT * FROM `vol_consultation` WHERE ( uid='' and status='0' ) LIMIT 1   [ RunTime:0.0062s ]
SQL: SELECT * FROM `vol_consultation` WHERE ( uid='' and status='1' ) LIMIT 1   [ RunTime:0.0001s ]
SQL: SELECT * FROM `vol_consultation` WHERE ( uid='' and status='2' ) LIMIT 1   [ RunTime:0.0001s ]
NOTIC: [8] Undefined index: uid /www/web/yigong/public_html/Application/Runtime/Cache/Home/2a94b8bda04ff446dcedd42276fc99ee.php 第 46 行.
NOTIC: [8] Undefined index: uid /www/web/yigong/public_html/Application/Runtime/Cache/Home/2a94b8bda04ff446dcedd42276fc99ee.php 第 64 行.
SQL: SHOW COLUMNS FROM `vol_restaurant` [ RunTime:0.0005s ]
SQL: SELECT * FROM `vol_restaurant` WHERE ( uid='' and date='2016/05/28' ) LIMIT 1   [ RunTime:0.0001s ]
NOTIC: [8] Undefined index: uid /www/web/yigong/public_html/Application/Runtime/Cache/Home/2a94b8bda04ff446dcedd42276fc99ee.php 第 73 行.
NOTIC: [8] Undefined index: uid /www/web/yigong/public_html/Application/Runtime/Cache/Home/2a94b8bda04ff446dcedd42276fc99ee.php 第 90 行.
SQL: SELECT * FROM `vol_active_sign` WHERE ( aid='2' and uid='' ) LIMIT 1   [ RunTime:0.0001s ]
INFO: Run Behavior\ParseTemplateBehavior [ RunTime:0.031716s ]
INFO: [ view_parse ] --END-- [ RunTime:0.031770s ]
INFO: [ view_filter ] --START--
INFO: Run Behavior\WriteHtmlCacheBehavior [ RunTime:0.000225s ]
INFO: [ view_filter ] --END-- [ RunTime:0.000276s ]
INFO: [ app_end ] --START--
INFO: Run Behavior\ShowPageTraceBehavior [ RunTime:0.000486s ]
INFO: [ app_end ] --END-- [ RunTime:0.000548s ]

[ 2016-05-27T13:17:15+08:00 ] 121.42.0.87 /
INFO: [ app_init ] --START--
INFO: Run Behavior\BuildLiteBehavior [ RunTime:0.000014s ]
INFO: [ app_init ] --END-- [ RunTime:0.000308s ]
INFO: [ app_begin ] --START--
INFO: Run Behavior\ReadHtmlCacheBehavior [ RunTime:0.000435s ]
INFO: [ app_begin ] --END-- [ RunTime:0.000492s ]
SQL: SHOW COLUMNS FROM `vol_consultation_type` [ RunTime:0.0006s ]
SQL: SELECT * FROM `vol_consultation_type`  [ RunTime:0.0001s ]
SQL: SHOW COLUMNS FROM `vol_restaurant_time` [ RunTime:0.0004s ]
SQL: SELECT * FROM `vol_restaurant_time`  [ RunTime:0.0001s ]
SQL: SHOW COLUMNS FROM `vol_active` [ RunTime:0.0005s ]
SQL: SELECT * FROM `vol_active` ORDER BY id DESC LIMIT 1   [ RunTime:0.0001s ]
SQL: SHOW COLUMNS FROM `vol_active_sign` [ RunTime:0.0004s ]
SQL: SELECT SUM(number) AS tp_sum FROM `vol_active_sign` WHERE ( aid='2' ) LIMIT 1   [ RunTime:0.0001s ]
NOTIC: [8] Undefined index: uid /www/web/yigong/public_html/Application/Home/Controller/IndexController.class.php 第 19 行.
SQL: SHOW COLUMNS FROM `vol_user` [ RunTime:0.0006s ]
SQL: SELECT * FROM `vol_user` WHERE ( uid='' ) LIMIT 1   [ RunTime:0.0001s ]
NOTIC: [2] Missing argument 1 for Think\Controller::show(), called in /www/web/yigong/public_html/Application/Home/Controller/IndexController.class.php on line 23 and defined /www/web/yigong/public_html/SingKa/Library/Think/Controller.class.php 第 68 行.
NOTIC: [8] Undefined variable: content /www/web/yigong/public_html/SingKa/Library/Think/Controller.class.php 第 69 行.
INFO: [ view_parse ] --START--
INFO: [ template_filter ] --START--
INFO: Run Behavior\ContentReplaceBehavior [ RunTime:0.000112s ]
INFO: [ template_filter ] --END-- [ RunTime:0.000176s ]
NOTIC: [8] Undefined index: uid /www/web/yigong/public_html/Application/Runtime/Cache/Home/2a94b8bda04ff446dcedd42276fc99ee.php 第 26 行.
NOTIC: [8] Undefined index: uid /www/web/yigong/public_html/Application/Runtime/Cache/Home/2a94b8bda04ff446dcedd42276fc99ee.php 第 33 行.
SQL: SHOW COLUMNS FROM `vol_consultation` [ RunTime:0.0006s ]
SQL: SELECT * FROM `vol_consultation` WHERE ( uid='' and status='0' ) LIMIT 1   [ RunTime:0.0001s ]
SQL: SELECT * FROM `vol_consultation` WHERE ( uid='' and status='1' ) LIMIT 1   [ RunTime:0.0001s ]
SQL: SELECT * FROM `vol_consultation` WHERE ( uid='' and status='2' ) LIMIT 1   [ RunTime:0.0001s ]
NOTIC: [8] Undefined index: uid /www/web/yigong/public_html/Application/Runtime/Cache/Home/2a94b8bda04ff446dcedd42276fc99ee.php 第 46 行.
NOTIC: [8] Undefined index: uid /www/web/yigong/public_html/Application/Runtime/Cache/Home/2a94b8bda04ff446dcedd42276fc99ee.php 第 64 行.
SQL: SHOW COLUMNS FROM `vol_restaurant` [ RunTime:0.0008s ]
SQL: SELECT * FROM `vol_restaurant` WHERE ( uid='' and date='2016/05/28' ) LIMIT 1   [ RunTime:0.0001s ]
NOTIC: [8] Undefined index: uid /www/web/yigong/public_html/Application/Runtime/Cache/Home/2a94b8bda04ff446dcedd42276fc99ee.php 第 73 行.
NOTIC: [8] Undefined index: uid /www/web/yigong/public_html/Application/Runtime/Cache/Home/2a94b8bda04ff446dcedd42276fc99ee.php 第 90 行.
SQL: SELECT * FROM `vol_active_sign` WHERE ( aid='2' and uid='' ) LIMIT 1   [ RunTime:0.0001s ]
INFO: Run Behavior\ParseTemplateBehavior [ RunTime:0.014553s ]
INFO: [ view_parse ] --END-- [ RunTime:0.014609s ]
INFO: [ view_filter ] --START--
INFO: Run Behavior\WriteHtmlCacheBehavior [ RunTime:0.000271s ]
INFO: [ view_filter ] --END-- [ RunTime:0.000323s ]
INFO: [ app_end ] --START--
INFO: Run Behavior\ShowPageTraceBehavior [ RunTime:0.000486s ]
INFO: [ app_end ] --END-- [ RunTime:0.000538s ]

[ 2016-05-27T13:17:20+08:00 ] 121.42.0.87 /
INFO: [ app_init ] --START--
INFO: Run Behavior\BuildLiteBehavior [ RunTime:0.000016s ]
INFO: [ app_init ] --END-- [ RunTime:0.000320s ]
INFO: [ app_begin ] --START--
INFO: Run Behavior\ReadHtmlCacheBehavior [ RunTime:0.000445s ]
INFO: [ app_begin ] --END-- [ RunTime:0.000502s ]
SQL: SHOW COLUMNS FROM `vol_consultation_type` [ RunTime:0.0006s ]
SQL: SELECT * FROM `vol_consultation_type`  [ RunTime:0.0030s ]
SQL: SHOW COLUMNS FROM `vol_restaurant_time` [ RunTime:0.0004s ]
SQL: SELECT * FROM `vol_restaurant_time`  [ RunTime:0.0001s ]
SQL: SHOW COLUMNS FROM `vol_active` [ RunTime:0.0005s ]
SQL: SELECT * FROM `vol_active` ORDER BY id DESC LIMIT 1   [ RunTime:0.0001s ]
SQL: SHOW COLUMNS FROM `vol_active_sign` [ RunTime:0.0004s ]
SQL: SELECT SUM(number) AS tp_sum FROM `vol_active_sign` WHERE ( aid='2' ) LIMIT 1   [ RunTime:0.0001s ]
NOTIC: [8] Undefined index: uid /www/web/yigong/public_html/Application/Home/Controller/IndexController.class.php 第 19 行.
SQL: SHOW COLUMNS FROM `vol_user` [ RunTime:0.0006s ]
SQL: SELECT * FROM `vol_user` WHERE ( uid='' ) LIMIT 1   [ RunTime:0.0001s ]
NOTIC: [2] Missing argument 1 for Think\Controller::show(), called in /www/web/yigong/public_html/Application/Home/Controller/IndexController.class.php on line 23 and defined /www/web/yigong/public_html/SingKa/Library/Think/Controller.class.php 第 68 行.
NOTIC: [8] Undefined variable: content /www/web/yigong/public_html/SingKa/Library/Think/Controller.class.php 第 69 行.
INFO: [ view_parse ] --START--
INFO: [ template_filter ] --START--
INFO: Run Behavior\ContentReplaceBehavior [ RunTime:0.000091s ]
INFO: [ template_filter ] --END-- [ RunTime:0.000159s ]
NOTIC: [8] Undefined index: uid /www/web/yigong/public_html/Application/Runtime/Cache/Home/2a94b8bda04ff446dcedd42276fc99ee.php 第 26 行.
NOTIC: [8] Undefined index: uid /www/web/yigong/public_html/Application/Runtime/Cache/Home/2a94b8bda04ff446dcedd42276fc99ee.php 第 33 行.
SQL: SHOW COLUMNS FROM `vol_consultation` [ RunTime:0.0007s ]
SQL: SELECT * FROM `vol_consultation` WHERE ( uid='' and status='0' ) LIMIT 1   [ RunTime:0.0001s ]
SQL: SELECT * FROM `vol_consultation` WHERE ( uid='' and status='1' ) LIMIT 1   [ RunTime:0.0001s ]
SQL: SELECT * FROM `vol_consultation` WHERE ( uid='' and status='2' ) LIMIT 1   [ RunTime:0.0001s ]
NOTIC: [8] Undefined index: uid /www/web/yigong/public_html/Application/Runtime/Cache/Home/2a94b8bda04ff446dcedd42276fc99ee.php 第 46 行.
NOTIC: [8] Undefined index: uid /www/web/yigong/public_html/Application/Runtime/Cache/Home/2a94b8bda04ff446dcedd42276fc99ee.php 第 64 行.
SQL: SHOW COLUMNS FROM `vol_restaurant` [ RunTime:0.0004s ]
SQL: SELECT * FROM `vol_restaurant` WHERE ( uid='' and date='2016/05/28' ) LIMIT 1   [ RunTime:0.0001s ]
NOTIC: [8] Undefined index: uid /www/web/yigong/public_html/Application/Runtime/Cache/Home/2a94b8bda04ff446dcedd42276fc99ee.php 第 73 行.
NOTIC: [8] Undefined index: uid /www/web/yigong/public_html/Application/Runtime/Cache/Home/2a94b8bda04ff446dcedd42276fc99ee.php 第 90 行.
SQL: SELECT * FROM `vol_active_sign` WHERE ( aid='2' and uid='' ) LIMIT 1   [ RunTime:0.0001s ]
INFO: Run Behavior\ParseTemplateBehavior [ RunTime:0.014932s ]
INFO: [ view_parse ] --END-- [ RunTime:0.014989s ]
INFO: [ view_filter ] --START--
INFO: Run Behavior\WriteHtmlCacheBehavior [ RunTime:0.000206s ]
INFO: [ view_filter ] --END-- [ RunTime:0.000255s ]
INFO: [ app_end ] --START--
INFO: Run Behavior\ShowPageTraceBehavior [ RunTime:0.000519s ]
INFO: [ app_end ] --END-- [ RunTime:0.000570s ]

[ 2016-05-27T13:17:24+08:00 ] 121.42.0.87 /.DS_Store
INFO: [ app_init ] --START--
INFO: Run Behavior\BuildLiteBehavior [ RunTime:0.000016s ]
INFO: [ app_init ] --END-- [ RunTime:0.000319s ]
INFO: [ app_begin ] --START--
INFO: Run Behavior\ReadHtmlCacheBehavior [ RunTime:0.000452s ]
INFO: [ app_begin ] --END-- [ RunTime:0.000509s ]
SQL: SHOW COLUMNS FROM `vol_consultation_type` [ RunTime:0.0006s ]
SQL: SELECT * FROM `vol_consultation_type`  [ RunTime:0.0001s ]
SQL: SHOW COLUMNS FROM `vol_restaurant_time` [ RunTime:0.0004s ]
SQL: SELECT * FROM `vol_restaurant_time`  [ RunTime:0.0001s ]
SQL: SHOW COLUMNS FROM `vol_active` [ RunTime:0.0004s ]
SQL: SELECT * FROM `vol_active` ORDER BY id DESC LIMIT 1   [ RunTime:0.0001s ]
SQL: SHOW COLUMNS FROM `vol_active_sign` [ RunTime:0.0004s ]
SQL: SELECT SUM(number) AS tp_sum FROM `vol_active_sign` WHERE ( aid='2' ) LIMIT 1   [ RunTime:0.0001s ]
NOTIC: [8] Undefined index: uid /www/web/yigong/public_html/Application/Home/Controller/IndexController.class.php 第 19 行.
SQL: SHOW COLUMNS FROM `vol_user` [ RunTime:0.0005s ]
SQL: SELECT * FROM `vol_user` WHERE ( uid='' ) LIMIT 1   [ RunTime:0.0001s ]
NOTIC: [2] Missing argument 1 for Think\Controller::show(), called in /www/web/yigong/public_html/Application/Home/Controller/IndexController.class.php on line 23 and defined /www/web/yigong/public_html/SingKa/Library/Think/Controller.class.php 第 68 行.
NOTIC: [8] Undefined variable: content /www/web/yigong/public_html/SingKa/Library/Think/Controller.class.php 第 69 行.
INFO: [ view_parse ] --START--
INFO: [ template_filter ] --START--
INFO: Run Behavior\ContentReplaceBehavior [ RunTime:0.000093s ]
INFO: [ template_filter ] --END-- [ RunTime:0.000176s ]
NOTIC: [8] Undefined index: uid /www/web/yigong/public_html/Application/Runtime/Cache/Home/2a94b8bda04ff446dcedd42276fc99ee.php 第 26 行.
NOTIC: [8] Undefined index: uid /www/web/yigong/public_html/Application/Runtime/Cache/Home/2a94b8bda04ff446dcedd42276fc99ee.php 第 33 行.
SQL: SHOW COLUMNS FROM `vol_consultation` [ RunTime:0.0009s ]
SQL: SELECT * FROM `vol_consultation` WHERE ( uid='' and status='0' ) LIMIT 1   [ RunTime:0.0001s ]
SQL: SELECT * FROM `vol_consultation` WHERE ( uid='' and status='1' ) LIMIT 1   [ RunTime:0.0001s ]
SQL: SELECT * FROM `vol_consultation` WHERE ( uid='' and status='2' ) LIMIT 1   [ RunTime:0.0001s ]
NOTIC: [8] Undefined index: uid /www/web/yigong/public_html/Application/Runtime/Cache/Home/2a94b8bda04ff446dcedd42276fc99ee.php 第 46 行.
NOTIC: [8] Undefined index: uid /www/web/yigong/public_html/Application/Runtime/Cache/Home/2a94b8bda04ff446dcedd42276fc99ee.php 第 64 行.
SQL: SHOW COLUMNS FROM `vol_restaurant` [ RunTime:0.0004s ]
SQL: SELECT * FROM `vol_restaurant` WHERE ( uid='' and date='2016/05/28' ) LIMIT 1   [ RunTime:0.0001s ]
NOTIC: [8] Undefined index: uid /www/web/yigong/public_html/Application/Runtime/Cache/Home/2a94b8bda04ff446dcedd42276fc99ee.php 第 73 行.
NOTIC: [8] Undefined index: uid /www/web/yigong/public_html/Application/Runtime/Cache/Home/2a94b8bda04ff446dcedd42276fc99ee.php 第 90 行.
SQL: SELECT * FROM `vol_active_sign` WHERE ( aid='2' and uid='' ) LIMIT 1   [ RunTime:0.0001s ]
INFO: Run Behavior\ParseTemplateBehavior [ RunTime:0.015176s ]
INFO: [ view_parse ] --END-- [ RunTime:0.015230s ]
INFO: [ view_filter ] --START--
INFO: Run Behavior\WriteHtmlCacheBehavior [ RunTime:0.000227s ]
INFO: [ view_filter ] --END-- [ RunTime:0.000279s ]
INFO: [ app_end ] --START--
INFO: Run Behavior\ShowPageTraceBehavior [ RunTime:0.000458s ]
INFO: [ app_end ] --END-- [ RunTime:0.000510s ]

[ 2016-05-27T13:18:30+08:00 ] 121.42.0.87 /
INFO: [ app_init ] --START--
INFO: Run Behavior\BuildLiteBehavior [ RunTime:0.000032s ]
INFO: [ app_init ] --END-- [ RunTime:0.001758s ]
INFO: [ app_begin ] --START--
INFO: Run Behavior\ReadHtmlCacheBehavior [ RunTime:0.000443s ]
INFO: [ app_begin ] --END-- [ RunTime:0.000505s ]
SQL: SHOW COLUMNS FROM `vol_consultation_type` [ RunTime:0.0006s ]
SQL: SELECT * FROM `vol_consultation_type`  [ RunTime:0.0001s ]
SQL: SHOW COLUMNS FROM `vol_restaurant_time` [ RunTime:0.0004s ]
SQL: SELECT * FROM `vol_restaurant_time`  [ RunTime:0.0001s ]
SQL: SHOW COLUMNS FROM `vol_active` [ RunTime:0.0006s ]
SQL: SELECT * FROM `vol_active` ORDER BY id DESC LIMIT 1   [ RunTime:0.0001s ]
SQL: SHOW COLUMNS FROM `vol_active_sign` [ RunTime:0.0005s ]
SQL: SELECT SUM(number) AS tp_sum FROM `vol_active_sign` WHERE ( aid='2' ) LIMIT 1   [ RunTime:0.0001s ]
NOTIC: [8] Undefined index: uid /www/web/yigong/public_html/Application/Home/Controller/IndexController.class.php 第 19 行.
SQL: SHOW COLUMNS FROM `vol_user` [ RunTime:0.0006s ]
SQL: SELECT * FROM `vol_user` WHERE ( uid='' ) LIMIT 1   [ RunTime:0.0001s ]
NOTIC: [2] Missing argument 1 for Think\Controller::show(), called in /www/web/yigong/public_html/Application/Home/Controller/IndexController.class.php on line 23 and defined /www/web/yigong/public_html/SingKa/Library/Think/Controller.class.php 第 68 行.
NOTIC: [8] Undefined variable: content /www/web/yigong/public_html/SingKa/Library/Think/Controller.class.php 第 69 行.
INFO: [ view_parse ] --START--
INFO: [ template_filter ] --START--
INFO: Run Behavior\ContentReplaceBehavior [ RunTime:0.000119s ]
INFO: [ template_filter ] --END-- [ RunTime:0.000205s ]
NOTIC: [8] Undefined index: uid /www/web/yigong/public_html/Application/Runtime/Cache/Home/2a94b8bda04ff446dcedd42276fc99ee.php 第 26 行.
NOTIC: [8] Undefined index: uid /www/web/yigong/public_html/Application/Runtime/Cache/Home/2a94b8bda04ff446dcedd42276fc99ee.php 第 33 行.
SQL: SHOW COLUMNS FROM `vol_consultation` [ RunTime:0.0008s ]
SQL: SELECT * FROM `vol_consultation` WHERE ( uid='' and status='0' ) LIMIT 1   [ RunTime:0.0001s ]
SQL: SELECT * FROM `vol_consultation` WHERE ( uid='' and status='1' ) LIMIT 1   [ RunTime:0.0001s ]
SQL: SELECT * FROM `vol_consultation` WHERE ( uid='' and status='2' ) LIMIT 1   [ RunTime:0.0001s ]
NOTIC: [8] Undefined index: uid /www/web/yigong/public_html/Application/Runtime/Cache/Home/2a94b8bda04ff446dcedd42276fc99ee.php 第 46 行.
NOTIC: [8] Undefined index: uid /www/web/yigong/public_html/Application/Runtime/Cache/Home/2a94b8bda04ff446dcedd42276fc99ee.php 第 64 行.
SQL: SHOW COLUMNS FROM `vol_restaurant` [ RunTime:0.0005s ]
SQL: SELECT * FROM `vol_restaurant` WHERE ( uid='' and date='2016/05/28' ) LIMIT 1   [ RunTime:0.0001s ]
NOTIC: [8] Undefined index: uid /www/web/yigong/public_html/Application/Runtime/Cache/Home/2a94b8bda04ff446dcedd42276fc99ee.php 第 73 行.
NOTIC: [8] Undefined index: uid /www/web/yigong/public_html/Application/Runtime/Cache/Home/2a94b8bda04ff446dcedd42276fc99ee.php 第 90 行.
SQL: SELECT * FROM `vol_active_sign` WHERE ( aid='2' and uid='' ) LIMIT 1   [ RunTime:0.0001s ]
INFO: Run Behavior\ParseTemplateBehavior [ RunTime:0.014651s ]
INFO: [ view_parse ] --END-- [ RunTime:0.014706s ]
INFO: [ view_filter ] --START--
INFO: Run Behavior\WriteHtmlCacheBehavior [ RunTime:0.000261s ]
INFO: [ view_filter ] --END-- [ RunTime:0.000315s ]
INFO: [ app_end ] --START--
INFO: Run Behavior\ShowPageTraceBehavior [ RunTime:0.000474s ]
INFO: [ app_end ] --END-- [ RunTime:0.000525s ]

[ 2016-05-27T13:19:27+08:00 ] 121.42.0.87 /
INFO: [ app_init ] --START--
INFO: Run Behavior\BuildLiteBehavior [ RunTime:0.000014s ]
INFO: [ app_init ] --END-- [ RunTime:0.000339s ]
INFO: [ app_begin ] --START--
INFO: Run Behavior\ReadHtmlCacheBehavior [ RunTime:0.000413s ]
INFO: [ app_begin ] --END-- [ RunTime:0.000470s ]
SQL: SHOW COLUMNS FROM `vol_consultation_type` [ RunTime:0.0006s ]
SQL: SELECT * FROM `vol_consultation_type`  [ RunTime:0.0001s ]
SQL: SHOW COLUMNS FROM `vol_restaurant_time` [ RunTime:0.0004s ]
SQL: SELECT * FROM `vol_restaurant_time`  [ RunTime:0.0001s ]
SQL: SHOW COLUMNS FROM `vol_active` [ RunTime:0.0004s ]
SQL: SELECT * FROM `vol_active` ORDER BY id DESC LIMIT 1   [ RunTime:0.0001s ]
SQL: SHOW COLUMNS FROM `vol_active_sign` [ RunTime:0.0004s ]
SQL: SELECT SUM(number) AS tp_sum FROM `vol_active_sign` WHERE ( aid='2' ) LIMIT 1   [ RunTime:0.0001s ]
NOTIC: [8] Undefined index: uid /www/web/yigong/public_html/Application/Home/Controller/IndexController.class.php 第 19 行.
SQL: SHOW COLUMNS FROM `vol_user` [ RunTime:0.0006s ]
SQL: SELECT * FROM `vol_user` WHERE ( uid='' ) LIMIT 1   [ RunTime:0.0001s ]
NOTIC: [2] Missing argument 1 for Think\Controller::show(), called in /www/web/yigong/public_html/Application/Home/Controller/IndexController.class.php on line 23 and defined /www/web/yigong/public_html/SingKa/Library/Think/Controller.class.php 第 68 行.
NOTIC: [8] Undefined variable: content /www/web/yigong/public_html/SingKa/Library/Think/Controller.class.php 第 69 行.
INFO: [ view_parse ] --START--
INFO: [ template_filter ] --START--
INFO: Run Behavior\ContentReplaceBehavior [ RunTime:0.000107s ]
INFO: [ template_filter ] --END-- [ RunTime:0.000171s ]
NOTIC: [8] Undefined index: uid /www/web/yigong/public_html/Application/Runtime/Cache/Home/2a94b8bda04ff446dcedd42276fc99ee.php 第 26 行.
NOTIC: [8] Undefined index: uid /www/web/yigong/public_html/Application/Runtime/Cache/Home/2a94b8bda04ff446dcedd42276fc99ee.php 第 33 行.
SQL: SHOW COLUMNS FROM `vol_consultation` [ RunTime:0.0006s ]
SQL: SELECT * FROM `vol_consultation` WHERE ( uid='' and status='0' ) LIMIT 1   [ RunTime:0.0001s ]
SQL: SELECT * FROM `vol_consultation` WHERE ( uid='' and status='1' ) LIMIT 1   [ RunTime:0.0001s ]
SQL: SELECT * FROM `vol_consultation` WHERE ( uid='' and status='2' ) LIMIT 1   [ RunTime:0.0001s ]
NOTIC: [8] Undefined index: uid /www/web/yigong/public_html/Application/Runtime/Cache/Home/2a94b8bda04ff446dcedd42276fc99ee.php 第 46 行.
NOTIC: [8] Undefined index: uid /www/web/yigong/public_html/Application/Runtime/Cache/Home/2a94b8bda04ff446dcedd42276fc99ee.php 第 64 行.
SQL: SHOW COLUMNS FROM `vol_restaurant` [ RunTime:0.0004s ]
SQL: SELECT * FROM `vol_restaurant` WHERE ( uid='' and date='2016/05/28' ) LIMIT 1   [ RunTime:0.0001s ]
NOTIC: [8] Undefined index: uid /www/web/yigong/public_html/Application/Runtime/Cache/Home/2a94b8bda04ff446dcedd42276fc99ee.php 第 73 行.
NOTIC: [8] Undefined index: uid /www/web/yigong/public_html/Application/Runtime/Cache/Home/2a94b8bda04ff446dcedd42276fc99ee.php 第 90 行.
SQL: SELECT * FROM `vol_active_sign` WHERE ( aid='2' and uid='' ) LIMIT 1   [ RunTime:0.0001s ]
INFO: Run Behavior\ParseTemplateBehavior [ RunTime:0.013597s ]
INFO: [ view_parse ] --END-- [ RunTime:0.013649s ]
INFO: [ view_filter ] --START--
INFO: Run Behavior\WriteHtmlCacheBehavior [ RunTime:0.000223s ]
INFO: [ view_filter ] --END-- [ RunTime:0.000273s ]
INFO: [ app_end ] --START--
INFO: Run Behavior\ShowPageTraceBehavior [ RunTime:0.000460s ]
INFO: [ app_end ] --END-- [ RunTime:0.000513s ]

[ 2016-05-27T13:22:43+08:00 ] 121.42.0.87 /index.php
INFO: [ app_init ] --START--
INFO: Run Behavior\BuildLiteBehavior [ RunTime:0.000015s ]
INFO: [ app_init ] --END-- [ RunTime:0.000318s ]
INFO: [ app_begin ] --START--
INFO: Run Behavior\ReadHtmlCacheBehavior [ RunTime:0.000439s ]
INFO: [ app_begin ] --END-- [ RunTime:0.000496s ]
SQL: SHOW COLUMNS FROM `vol_consultation_type` [ RunTime:0.0006s ]
SQL: SELECT * FROM `vol_consultation_type`  [ RunTime:0.0001s ]
SQL: SHOW COLUMNS FROM `vol_restaurant_time` [ RunTime:0.0004s ]
SQL: SELECT * FROM `vol_restaurant_time`  [ RunTime:0.0001s ]
SQL: SHOW COLUMNS FROM `vol_active` [ RunTime:0.0004s ]
SQL: SELECT * FROM `vol_active` ORDER BY id DESC LIMIT 1   [ RunTime:0.0001s ]
SQL: SHOW COLUMNS FROM `vol_active_sign` [ RunTime:0.0004s ]
SQL: SELECT SUM(number) AS tp_sum FROM `vol_active_sign` WHERE ( aid='2' ) LIMIT 1   [ RunTime:0.0001s ]
NOTIC: [8] Undefined index: uid /www/web/yigong/public_html/Application/Home/Controller/IndexController.class.php 第 19 行.
SQL: SHOW COLUMNS FROM `vol_user` [ RunTime:0.0006s ]
SQL: SELECT * FROM `vol_user` WHERE ( uid='' ) LIMIT 1   [ RunTime:0.0001s ]
NOTIC: [2] Missing argument 1 for Think\Controller::show(), called in /www/web/yigong/public_html/Application/Home/Controller/IndexController.class.php on line 23 and defined /www/web/yigong/public_html/SingKa/Library/Think/Controller.class.php 第 68 行.
NOTIC: [8] Undefined variable: content /www/web/yigong/public_html/SingKa/Library/Think/Controller.class.php 第 69 行.
INFO: [ view_parse ] --START--
INFO: [ template_filter ] --START--
INFO: Run Behavior\ContentReplaceBehavior [ RunTime:0.000089s ]
INFO: [ template_filter ] --END-- [ RunTime:0.000170s ]
NOTIC: [8] Undefined index: uid /www/web/yigong/public_html/Application/Runtime/Cache/Home/2a94b8bda04ff446dcedd42276fc99ee.php 第 26 行.
NOTIC: [8] Undefined index: uid /www/web/yigong/public_html/Application/Runtime/Cache/Home/2a94b8bda04ff446dcedd42276fc99ee.php 第 33 行.
SQL: SHOW COLUMNS FROM `vol_consultation` [ RunTime:0.0006s ]
SQL: SELECT * FROM `vol_consultation` WHERE ( uid='' and status='0' ) LIMIT 1   [ RunTime:0.0001s ]
SQL: SELECT * FROM `vol_consultation` WHERE ( uid='' and status='1' ) LIMIT 1   [ RunTime:0.0001s ]
SQL: SELECT * FROM `vol_consultation` WHERE ( uid='' and status='2' ) LIMIT 1   [ RunTime:0.0001s ]
NOTIC: [8] Undefined index: uid /www/web/yigong/public_html/Application/Runtime/Cache/Home/2a94b8bda04ff446dcedd42276fc99ee.php 第 46 行.
NOTIC: [8] Undefined index: uid /www/web/yigong/public_html/Application/Runtime/Cache/Home/2a94b8bda04ff446dcedd42276fc99ee.php 第 64 行.
SQL: SHOW COLUMNS FROM `vol_restaurant` [ RunTime:0.0004s ]
SQL: SELECT * FROM `vol_restaurant` WHERE ( uid='' and date='2016/05/28' ) LIMIT 1   [ RunTime:0.0001s ]
NOTIC: [8] Undefined index: uid /www/web/yigong/public_html/Application/Runtime/Cache/Home/2a94b8bda04ff446dcedd42276fc99ee.php 第 73 行.
NOTIC: [8] Undefined index: uid /www/web/yigong/public_html/Application/Runtime/Cache/Home/2a94b8bda04ff446dcedd42276fc99ee.php 第 90 行.
SQL: SELECT * FROM `vol_active_sign` WHERE ( aid='2' and uid='' ) LIMIT 1   [ RunTime:0.0001s ]
INFO: Run Behavior\ParseTemplateBehavior [ RunTime:0.013171s ]
INFO: [ view_parse ] --END-- [ RunTime:0.013221s ]
INFO: [ view_filter ] --START--
INFO: Run Behavior\WriteHtmlCacheBehavior [ RunTime:0.000199s ]
INFO: [ view_filter ] --END-- [ RunTime:0.000247s ]
INFO: [ app_end ] --START--
INFO: Run Behavior\ShowPageTraceBehavior [ RunTime:0.000446s ]
INFO: [ app_end ] --END-- [ RunTime:0.000499s ]

[ 2016-05-27T13:24:40+08:00 ] 121.42.0.87 /
INFO: [ app_init ] --START--
INFO: Run Behavior\BuildLiteBehavior [ RunTime:0.000015s ]
INFO: [ app_init ] --END-- [ RunTime:0.000329s ]
INFO: [ app_begin ] --START--
INFO: Run Behavior\ReadHtmlCacheBehavior [ RunTime:0.000412s ]
INFO: [ app_begin ] --END-- [ RunTime:0.000469s ]
SQL: SHOW COLUMNS FROM `vol_consultation_type` [ RunTime:0.0006s ]
SQL: SELECT * FROM `vol_consultation_type`  [ RunTime:0.0001s ]
SQL: SHOW COLUMNS FROM `vol_restaurant_time` [ RunTime:0.0004s ]
SQL: SELECT * FROM `vol_restaurant_time`  [ RunTime:0.0001s ]
SQL: SHOW COLUMNS FROM `vol_active` [ RunTime:0.0005s ]
SQL: SELECT * FROM `vol_active` ORDER BY id DESC LIMIT 1   [ RunTime:0.0001s ]
SQL: SHOW COLUMNS FROM `vol_active_sign` [ RunTime:0.0004s ]
SQL: SELECT SUM(number) AS tp_sum FROM `vol_active_sign` WHERE ( aid='2' ) LIMIT 1   [ RunTime:0.0001s ]
NOTIC: [8] Undefined index: uid /www/web/yigong/public_html/Application/Home/Controller/IndexController.class.php 第 19 行.
SQL: SHOW COLUMNS FROM `vol_user` [ RunTime:0.0006s ]
SQL: SELECT * FROM `vol_user` WHERE ( uid='' ) LIMIT 1   [ RunTime:0.0001s ]
NOTIC: [2] Missing argument 1 for Think\Controller::show(), called in /www/web/yigong/public_html/Application/Home/Controller/IndexController.class.php on line 23 and defined /www/web/yigong/public_html/SingKa/Library/Think/Controller.class.php 第 68 行.
NOTIC: [8] Undefined variable: content /www/web/yigong/public_html/SingKa/Library/Think/Controller.class.php 第 69 行.
INFO: [ view_parse ] --START--
INFO: [ template_filter ] --START--
INFO: Run Behavior\ContentReplaceBehavior [ RunTime:0.000086s ]
INFO: [ template_filter ] --END-- [ RunTime:0.000145s ]
NOTIC: [8] Undefined index: uid /www/web/yigong/public_html/Application/Runtime/Cache/Home/2a94b8bda04ff446dcedd42276fc99ee.php 第 26 行.
NOTIC: [8] Undefined index: uid /www/web/yigong/public_html/Application/Runtime/Cache/Home/2a94b8bda04ff446dcedd42276fc99ee.php 第 33 行.
SQL: SHOW COLUMNS FROM `vol_consultation` [ RunTime:0.0006s ]
SQL: SELECT * FROM `vol_consultation` WHERE ( uid='' and status='0' ) LIMIT 1   [ RunTime:0.0001s ]
SQL: SELECT * FROM `vol_consultation` WHERE ( uid='' and status='1' ) LIMIT 1   [ RunTime:0.0001s ]
SQL: SELECT * FROM `vol_consultation` WHERE ( uid='' and status='2' ) LIMIT 1   [ RunTime:0.0001s ]
NOTIC: [8] Undefined index: uid /www/web/yigong/public_html/Application/Runtime/Cache/Home/2a94b8bda04ff446dcedd42276fc99ee.php 第 46 行.
NOTIC: [8] Undefined index: uid /www/web/yigong/public_html/Application/Runtime/Cache/Home/2a94b8bda04ff446dcedd42276fc99ee.php 第 64 行.
SQL: SHOW COLUMNS FROM `vol_restaurant` [ RunTime:0.0004s ]
SQL: SELECT * FROM `vol_restaurant` WHERE ( uid='' and date='2016/05/28' ) LIMIT 1   [ RunTime:0.0001s ]
NOTIC: [8] Undefined index: uid /www/web/yigong/public_html/Application/Runtime/Cache/Home/2a94b8bda04ff446dcedd42276fc99ee.php 第 73 行.
NOTIC: [8] Undefined index: uid /www/web/yigong/public_html/Application/Runtime/Cache/Home/2a94b8bda04ff446dcedd42276fc99ee.php 第 90 行.
SQL: SELECT * FROM `vol_active_sign` WHERE ( aid='2' and uid='' ) LIMIT 1   [ RunTime:0.0001s ]
INFO: Run Behavior\ParseTemplateBehavior [ RunTime:0.013508s ]
INFO: [ view_parse ] --END-- [ RunTime:0.013558s ]
INFO: [ view_filter ] --START--
INFO: Run Behavior\WriteHtmlCacheBehavior [ RunTime:0.000207s ]
INFO: [ view_filter ] --END-- [ RunTime:0.000257s ]
INFO: [ app_end ] --START--
INFO: Run Behavior\ShowPageTraceBehavior [ RunTime:0.000467s ]
INFO: [ app_end ] --END-- [ RunTime:0.000519s ]

[ 2016-05-27T13:24:45+08:00 ] 121.42.0.87 /
INFO: [ app_init ] --START--
INFO: Run Behavior\BuildLiteBehavior [ RunTime:0.000015s ]
INFO: [ app_init ] --END-- [ RunTime:0.000334s ]
INFO: [ app_begin ] --START--
INFO: Run Behavior\ReadHtmlCacheBehavior [ RunTime:0.000413s ]
INFO: [ app_begin ] --END-- [ RunTime:0.000469s ]
SQL: SHOW COLUMNS FROM `vol_consultation_type` [ RunTime:0.0006s ]
SQL: SELECT * FROM `vol_consultation_type`  [ RunTime:0.0001s ]
SQL: SHOW COLUMNS FROM `vol_restaurant_time` [ RunTime:0.0004s ]
SQL: SELECT * FROM `vol_restaurant_time`  [ RunTime:0.0001s ]
SQL: SHOW COLUMNS FROM `vol_active` [ RunTime:0.0005s ]
SQL: SELECT * FROM `vol_active` ORDER BY id DESC LIMIT 1   [ RunTime:0.0001s ]
SQL: SHOW COLUMNS FROM `vol_active_sign` [ RunTime:0.0004s ]
SQL: SELECT SUM(number) AS tp_sum FROM `vol_active_sign` WHERE ( aid='2' ) LIMIT 1   [ RunTime:0.0001s ]
NOTIC: [8] Undefined index: uid /www/web/yigong/public_html/Application/Home/Controller/IndexController.class.php 第 19 行.
SQL: SHOW COLUMNS FROM `vol_user` [ RunTime:0.0006s ]
SQL: SELECT * FROM `vol_user` WHERE ( uid='' ) LIMIT 1   [ RunTime:0.0001s ]
NOTIC: [2] Missing argument 1 for Think\Controller::show(), called in /www/web/yigong/public_html/Application/Home/Controller/IndexController.class.php on line 23 and defined /www/web/yigong/public_html/SingKa/Library/Think/Controller.class.php 第 68 行.
NOTIC: [8] Undefined variable: content /www/web/yigong/public_html/SingKa/Library/Think/Controller.class.php 第 69 行.
INFO: [ view_parse ] --START--
INFO: [ template_filter ] --START--
INFO: Run Behavior\ContentReplaceBehavior [ RunTime:0.000094s ]
INFO: [ template_filter ] --END-- [ RunTime:0.000170s ]
NOTIC: [8] Undefined index: uid /www/web/yigong/public_html/Application/Runtime/Cache/Home/2a94b8bda04ff446dcedd42276fc99ee.php 第 26 行.
NOTIC: [8] Undefined index: uid /www/web/yigong/public_html/Application/Runtime/Cache/Home/2a94b8bda04ff446dcedd42276fc99ee.php 第 33 行.
SQL: SHOW COLUMNS FROM `vol_consultation` [ RunTime:0.0006s ]
SQL: SELECT * FROM `vol_consultation` WHERE ( uid='' and status='0' ) LIMIT 1   [ RunTime:0.0001s ]
SQL: SELECT * FROM `vol_consultation` WHERE ( uid='' and status='1' ) LIMIT 1   [ RunTime:0.0001s ]
SQL: SELECT * FROM `vol_consultation` WHERE ( uid='' and status='2' ) LIMIT 1   [ RunTime:0.0001s ]
NOTIC: [8] Undefined index: uid /www/web/yigong/public_html/Application/Runtime/Cache/Home/2a94b8bda04ff446dcedd42276fc99ee.php 第 46 行.
NOTIC: [8] Undefined index: uid /www/web/yigong/public_html/Application/Runtime/Cache/Home/2a94b8bda04ff446dcedd42276fc99ee.php 第 64 行.
SQL: SHOW COLUMNS FROM `vol_restaurant` [ RunTime:0.0005s ]
SQL: SELECT * FROM `vol_restaurant` WHERE ( uid='' and date='2016/05/28' ) LIMIT 1   [ RunTime:0.0001s ]
NOTIC: [8] Undefined index: uid /www/web/yigong/public_html/Application/Runtime/Cache/Home/2a94b8bda04ff446dcedd42276fc99ee.php 第 73 行.
NOTIC: [8] Undefined index: uid /www/web/yigong/public_html/Application/Runtime/Cache/Home/2a94b8bda04ff446dcedd42276fc99ee.php 第 90 行.
SQL: SELECT * FROM `vol_active_sign` WHERE ( aid='2' and uid='' ) LIMIT 1   [ RunTime:0.0001s ]
INFO: Run Behavior\ParseTemplateBehavior [ RunTime:0.014311s ]
INFO: [ view_parse ] --END-- [ RunTime:0.014366s ]
INFO: [ view_filter ] --START--
INFO: Run Behavior\WriteHtmlCacheBehavior [ RunTime:0.000241s ]
INFO: [ view_filter ] --END-- [ RunTime:0.000293s ]
INFO: [ app_end ] --START--
INFO: Run Behavior\ShowPageTraceBehavior [ RunTime:0.000449s ]
INFO: [ app_end ] --END-- [ RunTime:0.000501s ]

[ 2016-05-27T13:24:47+08:00 ] 121.42.0.87 /
INFO: [ app_init ] --START--
INFO: Run Behavior\BuildLiteBehavior [ RunTime:0.000018s ]
INFO: [ app_init ] --END-- [ RunTime:0.000323s ]
INFO: [ app_begin ] --START--
INFO: Run Behavior\ReadHtmlCacheBehavior [ RunTime:0.000442s ]
INFO: [ app_begin ] --END-- [ RunTime:0.000512s ]
SQL: SHOW COLUMNS FROM `vol_consultation_type` [ RunTime:0.0008s ]
SQL: SELECT * FROM `vol_consultation_type`  [ RunTime:0.0001s ]
SQL: SHOW COLUMNS FROM `vol_restaurant_time` [ RunTime:0.0004s ]
SQL: SELECT * FROM `vol_restaurant_time`  [ RunTime:0.0001s ]
SQL: SHOW COLUMNS FROM `vol_active` [ RunTime:0.0004s ]
SQL: SELECT * FROM `vol_active` ORDER BY id DESC LIMIT 1   [ RunTime:0.0001s ]
SQL: SHOW COLUMNS FROM `vol_active_sign` [ RunTime:0.0004s ]
SQL: SELECT SUM(number) AS tp_sum FROM `vol_active_sign` WHERE ( aid='2' ) LIMIT 1   [ RunTime:0.0001s ]
NOTIC: [8] Undefined index: uid /www/web/yigong/public_html/Application/Home/Controller/IndexController.class.php 第 19 行.
SQL: SHOW COLUMNS FROM `vol_user` [ RunTime:0.0008s ]
SQL: SELECT * FROM `vol_user` WHERE ( uid='' ) LIMIT 1   [ RunTime:0.0001s ]
NOTIC: [2] Missing argument 1 for Think\Controller::show(), called in /www/web/yigong/public_html/Application/Home/Controller/IndexController.class.php on line 23 and defined /www/web/yigong/public_html/SingKa/Library/Think/Controller.class.php 第 68 行.
NOTIC: [8] Undefined variable: content /www/web/yigong/public_html/SingKa/Library/Think/Controller.class.php 第 69 行.
INFO: [ view_parse ] --START--
INFO: [ template_filter ] --START--
INFO: Run Behavior\ContentReplaceBehavior [ RunTime:0.000103s ]
INFO: [ template_filter ] --END-- [ RunTime:0.000165s ]
NOTIC: [8] Undefined index: uid /www/web/yigong/public_html/Application/Runtime/Cache/Home/2a94b8bda04ff446dcedd42276fc99ee.php 第 26 行.
NOTIC: [8] Undefined index: uid /www/web/yigong/public_html/Application/Runtime/Cache/Home/2a94b8bda04ff446dcedd42276fc99ee.php 第 33 行.
SQL: SHOW COLUMNS FROM `vol_consultation` [ RunTime:0.0006s ]
SQL: SELECT * FROM `vol_consultation` WHERE ( uid='' and status='0' ) LIMIT 1   [ RunTime:0.0001s ]
SQL: SELECT * FROM `vol_consultation` WHERE ( uid='' and status='1' ) LIMIT 1   [ RunTime:0.0001s ]
SQL: SELECT * FROM `vol_consultation` WHERE ( uid='' and status='2' ) LIMIT 1   [ RunTime:0.0001s ]
NOTIC: [8] Undefined index: uid /www/web/yigong/public_html/Application/Runtime/Cache/Home/2a94b8bda04ff446dcedd42276fc99ee.php 第 46 行.
NOTIC: [8] Undefined index: uid /www/web/yigong/public_html/Application/Runtime/Cache/Home/2a94b8bda04ff446dcedd42276fc99ee.php 第 64 行.
SQL: SHOW COLUMNS FROM `vol_restaurant` [ RunTime:0.0004s ]
SQL: SELECT * FROM `vol_restaurant` WHERE ( uid='' and date='2016/05/28' ) LIMIT 1   [ RunTime:0.0001s ]
NOTIC: [8] Undefined index: uid /www/web/yigong/public_html/Application/Runtime/Cache/Home/2a94b8bda04ff446dcedd42276fc99ee.php 第 73 行.
NOTIC: [8] Undefined index: uid /www/web/yigong/public_html/Application/Runtime/Cache/Home/2a94b8bda04ff446dcedd42276fc99ee.php 第 90 行.
SQL: SELECT * FROM `vol_active_sign` WHERE ( aid='2' and uid='' ) LIMIT 1   [ RunTime:0.0001s ]
INFO: Run Behavior\ParseTemplateBehavior [ RunTime:0.013155s ]
INFO: [ view_parse ] --END-- [ RunTime:0.013207s ]
INFO: [ view_filter ] --START--
INFO: Run Behavior\WriteHtmlCacheBehavior [ RunTime:0.000201s ]
INFO: [ view_filter ] --END-- [ RunTime:0.000249s ]
INFO: [ app_end ] --START--
INFO: Run Behavior\ShowPageTraceBehavior [ RunTime:0.000471s ]
INFO: [ app_end ] --END-- [ RunTime:0.000522s ]

[ 2016-05-27T13:26:17+08:00 ] 121.42.0.87 /
INFO: [ app_init ] --START--
INFO: Run Behavior\BuildLiteBehavior [ RunTime:0.000017s ]
INFO: [ app_init ] --END-- [ RunTime:0.000389s ]
INFO: [ app_begin ] --START--
INFO: Run Behavior\ReadHtmlCacheBehavior [ RunTime:0.000447s ]
INFO: [ app_begin ] --END-- [ RunTime:0.000504s ]
SQL: SHOW COLUMNS FROM `vol_consultation_type` [ RunTime:0.0006s ]
SQL: SELECT * FROM `vol_consultation_type`  [ RunTime:0.0001s ]
SQL: SHOW COLUMNS FROM `vol_restaurant_time` [ RunTime:0.0004s ]
SQL: SELECT * FROM `vol_restaurant_time`  [ RunTime:0.0001s ]
SQL: SHOW COLUMNS FROM `vol_active` [ RunTime:0.0004s ]
SQL: SELECT * FROM `vol_active` ORDER BY id DESC LIMIT 1   [ RunTime:0.0001s ]
SQL: SHOW COLUMNS FROM `vol_active_sign` [ RunTime:0.0004s ]
SQL: SELECT SUM(number) AS tp_sum FROM `vol_active_sign` WHERE ( aid='2' ) LIMIT 1   [ RunTime:0.0001s ]
NOTIC: [8] Undefined index: uid /www/web/yigong/public_html/Application/Home/Controller/IndexController.class.php 第 19 行.
SQL: SHOW COLUMNS FROM `vol_user` [ RunTime:0.0008s ]
SQL: SELECT * FROM `vol_user` WHERE ( uid='' ) LIMIT 1   [ RunTime:0.0001s ]
NOTIC: [2] Missing argument 1 for Think\Controller::show(), called in /www/web/yigong/public_html/Application/Home/Controller/IndexController.class.php on line 23 and defined /www/web/yigong/public_html/SingKa/Library/Think/Controller.class.php 第 68 行.
NOTIC: [8] Undefined variable: content /www/web/yigong/public_html/SingKa/Library/Think/Controller.class.php 第 69 行.
INFO: [ view_parse ] --START--
INFO: [ template_filter ] --START--
INFO: Run Behavior\ContentReplaceBehavior [ RunTime:0.000088s ]
INFO: [ template_filter ] --END-- [ RunTime:0.000148s ]
NOTIC: [8] Undefined index: uid /www/web/yigong/public_html/Application/Runtime/Cache/Home/2a94b8bda04ff446dcedd42276fc99ee.php 第 26 行.
NOTIC: [8] Undefined index: uid /www/web/yigong/public_html/Application/Runtime/Cache/Home/2a94b8bda04ff446dcedd42276fc99ee.php 第 33 行.
SQL: SHOW COLUMNS FROM `vol_consultation` [ RunTime:0.0007s ]
SQL: SELECT * FROM `vol_consultation` WHERE ( uid='' and status='0' ) LIMIT 1   [ RunTime:0.0001s ]
SQL: SELECT * FROM `vol_consultation` WHERE ( uid='' and status='1' ) LIMIT 1   [ RunTime:0.0001s ]
SQL: SELECT * FROM `vol_consultation` WHERE ( uid='' and status='2' ) LIMIT 1   [ RunTime:0.0001s ]
NOTIC: [8] Undefined index: uid /www/web/yigong/public_html/Application/Runtime/Cache/Home/2a94b8bda04ff446dcedd42276fc99ee.php 第 46 行.
NOTIC: [8] Undefined index: uid /www/web/yigong/public_html/Application/Runtime/Cache/Home/2a94b8bda04ff446dcedd42276fc99ee.php 第 64 行.
SQL: SHOW COLUMNS FROM `vol_restaurant` [ RunTime:0.0004s ]
SQL: SELECT * FROM `vol_restaurant` WHERE ( uid='' and date='2016/05/28' ) LIMIT 1   [ RunTime:0.0001s ]
NOTIC: [8] Undefined index: uid /www/web/yigong/public_html/Application/Runtime/Cache/Home/2a94b8bda04ff446dcedd42276fc99ee.php 第 73 行.
NOTIC: [8] Undefined index: uid /www/web/yigong/public_html/Application/Runtime/Cache/Home/2a94b8bda04ff446dcedd42276fc99ee.php 第 90 行.
SQL: SELECT * FROM `vol_active_sign` WHERE ( aid='2' and uid='' ) LIMIT 1   [ RunTime:0.0001s ]
INFO: Run Behavior\ParseTemplateBehavior [ RunTime:0.013736s ]
INFO: [ view_parse ] --END-- [ RunTime:0.013798s ]
INFO: [ view_filter ] --START--
INFO: Run Behavior\WriteHtmlCacheBehavior [ RunTime:0.000200s ]
INFO: [ view_filter ] --END-- [ RunTime:0.000249s ]
INFO: [ app_end ] --START--
INFO: Run Behavior\ShowPageTraceBehavior [ RunTime:0.000565s ]
INFO: [ app_end ] --END-- [ RunTime:0.000630s ]

[ 2016-05-27T13:26:35+08:00 ] 121.42.0.87 /index.php
INFO: [ app_init ] --START--
INFO: Run Behavior\BuildLiteBehavior [ RunTime:0.000018s ]
INFO: [ app_init ] --END-- [ RunTime:0.000356s ]
INFO: [ app_begin ] --START--
INFO: Run Behavior\ReadHtmlCacheBehavior [ RunTime:0.000455s ]
INFO: [ app_begin ] --END-- [ RunTime:0.000512s ]
SQL: SHOW COLUMNS FROM `vol_consultation_type` [ RunTime:0.0006s ]
SQL: SELECT * FROM `vol_consultation_type`  [ RunTime:0.0001s ]
SQL: SHOW COLUMNS FROM `vol_restaurant_time` [ RunTime:0.0004s ]
SQL: SELECT * FROM `vol_restaurant_time`  [ RunTime:0.0001s ]
SQL: SHOW COLUMNS FROM `vol_active` [ RunTime:0.0004s ]
SQL: SELECT * FROM `vol_active` ORDER BY id DESC LIMIT 1   [ RunTime:0.0001s ]
SQL: SHOW COLUMNS FROM `vol_active_sign` [ RunTime:0.0004s ]
SQL: SELECT SUM(number) AS tp_sum FROM `vol_active_sign` WHERE ( aid='2' ) LIMIT 1   [ RunTime:0.0001s ]
NOTIC: [8] Undefined index: uid /www/web/yigong/public_html/Application/Home/Controller/IndexController.class.php 第 19 行.
SQL: SHOW COLUMNS FROM `vol_user` [ RunTime:0.0005s ]
SQL: SELECT * FROM `vol_user` WHERE ( uid='' ) LIMIT 1   [ RunTime:0.0001s ]
NOTIC: [2] Missing argument 1 for Think\Controller::show(), called in /www/web/yigong/public_html/Application/Home/Controller/IndexController.class.php on line 23 and defined /www/web/yigong/public_html/SingKa/Library/Think/Controller.class.php 第 68 行.
NOTIC: [8] Undefined variable: content /www/web/yigong/public_html/SingKa/Library/Think/Controller.class.php 第 69 行.
INFO: [ view_parse ] --START--
INFO: [ template_filter ] --START--
INFO: Run Behavior\ContentReplaceBehavior [ RunTime:0.000089s ]
INFO: [ template_filter ] --END-- [ RunTime:0.000165s ]
NOTIC: [8] Undefined index: uid /www/web/yigong/public_html/Application/Runtime/Cache/Home/2a94b8bda04ff446dcedd42276fc99ee.php 第 26 行.
NOTIC: [8] Undefined index: uid /www/web/yigong/public_html/Application/Runtime/Cache/Home/2a94b8bda04ff446dcedd42276fc99ee.php 第 33 行.
SQL: SHOW COLUMNS FROM `vol_consultation` [ RunTime:0.0005s ]
SQL: SELECT * FROM `vol_consultation` WHERE ( uid='' and status='0' ) LIMIT 1   [ RunTime:0.0001s ]
SQL: SELECT * FROM `vol_consultation` WHERE ( uid='' and status='1' ) LIMIT 1   [ RunTime:0.0001s ]
SQL: SELECT * FROM `vol_consultation` WHERE ( uid='' and status='2' ) LIMIT 1   [ RunTime:0.0001s ]
NOTIC: [8] Undefined index: uid /www/web/yigong/public_html/Application/Runtime/Cache/Home/2a94b8bda04ff446dcedd42276fc99ee.php 第 46 行.
NOTIC: [8] Undefined index: uid /www/web/yigong/public_html/Application/Runtime/Cache/Home/2a94b8bda04ff446dcedd42276fc99ee.php 第 64 行.
SQL: SHOW COLUMNS FROM `vol_restaurant` [ RunTime:0.0004s ]
SQL: SELECT * FROM `vol_restaurant` WHERE ( uid='' and date='2016/05/28' ) LIMIT 1   [ RunTime:0.0001s ]
NOTIC: [8] Undefined index: uid /www/web/yigong/public_html/Application/Runtime/Cache/Home/2a94b8bda04ff446dcedd42276fc99ee.php 第 73 行.
NOTIC: [8] Undefined index: uid /www/web/yigong/public_html/Application/Runtime/Cache/Home/2a94b8bda04ff446dcedd42276fc99ee.php 第 90 行.
SQL: SELECT * FROM `vol_active_sign` WHERE ( aid='2' and uid='' ) LIMIT 1   [ RunTime:0.0001s ]
INFO: Run Behavior\ParseTemplateBehavior [ RunTime:0.013655s ]
INFO: [ view_parse ] --END-- [ RunTime:0.013749s ]
INFO: [ view_filter ] --START--
INFO: Run Behavior\WriteHtmlCacheBehavior [ RunTime:0.000241s ]
INFO: [ view_filter ] --END-- [ RunTime:0.000301s ]
INFO: [ app_end ] --START--
INFO: Run Behavior\ShowPageTraceBehavior [ RunTime:0.000450s ]
INFO: [ app_end ] --END-- [ RunTime:0.000503s ]

[ 2016-05-27T13:26:47+08:00 ] 121.42.0.87 /
INFO: [ app_init ] --START--
INFO: Run Behavior\BuildLiteBehavior [ RunTime:0.000014s ]
INFO: [ app_init ] --END-- [ RunTime:0.000308s ]
INFO: [ app_begin ] --START--
INFO: Run Behavior\ReadHtmlCacheBehavior [ RunTime:0.000411s ]
INFO: [ app_begin ] --END-- [ RunTime:0.000492s ]
SQL: SHOW COLUMNS FROM `vol_consultation_type` [ RunTime:0.0006s ]
SQL: SELECT * FROM `vol_consultation_type`  [ RunTime:0.0001s ]
SQL: SHOW COLUMNS FROM `vol_restaurant_time` [ RunTime:0.0004s ]
SQL: SELECT * FROM `vol_restaurant_time`  [ RunTime:0.0001s ]
SQL: SHOW COLUMNS FROM `vol_active` [ RunTime:0.0005s ]
SQL: SELECT * FROM `vol_active` ORDER BY id DESC LIMIT 1   [ RunTime:0.0002s ]
SQL: SHOW COLUMNS FROM `vol_active_sign` [ RunTime:0.0007s ]
SQL: SELECT SUM(number) AS tp_sum FROM `vol_active_sign` WHERE ( aid='2' ) LIMIT 1   [ RunTime:0.0001s ]
NOTIC: [8] Undefined index: uid /www/web/yigong/public_html/Application/Home/Controller/IndexController.class.php 第 19 行.
SQL: SHOW COLUMNS FROM `vol_user` [ RunTime:0.0006s ]
SQL: SELECT * FROM `vol_user` WHERE ( uid='' ) LIMIT 1   [ RunTime:0.0001s ]
NOTIC: [2] Missing argument 1 for Think\Controller::show(), called in /www/web/yigong/public_html/Application/Home/Controller/IndexController.class.php on line 23 and defined /www/web/yigong/public_html/SingKa/Library/Think/Controller.class.php 第 68 行.
NOTIC: [8] Undefined variable: content /www/web/yigong/public_html/SingKa/Library/Think/Controller.class.php 第 69 行.
INFO: [ view_parse ] --START--
INFO: [ template_filter ] --START--
INFO: Run Behavior\ContentReplaceBehavior [ RunTime:0.000086s ]
INFO: [ template_filter ] --END-- [ RunTime:0.000144s ]
NOTIC: [8] Undefined index: uid /www/web/yigong/public_html/Application/Runtime/Cache/Home/2a94b8bda04ff446dcedd42276fc99ee.php 第 26 行.
NOTIC: [8] Undefined index: uid /www/web/yigong/public_html/Application/Runtime/Cache/Home/2a94b8bda04ff446dcedd42276fc99ee.php 第 33 行.
SQL: SHOW COLUMNS FROM `vol_consultation` [ RunTime:0.0006s ]
SQL: SELECT * FROM `vol_consultation` WHERE ( uid='' and status='0' ) LIMIT 1   [ RunTime:0.0001s ]
SQL: SELECT * FROM `vol_consultation` WHERE ( uid='' and status='1' ) LIMIT 1   [ RunTime:0.0001s ]
SQL: SELECT * FROM `vol_consultation` WHERE ( uid='' and status='2' ) LIMIT 1   [ RunTime:0.0001s ]
NOTIC: [8] Undefined index: uid /www/web/yigong/public_html/Application/Runtime/Cache/Home/2a94b8bda04ff446dcedd42276fc99ee.php 第 46 行.
NOTIC: [8] Undefined index: uid /www/web/yigong/public_html/Application/Runtime/Cache/Home/2a94b8bda04ff446dcedd42276fc99ee.php 第 64 行.
SQL: SHOW COLUMNS FROM `vol_restaurant` [ RunTime:0.0007s ]
SQL: SELECT * FROM `vol_restaurant` WHERE ( uid='' and date='2016/05/28' ) LIMIT 1   [ RunTime:0.0001s ]
NOTIC: [8] Undefined index: uid /www/web/yigong/public_html/Application/Runtime/Cache/Home/2a94b8bda04ff446dcedd42276fc99ee.php 第 73 行.
NOTIC: [8] Undefined index: uid /www/web/yigong/public_html/Application/Runtime/Cache/Home/2a94b8bda04ff446dcedd42276fc99ee.php 第 90 行.
SQL: SELECT * FROM `vol_active_sign` WHERE ( aid='2' and uid='' ) LIMIT 1   [ RunTime:0.0001s ]
INFO: Run Behavior\ParseTemplateBehavior [ RunTime:0.014353s ]
INFO: [ view_parse ] --END-- [ RunTime:0.014409s ]
INFO: [ view_filter ] --START--
INFO: Run Behavior\WriteHtmlCacheBehavior [ RunTime:0.000258s ]
INFO: [ view_filter ] --END-- [ RunTime:0.000332s ]

[ 2016-05-27T13:26:48+08:00 ] 121.42.0.87 /
INFO: [ app_init ] --START--
INFO: Run Behavior\BuildLiteBehavior [ RunTime:0.000014s ]
INFO: [ app_init ] --END-- [ RunTime:0.000330s ]
INFO: [ app_begin ] --START--
INFO: Run Behavior\ReadHtmlCacheBehavior [ RunTime:0.000440s ]
INFO: [ app_begin ] --END-- [ RunTime:0.000503s ]
SQL: SHOW COLUMNS FROM `vol_consultation_type` [ RunTime:0.0006s ]
SQL: SELECT * FROM `vol_consultation_type`  [ RunTime:0.0001s ]
SQL: SHOW COLUMNS FROM `vol_restaurant_time` [ RunTime:0.0004s ]
SQL: SELECT * FROM `vol_restaurant_time`  [ RunTime:0.0001s ]
SQL: SHOW COLUMNS FROM `vol_active` [ RunTime:0.0005s ]
SQL: SELECT * FROM `vol_active` ORDER BY id DESC LIMIT 1   [ RunTime:0.0001s ]
SQL: SHOW COLUMNS FROM `vol_active_sign` [ RunTime:0.0005s ]
SQL: SELECT SUM(number) AS tp_sum FROM `vol_active_sign` WHERE ( aid='2' ) LIMIT 1   [ RunTime:0.0001s ]
NOTIC: [8] Undefined index: uid /www/web/yigong/public_html/Application/Home/Controller/IndexController.class.php 第 19 行.
SQL: SHOW COLUMNS FROM `vol_user` [ RunTime:0.0007s ]
SQL: SELECT * FROM `vol_user` WHERE ( uid='' ) LIMIT 1   [ RunTime:0.0001s ]
NOTIC: [2] Missing argument 1 for Think\Controller::show(), called in /www/web/yigong/public_html/Application/Home/Controller/IndexController.class.php on line 23 and defined /www/web/yigong/public_html/SingKa/Library/Think/Controller.class.php 第 68 行.
NOTIC: [8] Undefined variable: content /www/web/yigong/public_html/SingKa/Library/Think/Controller.class.php 第 69 行.
INFO: [ view_parse ] --START--
INFO: [ template_filter ] --START--
INFO: Run Behavior\ContentReplaceBehavior [ RunTime:0.000120s ]
INFO: [ template_filter ] --END-- [ RunTime:0.000210s ]
NOTIC: [8] Undefined index: uid /www/web/yigong/public_html/Application/Runtime/Cache/Home/2a94b8bda04ff446dcedd42276fc99ee.php 第 26 行.
NOTIC: [8] Undefined index: uid /www/web/yigong/public_html/Application/Runtime/Cache/Home/2a94b8bda04ff446dcedd42276fc99ee.php 第 33 行.
SQL: SHOW COLUMNS FROM `vol_consultation` [ RunTime:0.0006s ]
SQL: SELECT * FROM `vol_consultation` WHERE ( uid='' and status='0' ) LIMIT 1   [ RunTime:0.0001s ]
SQL: SELECT * FROM `vol_consultation` WHERE ( uid='' and status='1' ) LIMIT 1   [ RunTime:0.0001s ]
SQL: SELECT * FROM `vol_consultation` WHERE ( uid='' and status='2' ) LIMIT 1   [ RunTime:0.0001s ]
NOTIC: [8] Undefined index: uid /www/web/yigong/public_html/Application/Runtime/Cache/Home/2a94b8bda04ff446dcedd42276fc99ee.php 第 46 行.
NOTIC: [8] Undefined index: uid /www/web/yigong/public_html/Application/Runtime/Cache/Home/2a94b8bda04ff446dcedd42276fc99ee.php 第 64 行.
SQL: SHOW COLUMNS FROM `vol_restaurant` [ RunTime:0.0004s ]
SQL: SELECT * FROM `vol_restaurant` WHERE ( uid='' and date='2016/05/28' ) LIMIT 1   [ RunTime:0.0001s ]
NOTIC: [8] Undefined index: uid /www/web/yigong/public_html/Application/Runtime/Cache/Home/2a94b8bda04ff446dcedd42276fc99ee.php 第 73 行.
NOTIC: [8] Undefined index: uid /www/web/yigong/public_html/Application/Runtime/Cache/Home/2a94b8bda04ff446dcedd42276fc99ee.php 第 90 行.
SQL: SELECT * FROM `vol_active_sign` WHERE ( aid='2' and uid='' ) LIMIT 1   [ RunTime:0.0001s ]
INFO: Run Behavior\ParseTemplateBehavior [ RunTime:0.014240s ]
INFO: [ view_parse ] --END-- [ RunTime:0.014291s ]
INFO: [ view_filter ] --START--
INFO: Run Behavior\WriteHtmlCacheBehavior [ RunTime:0.000202s ]
INFO: [ view_filter ] --END-- [ RunTime:0.000251s ]
INFO: [ app_end ] --START--
INFO: Run Behavior\ShowPageTraceBehavior [ RunTime:0.000485s ]
INFO: [ app_end ] --END-- [ RunTime:0.000544s ]

[ 2016-05-27T13:27:08+08:00 ] 121.42.0.67 /?.tmp=t
INFO: [ app_init ] --START--
INFO: Run Behavior\BuildLiteBehavior [ RunTime:0.000015s ]
INFO: [ app_init ] --END-- [ RunTime:0.000329s ]
INFO: [ app_begin ] --START--
INFO: Run Behavior\ReadHtmlCacheBehavior [ RunTime:0.000581s ]
INFO: [ app_begin ] --END-- [ RunTime:0.000679s ]
SQL: SHOW COLUMNS FROM `vol_consultation_type` [ RunTime:0.0006s ]
SQL: SELECT * FROM `vol_consultation_type`  [ RunTime:0.0001s ]
SQL: SHOW COLUMNS FROM `vol_restaurant_time` [ RunTime:0.0004s ]
SQL: SELECT * FROM `vol_restaurant_time`  [ RunTime:0.0001s ]
SQL: SHOW COLUMNS FROM `vol_active` [ RunTime:0.0005s ]
SQL: SELECT * FROM `vol_active` ORDER BY id DESC LIMIT 1   [ RunTime:0.0001s ]
SQL: SHOW COLUMNS FROM `vol_active_sign` [ RunTime:0.0004s ]
SQL: SELECT SUM(number) AS tp_sum FROM `vol_active_sign` WHERE ( aid='2' ) LIMIT 1   [ RunTime:0.0001s ]
NOTIC: [8] Undefined index: uid /www/web/yigong/public_html/Application/Home/Controller/IndexController.class.php 第 19 行.
SQL: SHOW COLUMNS FROM `vol_user` [ RunTime:0.0006s ]
SQL: SELECT * FROM `vol_user` WHERE ( uid='' ) LIMIT 1   [ RunTime:0.0001s ]
NOTIC: [2] Missing argument 1 for Think\Controller::show(), called in /www/web/yigong/public_html/Application/Home/Controller/IndexController.class.php on line 23 and defined /www/web/yigong/public_html/SingKa/Library/Think/Controller.class.php 第 68 行.
NOTIC: [8] Undefined variable: content /www/web/yigong/public_html/SingKa/Library/Think/Controller.class.php 第 69 行.
INFO: [ view_parse ] --START--
INFO: [ template_filter ] --START--
INFO: Run Behavior\ContentReplaceBehavior [ RunTime:0.000095s ]
INFO: [ template_filter ] --END-- [ RunTime:0.000161s ]
NOTIC: [8] Undefined index: uid /www/web/yigong/public_html/Application/Runtime/Cache/Home/2a94b8bda04ff446dcedd42276fc99ee.php 第 26 行.
NOTIC: [8] Undefined index: uid /www/web/yigong/public_html/Application/Runtime/Cache/Home/2a94b8bda04ff446dcedd42276fc99ee.php 第 33 行.
SQL: SHOW COLUMNS FROM `vol_consultation` [ RunTime:0.0007s ]
SQL: SELECT * FROM `vol_consultation` WHERE ( uid='' and status='0' ) LIMIT 1   [ RunTime:0.0001s ]
SQL: SELECT * FROM `vol_consultation` WHERE ( uid='' and status='1' ) LIMIT 1   [ RunTime:0.0001s ]
SQL: SELECT * FROM `vol_consultation` WHERE ( uid='' and status='2' ) LIMIT 1   [ RunTime:0.0001s ]
NOTIC: [8] Undefined index: uid /www/web/yigong/public_html/Application/Runtime/Cache/Home/2a94b8bda04ff446dcedd42276fc99ee.php 第 46 行.
NOTIC: [8] Undefined index: uid /www/web/yigong/public_html/Application/Runtime/Cache/Home/2a94b8bda04ff446dcedd42276fc99ee.php 第 64 行.
SQL: SHOW COLUMNS FROM `vol_restaurant` [ RunTime:0.0004s ]
SQL: SELECT * FROM `vol_restaurant` WHERE ( uid='' and date='2016/05/28' ) LIMIT 1   [ RunTime:0.0001s ]
NOTIC: [8] Undefined index: uid /www/web/yigong/public_html/Application/Runtime/Cache/Home/2a94b8bda04ff446dcedd42276fc99ee.php 第 73 行.
NOTIC: [8] Undefined index: uid /www/web/yigong/public_html/Application/Runtime/Cache/Home/2a94b8bda04ff446dcedd42276fc99ee.php 第 90 行.
SQL: SELECT * FROM `vol_active_sign` WHERE ( aid='2' and uid='' ) LIMIT 1   [ RunTime:0.0001s ]
INFO: Run Behavior\ParseTemplateBehavior [ RunTime:0.013701s ]
INFO: [ view_parse ] --END-- [ RunTime:0.013753s ]
INFO: [ view_filter ] --START--
INFO: Run Behavior\WriteHtmlCacheBehavior [ RunTime:0.000197s ]
INFO: [ view_filter ] --END-- [ RunTime:0.000253s ]
INFO: [ app_end ] --START--
INFO: Run Behavior\ShowPageTraceBehavior [ RunTime:0.000460s ]
INFO: [ app_end ] --END-- [ RunTime:0.000512s ]

[ 2016-05-27T17:29:15+08:00 ] 204.101.161.159 /
INFO: [ app_init ] --START--
INFO: Run Behavior\BuildLiteBehavior [ RunTime:0.000014s ]
INFO: [ app_init ] --END-- [ RunTime:0.000336s ]
INFO: [ app_begin ] --START--
INFO: Run Behavior\ReadHtmlCacheBehavior [ RunTime:0.000609s ]
INFO: [ app_begin ] --END-- [ RunTime:0.000682s ]
SQL: SHOW COLUMNS FROM `vol_consultation_type` [ RunTime:0.0006s ]
SQL: SELECT * FROM `vol_consultation_type`  [ RunTime:0.0001s ]
SQL: SHOW COLUMNS FROM `vol_restaurant_time` [ RunTime:0.0004s ]
SQL: SELECT * FROM `vol_restaurant_time`  [ RunTime:0.0001s ]
SQL: SHOW COLUMNS FROM `vol_active` [ RunTime:0.0004s ]
SQL: SELECT * FROM `vol_active` ORDER BY id DESC LIMIT 1   [ RunTime:0.0001s ]
SQL: SHOW COLUMNS FROM `vol_active_sign` [ RunTime:0.0004s ]
SQL: SELECT SUM(number) AS tp_sum FROM `vol_active_sign` WHERE ( aid='2' ) LIMIT 1   [ RunTime:0.0001s ]
NOTIC: [8] Undefined index: uid /www/web/yigong/public_html/Application/Home/Controller/IndexController.class.php 第 19 行.
SQL: SHOW COLUMNS FROM `vol_user` [ RunTime:0.0005s ]
SQL: SELECT * FROM `vol_user` WHERE ( uid='' ) LIMIT 1   [ RunTime:0.0001s ]
NOTIC: [2] Missing argument 1 for Think\Controller::show(), called in /www/web/yigong/public_html/Application/Home/Controller/IndexController.class.php on line 23 and defined /www/web/yigong/public_html/SingKa/Library/Think/Controller.class.php 第 68 行.
NOTIC: [8] Undefined variable: content /www/web/yigong/public_html/SingKa/Library/Think/Controller.class.php 第 69 行.
INFO: [ view_parse ] --START--
INFO: [ template_filter ] --START--
INFO: Run Behavior\ContentReplaceBehavior [ RunTime:0.000091s ]
INFO: [ template_filter ] --END-- [ RunTime:0.000190s ]
NOTIC: [8] Undefined index: uid /www/web/yigong/public_html/Application/Runtime/Cache/Home/2a94b8bda04ff446dcedd42276fc99ee.php 第 26 行.
NOTIC: [8] Undefined index: uid /www/web/yigong/public_html/Application/Runtime/Cache/Home/2a94b8bda04ff446dcedd42276fc99ee.php 第 33 行.
SQL: SHOW COLUMNS FROM `vol_consultation` [ RunTime:0.0007s ]
SQL: SELECT * FROM `vol_consultation` WHERE ( uid='' and status='0' ) LIMIT 1   [ RunTime:0.0001s ]
SQL: SELECT * FROM `vol_consultation` WHERE ( uid='' and status='1' ) LIMIT 1   [ RunTime:0.0001s ]
SQL: SELECT * FROM `vol_consultation` WHERE ( uid='' and status='2' ) LIMIT 1   [ RunTime:0.0001s ]
NOTIC: [8] Undefined index: uid /www/web/yigong/public_html/Application/Runtime/Cache/Home/2a94b8bda04ff446dcedd42276fc99ee.php 第 46 行.
NOTIC: [8] Undefined index: uid /www/web/yigong/public_html/Application/Runtime/Cache/Home/2a94b8bda04ff446dcedd42276fc99ee.php 第 64 行.
SQL: SHOW COLUMNS FROM `vol_restaurant` [ RunTime:0.0006s ]
SQL: SELECT * FROM `vol_restaurant` WHERE ( uid='' and date='2016/05/28' ) LIMIT 1   [ RunTime:0.0001s ]
NOTIC: [8] Undefined index: uid /www/web/yigong/public_html/Application/Runtime/Cache/Home/2a94b8bda04ff446dcedd42276fc99ee.php 第 73 行.
NOTIC: [8] Undefined index: uid /www/web/yigong/public_html/Application/Runtime/Cache/Home/2a94b8bda04ff446dcedd42276fc99ee.php 第 90 行.
SQL: SELECT * FROM `vol_active_sign` WHERE ( aid='2' and uid='' ) LIMIT 1   [ RunTime:0.0001s ]
INFO: Run Behavior\ParseTemplateBehavior [ RunTime:0.014670s ]
INFO: [ view_parse ] --END-- [ RunTime:0.014730s ]
INFO: [ view_filter ] --START--
INFO: Run Behavior\WriteHtmlCacheBehavior [ RunTime:0.000221s ]
INFO: [ view_filter ] --END-- [ RunTime:0.000271s ]
INFO: [ app_end ] --START--
INFO: Run Behavior\ShowPageTraceBehavior [ RunTime:0.000443s ]
INFO: [ app_end ] --END-- [ RunTime:0.000494s ]

