[ 2016-05-05T01:54:13+08:00 ] 58.247.206.151 /index.php?m=Home&c=Wechat&a=index&signature=fb0e4891d6a5075ff8c85d340975b892ebca5ef7&timestamp=1462384453&nonce=890814197
INFO: [ app_init ] --START--
INFO: Run Behavior\BuildLiteBehavior [ RunTime:0.000015s ]
INFO: [ app_init ] --END-- [ RunTime:0.000317s ]
INFO: [ app_begin ] --START--
INFO: Run Behavior\ReadHtmlCacheBehavior [ RunTime:0.000431s ]
INFO: [ app_begin ] --END-- [ RunTime:0.000491s ]
NOTIC: [8] Use of undefined constant self - assumed 'self' /www/web/yigong/public_html/SingKa/Library/Com/Wechat.class.php 第 156 行.

[ 2016-05-05T01:54:33+08:00 ] 112.17.246.50 /
INFO: [ app_init ] --START--
INFO: Run Behavior\BuildLiteBehavior [ RunTime:0.000015s ]
INFO: [ app_init ] --END-- [ RunTime:0.000308s ]
INFO: [ app_begin ] --START--
INFO: Run Behavior\ReadHtmlCacheBehavior [ RunTime:0.000414s ]
INFO: [ app_begin ] --END-- [ RunTime:0.000474s ]
SQL: SHOW COLUMNS FROM `vol_consultation_type` [ RunTime:0.0006s ]
SQL: SELECT * FROM `vol_consultation_type`  [ RunTime:0.0001s ]
SQL: SHOW COLUMNS FROM `vol_restaurant_time` [ RunTime:0.0004s ]
SQL: SELECT * FROM `vol_restaurant_time`  [ RunTime:0.0001s ]
SQL: SHOW COLUMNS FROM `vol_active` [ RunTime:0.0005s ]
SQL: SELECT * FROM `vol_active` ORDER BY id DESC LIMIT 1   [ RunTime:0.0001s ]
SQL: SHOW COLUMNS FROM `vol_active_sign` [ RunTime:0.0004s ]
SQL: SELECT SUM(number) AS tp_sum FROM `vol_active_sign` WHERE ( aid='2' ) LIMIT 1   [ RunTime:0.0001s ]
SQL: SHOW COLUMNS FROM `vol_user` [ RunTime:0.0006s ]
SQL: SELECT * FROM `vol_user` WHERE ( uid='2016005' ) LIMIT 1   [ RunTime:0.0001s ]
NOTIC: [2] Missing argument 1 for Think\Controller::show(), called in /www/web/yigong/public_html/Application/Home/Controller/IndexController.class.php on line 27 and defined /www/web/yigong/public_html/SingKa/Library/Think/Controller.class.php 第 68 行.
NOTIC: [8] Undefined variable: content /www/web/yigong/public_html/SingKa/Library/Think/Controller.class.php 第 69 行.
INFO: [ view_parse ] --START--
INFO: [ template_filter ] --START--
INFO: Run Behavior\ContentReplaceBehavior [ RunTime:0.000107s ]
INFO: [ template_filter ] --END-- [ RunTime:0.000167s ]
SQL: SHOW COLUMNS FROM `vol_consultation` [ RunTime:0.0006s ]
SQL: SELECT * FROM `vol_consultation` WHERE ( uid='2016005' and status='0' ) LIMIT 1   [ RunTime:0.0001s ]
SQL: SELECT * FROM `vol_consultation` WHERE ( uid='2016005' and status='1' ) LIMIT 1   [ RunTime:0.0001s ]
SQL: SELECT * FROM `vol_consultation` WHERE ( uid='2016005' and status='2' ) LIMIT 1   [ RunTime:0.0001s ]
SQL: SHOW COLUMNS FROM `vol_restaurant` [ RunTime:0.0005s ]
SQL: SELECT * FROM `vol_restaurant` WHERE ( uid='2016005' and date='2016/05/06' ) LIMIT 1   [ RunTime:0.0004s ]
SQL: SELECT * FROM `vol_active_sign` WHERE ( aid='2' and uid='2016005' ) LIMIT 1   [ RunTime:0.0001s ]
INFO: Run Behavior\ParseTemplateBehavior [ RunTime:0.014020s ]
INFO: [ view_parse ] --END-- [ RunTime:0.014071s ]
INFO: [ view_filter ] --START--
INFO: Run Behavior\WriteHtmlCacheBehavior [ RunTime:0.000195s ]
INFO: [ view_filter ] --END-- [ RunTime:0.000246s ]
INFO: [ app_end ] --START--
INFO: Run Behavior\ShowPageTraceBehavior [ RunTime:0.000469s ]
INFO: [ app_end ] --END-- [ RunTime:0.000524s ]

[ 2016-05-05T01:55:02+08:00 ] 58.247.206.151 /index.php?m=Home&c=Wechat&a=index&signature=2a8ed7ee0d1f2f6d4b85dfb648baa14b90a85129&timestamp=1462384502&nonce=899863723
INFO: [ app_init ] --START--
INFO: Run Behavior\BuildLiteBehavior [ RunTime:0.000015s ]
INFO: [ app_init ] --END-- [ RunTime:0.000304s ]
INFO: [ app_begin ] --START--
INFO: Run Behavior\ReadHtmlCacheBehavior [ RunTime:0.000442s ]
INFO: [ app_begin ] --END-- [ RunTime:0.000501s ]
NOTIC: [8] Use of undefined constant self - assumed 'self' /www/web/yigong/public_html/SingKa/Library/Com/Wechat.class.php 第 156 行.

[ 2016-05-05T01:55:02+08:00 ] 112.17.246.50 /index.php
INFO: [ app_init ] --START--
INFO: Run Behavior\BuildLiteBehavior [ RunTime:0.000018s ]
INFO: [ app_init ] --END-- [ RunTime:0.000335s ]
INFO: [ app_begin ] --START--
INFO: Run Behavior\ReadHtmlCacheBehavior [ RunTime:0.000435s ]
INFO: [ app_begin ] --END-- [ RunTime:0.000492s ]
SQL: SHOW COLUMNS FROM `vol_consultation_type` [ RunTime:0.0007s ]
SQL: SELECT * FROM `vol_consultation_type`  [ RunTime:0.0001s ]
SQL: SHOW COLUMNS FROM `vol_restaurant_time` [ RunTime:0.0006s ]
SQL: SELECT * FROM `vol_restaurant_time`  [ RunTime:0.0001s ]
SQL: SHOW COLUMNS FROM `vol_active` [ RunTime:0.0007s ]
SQL: SELECT * FROM `vol_active` ORDER BY id DESC LIMIT 1   [ RunTime:0.0001s ]
SQL: SHOW COLUMNS FROM `vol_active_sign` [ RunTime:0.0004s ]
SQL: SELECT SUM(number) AS tp_sum FROM `vol_active_sign` WHERE ( aid='2' ) LIMIT 1   [ RunTime:0.0001s ]
SQL: SHOW COLUMNS FROM `vol_user` [ RunTime:0.0005s ]
SQL: SELECT * FROM `vol_user` WHERE ( uid='2016005' ) LIMIT 1   [ RunTime:0.0001s ]
NOTIC: [2] Missing argument 1 for Think\Controller::show(), called in /www/web/yigong/public_html/Application/Home/Controller/IndexController.class.php on line 27 and defined /www/web/yigong/public_html/SingKa/Library/Think/Controller.class.php 第 68 行.
NOTIC: [8] Undefined variable: content /www/web/yigong/public_html/SingKa/Library/Think/Controller.class.php 第 69 行.
INFO: [ view_parse ] --START--
INFO: [ template_filter ] --START--
INFO: Run Behavior\ContentReplaceBehavior [ RunTime:0.000106s ]
INFO: [ template_filter ] --END-- [ RunTime:0.000167s ]
SQL: SHOW COLUMNS FROM `vol_consultation` [ RunTime:0.0006s ]
SQL: SELECT * FROM `vol_consultation` WHERE ( uid='2016005' and status='0' ) LIMIT 1   [ RunTime:0.0001s ]
SQL: SELECT * FROM `vol_consultation` WHERE ( uid='2016005' and status='1' ) LIMIT 1   [ RunTime:0.0001s ]
SQL: SELECT * FROM `vol_consultation` WHERE ( uid='2016005' and status='2' ) LIMIT 1   [ RunTime:0.0001s ]
SQL: SHOW COLUMNS FROM `vol_restaurant` [ RunTime:0.0004s ]
SQL: SELECT * FROM `vol_restaurant` WHERE ( uid='2016005' and date='2016/05/06' ) LIMIT 1   [ RunTime:0.0001s ]
SQL: SELECT * FROM `vol_active_sign` WHERE ( aid='2' and uid='2016005' ) LIMIT 1   [ RunTime:0.0001s ]
INFO: Run Behavior\ParseTemplateBehavior [ RunTime:0.013857s ]
INFO: [ view_parse ] --END-- [ RunTime:0.013909s ]
INFO: [ view_filter ] --START--
INFO: Run Behavior\WriteHtmlCacheBehavior [ RunTime:0.000198s ]
INFO: [ view_filter ] --END-- [ RunTime:0.000250s ]
INFO: [ app_end ] --START--
INFO: Run Behavior\ShowPageTraceBehavior [ RunTime:0.000463s ]
INFO: [ app_end ] --END-- [ RunTime:0.000516s ]

[ 2016-05-05T01:55:18+08:00 ] 58.247.206.146 /index.php?m=Home&c=Wechat&a=index&signature=d61537f7a2ee012909270b50e920da958c998e35&timestamp=1462384518&nonce=1725042519
INFO: [ app_init ] --START--
INFO: Run Behavior\BuildLiteBehavior [ RunTime:0.000024s ]
INFO: [ app_init ] --END-- [ RunTime:0.000512s ]
INFO: [ app_begin ] --START--
INFO: Run Behavior\ReadHtmlCacheBehavior [ RunTime:0.000840s ]
INFO: [ app_begin ] --END-- [ RunTime:0.000936s ]
NOTIC: [8] Use of undefined constant self - assumed 'self' /www/web/yigong/public_html/SingKa/Library/Com/Wechat.class.php 第 156 行.

[ 2016-05-05T01:55:21+08:00 ] 112.17.246.50 /
INFO: [ app_init ] --START--
INFO: Run Behavior\BuildLiteBehavior [ RunTime:0.000014s ]
INFO: [ app_init ] --END-- [ RunTime:0.000309s ]
INFO: [ app_begin ] --START--
INFO: Run Behavior\ReadHtmlCacheBehavior [ RunTime:0.000437s ]
INFO: [ app_begin ] --END-- [ RunTime:0.000495s ]
SQL: SHOW COLUMNS FROM `vol_consultation_type` [ RunTime:0.0006s ]
SQL: SELECT * FROM `vol_consultation_type`  [ RunTime:0.0001s ]
SQL: SHOW COLUMNS FROM `vol_restaurant_time` [ RunTime:0.0004s ]
SQL: SELECT * FROM `vol_restaurant_time`  [ RunTime:0.0001s ]
SQL: SHOW COLUMNS FROM `vol_active` [ RunTime:0.0004s ]
SQL: SELECT * FROM `vol_active` ORDER BY id DESC LIMIT 1   [ RunTime:0.0001s ]
SQL: SHOW COLUMNS FROM `vol_active_sign` [ RunTime:0.0004s ]
SQL: SELECT SUM(number) AS tp_sum FROM `vol_active_sign` WHERE ( aid='2' ) LIMIT 1   [ RunTime:0.0001s ]
SQL: SHOW COLUMNS FROM `vol_user` [ RunTime:0.0005s ]
SQL: SELECT * FROM `vol_user` WHERE ( uid='2016005' ) LIMIT 1   [ RunTime:0.0001s ]
NOTIC: [2] Missing argument 1 for Think\Controller::show(), called in /www/web/yigong/public_html/Application/Home/Controller/IndexController.class.php on line 27 and defined /www/web/yigong/public_html/SingKa/Library/Think/Controller.class.php 第 68 行.
NOTIC: [8] Undefined variable: content /www/web/yigong/public_html/SingKa/Library/Think/Controller.class.php 第 69 行.
INFO: [ view_parse ] --START--
INFO: [ template_filter ] --START--
INFO: Run Behavior\ContentReplaceBehavior [ RunTime:0.000082s ]
INFO: [ template_filter ] --END-- [ RunTime:0.000135s ]
SQL: SHOW COLUMNS FROM `vol_consultation` [ RunTime:0.0005s ]
SQL: SELECT * FROM `vol_consultation` WHERE ( uid='2016005' and status='0' ) LIMIT 1   [ RunTime:0.0001s ]
SQL: SELECT * FROM `vol_consultation` WHERE ( uid='2016005' and status='1' ) LIMIT 1   [ RunTime:0.0001s ]
SQL: SELECT * FROM `vol_consultation` WHERE ( uid='2016005' and status='2' ) LIMIT 1   [ RunTime:0.0001s ]
SQL: SHOW COLUMNS FROM `vol_restaurant` [ RunTime:0.0004s ]
SQL: SELECT * FROM `vol_restaurant` WHERE ( uid='2016005' and date='2016/05/06' ) LIMIT 1   [ RunTime:0.0001s ]
SQL: SELECT * FROM `vol_active_sign` WHERE ( aid='2' and uid='2016005' ) LIMIT 1   [ RunTime:0.0001s ]
INFO: Run Behavior\ParseTemplateBehavior [ RunTime:0.012639s ]
INFO: [ view_parse ] --END-- [ RunTime:0.012690s ]
INFO: [ view_filter ] --START--
INFO: Run Behavior\WriteHtmlCacheBehavior [ RunTime:0.000192s ]
INFO: [ view_filter ] --END-- [ RunTime:0.000243s ]
INFO: [ app_end ] --START--
INFO: Run Behavior\ShowPageTraceBehavior [ RunTime:0.000451s ]
INFO: [ app_end ] --END-- [ RunTime:0.000503s ]

[ 2016-05-05T02:03:32+08:00 ] 58.247.206.151 /index.php?m=Home&c=Wechat&a=index&signature=db4a47c480e9ad49d94d1497e2e331dbf16db84e&timestamp=1462385012&nonce=1043762563
INFO: [ app_init ] --START--
INFO: Run Behavior\BuildLiteBehavior [ RunTime:0.000015s ]
INFO: [ app_init ] --END-- [ RunTime:0.000310s ]
INFO: [ app_begin ] --START--
INFO: Run Behavior\ReadHtmlCacheBehavior [ RunTime:0.000428s ]
INFO: [ app_begin ] --END-- [ RunTime:0.000485s ]
NOTIC: [8] Use of undefined constant self - assumed 'self' /www/web/yigong/public_html/SingKa/Library/Com/Wechat.class.php 第 156 行.

[ 2016-05-05T02:03:35+08:00 ] 112.17.246.50 /
INFO: [ app_init ] --START--
INFO: Run Behavior\BuildLiteBehavior [ RunTime:0.000014s ]
INFO: [ app_init ] --END-- [ RunTime:0.000307s ]
INFO: [ app_begin ] --START--
INFO: Run Behavior\ReadHtmlCacheBehavior [ RunTime:0.000411s ]
INFO: [ app_begin ] --END-- [ RunTime:0.000467s ]
SQL: SHOW COLUMNS FROM `vol_consultation_type` [ RunTime:0.0006s ]
SQL: SELECT * FROM `vol_consultation_type`  [ RunTime:0.0001s ]
SQL: SHOW COLUMNS FROM `vol_restaurant_time` [ RunTime:0.0007s ]
SQL: SELECT * FROM `vol_restaurant_time`  [ RunTime:0.0001s ]
SQL: SHOW COLUMNS FROM `vol_active` [ RunTime:0.0005s ]
SQL: SELECT * FROM `vol_active` ORDER BY id DESC LIMIT 1   [ RunTime:0.0001s ]
SQL: SHOW COLUMNS FROM `vol_active_sign` [ RunTime:0.0004s ]
SQL: SELECT SUM(number) AS tp_sum FROM `vol_active_sign` WHERE ( aid='2' ) LIMIT 1   [ RunTime:0.0001s ]
SQL: SHOW COLUMNS FROM `vol_user` [ RunTime:0.0005s ]
SQL: SELECT * FROM `vol_user` WHERE ( uid='2016005' ) LIMIT 1   [ RunTime:0.0001s ]
NOTIC: [2] Missing argument 1 for Think\Controller::show(), called in /www/web/yigong/public_html/Application/Home/Controller/IndexController.class.php on line 27 and defined /www/web/yigong/public_html/SingKa/Library/Think/Controller.class.php 第 68 行.
NOTIC: [8] Undefined variable: content /www/web/yigong/public_html/SingKa/Library/Think/Controller.class.php 第 69 行.
INFO: [ view_parse ] --START--
INFO: [ template_filter ] --START--
INFO: Run Behavior\ContentReplaceBehavior [ RunTime:0.000086s ]
INFO: [ template_filter ] --END-- [ RunTime:0.000143s ]
SQL: SHOW COLUMNS FROM `vol_consultation` [ RunTime:0.0005s ]
SQL: SELECT * FROM `vol_consultation` WHERE ( uid='2016005' and status='0' ) LIMIT 1   [ RunTime:0.0001s ]
SQL: SELECT * FROM `vol_consultation` WHERE ( uid='2016005' and status='1' ) LIMIT 1   [ RunTime:0.0001s ]
SQL: SELECT * FROM `vol_consultation` WHERE ( uid='2016005' and status='2' ) LIMIT 1   [ RunTime:0.0001s ]
SQL: SHOW COLUMNS FROM `vol_restaurant` [ RunTime:0.0004s ]
SQL: SELECT * FROM `vol_restaurant` WHERE ( uid='2016005' and date='2016/05/06' ) LIMIT 1   [ RunTime:0.0001s ]
SQL: SELECT * FROM `vol_active_sign` WHERE ( aid='2' and uid='2016005' ) LIMIT 1   [ RunTime:0.0001s ]
INFO: Run Behavior\ParseTemplateBehavior [ RunTime:0.012992s ]
INFO: [ view_parse ] --END-- [ RunTime:0.013045s ]
INFO: [ view_filter ] --START--
INFO: Run Behavior\WriteHtmlCacheBehavior [ RunTime:0.000194s ]
INFO: [ view_filter ] --END-- [ RunTime:0.000245s ]
INFO: [ app_end ] --START--
INFO: Run Behavior\ShowPageTraceBehavior [ RunTime:0.000436s ]
INFO: [ app_end ] --END-- [ RunTime:0.000491s ]

[ 2016-05-05T02:04:09+08:00 ] 58.247.206.141 /index.php?m=Home&c=Wechat&a=index&signature=ce4c9d8589fd473a7f79eaa722e33fb3ae38a428&timestamp=1462385049&nonce=278394122
INFO: [ app_init ] --START--
INFO: Run Behavior\BuildLiteBehavior [ RunTime:0.000015s ]
INFO: [ app_init ] --END-- [ RunTime:0.000348s ]
INFO: [ app_begin ] --START--
INFO: Run Behavior\ReadHtmlCacheBehavior [ RunTime:0.000466s ]
INFO: [ app_begin ] --END-- [ RunTime:0.000527s ]
NOTIC: [8] Use of undefined constant self - assumed 'self' /www/web/yigong/public_html/SingKa/Library/Com/Wechat.class.php 第 156 行.

[ 2016-05-05T02:04:11+08:00 ] 112.17.246.50 /
INFO: [ app_init ] --START--
INFO: Run Behavior\BuildLiteBehavior [ RunTime:0.000020s ]
INFO: [ app_init ] --END-- [ RunTime:0.000418s ]
INFO: [ app_begin ] --START--
INFO: Run Behavior\ReadHtmlCacheBehavior [ RunTime:0.000411s ]
INFO: [ app_begin ] --END-- [ RunTime:0.000469s ]
SQL: SHOW COLUMNS FROM `vol_consultation_type` [ RunTime:0.0006s ]
SQL: SELECT * FROM `vol_consultation_type`  [ RunTime:0.0001s ]
SQL: SHOW COLUMNS FROM `vol_restaurant_time` [ RunTime:0.0004s ]
SQL: SELECT * FROM `vol_restaurant_time`  [ RunTime:0.0001s ]
SQL: SHOW COLUMNS FROM `vol_active` [ RunTime:0.0005s ]
SQL: SELECT * FROM `vol_active` ORDER BY id DESC LIMIT 1   [ RunTime:0.0001s ]
SQL: SHOW COLUMNS FROM `vol_active_sign` [ RunTime:0.0004s ]
SQL: SELECT SUM(number) AS tp_sum FROM `vol_active_sign` WHERE ( aid='2' ) LIMIT 1   [ RunTime:0.0001s ]
SQL: SHOW COLUMNS FROM `vol_user` [ RunTime:0.0005s ]
SQL: SELECT * FROM `vol_user` WHERE ( uid='2016005' ) LIMIT 1   [ RunTime:0.0001s ]
NOTIC: [2] Missing argument 1 for Think\Controller::show(), called in /www/web/yigong/public_html/Application/Home/Controller/IndexController.class.php on line 27 and defined /www/web/yigong/public_html/SingKa/Library/Think/Controller.class.php 第 68 行.
NOTIC: [8] Undefined variable: content /www/web/yigong/public_html/SingKa/Library/Think/Controller.class.php 第 69 行.
INFO: [ view_parse ] --START--
INFO: [ template_filter ] --START--
INFO: Run Behavior\ContentReplaceBehavior [ RunTime:0.000093s ]
INFO: [ template_filter ] --END-- [ RunTime:0.000172s ]
SQL: SHOW COLUMNS FROM `vol_consultation` [ RunTime:0.0008s ]
SQL: SELECT * FROM `vol_consultation` WHERE ( uid='2016005' and status='0' ) LIMIT 1   [ RunTime:0.0001s ]
SQL: SELECT * FROM `vol_consultation` WHERE ( uid='2016005' and status='1' ) LIMIT 1   [ RunTime:0.0001s ]
SQL: SELECT * FROM `vol_consultation` WHERE ( uid='2016005' and status='2' ) LIMIT 1   [ RunTime:0.0001s ]
SQL: SHOW COLUMNS FROM `vol_restaurant` [ RunTime:0.0005s ]
SQL: SELECT * FROM `vol_restaurant` WHERE ( uid='2016005' and date='2016/05/06' ) LIMIT 1   [ RunTime:0.0001s ]
SQL: SELECT * FROM `vol_active_sign` WHERE ( aid='2' and uid='2016005' ) LIMIT 1   [ RunTime:0.0001s ]
INFO: Run Behavior\ParseTemplateBehavior [ RunTime:0.013899s ]
INFO: [ view_parse ] --END-- [ RunTime:0.013954s ]
INFO: [ view_filter ] --START--
INFO: Run Behavior\WriteHtmlCacheBehavior [ RunTime:0.000220s ]
INFO: [ view_filter ] --END-- [ RunTime:0.000272s ]
INFO: [ app_end ] --START--
INFO: Run Behavior\ShowPageTraceBehavior [ RunTime:0.000449s ]
INFO: [ app_end ] --END-- [ RunTime:0.000528s ]

[ 2016-05-05T02:06:05+08:00 ] 58.247.206.156 /index.php?m=Home&c=Wechat&a=index&signature=2207d725f75ad115a36e99c135efe4832319da08&timestamp=1462385164&nonce=1744695917
INFO: [ app_init ] --START--
INFO: Run Behavior\BuildLiteBehavior [ RunTime:0.000014s ]
INFO: [ app_init ] --END-- [ RunTime:0.000333s ]
INFO: [ app_begin ] --START--
INFO: Run Behavior\ReadHtmlCacheBehavior [ RunTime:0.000408s ]
INFO: [ app_begin ] --END-- [ RunTime:0.000467s ]
NOTIC: [8] Use of undefined constant self - assumed 'self' /www/web/yigong/public_html/SingKa/Library/Com/Wechat.class.php 第 156 行.

[ 2016-05-05T02:06:05+08:00 ] 140.207.185.122 /
INFO: [ app_init ] --START--
INFO: Run Behavior\BuildLiteBehavior [ RunTime:0.000016s ]
INFO: [ app_init ] --END-- [ RunTime:0.004344s ]
INFO: [ app_begin ] --START--
INFO: Run Behavior\ReadHtmlCacheBehavior [ RunTime:0.000413s ]
INFO: [ app_begin ] --END-- [ RunTime:0.004506s ]

[ 2016-05-05T02:06:05+08:00 ] 101.226.125.121 /index.php
INFO: [ app_init ] --START--
INFO: Run Behavior\BuildLiteBehavior [ RunTime:0.000014s ]
INFO: [ app_init ] --END-- [ RunTime:0.000317s ]
INFO: [ app_begin ] --START--
INFO: Run Behavior\ReadHtmlCacheBehavior [ RunTime:0.003634s ]
INFO: [ app_begin ] --END-- [ RunTime:0.003693s ]

[ 2016-05-05T02:06:05+08:00 ] 101.226.69.109 /
INFO: [ app_init ] --START--
INFO: Run Behavior\BuildLiteBehavior [ RunTime:0.000013s ]
INFO: [ app_init ] --END-- [ RunTime:0.004344s ]
INFO: [ app_begin ] --START--
INFO: Run Behavior\ReadHtmlCacheBehavior [ RunTime:0.000420s ]
INFO: [ app_begin ] --END-- [ RunTime:0.000478s ]

[ 2016-05-05T02:06:07+08:00 ] 101.226.125.121 /index.php
INFO: [ app_init ] --START--
INFO: Run Behavior\BuildLiteBehavior [ RunTime:0.000014s ]
INFO: [ app_init ] --END-- [ RunTime:0.000427s ]
INFO: [ app_begin ] --START--
INFO: Run Behavior\ReadHtmlCacheBehavior [ RunTime:0.000420s ]
INFO: [ app_begin ] --END-- [ RunTime:0.000478s ]
SQL: SHOW COLUMNS FROM `vol_consultation_type` [ RunTime:0.0006s ]
SQL: SELECT * FROM `vol_consultation_type`  [ RunTime:0.0001s ]
SQL: SHOW COLUMNS FROM `vol_restaurant_time` [ RunTime:0.0004s ]
SQL: SELECT * FROM `vol_restaurant_time`  [ RunTime:0.0001s ]
SQL: SHOW COLUMNS FROM `vol_active` [ RunTime:0.0005s ]
SQL: SELECT * FROM `vol_active` ORDER BY id DESC LIMIT 1   [ RunTime:0.0001s ]
SQL: SHOW COLUMNS FROM `vol_active_sign` [ RunTime:0.0004s ]
SQL: SELECT SUM(number) AS tp_sum FROM `vol_active_sign` WHERE ( aid='2' ) LIMIT 1   [ RunTime:0.0001s ]
SQL: SHOW COLUMNS FROM `vol_user` [ RunTime:0.0005s ]
SQL: SELECT * FROM `vol_user` WHERE ( uid='2016001' ) LIMIT 1   [ RunTime:0.0002s ]
NOTIC: [2] Missing argument 1 for Think\Controller::show(), called in /www/web/yigong/public_html/Application/Home/Controller/IndexController.class.php on line 27 and defined /www/web/yigong/public_html/SingKa/Library/Think/Controller.class.php 第 68 行.
NOTIC: [8] Undefined variable: content /www/web/yigong/public_html/SingKa/Library/Think/Controller.class.php 第 69 行.
INFO: [ view_parse ] --START--
INFO: [ template_filter ] --START--
INFO: Run Behavior\ContentReplaceBehavior [ RunTime:0.000083s ]
INFO: [ template_filter ] --END-- [ RunTime:0.000138s ]
SQL: SHOW COLUMNS FROM `vol_consultation` [ RunTime:0.0005s ]
SQL: SELECT * FROM `vol_consultation` WHERE ( uid='2016001' and status='0' ) LIMIT 1   [ RunTime:0.0001s ]
SQL: SELECT * FROM `vol_consultation` WHERE ( uid='2016001' and status='1' ) LIMIT 1   [ RunTime:0.0001s ]
SQL: SELECT * FROM `vol_consultation` WHERE ( uid='2016001' and status='2' ) LIMIT 1   [ RunTime:0.0001s ]
SQL: SHOW COLUMNS FROM `vol_restaurant` [ RunTime:0.0004s ]
SQL: SELECT * FROM `vol_restaurant` WHERE ( uid='2016001' and date='2016/05/06' ) LIMIT 1   [ RunTime:0.0003s ]
SQL: SELECT * FROM `vol_active_sign` WHERE ( aid='2' and uid='2016001' ) LIMIT 1   [ RunTime:0.0001s ]
INFO: Run Behavior\ParseTemplateBehavior [ RunTime:0.013274s ]
INFO: [ view_parse ] --END-- [ RunTime:0.013347s ]
INFO: [ view_filter ] --START--
INFO: Run Behavior\WriteHtmlCacheBehavior [ RunTime:0.000192s ]
INFO: [ view_filter ] --END-- [ RunTime:0.000241s ]
INFO: [ app_end ] --START--
INFO: Run Behavior\ShowPageTraceBehavior [ RunTime:0.000460s ]
INFO: [ app_end ] --END-- [ RunTime:0.000511s ]

[ 2016-05-05T02:06:20+08:00 ] 58.247.206.146 /index.php?m=Home&c=Wechat&a=index&signature=c1fee113d7970c995d07812d9e2b1dcad302b39d&timestamp=1462385180&nonce=483002444
INFO: [ app_init ] --START--
INFO: Run Behavior\BuildLiteBehavior [ RunTime:0.000018s ]
INFO: [ app_init ] --END-- [ RunTime:0.000389s ]
INFO: [ app_begin ] --START--
INFO: Run Behavior\ReadHtmlCacheBehavior [ RunTime:0.000419s ]
INFO: [ app_begin ] --END-- [ RunTime:0.000476s ]
NOTIC: [8] Use of undefined constant self - assumed 'self' /www/web/yigong/public_html/SingKa/Library/Com/Wechat.class.php 第 156 行.

[ 2016-05-05T02:06:24+08:00 ] 112.17.246.50 /
INFO: [ app_init ] --START--
INFO: Run Behavior\BuildLiteBehavior [ RunTime:0.000015s ]
INFO: [ app_init ] --END-- [ RunTime:0.000310s ]
INFO: [ app_begin ] --START--
INFO: Run Behavior\ReadHtmlCacheBehavior [ RunTime:0.000415s ]
INFO: [ app_begin ] --END-- [ RunTime:0.000471s ]
SQL: SHOW COLUMNS FROM `vol_consultation_type` [ RunTime:0.0006s ]
SQL: SELECT * FROM `vol_consultation_type`  [ RunTime:0.0001s ]
SQL: SHOW COLUMNS FROM `vol_restaurant_time` [ RunTime:0.0004s ]
SQL: SELECT * FROM `vol_restaurant_time`  [ RunTime:0.0001s ]
SQL: SHOW COLUMNS FROM `vol_active` [ RunTime:0.0004s ]
SQL: SELECT * FROM `vol_active` ORDER BY id DESC LIMIT 1   [ RunTime:0.0001s ]
SQL: SHOW COLUMNS FROM `vol_active_sign` [ RunTime:0.0004s ]
SQL: SELECT SUM(number) AS tp_sum FROM `vol_active_sign` WHERE ( aid='2' ) LIMIT 1   [ RunTime:0.0001s ]
SQL: SHOW COLUMNS FROM `vol_user` [ RunTime:0.0005s ]
SQL: SELECT * FROM `vol_user` WHERE ( uid='2016005' ) LIMIT 1   [ RunTime:0.0001s ]
NOTIC: [2] Missing argument 1 for Think\Controller::show(), called in /www/web/yigong/public_html/Application/Home/Controller/IndexController.class.php on line 27 and defined /www/web/yigong/public_html/SingKa/Library/Think/Controller.class.php 第 68 行.
NOTIC: [8] Undefined variable: content /www/web/yigong/public_html/SingKa/Library/Think/Controller.class.php 第 69 行.
INFO: [ view_parse ] --START--
INFO: [ template_filter ] --START--
INFO: Run Behavior\ContentReplaceBehavior [ RunTime:0.000086s ]
INFO: [ template_filter ] --END-- [ RunTime:0.000146s ]
SQL: SHOW COLUMNS FROM `vol_consultation` [ RunTime:0.0006s ]
SQL: SELECT * FROM `vol_consultation` WHERE ( uid='2016005' and status='0' ) LIMIT 1   [ RunTime:0.0001s ]
SQL: SELECT * FROM `vol_consultation` WHERE ( uid='2016005' and status='1' ) LIMIT 1   [ RunTime:0.0001s ]
SQL: SELECT * FROM `vol_consultation` WHERE ( uid='2016005' and status='2' ) LIMIT 1   [ RunTime:0.0001s ]
SQL: SHOW COLUMNS FROM `vol_restaurant` [ RunTime:0.0004s ]
SQL: SELECT * FROM `vol_restaurant` WHERE ( uid='2016005' and date='2016/05/06' ) LIMIT 1   [ RunTime:0.0001s ]
SQL: SELECT * FROM `vol_active_sign` WHERE ( aid='2' and uid='2016005' ) LIMIT 1   [ RunTime:0.0001s ]
INFO: Run Behavior\ParseTemplateBehavior [ RunTime:0.012911s ]
INFO: [ view_parse ] --END-- [ RunTime:0.012962s ]
INFO: [ view_filter ] --START--
INFO: Run Behavior\WriteHtmlCacheBehavior [ RunTime:0.000202s ]
INFO: [ view_filter ] --END-- [ RunTime:0.000255s ]
INFO: [ app_end ] --START--
INFO: Run Behavior\ShowPageTraceBehavior [ RunTime:0.000465s ]
INFO: [ app_end ] --END-- [ RunTime:0.000518s ]

[ 2016-05-05T02:10:28+08:00 ] 58.247.206.141 /index.php?m=Home&c=Wechat&a=index&signature=74d1e4109a95c038e1d5b87f5f32a4a1563be1ff&timestamp=1462385428&nonce=707528026
INFO: [ app_init ] --START--
INFO: Run Behavior\BuildLiteBehavior [ RunTime:0.000034s ]
INFO: [ app_init ] --END-- [ RunTime:0.000331s ]
INFO: [ app_begin ] --START--
INFO: Run Behavior\ReadHtmlCacheBehavior [ RunTime:0.000407s ]
INFO: [ app_begin ] --END-- [ RunTime:0.000466s ]
NOTIC: [8] Use of undefined constant self - assumed 'self' /www/web/yigong/public_html/SingKa/Library/Com/Wechat.class.php 第 156 行.

[ 2016-05-05T02:10:28+08:00 ] 112.17.246.50 /index.php
INFO: [ app_init ] --START--
INFO: Run Behavior\BuildLiteBehavior [ RunTime:0.000020s ]
INFO: [ app_init ] --END-- [ RunTime:0.000362s ]
INFO: [ app_begin ] --START--
INFO: Run Behavior\ReadHtmlCacheBehavior [ RunTime:0.000447s ]
INFO: [ app_begin ] --END-- [ RunTime:0.000503s ]
SQL: SHOW COLUMNS FROM `vol_consultation_type` [ RunTime:0.0006s ]
SQL: SELECT * FROM `vol_consultation_type`  [ RunTime:0.0001s ]
SQL: SHOW COLUMNS FROM `vol_restaurant_time` [ RunTime:0.0004s ]
SQL: SELECT * FROM `vol_restaurant_time`  [ RunTime:0.0001s ]
SQL: SHOW COLUMNS FROM `vol_active` [ RunTime:0.0004s ]
SQL: SELECT * FROM `vol_active` ORDER BY id DESC LIMIT 1   [ RunTime:0.0001s ]
SQL: SHOW COLUMNS FROM `vol_active_sign` [ RunTime:0.0004s ]
SQL: SELECT SUM(number) AS tp_sum FROM `vol_active_sign` WHERE ( aid='2' ) LIMIT 1   [ RunTime:0.0001s ]
SQL: SHOW COLUMNS FROM `vol_user` [ RunTime:0.0005s ]
SQL: SELECT * FROM `vol_user` WHERE ( uid='2016005' ) LIMIT 1   [ RunTime:0.0001s ]
NOTIC: [2] Missing argument 1 for Think\Controller::show(), called in /www/web/yigong/public_html/Application/Home/Controller/IndexController.class.php on line 27 and defined /www/web/yigong/public_html/SingKa/Library/Think/Controller.class.php 第 68 行.
NOTIC: [8] Undefined variable: content /www/web/yigong/public_html/SingKa/Library/Think/Controller.class.php 第 69 行.
INFO: [ view_parse ] --START--
INFO: [ template_filter ] --START--
INFO: Run Behavior\ContentReplaceBehavior [ RunTime:0.000085s ]
INFO: [ template_filter ] --END-- [ RunTime:0.000142s ]
SQL: SHOW COLUMNS FROM `vol_consultation` [ RunTime:0.0004s ]
SQL: SELECT * FROM `vol_consultation` WHERE ( uid='2016005' and status='0' ) LIMIT 1   [ RunTime:0.0001s ]
SQL: SELECT * FROM `vol_consultation` WHERE ( uid='2016005' and status='1' ) LIMIT 1   [ RunTime:0.0001s ]
SQL: SELECT * FROM `vol_consultation` WHERE ( uid='2016005' and status='2' ) LIMIT 1   [ RunTime:0.0001s ]
SQL: SHOW COLUMNS FROM `vol_restaurant` [ RunTime:0.0004s ]
SQL: SELECT * FROM `vol_restaurant` WHERE ( uid='2016005' and date='2016/05/06' ) LIMIT 1   [ RunTime:0.0001s ]
SQL: SELECT * FROM `vol_active_sign` WHERE ( aid='2' and uid='2016005' ) LIMIT 1   [ RunTime:0.0001s ]
INFO: Run Behavior\ParseTemplateBehavior [ RunTime:0.012653s ]
INFO: [ view_parse ] --END-- [ RunTime:0.012705s ]
INFO: [ view_filter ] --START--
INFO: Run Behavior\WriteHtmlCacheBehavior [ RunTime:0.000214s ]
INFO: [ view_filter ] --END-- [ RunTime:0.000267s ]
INFO: [ app_end ] --START--
INFO: Run Behavior\ShowPageTraceBehavior [ RunTime:0.000436s ]
INFO: [ app_end ] --END-- [ RunTime:0.000488s ]

[ 2016-05-05T02:11:27+08:00 ] 58.247.206.146 /index.php?m=Home&c=Wechat&a=index&signature=403764c03b6f67270b8ccc4d908f977269f75cd0&timestamp=1462385487&nonce=885177779
INFO: [ app_init ] --START--
INFO: Run Behavior\BuildLiteBehavior [ RunTime:0.000014s ]
INFO: [ app_init ] --END-- [ RunTime:0.000312s ]
INFO: [ app_begin ] --START--
INFO: Run Behavior\ReadHtmlCacheBehavior [ RunTime:0.000433s ]
INFO: [ app_begin ] --END-- [ RunTime:0.000491s ]
NOTIC: [8] Use of undefined constant self - assumed 'self' /www/web/yigong/public_html/SingKa/Library/Com/Wechat.class.php 第 156 行.

[ 2016-05-05T02:11:27+08:00 ] 112.17.246.50 /index.php
INFO: [ app_init ] --START--
INFO: Run Behavior\BuildLiteBehavior [ RunTime:0.000022s ]
INFO: [ app_init ] --END-- [ RunTime:0.000458s ]
INFO: [ app_begin ] --START--
INFO: Run Behavior\ReadHtmlCacheBehavior [ RunTime:0.000486s ]
INFO: [ app_begin ] --END-- [ RunTime:0.000548s ]
SQL: SHOW COLUMNS FROM `vol_consultation_type` [ RunTime:0.0006s ]
SQL: SELECT * FROM `vol_consultation_type`  [ RunTime:0.0001s ]
SQL: SHOW COLUMNS FROM `vol_restaurant_time` [ RunTime:0.0004s ]
SQL: SELECT * FROM `vol_restaurant_time`  [ RunTime:0.0001s ]
SQL: SHOW COLUMNS FROM `vol_active` [ RunTime:0.0004s ]
SQL: SELECT * FROM `vol_active` ORDER BY id DESC LIMIT 1   [ RunTime:0.0001s ]
SQL: SHOW COLUMNS FROM `vol_active_sign` [ RunTime:0.0004s ]
SQL: SELECT SUM(number) AS tp_sum FROM `vol_active_sign` WHERE ( aid='2' ) LIMIT 1   [ RunTime:0.0001s ]
SQL: SHOW COLUMNS FROM `vol_user` [ RunTime:0.0005s ]
SQL: SELECT * FROM `vol_user` WHERE ( uid='2016005' ) LIMIT 1   [ RunTime:0.0001s ]
NOTIC: [2] Missing argument 1 for Think\Controller::show(), called in /www/web/yigong/public_html/Application/Home/Controller/IndexController.class.php on line 27 and defined /www/web/yigong/public_html/SingKa/Library/Think/Controller.class.php 第 68 行.
NOTIC: [8] Undefined variable: content /www/web/yigong/public_html/SingKa/Library/Think/Controller.class.php 第 69 行.
INFO: [ view_parse ] --START--
INFO: [ template_filter ] --START--
INFO: Run Behavior\ContentReplaceBehavior [ RunTime:0.000086s ]
INFO: [ template_filter ] --END-- [ RunTime:0.000142s ]
SQL: SHOW COLUMNS FROM `vol_consultation` [ RunTime:0.0004s ]
SQL: SELECT * FROM `vol_consultation` WHERE ( uid='2016005' and status='0' ) LIMIT 1   [ RunTime:0.0001s ]
SQL: SELECT * FROM `vol_consultation` WHERE ( uid='2016005' and status='1' ) LIMIT 1   [ RunTime:0.0001s ]
SQL: SELECT * FROM `vol_consultation` WHERE ( uid='2016005' and status='2' ) LIMIT 1   [ RunTime:0.0001s ]
SQL: SHOW COLUMNS FROM `vol_restaurant` [ RunTime:0.0004s ]
SQL: SELECT * FROM `vol_restaurant` WHERE ( uid='2016005' and date='2016/05/06' ) LIMIT 1   [ RunTime:0.0001s ]
SQL: SELECT * FROM `vol_active_sign` WHERE ( aid='2' and uid='2016005' ) LIMIT 1   [ RunTime:0.0001s ]
INFO: Run Behavior\ParseTemplateBehavior [ RunTime:0.012806s ]
INFO: [ view_parse ] --END-- [ RunTime:0.012882s ]
INFO: [ view_filter ] --START--
INFO: Run Behavior\WriteHtmlCacheBehavior [ RunTime:0.000195s ]
INFO: [ view_filter ] --END-- [ RunTime:0.000246s ]
INFO: [ app_end ] --START--
INFO: Run Behavior\ShowPageTraceBehavior [ RunTime:0.000431s ]
INFO: [ app_end ] --END-- [ RunTime:0.000483s ]

[ 2016-05-05T02:11:29+08:00 ] 112.17.246.50 /Home/Index/video
INFO: [ app_init ] --START--
INFO: Run Behavior\BuildLiteBehavior [ RunTime:0.000016s ]
INFO: [ app_init ] --END-- [ RunTime:0.000321s ]
INFO: [ app_begin ] --START--
INFO: Run Behavior\ReadHtmlCacheBehavior [ RunTime:0.000440s ]
INFO: [ app_begin ] --END-- [ RunTime:0.000499s ]
SQL: SHOW COLUMNS FROM `vol_videos` [ RunTime:0.0007s ]
SQL: SELECT * FROM `vol_videos` ORDER BY id DESC LIMIT 3   [ RunTime:0.0001s ]
INFO: [ view_parse ] --START--
INFO: [ template_filter ] --START--
INFO: Run Behavior\ContentReplaceBehavior [ RunTime:0.000060s ]
INFO: [ template_filter ] --END-- [ RunTime:0.000117s ]
INFO: Run Behavior\ParseTemplateBehavior [ RunTime:0.006739s ]
INFO: [ view_parse ] --END-- [ RunTime:0.006798s ]
INFO: [ view_filter ] --START--
INFO: Run Behavior\WriteHtmlCacheBehavior [ RunTime:0.000191s ]
INFO: [ view_filter ] --END-- [ RunTime:0.000257s ]
INFO: [ app_end ] --START--
INFO: Run Behavior\ShowPageTraceBehavior [ RunTime:0.000437s ]
INFO: [ app_end ] --END-- [ RunTime:0.000493s ]

[ 2016-05-05T02:11:36+08:00 ] 112.17.246.50 /index.php
INFO: [ app_init ] --START--
INFO: Run Behavior\BuildLiteBehavior [ RunTime:0.000015s ]
INFO: [ app_init ] --END-- [ RunTime:0.000327s ]
INFO: [ app_begin ] --START--
INFO: Run Behavior\ReadHtmlCacheBehavior [ RunTime:0.000419s ]
INFO: [ app_begin ] --END-- [ RunTime:0.000500s ]
SQL: SHOW COLUMNS FROM `vol_consultation_type` [ RunTime:0.0006s ]
SQL: SELECT * FROM `vol_consultation_type`  [ RunTime:0.0001s ]
SQL: SHOW COLUMNS FROM `vol_restaurant_time` [ RunTime:0.0004s ]
SQL: SELECT * FROM `vol_restaurant_time`  [ RunTime:0.0001s ]
SQL: SHOW COLUMNS FROM `vol_active` [ RunTime:0.0004s ]
SQL: SELECT * FROM `vol_active` ORDER BY id DESC LIMIT 1   [ RunTime:0.0001s ]
SQL: SHOW COLUMNS FROM `vol_active_sign` [ RunTime:0.0004s ]
SQL: SELECT SUM(number) AS tp_sum FROM `vol_active_sign` WHERE ( aid='2' ) LIMIT 1   [ RunTime:0.0001s ]
SQL: SHOW COLUMNS FROM `vol_user` [ RunTime:0.0005s ]
SQL: SELECT * FROM `vol_user` WHERE ( uid='2016005' ) LIMIT 1   [ RunTime:0.0001s ]
NOTIC: [2] Missing argument 1 for Think\Controller::show(), called in /www/web/yigong/public_html/Application/Home/Controller/IndexController.class.php on line 27 and defined /www/web/yigong/public_html/SingKa/Library/Think/Controller.class.php 第 68 行.
NOTIC: [8] Undefined variable: content /www/web/yigong/public_html/SingKa/Library/Think/Controller.class.php 第 69 行.
INFO: [ view_parse ] --START--
INFO: [ template_filter ] --START--
INFO: Run Behavior\ContentReplaceBehavior [ RunTime:0.000085s ]
INFO: [ template_filter ] --END-- [ RunTime:0.000141s ]
SQL: SHOW COLUMNS FROM `vol_consultation` [ RunTime:0.0005s ]
SQL: SELECT * FROM `vol_consultation` WHERE ( uid='2016005' and status='0' ) LIMIT 1   [ RunTime:0.0001s ]
SQL: SELECT * FROM `vol_consultation` WHERE ( uid='2016005' and status='1' ) LIMIT 1   [ RunTime:0.0001s ]
SQL: SELECT * FROM `vol_consultation` WHERE ( uid='2016005' and status='2' ) LIMIT 1   [ RunTime:0.0001s ]
SQL: SHOW COLUMNS FROM `vol_restaurant` [ RunTime:0.0004s ]
SQL: SELECT * FROM `vol_restaurant` WHERE ( uid='2016005' and date='2016/05/06' ) LIMIT 1   [ RunTime:0.0001s ]
SQL: SELECT * FROM `vol_active_sign` WHERE ( aid='2' and uid='2016005' ) LIMIT 1   [ RunTime:0.0001s ]
INFO: Run Behavior\ParseTemplateBehavior [ RunTime:0.012785s ]
INFO: [ view_parse ] --END-- [ RunTime:0.012838s ]
INFO: [ view_filter ] --START--
INFO: Run Behavior\WriteHtmlCacheBehavior [ RunTime:0.000202s ]
INFO: [ view_filter ] --END-- [ RunTime:0.000253s ]
INFO: [ app_end ] --START--
INFO: Run Behavior\ShowPageTraceBehavior [ RunTime:0.000437s ]
INFO: [ app_end ] --END-- [ RunTime:0.000514s ]

[ 2016-05-05T03:40:28+08:00 ] 121.42.0.85 /
INFO: [ app_init ] --START--
INFO: Run Behavior\BuildLiteBehavior [ RunTime:0.000014s ]
INFO: [ app_init ] --END-- [ RunTime:0.000302s ]
INFO: [ app_begin ] --START--
INFO: Run Behavior\ReadHtmlCacheBehavior [ RunTime:0.000414s ]
INFO: [ app_begin ] --END-- [ RunTime:0.000475s ]

[ 2016-05-05T03:41:05+08:00 ] 121.42.0.85 /
INFO: [ app_init ] --START--
INFO: Run Behavior\BuildLiteBehavior [ RunTime:0.000014s ]
INFO: [ app_init ] --END-- [ RunTime:0.000311s ]
INFO: [ app_begin ] --START--
INFO: Run Behavior\ReadHtmlCacheBehavior [ RunTime:0.000417s ]
INFO: [ app_begin ] --END-- [ RunTime:0.000473s ]

[ 2016-05-05T03:41:46+08:00 ] 121.42.0.85 /
INFO: [ app_init ] --START--
INFO: Run Behavior\BuildLiteBehavior [ RunTime:0.000013s ]
INFO: [ app_init ] --END-- [ RunTime:0.000313s ]
INFO: [ app_begin ] --START--
INFO: Run Behavior\ReadHtmlCacheBehavior [ RunTime:0.000435s ]
INFO: [ app_begin ] --END-- [ RunTime:0.000522s ]

[ 2016-05-05T03:42:35+08:00 ] 121.42.0.85 /index.php
INFO: [ app_init ] --START--
INFO: Run Behavior\BuildLiteBehavior [ RunTime:0.000016s ]
INFO: [ app_init ] --END-- [ RunTime:0.000357s ]
INFO: [ app_begin ] --START--
INFO: Run Behavior\ReadHtmlCacheBehavior [ RunTime:0.000467s ]
INFO: [ app_begin ] --END-- [ RunTime:0.000525s ]

[ 2016-05-05T03:42:58+08:00 ] 121.42.0.85 /
INFO: [ app_init ] --START--
INFO: Run Behavior\BuildLiteBehavior [ RunTime:0.000014s ]
INFO: [ app_init ] --END-- [ RunTime:0.000306s ]
INFO: [ app_begin ] --START--
INFO: Run Behavior\ReadHtmlCacheBehavior [ RunTime:0.000543s ]
INFO: [ app_begin ] --END-- [ RunTime:0.000600s ]

[ 2016-05-05T03:49:55+08:00 ] 121.42.0.85 /index.php
INFO: [ app_init ] --START--
INFO: Run Behavior\BuildLiteBehavior [ RunTime:0.000028s ]
INFO: [ app_init ] --END-- [ RunTime:0.000546s ]
INFO: [ app_begin ] --START--
INFO: Run Behavior\ReadHtmlCacheBehavior [ RunTime:0.000464s ]
INFO: [ app_begin ] --END-- [ RunTime:0.000540s ]

[ 2016-05-05T03:55:30+08:00 ] 121.42.0.85 /index.php?disp=dynamic
INFO: [ app_init ] --START--
INFO: Run Behavior\BuildLiteBehavior [ RunTime:0.000035s ]
INFO: [ app_init ] --END-- [ RunTime:0.000333s ]
INFO: [ app_begin ] --START--
INFO: Run Behavior\ReadHtmlCacheBehavior [ RunTime:0.000421s ]
INFO: [ app_begin ] --END-- [ RunTime:0.000478s ]

[ 2016-05-05T03:58:06+08:00 ] 121.42.0.85 /
INFO: [ app_init ] --START--
INFO: Run Behavior\BuildLiteBehavior [ RunTime:0.000014s ]
INFO: [ app_init ] --END-- [ RunTime:0.000335s ]
INFO: [ app_begin ] --START--
INFO: Run Behavior\ReadHtmlCacheBehavior [ RunTime:0.000412s ]
INFO: [ app_begin ] --END-- [ RunTime:0.000469s ]

[ 2016-05-05T03:58:32+08:00 ] 121.42.0.85 /
INFO: [ app_init ] --START--
INFO: Run Behavior\BuildLiteBehavior [ RunTime:0.000017s ]
INFO: [ app_init ] --END-- [ RunTime:0.000583s ]
INFO: [ app_begin ] --START--
INFO: Run Behavior\ReadHtmlCacheBehavior [ RunTime:0.000419s ]
INFO: [ app_begin ] --END-- [ RunTime:0.000478s ]

[ 2016-05-05T04:01:13+08:00 ] 121.42.0.85 /
INFO: [ app_init ] --START--
INFO: Run Behavior\BuildLiteBehavior [ RunTime:0.000014s ]
INFO: [ app_init ] --END-- [ RunTime:0.000333s ]
INFO: [ app_begin ] --START--
INFO: Run Behavior\ReadHtmlCacheBehavior [ RunTime:0.000426s ]
INFO: [ app_begin ] --END-- [ RunTime:0.000492s ]

[ 2016-05-05T04:01:15+08:00 ] 121.42.0.85 /?q=node&destination=node
INFO: [ app_init ] --START--
INFO: Run Behavior\BuildLiteBehavior [ RunTime:0.000015s ]
INFO: [ app_init ] --END-- [ RunTime:0.000370s ]
INFO: [ app_begin ] --START--
INFO: Run Behavior\ReadHtmlCacheBehavior [ RunTime:0.000464s ]
INFO: [ app_begin ] --END-- [ RunTime:0.000530s ]

[ 2016-05-05T04:04:50+08:00 ] 121.42.0.85 /?-dallow_url_include%3don+-dauto_prepend_file%3dphp://input
INFO: [ app_init ] --START--
INFO: Run Behavior\BuildLiteBehavior [ RunTime:0.000014s ]
INFO: [ app_init ] --END-- [ RunTime:0.000307s ]
INFO: [ app_begin ] --START--
INFO: Run Behavior\ReadHtmlCacheBehavior [ RunTime:0.000434s ]
INFO: [ app_begin ] --END-- [ RunTime:0.000500s ]

[ 2016-05-05T04:10:25+08:00 ] 121.42.0.85 /
INFO: [ app_init ] --START--
INFO: Run Behavior\BuildLiteBehavior [ RunTime:0.000015s ]
INFO: [ app_init ] --END-- [ RunTime:0.000307s ]
INFO: [ app_begin ] --START--
INFO: Run Behavior\ReadHtmlCacheBehavior [ RunTime:0.000443s ]
INFO: [ app_begin ] --END-- [ RunTime:0.000511s ]

[ 2016-05-05T04:15:25+08:00 ] 121.42.0.85 /index.php
INFO: [ app_init ] --START--
INFO: Run Behavior\BuildLiteBehavior [ RunTime:0.000014s ]
INFO: [ app_init ] --END-- [ RunTime:0.000391s ]
INFO: [ app_begin ] --START--
INFO: Run Behavior\ReadHtmlCacheBehavior [ RunTime:0.000415s ]
INFO: [ app_begin ] --END-- [ RunTime:0.000473s ]

[ 2016-05-05T04:43:57+08:00 ] 58.247.206.156 /index.php?m=Home&c=Wechat&a=index&signature=efd0a358e4ce2ae252b284e23bce9011790e85ee&timestamp=1462394637&nonce=893733268
INFO: [ app_init ] --START--
INFO: Run Behavior\BuildLiteBehavior [ RunTime:0.000014s ]
INFO: [ app_init ] --END-- [ RunTime:0.000315s ]
INFO: [ app_begin ] --START--
INFO: Run Behavior\ReadHtmlCacheBehavior [ RunTime:0.000442s ]
INFO: [ app_begin ] --END-- [ RunTime:0.000500s ]
NOTIC: [8] Use of undefined constant self - assumed 'self' /www/web/yigong/public_html/SingKa/Library/Com/Wechat.class.php 第 156 行.

[ 2016-05-05T04:44:18+08:00 ] 39.187.125.201 /
INFO: [ app_init ] --START--
INFO: Run Behavior\BuildLiteBehavior [ RunTime:0.000015s ]
INFO: [ app_init ] --END-- [ RunTime:0.000346s ]
INFO: [ app_begin ] --START--
INFO: Run Behavior\ReadHtmlCacheBehavior [ RunTime:0.000467s ]
INFO: [ app_begin ] --END-- [ RunTime:0.000523s ]
SQL: SHOW COLUMNS FROM `vol_consultation_type` [ RunTime:0.0006s ]
SQL: SELECT * FROM `vol_consultation_type`  [ RunTime:0.0001s ]
SQL: SHOW COLUMNS FROM `vol_restaurant_time` [ RunTime:0.0004s ]
SQL: SELECT * FROM `vol_restaurant_time`  [ RunTime:0.0001s ]
SQL: SHOW COLUMNS FROM `vol_active` [ RunTime:0.0005s ]
SQL: SELECT * FROM `vol_active` ORDER BY id DESC LIMIT 1   [ RunTime:0.0001s ]
SQL: SHOW COLUMNS FROM `vol_active_sign` [ RunTime:0.0004s ]
SQL: SELECT SUM(number) AS tp_sum FROM `vol_active_sign` WHERE ( aid='2' ) LIMIT 1   [ RunTime:0.0001s ]
SQL: SHOW COLUMNS FROM `vol_user` [ RunTime:0.0005s ]
SQL: SELECT * FROM `vol_user` WHERE ( uid='2016005' ) LIMIT 1   [ RunTime:0.0001s ]
NOTIC: [2] Missing argument 1 for Think\Controller::show(), called in /www/web/yigong/public_html/Application/Home/Controller/IndexController.class.php on line 27 and defined /www/web/yigong/public_html/SingKa/Library/Think/Controller.class.php 第 68 行.
NOTIC: [8] Undefined variable: content /www/web/yigong/public_html/SingKa/Library/Think/Controller.class.php 第 69 行.
INFO: [ view_parse ] --START--
INFO: [ template_filter ] --START--
INFO: Run Behavior\ContentReplaceBehavior [ RunTime:0.000090s ]
INFO: [ template_filter ] --END-- [ RunTime:0.000166s ]
SQL: SHOW COLUMNS FROM `vol_consultation` [ RunTime:0.0008s ]
SQL: SELECT * FROM `vol_consultation` WHERE ( uid='2016005' and status='0' ) LIMIT 1   [ RunTime:0.0001s ]
SQL: SELECT * FROM `vol_consultation` WHERE ( uid='2016005' and status='1' ) LIMIT 1   [ RunTime:0.0001s ]
SQL: SELECT * FROM `vol_consultation` WHERE ( uid='2016005' and status='2' ) LIMIT 1   [ RunTime:0.0001s ]
SQL: SHOW COLUMNS FROM `vol_restaurant` [ RunTime:0.0005s ]
SQL: SELECT * FROM `vol_restaurant` WHERE ( uid='2016005' and date='2016/05/06' ) LIMIT 1   [ RunTime:0.0001s ]
SQL: SELECT * FROM `vol_active_sign` WHERE ( aid='2' and uid='2016005' ) LIMIT 1   [ RunTime:0.0001s ]
INFO: Run Behavior\ParseTemplateBehavior [ RunTime:0.038924s ]
INFO: [ view_parse ] --END-- [ RunTime:0.038977s ]
INFO: [ view_filter ] --START--
INFO: Run Behavior\WriteHtmlCacheBehavior [ RunTime:0.000234s ]
INFO: [ view_filter ] --END-- [ RunTime:0.000294s ]
INFO: [ app_end ] --START--
INFO: Run Behavior\ShowPageTraceBehavior [ RunTime:0.000454s ]
INFO: [ app_end ] --END-- [ RunTime:0.000509s ]

[ 2016-05-05T04:44:19+08:00 ] 39.187.125.201 /Home/Index/video
INFO: [ app_init ] --START--
INFO: Run Behavior\BuildLiteBehavior [ RunTime:0.000016s ]
INFO: [ app_init ] --END-- [ RunTime:0.000322s ]
INFO: [ app_begin ] --START--
INFO: Run Behavior\ReadHtmlCacheBehavior [ RunTime:0.000439s ]
INFO: [ app_begin ] --END-- [ RunTime:0.000497s ]
SQL: SHOW COLUMNS FROM `vol_videos` [ RunTime:0.0006s ]
SQL: SELECT * FROM `vol_videos` ORDER BY id DESC LIMIT 3   [ RunTime:0.0001s ]
INFO: [ view_parse ] --START--
INFO: [ template_filter ] --START--
INFO: Run Behavior\ContentReplaceBehavior [ RunTime:0.000057s ]
INFO: [ template_filter ] --END-- [ RunTime:0.000116s ]
INFO: Run Behavior\ParseTemplateBehavior [ RunTime:0.016938s ]
INFO: [ view_parse ] --END-- [ RunTime:0.016998s ]
INFO: [ view_filter ] --START--
INFO: Run Behavior\WriteHtmlCacheBehavior [ RunTime:0.000188s ]
INFO: [ view_filter ] --END-- [ RunTime:0.000236s ]
INFO: [ app_end ] --START--
INFO: Run Behavior\ShowPageTraceBehavior [ RunTime:0.000457s ]
INFO: [ app_end ] --END-- [ RunTime:0.000507s ]

[ 2016-05-05T04:44:20+08:00 ] 39.187.125.201 /Home/Index/teletext
INFO: [ app_init ] --START--
INFO: Run Behavior\BuildLiteBehavior [ RunTime:0.000014s ]
INFO: [ app_init ] --END-- [ RunTime:0.000308s ]
INFO: [ app_begin ] --START--
INFO: Run Behavior\ReadHtmlCacheBehavior [ RunTime:0.000411s ]
INFO: [ app_begin ] --END-- [ RunTime:0.000470s ]
SQL: SHOW COLUMNS FROM `vol_article` [ RunTime:0.0006s ]
SQL: SELECT * FROM `vol_article` ORDER BY id DESC LIMIT 3   [ RunTime:0.0001s ]
INFO: [ view_parse ] --START--
INFO: [ template_filter ] --START--
INFO: Run Behavior\ContentReplaceBehavior [ RunTime:0.000066s ]
INFO: [ template_filter ] --END-- [ RunTime:0.000153s ]
INFO: Run Behavior\ParseTemplateBehavior [ RunTime:0.008509s ]
INFO: [ view_parse ] --END-- [ RunTime:0.008570s ]
INFO: [ view_filter ] --START--
INFO: Run Behavior\WriteHtmlCacheBehavior [ RunTime:0.000210s ]
INFO: [ view_filter ] --END-- [ RunTime:0.000266s ]
INFO: [ app_end ] --START--
INFO: Run Behavior\ShowPageTraceBehavior [ RunTime:0.000568s ]
INFO: [ app_end ] --END-- [ RunTime:0.000620s ]

[ 2016-05-05T04:44:21+08:00 ] 39.187.125.201 /Home/Index/video
INFO: [ app_init ] --START--
INFO: Run Behavior\BuildLiteBehavior [ RunTime:0.000015s ]
INFO: [ app_init ] --END-- [ RunTime:0.000308s ]
INFO: [ app_begin ] --START--
INFO: Run Behavior\ReadHtmlCacheBehavior [ RunTime:0.000455s ]
INFO: [ app_begin ] --END-- [ RunTime:0.000514s ]
SQL: SHOW COLUMNS FROM `vol_videos` [ RunTime:0.0006s ]
SQL: SELECT * FROM `vol_videos` ORDER BY id DESC LIMIT 3   [ RunTime:0.0001s ]
INFO: [ view_parse ] --START--
INFO: [ template_filter ] --START--
INFO: Run Behavior\ContentReplaceBehavior [ RunTime:0.000056s ]
INFO: [ template_filter ] --END-- [ RunTime:0.000110s ]
INFO: Run Behavior\ParseTemplateBehavior [ RunTime:0.006721s ]
INFO: [ view_parse ] --END-- [ RunTime:0.006784s ]
INFO: [ view_filter ] --START--
INFO: Run Behavior\WriteHtmlCacheBehavior [ RunTime:0.000184s ]
INFO: [ view_filter ] --END-- [ RunTime:0.000231s ]
INFO: [ app_end ] --START--
INFO: Run Behavior\ShowPageTraceBehavior [ RunTime:0.000439s ]
INFO: [ app_end ] --END-- [ RunTime:0.000489s ]

[ 2016-05-05T04:44:25+08:00 ] 39.187.125.201 /Home/Index/teletext
INFO: [ app_init ] --START--
INFO: Run Behavior\BuildLiteBehavior [ RunTime:0.000017s ]
INFO: [ app_init ] --END-- [ RunTime:0.000317s ]
INFO: [ app_begin ] --START--
INFO: Run Behavior\ReadHtmlCacheBehavior [ RunTime:0.000595s ]
INFO: [ app_begin ] --END-- [ RunTime:0.000698s ]
SQL: SHOW COLUMNS FROM `vol_article` [ RunTime:0.0006s ]
SQL: SELECT * FROM `vol_article` ORDER BY id DESC LIMIT 3   [ RunTime:0.0001s ]
INFO: [ view_parse ] --START--
INFO: [ template_filter ] --START--
INFO: Run Behavior\ContentReplaceBehavior [ RunTime:0.000058s ]
INFO: [ template_filter ] --END-- [ RunTime:0.000113s ]
INFO: Run Behavior\ParseTemplateBehavior [ RunTime:0.006644s ]
INFO: [ view_parse ] --END-- [ RunTime:0.006704s ]
INFO: [ view_filter ] --START--
INFO: Run Behavior\WriteHtmlCacheBehavior [ RunTime:0.000187s ]
INFO: [ view_filter ] --END-- [ RunTime:0.000236s ]
INFO: [ app_end ] --START--
INFO: Run Behavior\ShowPageTraceBehavior [ RunTime:0.000469s ]
INFO: [ app_end ] --END-- [ RunTime:0.000520s ]

[ 2016-05-05T04:44:26+08:00 ] 39.187.125.201 /Home/Index/usermanual
INFO: [ app_init ] --START--
INFO: Run Behavior\BuildLiteBehavior [ RunTime:0.000015s ]
INFO: [ app_init ] --END-- [ RunTime:0.000330s ]
INFO: [ app_begin ] --START--
INFO: Run Behavior\ReadHtmlCacheBehavior [ RunTime:0.000432s ]
INFO: [ app_begin ] --END-- [ RunTime:0.000490s ]
INFO: [ view_parse ] --START--
INFO: [ template_filter ] --START--
INFO: Run Behavior\ContentReplaceBehavior [ RunTime:0.000052s ]
INFO: [ template_filter ] --END-- [ RunTime:0.000108s ]
SQL: SHOW COLUMNS FROM `vol_setting` [ RunTime:0.0006s ]
SQL: SELECT * FROM `vol_setting` WHERE ( id='1' ) LIMIT 1   [ RunTime:0.0001s ]
INFO: Run Behavior\ParseTemplateBehavior [ RunTime:0.032372s ]
INFO: [ view_parse ] --END-- [ RunTime:0.032430s ]
INFO: [ view_filter ] --START--
INFO: Run Behavior\WriteHtmlCacheBehavior [ RunTime:0.000198s ]
INFO: [ view_filter ] --END-- [ RunTime:0.000249s ]
INFO: [ app_end ] --START--
INFO: Run Behavior\ShowPageTraceBehavior [ RunTime:0.000432s ]
INFO: [ app_end ] --END-- [ RunTime:0.000492s ]

[ 2016-05-05T04:44:27+08:00 ] 39.187.125.201 /Home/Index/teletext
INFO: [ app_init ] --START--
INFO: Run Behavior\BuildLiteBehavior [ RunTime:0.000014s ]
INFO: [ app_init ] --END-- [ RunTime:0.000356s ]
INFO: [ app_begin ] --START--
INFO: Run Behavior\ReadHtmlCacheBehavior [ RunTime:0.000462s ]
INFO: [ app_begin ] --END-- [ RunTime:0.000519s ]
SQL: SHOW COLUMNS FROM `vol_article` [ RunTime:0.0006s ]
SQL: SELECT * FROM `vol_article` ORDER BY id DESC LIMIT 3   [ RunTime:0.0001s ]
INFO: [ view_parse ] --START--
INFO: [ template_filter ] --START--
INFO: Run Behavior\ContentReplaceBehavior [ RunTime:0.000057s ]
INFO: [ template_filter ] --END-- [ RunTime:0.000114s ]
INFO: Run Behavior\ParseTemplateBehavior [ RunTime:0.006698s ]
INFO: [ view_parse ] --END-- [ RunTime:0.006758s ]
INFO: [ view_filter ] --START--
INFO: Run Behavior\WriteHtmlCacheBehavior [ RunTime:0.000184s ]
INFO: [ view_filter ] --END-- [ RunTime:0.000233s ]
INFO: [ app_end ] --START--
INFO: Run Behavior\ShowPageTraceBehavior [ RunTime:0.000448s ]
INFO: [ app_end ] --END-- [ RunTime:0.000499s ]

[ 2016-05-05T04:44:27+08:00 ] 39.187.125.201 /Home/Index/index
INFO: [ app_init ] --START--
INFO: Run Behavior\BuildLiteBehavior [ RunTime:0.000015s ]
INFO: [ app_init ] --END-- [ RunTime:0.000311s ]
INFO: [ app_begin ] --START--
INFO: Run Behavior\ReadHtmlCacheBehavior [ RunTime:0.000423s ]
INFO: [ app_begin ] --END-- [ RunTime:0.000481s ]
SQL: SHOW COLUMNS FROM `vol_consultation_type` [ RunTime:0.0006s ]
SQL: SELECT * FROM `vol_consultation_type`  [ RunTime:0.0001s ]
SQL: SHOW COLUMNS FROM `vol_restaurant_time` [ RunTime:0.0004s ]
SQL: SELECT * FROM `vol_restaurant_time`  [ RunTime:0.0001s ]
SQL: SHOW COLUMNS FROM `vol_active` [ RunTime:0.0007s ]
SQL: SELECT * FROM `vol_active` ORDER BY id DESC LIMIT 1   [ RunTime:0.0002s ]
SQL: SHOW COLUMNS FROM `vol_active_sign` [ RunTime:0.0006s ]
SQL: SELECT SUM(number) AS tp_sum FROM `vol_active_sign` WHERE ( aid='2' ) LIMIT 1   [ RunTime:0.0001s ]
SQL: SHOW COLUMNS FROM `vol_user` [ RunTime:0.0005s ]
SQL: SELECT * FROM `vol_user` WHERE ( uid='2016005' ) LIMIT 1   [ RunTime:0.0001s ]
NOTIC: [2] Missing argument 1 for Think\Controller::show(), called in /www/web/yigong/public_html/Application/Home/Controller/IndexController.class.php on line 27 and defined /www/web/yigong/public_html/SingKa/Library/Think/Controller.class.php 第 68 行.
NOTIC: [8] Undefined variable: content /www/web/yigong/public_html/SingKa/Library/Think/Controller.class.php 第 69 行.
INFO: [ view_parse ] --START--
INFO: [ template_filter ] --START--
INFO: Run Behavior\ContentReplaceBehavior [ RunTime:0.000086s ]
INFO: [ template_filter ] --END-- [ RunTime:0.000145s ]
SQL: SHOW COLUMNS FROM `vol_consultation` [ RunTime:0.0006s ]
SQL: SELECT * FROM `vol_consultation` WHERE ( uid='2016005' and status='0' ) LIMIT 1   [ RunTime:0.0001s ]
SQL: SELECT * FROM `vol_consultation` WHERE ( uid='2016005' and status='1' ) LIMIT 1   [ RunTime:0.0001s ]
SQL: SELECT * FROM `vol_consultation` WHERE ( uid='2016005' and status='2' ) LIMIT 1   [ RunTime:0.0001s ]
SQL: SHOW COLUMNS FROM `vol_restaurant` [ RunTime:0.0004s ]
SQL: SELECT * FROM `vol_restaurant` WHERE ( uid='2016005' and date='2016/05/06' ) LIMIT 1   [ RunTime:0.0001s ]
SQL: SELECT * FROM `vol_active_sign` WHERE ( aid='2' and uid='2016005' ) LIMIT 1   [ RunTime:0.0001s ]
INFO: Run Behavior\ParseTemplateBehavior [ RunTime:0.012951s ]
INFO: [ view_parse ] --END-- [ RunTime:0.013005s ]
INFO: [ view_filter ] --START--
INFO: Run Behavior\WriteHtmlCacheBehavior [ RunTime:0.000201s ]
INFO: [ view_filter ] --END-- [ RunTime:0.000259s ]
INFO: [ app_end ] --START--
INFO: Run Behavior\ShowPageTraceBehavior [ RunTime:0.000493s ]
INFO: [ app_end ] --END-- [ RunTime:0.000553s ]

[ 2016-05-05T04:44:28+08:00 ] 39.187.125.201 /Home/Index/teletext
INFO: [ app_init ] --START--
INFO: Run Behavior\BuildLiteBehavior [ RunTime:0.000014s ]
INFO: [ app_init ] --END-- [ RunTime:0.000334s ]
INFO: [ app_begin ] --START--
INFO: Run Behavior\ReadHtmlCacheBehavior [ RunTime:0.000410s ]
INFO: [ app_begin ] --END-- [ RunTime:0.000492s ]
SQL: SHOW COLUMNS FROM `vol_article` [ RunTime:0.0006s ]
SQL: SELECT * FROM `vol_article` ORDER BY id DESC LIMIT 3   [ RunTime:0.0001s ]
INFO: [ view_parse ] --START--
INFO: [ template_filter ] --START--
INFO: Run Behavior\ContentReplaceBehavior [ RunTime:0.000056s ]
INFO: [ template_filter ] --END-- [ RunTime:0.000114s ]
INFO: Run Behavior\ParseTemplateBehavior [ RunTime:0.006607s ]
INFO: [ view_parse ] --END-- [ RunTime:0.006686s ]
INFO: [ view_filter ] --START--
INFO: Run Behavior\WriteHtmlCacheBehavior [ RunTime:0.000185s ]
INFO: [ view_filter ] --END-- [ RunTime:0.000233s ]
INFO: [ app_end ] --START--
INFO: Run Behavior\ShowPageTraceBehavior [ RunTime:0.000445s ]
INFO: [ app_end ] --END-- [ RunTime:0.000495s ]

[ 2016-05-05T04:44:32+08:00 ] 58.247.206.158 /index.php?m=Home&c=Wechat&a=index&signature=94459e3a7950901bd32b396e678e50f86166330a&timestamp=1462394671&nonce=1047359408
INFO: [ app_init ] --START--
INFO: Run Behavior\BuildLiteBehavior [ RunTime:0.000014s ]
INFO: [ app_init ] --END-- [ RunTime:0.000341s ]
INFO: [ app_begin ] --START--
INFO: Run Behavior\ReadHtmlCacheBehavior [ RunTime:0.000431s ]
INFO: [ app_begin ] --END-- [ RunTime:0.000491s ]
NOTIC: [8] Use of undefined constant self - assumed 'self' /www/web/yigong/public_html/SingKa/Library/Com/Wechat.class.php 第 156 行.

[ 2016-05-05T04:44:43+08:00 ] 39.187.125.201 /
INFO: [ app_init ] --START--
INFO: Run Behavior\BuildLiteBehavior [ RunTime:0.000015s ]
INFO: [ app_init ] --END-- [ RunTime:0.000326s ]
INFO: [ app_begin ] --START--
INFO: Run Behavior\ReadHtmlCacheBehavior [ RunTime:0.000408s ]
INFO: [ app_begin ] --END-- [ RunTime:0.000467s ]
SQL: SHOW COLUMNS FROM `vol_consultation_type` [ RunTime:0.0007s ]
SQL: SELECT * FROM `vol_consultation_type`  [ RunTime:0.0001s ]
SQL: SHOW COLUMNS FROM `vol_restaurant_time` [ RunTime:0.0005s ]
SQL: SELECT * FROM `vol_restaurant_time`  [ RunTime:0.0001s ]
SQL: SHOW COLUMNS FROM `vol_active` [ RunTime:0.0005s ]
SQL: SELECT * FROM `vol_active` ORDER BY id DESC LIMIT 1   [ RunTime:0.0001s ]
SQL: SHOW COLUMNS FROM `vol_active_sign` [ RunTime:0.0004s ]
SQL: SELECT SUM(number) AS tp_sum FROM `vol_active_sign` WHERE ( aid='2' ) LIMIT 1   [ RunTime:0.0001s ]
SQL: SHOW COLUMNS FROM `vol_user` [ RunTime:0.0005s ]
SQL: SELECT * FROM `vol_user` WHERE ( uid='2016005' ) LIMIT 1   [ RunTime:0.0001s ]
NOTIC: [2] Missing argument 1 for Think\Controller::show(), called in /www/web/yigong/public_html/Application/Home/Controller/IndexController.class.php on line 27 and defined /www/web/yigong/public_html/SingKa/Library/Think/Controller.class.php 第 68 行.
NOTIC: [8] Undefined variable: content /www/web/yigong/public_html/SingKa/Library/Think/Controller.class.php 第 69 行.
INFO: [ view_parse ] --START--
INFO: [ template_filter ] --START--
INFO: Run Behavior\ContentReplaceBehavior [ RunTime:0.000088s ]
INFO: [ template_filter ] --END-- [ RunTime:0.000151s ]
SQL: SHOW COLUMNS FROM `vol_consultation` [ RunTime:0.0006s ]
SQL: SELECT * FROM `vol_consultation` WHERE ( uid='2016005' and status='0' ) LIMIT 1   [ RunTime:0.0001s ]
SQL: SELECT * FROM `vol_consultation` WHERE ( uid='2016005' and status='1' ) LIMIT 1   [ RunTime:0.0001s ]
SQL: SELECT * FROM `vol_consultation` WHERE ( uid='2016005' and status='2' ) LIMIT 1   [ RunTime:0.0001s ]
SQL: SHOW COLUMNS FROM `vol_restaurant` [ RunTime:0.0004s ]
SQL: SELECT * FROM `vol_restaurant` WHERE ( uid='2016005' and date='2016/05/06' ) LIMIT 1   [ RunTime:0.0001s ]
SQL: SELECT * FROM `vol_active_sign` WHERE ( aid='2' and uid='2016005' ) LIMIT 1   [ RunTime:0.0001s ]
INFO: Run Behavior\ParseTemplateBehavior [ RunTime:0.012986s ]
INFO: [ view_parse ] --END-- [ RunTime:0.013040s ]
INFO: [ view_filter ] --START--
INFO: Run Behavior\WriteHtmlCacheBehavior [ RunTime:0.000196s ]
INFO: [ view_filter ] --END-- [ RunTime:0.000247s ]
INFO: [ app_end ] --START--
INFO: Run Behavior\ShowPageTraceBehavior [ RunTime:0.000433s ]
INFO: [ app_end ] --END-- [ RunTime:0.000488s ]

[ 2016-05-05T04:45:09+08:00 ] 39.187.125.201 /Home/Index/video
INFO: [ app_init ] --START--
INFO: Run Behavior\BuildLiteBehavior [ RunTime:0.000017s ]
INFO: [ app_init ] --END-- [ RunTime:0.000349s ]
INFO: [ app_begin ] --START--
INFO: Run Behavior\ReadHtmlCacheBehavior [ RunTime:0.000464s ]
INFO: [ app_begin ] --END-- [ RunTime:0.000526s ]
SQL: SHOW COLUMNS FROM `vol_videos` [ RunTime:0.0006s ]
SQL: SELECT * FROM `vol_videos` ORDER BY id DESC LIMIT 3   [ RunTime:0.0001s ]
INFO: [ view_parse ] --START--
INFO: [ template_filter ] --START--
INFO: Run Behavior\ContentReplaceBehavior [ RunTime:0.000056s ]
INFO: [ template_filter ] --END-- [ RunTime:0.000113s ]
INFO: Run Behavior\ParseTemplateBehavior [ RunTime:0.006870s ]
INFO: [ view_parse ] --END-- [ RunTime:0.006934s ]
INFO: [ view_filter ] --START--
INFO: Run Behavior\WriteHtmlCacheBehavior [ RunTime:0.000187s ]
INFO: [ view_filter ] --END-- [ RunTime:0.000238s ]
INFO: [ app_end ] --START--
INFO: Run Behavior\ShowPageTraceBehavior [ RunTime:0.000479s ]
INFO: [ app_end ] --END-- [ RunTime:0.000532s ]

[ 2016-05-05T04:45:24+08:00 ] 39.187.125.201 /Home/Index/video
INFO: [ app_init ] --START--
INFO: Run Behavior\BuildLiteBehavior [ RunTime:0.000018s ]
INFO: [ app_init ] --END-- [ RunTime:0.000378s ]
INFO: [ app_begin ] --START--
INFO: Run Behavior\ReadHtmlCacheBehavior [ RunTime:0.000445s ]
INFO: [ app_begin ] --END-- [ RunTime:0.000502s ]
SQL: SHOW COLUMNS FROM `vol_videos` [ RunTime:0.0006s ]
SQL: SELECT * FROM `vol_videos` ORDER BY id DESC LIMIT 3   [ RunTime:0.0001s ]
INFO: [ view_parse ] --START--
INFO: [ template_filter ] --START--
INFO: Run Behavior\ContentReplaceBehavior [ RunTime:0.000060s ]
INFO: [ template_filter ] --END-- [ RunTime:0.000119s ]
INFO: Run Behavior\ParseTemplateBehavior [ RunTime:0.006525s ]
INFO: [ view_parse ] --END-- [ RunTime:0.006583s ]
INFO: [ view_filter ] --START--
INFO: Run Behavior\WriteHtmlCacheBehavior [ RunTime:0.000208s ]
INFO: [ view_filter ] --END-- [ RunTime:0.000256s ]
INFO: [ app_end ] --START--
INFO: Run Behavior\ShowPageTraceBehavior [ RunTime:0.000427s ]
INFO: [ app_end ] --END-- [ RunTime:0.000477s ]

[ 2016-05-05T04:45:27+08:00 ] 58.247.206.146 /index.php?m=Home&c=Wechat&a=index&signature=639761cf36a55ffb62c805e1ef178b24510e3b62&timestamp=1462394727&nonce=58020574
INFO: [ app_init ] --START--
INFO: Run Behavior\BuildLiteBehavior [ RunTime:0.000015s ]
INFO: [ app_init ] --END-- [ RunTime:0.000309s ]
INFO: [ app_begin ] --START--
INFO: Run Behavior\ReadHtmlCacheBehavior [ RunTime:0.000409s ]
INFO: [ app_begin ] --END-- [ RunTime:0.000469s ]
NOTIC: [8] Use of undefined constant self - assumed 'self' /www/web/yigong/public_html/SingKa/Library/Com/Wechat.class.php 第 156 行.

[ 2016-05-05T13:20:16+08:00 ] 58.247.206.156 /index.php?m=Home&c=Wechat&a=index&signature=ca7b2d921948af0388296e9c8506d70d6d84dc80&timestamp=1462425616&nonce=486284160
INFO: [ app_init ] --START--
INFO: Run Behavior\BuildLiteBehavior [ RunTime:0.000015s ]
INFO: [ app_init ] --END-- [ RunTime:0.000316s ]
INFO: [ app_begin ] --START--
INFO: Run Behavior\ReadHtmlCacheBehavior [ RunTime:0.000441s ]
INFO: [ app_begin ] --END-- [ RunTime:0.000500s ]
NOTIC: [8] Use of undefined constant self - assumed 'self' /www/web/yigong/public_html/SingKa/Library/Com/Wechat.class.php 第 156 行.

[ 2016-05-05T13:20:46+08:00 ] 39.187.125.201 /
INFO: [ app_init ] --START--
INFO: Run Behavior\BuildLiteBehavior [ RunTime:0.000014s ]
INFO: [ app_init ] --END-- [ RunTime:0.000332s ]
INFO: [ app_begin ] --START--
INFO: Run Behavior\ReadHtmlCacheBehavior [ RunTime:0.000420s ]
INFO: [ app_begin ] --END-- [ RunTime:0.000477s ]
SQL: SHOW COLUMNS FROM `vol_consultation_type` [ RunTime:0.0006s ]
SQL: SELECT * FROM `vol_consultation_type`  [ RunTime:0.0001s ]
SQL: SHOW COLUMNS FROM `vol_restaurant_time` [ RunTime:0.0004s ]
SQL: SELECT * FROM `vol_restaurant_time`  [ RunTime:0.0001s ]
SQL: SHOW COLUMNS FROM `vol_active` [ RunTime:0.0004s ]
SQL: SELECT * FROM `vol_active` ORDER BY id DESC LIMIT 1   [ RunTime:0.0001s ]
SQL: SHOW COLUMNS FROM `vol_active_sign` [ RunTime:0.0004s ]
SQL: SELECT SUM(number) AS tp_sum FROM `vol_active_sign` WHERE ( aid='2' ) LIMIT 1   [ RunTime:0.0001s ]
SQL: SHOW COLUMNS FROM `vol_user` [ RunTime:0.0005s ]
SQL: SELECT * FROM `vol_user` WHERE ( uid='2016005' ) LIMIT 1   [ RunTime:0.0001s ]
NOTIC: [2] Missing argument 1 for Think\Controller::show(), called in /www/web/yigong/public_html/Application/Home/Controller/IndexController.class.php on line 27 and defined /www/web/yigong/public_html/SingKa/Library/Think/Controller.class.php 第 68 行.
NOTIC: [8] Undefined variable: content /www/web/yigong/public_html/SingKa/Library/Think/Controller.class.php 第 69 行.
INFO: [ view_parse ] --START--
INFO: [ template_filter ] --START--
INFO: Run Behavior\ContentReplaceBehavior [ RunTime:0.000087s ]
INFO: [ template_filter ] --END-- [ RunTime:0.000173s ]
SQL: SHOW COLUMNS FROM `vol_consultation` [ RunTime:0.0006s ]
SQL: SELECT * FROM `vol_consultation` WHERE ( uid='2016005' and status='0' ) LIMIT 1   [ RunTime:0.0001s ]
SQL: SELECT * FROM `vol_consultation` WHERE ( uid='2016005' and status='1' ) LIMIT 1   [ RunTime:0.0001s ]
SQL: SELECT * FROM `vol_consultation` WHERE ( uid='2016005' and status='2' ) LIMIT 1   [ RunTime:0.0001s ]
SQL: SHOW COLUMNS FROM `vol_restaurant` [ RunTime:0.0004s ]
SQL: SELECT * FROM `vol_restaurant` WHERE ( uid='2016005' and date='2016/05/06' ) LIMIT 1   [ RunTime:0.0001s ]
SQL: SELECT * FROM `vol_active_sign` WHERE ( aid='2' and uid='2016005' ) LIMIT 1   [ RunTime:0.0001s ]
INFO: Run Behavior\ParseTemplateBehavior [ RunTime:0.013042s ]
INFO: [ view_parse ] --END-- [ RunTime:0.013096s ]
INFO: [ view_filter ] --START--
INFO: Run Behavior\WriteHtmlCacheBehavior [ RunTime:0.000202s ]
INFO: [ view_filter ] --END-- [ RunTime:0.000259s ]
INFO: [ app_end ] --START--
INFO: Run Behavior\ShowPageTraceBehavior [ RunTime:0.000463s ]
INFO: [ app_end ] --END-- [ RunTime:0.000517s ]

[ 2016-05-05T17:20:37+08:00 ] 183.136.190.62 /
INFO: [ app_init ] --START--
INFO: Run Behavior\BuildLiteBehavior [ RunTime:0.000015s ]
INFO: [ app_init ] --END-- [ RunTime:0.000307s ]
INFO: [ app_begin ] --START--
INFO: Run Behavior\ReadHtmlCacheBehavior [ RunTime:0.000438s ]
INFO: [ app_begin ] --END-- [ RunTime:0.000495s ]

