[ 2016-04-20T01:29:32+08:00 ] 140.207.54.79 /index.php?m=Home&c=Wechat&a=index&signature=75568d743c28fab1966fe7541e37f4685055f786&timestamp=1461086972&nonce=883534979
INFO: [ app_init ] --START--
INFO: Run Behavior\BuildLiteBehavior [ RunTime:0.000016s ]
INFO: [ app_init ] --END-- [ RunTime:0.000398s ]
INFO: [ app_begin ] --START--
INFO: Run Behavior\ReadHtmlCacheBehavior [ RunTime:0.000440s ]
INFO: [ app_begin ] --END-- [ RunTime:0.000499s ]
NOTIC: [8] Use of undefined constant self - assumed 'self' /www/web/yigong/public_html/SingKa/Library/Com/Wechat.class.php 第 156 行.

[ 2016-04-20T06:08:52+08:00 ] 121.42.0.37 /
INFO: [ app_init ] --START--
INFO: Run Behavior\BuildLiteBehavior [ RunTime:0.000013s ]
INFO: [ app_init ] --END-- [ RunTime:0.000298s ]
INFO: [ app_begin ] --START--
INFO: Run Behavior\ReadHtmlCacheBehavior [ RunTime:0.005194s ]
INFO: [ app_begin ] --END-- [ RunTime:0.005253s ]

[ 2016-04-20T06:09:50+08:00 ] 121.42.0.37 /
INFO: [ app_init ] --START--
INFO: Run Behavior\BuildLiteBehavior [ RunTime:0.000014s ]
INFO: [ app_init ] --END-- [ RunTime:0.000311s ]
INFO: [ app_begin ] --START--
INFO: Run Behavior\ReadHtmlCacheBehavior [ RunTime:0.000434s ]
INFO: [ app_begin ] --END-- [ RunTime:0.000492s ]

[ 2016-04-20T06:10:38+08:00 ] 121.42.0.37 /
INFO: [ app_init ] --START--
INFO: Run Behavior\BuildLiteBehavior [ RunTime:0.000014s ]
INFO: [ app_init ] --END-- [ RunTime:0.000309s ]
INFO: [ app_begin ] --START--
INFO: Run Behavior\ReadHtmlCacheBehavior [ RunTime:0.000437s ]
INFO: [ app_begin ] --END-- [ RunTime:0.000508s ]

[ 2016-04-20T06:11:52+08:00 ] 121.42.0.37 /index.php
INFO: [ app_init ] --START--
INFO: Run Behavior\BuildLiteBehavior [ RunTime:0.000017s ]
INFO: [ app_init ] --END-- [ RunTime:0.000407s ]
INFO: [ app_begin ] --START--
INFO: Run Behavior\ReadHtmlCacheBehavior [ RunTime:0.000417s ]
INFO: [ app_begin ] --END-- [ RunTime:0.000475s ]

[ 2016-04-20T06:12:04+08:00 ] 121.42.0.37 /
INFO: [ app_init ] --START--
INFO: Run Behavior\BuildLiteBehavior [ RunTime:0.000015s ]
INFO: [ app_init ] --END-- [ RunTime:0.000306s ]
INFO: [ app_begin ] --START--
INFO: Run Behavior\ReadHtmlCacheBehavior [ RunTime:0.000448s ]
INFO: [ app_begin ] --END-- [ RunTime:0.000505s ]

[ 2016-04-20T06:21:14+08:00 ] 121.42.0.37 /.DS_Store
INFO: [ app_init ] --START--
INFO: Run Behavior\BuildLiteBehavior [ RunTime:0.000014s ]
INFO: [ app_init ] --END-- [ RunTime:0.000332s ]
INFO: [ app_begin ] --START--
INFO: Run Behavior\ReadHtmlCacheBehavior [ RunTime:0.000407s ]
INFO: [ app_begin ] --END-- [ RunTime:0.000485s ]

[ 2016-04-20T06:25:08+08:00 ] 121.42.0.37 /index.php
INFO: [ app_init ] --START--
INFO: Run Behavior\BuildLiteBehavior [ RunTime:0.000014s ]
INFO: [ app_init ] --END-- [ RunTime:0.000328s ]
INFO: [ app_begin ] --START--
INFO: Run Behavior\ReadHtmlCacheBehavior [ RunTime:0.000407s ]
INFO: [ app_begin ] --END-- [ RunTime:0.000462s ]

[ 2016-04-20T06:29:55+08:00 ] 121.42.0.37 /index.php?disp=dynamic
INFO: [ app_init ] --START--
INFO: Run Behavior\BuildLiteBehavior [ RunTime:0.000014s ]
INFO: [ app_init ] --END-- [ RunTime:0.000306s ]
INFO: [ app_begin ] --START--
INFO: Run Behavior\ReadHtmlCacheBehavior [ RunTime:0.000502s ]
INFO: [ app_begin ] --END-- [ RunTime:0.000570s ]

[ 2016-04-20T06:31:02+08:00 ] 121.42.0.37 /index.php?disp=dynamic
INFO: [ app_init ] --START--
INFO: Run Behavior\BuildLiteBehavior [ RunTime:0.000014s ]
INFO: [ app_init ] --END-- [ RunTime:0.000330s ]
INFO: [ app_begin ] --START--
INFO: Run Behavior\ReadHtmlCacheBehavior [ RunTime:0.000442s ]
INFO: [ app_begin ] --END-- [ RunTime:0.000501s ]

[ 2016-04-20T06:32:32+08:00 ] 121.42.0.37 /
INFO: [ app_init ] --START--
INFO: Run Behavior\BuildLiteBehavior [ RunTime:0.000014s ]
INFO: [ app_init ] --END-- [ RunTime:0.000303s ]
INFO: [ app_begin ] --START--
INFO: Run Behavior\ReadHtmlCacheBehavior [ RunTime:0.000432s ]
INFO: [ app_begin ] --END-- [ RunTime:0.000489s ]

[ 2016-04-20T06:34:43+08:00 ] 121.42.0.37 /
INFO: [ app_init ] --START--
INFO: Run Behavior\BuildLiteBehavior [ RunTime:0.000014s ]
INFO: [ app_init ] --END-- [ RunTime:0.000306s ]
INFO: [ app_begin ] --START--
INFO: Run Behavior\ReadHtmlCacheBehavior [ RunTime:0.000406s ]
INFO: [ app_begin ] --END-- [ RunTime:0.000464s ]

[ 2016-04-20T06:37:55+08:00 ] 121.42.0.37 /
INFO: [ app_init ] --START--
INFO: Run Behavior\BuildLiteBehavior [ RunTime:0.000014s ]
INFO: [ app_init ] --END-- [ RunTime:0.000343s ]
INFO: [ app_begin ] --START--
INFO: Run Behavior\ReadHtmlCacheBehavior [ RunTime:0.000410s ]
INFO: [ app_begin ] --END-- [ RunTime:0.000468s ]

[ 2016-04-20T06:38:21+08:00 ] 121.42.0.37 /
INFO: [ app_init ] --START--
INFO: Run Behavior\BuildLiteBehavior [ RunTime:0.000014s ]
INFO: [ app_init ] --END-- [ RunTime:0.000306s ]
INFO: [ app_begin ] --START--
INFO: Run Behavior\ReadHtmlCacheBehavior [ RunTime:0.000410s ]
INFO: [ app_begin ] --END-- [ RunTime:0.000467s ]

[ 2016-04-20T06:38:24+08:00 ] 121.42.0.37 /
INFO: [ app_init ] --START--
INFO: Run Behavior\BuildLiteBehavior [ RunTime:0.000022s ]
INFO: [ app_init ] --END-- [ RunTime:0.000535s ]
INFO: [ app_begin ] --START--
INFO: Run Behavior\ReadHtmlCacheBehavior [ RunTime:0.000476s ]
INFO: [ app_begin ] --END-- [ RunTime:0.000541s ]

[ 2016-04-20T06:38:27+08:00 ] 121.42.0.37 /?q=node&destination=node
INFO: [ app_init ] --START--
INFO: Run Behavior\BuildLiteBehavior [ RunTime:0.000015s ]
INFO: [ app_init ] --END-- [ RunTime:0.000315s ]
INFO: [ app_begin ] --START--
INFO: Run Behavior\ReadHtmlCacheBehavior [ RunTime:0.000498s ]
INFO: [ app_begin ] --END-- [ RunTime:0.000558s ]

[ 2016-04-20T06:38:30+08:00 ] 121.42.0.37 /
INFO: [ app_init ] --START--
INFO: Run Behavior\BuildLiteBehavior [ RunTime:0.000015s ]
INFO: [ app_init ] --END-- [ RunTime:0.000309s ]
INFO: [ app_begin ] --START--
INFO: Run Behavior\ReadHtmlCacheBehavior [ RunTime:0.000428s ]
INFO: [ app_begin ] --END-- [ RunTime:0.000485s ]

[ 2016-04-20T06:38:49+08:00 ] 121.42.0.37 /index.php
INFO: [ app_init ] --START--
INFO: Run Behavior\BuildLiteBehavior [ RunTime:0.000015s ]
INFO: [ app_init ] --END-- [ RunTime:0.000309s ]
INFO: [ app_begin ] --START--
INFO: Run Behavior\ReadHtmlCacheBehavior [ RunTime:0.000431s ]
INFO: [ app_begin ] --END-- [ RunTime:0.000488s ]

[ 2016-04-20T06:40:11+08:00 ] 121.42.0.37 /
INFO: [ app_init ] --START--
INFO: Run Behavior\BuildLiteBehavior [ RunTime:0.000014s ]
INFO: [ app_init ] --END-- [ RunTime:0.000306s ]
INFO: [ app_begin ] --START--
INFO: Run Behavior\ReadHtmlCacheBehavior [ RunTime:0.000406s ]
INFO: [ app_begin ] --END-- [ RunTime:0.000468s ]

[ 2016-04-20T06:40:41+08:00 ] 121.42.0.54 /?.tmp=t
INFO: [ app_init ] --START--
INFO: Run Behavior\BuildLiteBehavior [ RunTime:0.000014s ]
INFO: [ app_init ] --END-- [ RunTime:0.000308s ]
INFO: [ app_begin ] --START--
INFO: Run Behavior\ReadHtmlCacheBehavior [ RunTime:0.000425s ]
INFO: [ app_begin ] --END-- [ RunTime:0.000483s ]

[ 2016-04-20T06:40:46+08:00 ] 121.42.0.37 /
INFO: [ app_init ] --START--
INFO: Run Behavior\BuildLiteBehavior [ RunTime:0.000014s ]
INFO: [ app_init ] --END-- [ RunTime:0.000304s ]
INFO: [ app_begin ] --START--
INFO: Run Behavior\ReadHtmlCacheBehavior [ RunTime:0.000416s ]
INFO: [ app_begin ] --END-- [ RunTime:0.000474s ]

[ 2016-04-20T06:40:55+08:00 ] 121.42.0.37 /?-dallow_url_include%3don+-dauto_prepend_file%3dphp://input
INFO: [ app_init ] --START--
INFO: Run Behavior\BuildLiteBehavior [ RunTime:0.000014s ]
INFO: [ app_init ] --END-- [ RunTime:0.000306s ]
INFO: [ app_begin ] --START--
INFO: Run Behavior\ReadHtmlCacheBehavior [ RunTime:0.000427s ]
INFO: [ app_begin ] --END-- [ RunTime:0.000485s ]

[ 2016-04-20T06:50:23+08:00 ] 121.42.0.37 /
INFO: [ app_init ] --START--
INFO: Run Behavior\BuildLiteBehavior [ RunTime:0.000020s ]
INFO: [ app_init ] --END-- [ RunTime:0.000398s ]
INFO: [ app_begin ] --START--
INFO: Run Behavior\ReadHtmlCacheBehavior [ RunTime:0.000449s ]
INFO: [ app_begin ] --END-- [ RunTime:0.000507s ]

[ 2016-04-20T06:54:16+08:00 ] 121.42.0.37 /index.php
INFO: [ app_init ] --START--
INFO: Run Behavior\BuildLiteBehavior [ RunTime:0.000014s ]
INFO: [ app_init ] --END-- [ RunTime:0.000305s ]
INFO: [ app_begin ] --START--
INFO: Run Behavior\ReadHtmlCacheBehavior [ RunTime:0.000460s ]
INFO: [ app_begin ] --END-- [ RunTime:0.000522s ]

[ 2016-04-20T08:14:14+08:00 ] 121.42.0.35 /
INFO: [ app_init ] --START--
INFO: Run Behavior\BuildLiteBehavior [ RunTime:0.000015s ]
INFO: [ app_init ] --END-- [ RunTime:0.000304s ]
INFO: [ app_begin ] --START--
INFO: Run Behavior\ReadHtmlCacheBehavior [ RunTime:0.000436s ]
INFO: [ app_begin ] --END-- [ RunTime:0.000491s ]

[ 2016-04-20T11:16:16+08:00 ] 121.42.0.83 /
INFO: [ app_init ] --START--
INFO: Run Behavior\BuildLiteBehavior [ RunTime:0.000026s ]
INFO: [ app_init ] --END-- [ RunTime:0.000506s ]
INFO: [ app_begin ] --START--
INFO: Run Behavior\ReadHtmlCacheBehavior [ RunTime:0.000441s ]
INFO: [ app_begin ] --END-- [ RunTime:0.000500s ]

[ 2016-04-20T12:43:18+08:00 ] 58.247.206.141 /index.php?m=Home&c=Wechat&a=index&signature=77c1aaea4b9460a7649b6a34c85d466021a3b407&timestamp=1461127398&nonce=490447459
INFO: [ app_init ] --START--
INFO: Run Behavior\BuildLiteBehavior [ RunTime:0.000015s ]
INFO: [ app_init ] --END-- [ RunTime:0.000356s ]
INFO: [ app_begin ] --START--
INFO: Run Behavior\ReadHtmlCacheBehavior [ RunTime:0.000451s ]
INFO: [ app_begin ] --END-- [ RunTime:0.000532s ]
NOTIC: [8] Use of undefined constant self - assumed 'self' /www/web/yigong/public_html/SingKa/Library/Com/Wechat.class.php 第 156 行.

[ 2016-04-20T17:34:48+08:00 ] 117.185.27.146 /
INFO: [ app_init ] --START--
INFO: Run Behavior\BuildLiteBehavior [ RunTime:0.000016s ]
INFO: [ app_init ] --END-- [ RunTime:0.000339s ]
INFO: [ app_begin ] --START--
INFO: Run Behavior\ReadHtmlCacheBehavior [ RunTime:0.000445s ]
INFO: [ app_begin ] --END-- [ RunTime:0.000504s ]

[ 2016-04-20T17:34:48+08:00 ] 140.207.62.210 /
INFO: [ app_init ] --START--
INFO: Run Behavior\BuildLiteBehavior [ RunTime:0.000013s ]
INFO: [ app_init ] --END-- [ RunTime:0.000341s ]
INFO: [ app_begin ] --START--
INFO: Run Behavior\ReadHtmlCacheBehavior [ RunTime:0.000466s ]
INFO: [ app_begin ] --END-- [ RunTime:0.000536s ]

[ 2016-04-20T17:34:48+08:00 ] 140.207.54.180 /
INFO: [ app_init ] --START--
INFO: Run Behavior\BuildLiteBehavior [ RunTime:0.000012s ]
INFO: [ app_init ] --END-- [ RunTime:0.000306s ]
INFO: [ app_begin ] --START--
INFO: Run Behavior\ReadHtmlCacheBehavior [ RunTime:0.000417s ]
INFO: [ app_begin ] --END-- [ RunTime:0.000476s ]

[ 2016-04-20T17:34:48+08:00 ] 117.185.27.98 /
INFO: [ app_init ] --START--
INFO: Run Behavior\BuildLiteBehavior [ RunTime:0.000013s ]
INFO: [ app_init ] --END-- [ RunTime:0.000307s ]
INFO: [ app_begin ] --START--
INFO: Run Behavior\ReadHtmlCacheBehavior [ RunTime:0.003451s ]
INFO: [ app_begin ] --END-- [ RunTime:0.003508s ]

[ 2016-04-20T17:53:12+08:00 ] 140.207.185.125 /
INFO: [ app_init ] --START--
INFO: Run Behavior\BuildLiteBehavior [ RunTime:0.000015s ]
INFO: [ app_init ] --END-- [ RunTime:0.000311s ]
INFO: [ app_begin ] --START--
INFO: Run Behavior\ReadHtmlCacheBehavior [ RunTime:0.000417s ]
INFO: [ app_begin ] --END-- [ RunTime:0.000474s ]

[ 2016-04-20T17:53:14+08:00 ] 101.226.125.122 /
INFO: [ app_init ] --START--
INFO: Run Behavior\BuildLiteBehavior [ RunTime:0.000017s ]
INFO: [ app_init ] --END-- [ RunTime:0.000339s ]
INFO: [ app_begin ] --START--
INFO: Run Behavior\ReadHtmlCacheBehavior [ RunTime:0.000440s ]
INFO: [ app_begin ] --END-- [ RunTime:0.000495s ]

[ 2016-04-20T19:33:48+08:00 ] 58.247.206.156 /index.php?m=Home&c=Wechat&a=index&signature=edb588d09b6eebe9ad0616cd71a74cffb8194851&timestamp=1461152028&nonce=1347645178
INFO: [ app_init ] --START--
INFO: Run Behavior\BuildLiteBehavior [ RunTime:0.000015s ]
INFO: [ app_init ] --END-- [ RunTime:0.000324s ]
INFO: [ app_begin ] --START--
INFO: Run Behavior\ReadHtmlCacheBehavior [ RunTime:0.000408s ]
INFO: [ app_begin ] --END-- [ RunTime:0.000465s ]
NOTIC: [8] Use of undefined constant self - assumed 'self' /www/web/yigong/public_html/SingKa/Library/Com/Wechat.class.php 第 156 行.

[ 2016-04-20T19:33:52+08:00 ] 58.247.206.156 /index.php?m=Home&c=Wechat&a=index&signature=8200118e61deaa9bf3986b8b98af29411234f425&timestamp=1461152032&nonce=1804353820
INFO: [ app_init ] --START--
INFO: Run Behavior\BuildLiteBehavior [ RunTime:0.000015s ]
INFO: [ app_init ] --END-- [ RunTime:0.000330s ]
INFO: [ app_begin ] --START--
INFO: Run Behavior\ReadHtmlCacheBehavior [ RunTime:0.000405s ]
INFO: [ app_begin ] --END-- [ RunTime:0.000463s ]
NOTIC: [8] Use of undefined constant self - assumed 'self' /www/web/yigong/public_html/SingKa/Library/Com/Wechat.class.php 第 156 行.

[ 2016-04-20T19:34:05+08:00 ] 39.180.50.158 /
INFO: [ app_init ] --START--
INFO: Run Behavior\BuildLiteBehavior [ RunTime:0.000015s ]
INFO: [ app_init ] --END-- [ RunTime:0.000341s ]
INFO: [ app_begin ] --START--
INFO: Run Behavior\ReadHtmlCacheBehavior [ RunTime:0.000640s ]
INFO: [ app_begin ] --END-- [ RunTime:0.000729s ]
SQL: SHOW COLUMNS FROM `vol_consultation_type` [ RunTime:0.0006s ]
SQL: SELECT * FROM `vol_consultation_type`  [ RunTime:0.0001s ]
SQL: SHOW COLUMNS FROM `vol_restaurant_time` [ RunTime:0.0004s ]
SQL: SELECT * FROM `vol_restaurant_time`  [ RunTime:0.0001s ]
SQL: SHOW COLUMNS FROM `vol_active` [ RunTime:0.0004s ]
SQL: SELECT * FROM `vol_active` ORDER BY id DESC LIMIT 1   [ RunTime:0.0001s ]
SQL: SHOW COLUMNS FROM `vol_active_sign` [ RunTime:0.0004s ]
SQL: SELECT SUM(number) AS tp_sum FROM `vol_active_sign` WHERE ( aid='2' ) LIMIT 1   [ RunTime:0.0001s ]
NOTIC: [2] Missing argument 1 for Think\Controller::show(), called in /www/web/yigong/public_html/Application/Home/Controller/IndexController.class.php on line 23 and defined /www/web/yigong/public_html/SingKa/Library/Think/Controller.class.php 第 68 行.
NOTIC: [8] Undefined variable: content /www/web/yigong/public_html/SingKa/Library/Think/Controller.class.php 第 69 行.
INFO: [ view_parse ] --START--
INFO: [ template_filter ] --START--
INFO: Run Behavior\ContentReplaceBehavior [ RunTime:0.000082s ]
INFO: [ template_filter ] --END-- [ RunTime:0.000142s ]
SQL: SHOW COLUMNS FROM `vol_consultation` [ RunTime:0.0006s ]
SQL: SELECT * FROM `vol_consultation` WHERE ( uid='2016005' and status='0' ) LIMIT 1   [ RunTime:0.0001s ]
SQL: SELECT * FROM `vol_consultation` WHERE ( uid='2016005' and status='1' ) LIMIT 1   [ RunTime:0.0001s ]
SQL: SELECT * FROM `vol_consultation` WHERE ( uid='2016005' and status='2' ) LIMIT 1   [ RunTime:0.0001s ]
SQL: SHOW COLUMNS FROM `vol_restaurant` [ RunTime:0.0005s ]
SQL: SELECT * FROM `vol_restaurant` WHERE ( uid='2016005' and date='2016/04/21' ) LIMIT 1   [ RunTime:0.0002s ]
INFO: Run Behavior\ParseTemplateBehavior [ RunTime:0.012658s ]
INFO: [ view_parse ] --END-- [ RunTime:0.012714s ]
INFO: [ view_filter ] --START--
INFO: Run Behavior\WriteHtmlCacheBehavior [ RunTime:0.000207s ]
INFO: [ view_filter ] --END-- [ RunTime:0.000257s ]
INFO: [ app_end ] --START--
INFO: Run Behavior\ShowPageTraceBehavior [ RunTime:0.000512s ]
INFO: [ app_end ] --END-- [ RunTime:0.000568s ]

[ 2016-04-20T19:40:52+08:00 ] 58.247.206.153 /index.php?m=Home&c=Wechat&a=index&signature=564ff784765c5ba7cfc72b493d2908521a66c31c&timestamp=1461152452&nonce=842848735
INFO: [ app_init ] --START--
INFO: Run Behavior\BuildLiteBehavior [ RunTime:0.000015s ]
INFO: [ app_init ] --END-- [ RunTime:0.000317s ]
INFO: [ app_begin ] --START--
INFO: Run Behavior\ReadHtmlCacheBehavior [ RunTime:0.000437s ]
INFO: [ app_begin ] --END-- [ RunTime:0.000496s ]
NOTIC: [8] Use of undefined constant self - assumed 'self' /www/web/yigong/public_html/SingKa/Library/Com/Wechat.class.php 第 156 行.

[ 2016-04-20T19:42:12+08:00 ] 140.207.54.79 /index.php?m=Home&c=Wechat&a=index&signature=03b008386a401ca4d7dd508b3bf3797cd1b4a08d&timestamp=1461152532&nonce=1939793460
INFO: [ app_init ] --START--
INFO: Run Behavior\BuildLiteBehavior [ RunTime:0.000015s ]
INFO: [ app_init ] --END-- [ RunTime:0.000325s ]
INFO: [ app_begin ] --START--
INFO: Run Behavior\ReadHtmlCacheBehavior [ RunTime:0.000405s ]
INFO: [ app_begin ] --END-- [ RunTime:0.000463s ]
NOTIC: [8] Use of undefined constant self - assumed 'self' /www/web/yigong/public_html/SingKa/Library/Com/Wechat.class.php 第 156 行.

[ 2016-04-20T19:43:17+08:00 ] 58.247.206.141 /index.php?m=Home&c=Wechat&a=index&signature=75852abf0bb6f9892ec135ad5c154c37f220dce7&timestamp=1461152597&nonce=1896486034
INFO: [ app_init ] --START--
INFO: Run Behavior\BuildLiteBehavior [ RunTime:0.000019s ]
INFO: [ app_init ] --END-- [ RunTime:0.000361s ]
INFO: [ app_begin ] --START--
INFO: Run Behavior\ReadHtmlCacheBehavior [ RunTime:0.000415s ]
INFO: [ app_begin ] --END-- [ RunTime:0.000482s ]
NOTIC: [8] Use of undefined constant self - assumed 'self' /www/web/yigong/public_html/SingKa/Library/Com/Wechat.class.php 第 156 行.

[ 2016-04-20T19:43:23+08:00 ] 39.180.50.158 /
INFO: [ app_init ] --START--
INFO: Run Behavior\BuildLiteBehavior [ RunTime:0.000014s ]
INFO: [ app_init ] --END-- [ RunTime:0.000305s ]
INFO: [ app_begin ] --START--
INFO: Run Behavior\ReadHtmlCacheBehavior [ RunTime:0.000408s ]
INFO: [ app_begin ] --END-- [ RunTime:0.000465s ]
SQL: SHOW COLUMNS FROM `vol_consultation_type` [ RunTime:0.0006s ]
SQL: SELECT * FROM `vol_consultation_type`  [ RunTime:0.0001s ]
SQL: SHOW COLUMNS FROM `vol_restaurant_time` [ RunTime:0.0004s ]
SQL: SELECT * FROM `vol_restaurant_time`  [ RunTime:0.0001s ]
SQL: SHOW COLUMNS FROM `vol_active` [ RunTime:0.0005s ]
SQL: SELECT * FROM `vol_active` ORDER BY id DESC LIMIT 1   [ RunTime:0.0001s ]
SQL: SHOW COLUMNS FROM `vol_active_sign` [ RunTime:0.0004s ]
SQL: SELECT SUM(number) AS tp_sum FROM `vol_active_sign` WHERE ( aid='2' ) LIMIT 1   [ RunTime:0.0001s ]
NOTIC: [2] Missing argument 1 for Think\Controller::show(), called in /www/web/yigong/public_html/Application/Home/Controller/IndexController.class.php on line 23 and defined /www/web/yigong/public_html/SingKa/Library/Think/Controller.class.php 第 68 行.
NOTIC: [8] Undefined variable: content /www/web/yigong/public_html/SingKa/Library/Think/Controller.class.php 第 69 行.
INFO: [ view_parse ] --START--
INFO: [ template_filter ] --START--
INFO: Run Behavior\ContentReplaceBehavior [ RunTime:0.000085s ]
INFO: [ template_filter ] --END-- [ RunTime:0.000157s ]
SQL: SHOW COLUMNS FROM `vol_consultation` [ RunTime:0.0010s ]
SQL: SELECT * FROM `vol_consultation` WHERE ( uid='2016005' and status='0' ) LIMIT 1   [ RunTime:0.0001s ]
SQL: SELECT * FROM `vol_consultation` WHERE ( uid='2016005' and status='1' ) LIMIT 1   [ RunTime:0.0001s ]
SQL: SELECT * FROM `vol_consultation` WHERE ( uid='2016005' and status='2' ) LIMIT 1   [ RunTime:0.0001s ]
SQL: SHOW COLUMNS FROM `vol_restaurant` [ RunTime:0.0005s ]
SQL: SELECT * FROM `vol_restaurant` WHERE ( uid='2016005' and date='2016/04/21' ) LIMIT 1   [ RunTime:0.0001s ]
INFO: Run Behavior\ParseTemplateBehavior [ RunTime:0.013422s ]
INFO: [ view_parse ] --END-- [ RunTime:0.013482s ]
INFO: [ view_filter ] --START--
INFO: Run Behavior\WriteHtmlCacheBehavior [ RunTime:0.000255s ]
INFO: [ view_filter ] --END-- [ RunTime:0.000306s ]
INFO: [ app_end ] --START--
INFO: Run Behavior\ShowPageTraceBehavior [ RunTime:0.000543s ]
INFO: [ app_end ] --END-- [ RunTime:0.000599s ]

[ 2016-04-20T19:43:31+08:00 ] 58.247.206.151 /index.php?m=Home&c=Wechat&a=index&signature=32b2efeecb8c67080377f3528006f1b77ca88b0c&timestamp=1461152611&nonce=280813144
INFO: [ app_init ] --START--
INFO: Run Behavior\BuildLiteBehavior [ RunTime:0.000015s ]
INFO: [ app_init ] --END-- [ RunTime:0.000308s ]
INFO: [ app_begin ] --START--
INFO: Run Behavior\ReadHtmlCacheBehavior [ RunTime:0.000433s ]
INFO: [ app_begin ] --END-- [ RunTime:0.000491s ]
NOTIC: [8] Use of undefined constant self - assumed 'self' /www/web/yigong/public_html/SingKa/Library/Com/Wechat.class.php 第 156 行.

[ 2016-04-20T19:43:31+08:00 ] 39.180.50.158 /index.php
INFO: [ app_init ] --START--
INFO: Run Behavior\BuildLiteBehavior [ RunTime:0.000018s ]
INFO: [ app_init ] --END-- [ RunTime:0.000327s ]
INFO: [ app_begin ] --START--
INFO: Run Behavior\ReadHtmlCacheBehavior [ RunTime:0.000450s ]
INFO: [ app_begin ] --END-- [ RunTime:0.000506s ]
SQL: SHOW COLUMNS FROM `vol_consultation_type` [ RunTime:0.0008s ]
SQL: SELECT * FROM `vol_consultation_type`  [ RunTime:0.0002s ]
SQL: SHOW COLUMNS FROM `vol_restaurant_time` [ RunTime:0.0004s ]
SQL: SELECT * FROM `vol_restaurant_time`  [ RunTime:0.0001s ]
SQL: SHOW COLUMNS FROM `vol_active` [ RunTime:0.0005s ]
SQL: SELECT * FROM `vol_active` ORDER BY id DESC LIMIT 1   [ RunTime:0.0001s ]
SQL: SHOW COLUMNS FROM `vol_active_sign` [ RunTime:0.0004s ]
SQL: SELECT SUM(number) AS tp_sum FROM `vol_active_sign` WHERE ( aid='2' ) LIMIT 1   [ RunTime:0.0001s ]
NOTIC: [2] Missing argument 1 for Think\Controller::show(), called in /www/web/yigong/public_html/Application/Home/Controller/IndexController.class.php on line 23 and defined /www/web/yigong/public_html/SingKa/Library/Think/Controller.class.php 第 68 行.
NOTIC: [8] Undefined variable: content /www/web/yigong/public_html/SingKa/Library/Think/Controller.class.php 第 69 行.
INFO: [ view_parse ] --START--
INFO: [ template_filter ] --START--
INFO: Run Behavior\ContentReplaceBehavior [ RunTime:0.000086s ]
INFO: [ template_filter ] --END-- [ RunTime:0.000154s ]
SQL: SHOW COLUMNS FROM `vol_consultation` [ RunTime:0.0007s ]
SQL: SELECT * FROM `vol_consultation` WHERE ( uid='2016005' and status='0' ) LIMIT 1   [ RunTime:0.0001s ]
SQL: SELECT * FROM `vol_consultation` WHERE ( uid='2016005' and status='1' ) LIMIT 1   [ RunTime:0.0001s ]
SQL: SELECT * FROM `vol_consultation` WHERE ( uid='2016005' and status='2' ) LIMIT 1   [ RunTime:0.0001s ]
SQL: SHOW COLUMNS FROM `vol_restaurant` [ RunTime:0.0004s ]
SQL: SELECT * FROM `vol_restaurant` WHERE ( uid='2016005' and date='2016/04/21' ) LIMIT 1   [ RunTime:0.0001s ]
INFO: Run Behavior\ParseTemplateBehavior [ RunTime:0.013088s ]
INFO: [ view_parse ] --END-- [ RunTime:0.013154s ]
INFO: [ view_filter ] --START--
INFO: Run Behavior\WriteHtmlCacheBehavior [ RunTime:0.000206s ]
INFO: [ view_filter ] --END-- [ RunTime:0.000255s ]
INFO: [ app_end ] --START--
INFO: Run Behavior\ShowPageTraceBehavior [ RunTime:0.000479s ]
INFO: [ app_end ] --END-- [ RunTime:0.000534s ]

[ 2016-04-20T19:44:02+08:00 ] 58.247.206.156 /index.php?m=Home&c=Wechat&a=index&signature=0b9f010302b13490a5800e5a82cbf8d83744d327&timestamp=1461152642&nonce=1211561717
INFO: [ app_init ] --START--
INFO: Run Behavior\BuildLiteBehavior [ RunTime:0.000015s ]
INFO: [ app_init ] --END-- [ RunTime:0.000313s ]
INFO: [ app_begin ] --START--
INFO: Run Behavior\ReadHtmlCacheBehavior [ RunTime:0.000438s ]
INFO: [ app_begin ] --END-- [ RunTime:0.000498s ]
NOTIC: [8] Use of undefined constant self - assumed 'self' /www/web/yigong/public_html/SingKa/Library/Com/Wechat.class.php 第 156 行.

[ 2016-04-20T19:44:59+08:00 ] 58.247.206.156 /index.php?m=Home&c=Wechat&a=index&signature=ce441765155ab5e86f42eb66a1d4c2ad9cd17e46&timestamp=1461152699&nonce=1328449032
INFO: [ app_init ] --START--
INFO: Run Behavior\BuildLiteBehavior [ RunTime:0.000014s ]
INFO: [ app_init ] --END-- [ RunTime:0.000307s ]
INFO: [ app_begin ] --START--
INFO: Run Behavior\ReadHtmlCacheBehavior [ RunTime:0.000427s ]
INFO: [ app_begin ] --END-- [ RunTime:0.000487s ]
NOTIC: [8] Use of undefined constant self - assumed 'self' /www/web/yigong/public_html/SingKa/Library/Com/Wechat.class.php 第 156 行.

[ 2016-04-20T19:50:26+08:00 ] 112.17.242.122 /
INFO: [ app_init ] --START--
INFO: Run Behavior\BuildLiteBehavior [ RunTime:0.000015s ]
INFO: [ app_init ] --END-- [ RunTime:0.000332s ]
INFO: [ app_begin ] --START--
INFO: Run Behavior\ReadHtmlCacheBehavior [ RunTime:0.000415s ]
INFO: [ app_begin ] --END-- [ RunTime:0.000473s ]
SQL: SHOW COLUMNS FROM `vol_consultation_type` [ RunTime:0.0006s ]
SQL: SELECT * FROM `vol_consultation_type`  [ RunTime:0.0001s ]
SQL: SHOW COLUMNS FROM `vol_restaurant_time` [ RunTime:0.0004s ]
SQL: SELECT * FROM `vol_restaurant_time`  [ RunTime:0.0001s ]
SQL: SHOW COLUMNS FROM `vol_active` [ RunTime:0.0005s ]
SQL: SELECT * FROM `vol_active` ORDER BY id DESC LIMIT 1   [ RunTime:0.0001s ]
SQL: SHOW COLUMNS FROM `vol_active_sign` [ RunTime:0.0004s ]
SQL: SELECT SUM(number) AS tp_sum FROM `vol_active_sign` WHERE ( aid='2' ) LIMIT 1   [ RunTime:0.0001s ]
NOTIC: [2] Missing argument 1 for Think\Controller::show(), called in /www/web/yigong/public_html/Application/Home/Controller/IndexController.class.php on line 23 and defined /www/web/yigong/public_html/SingKa/Library/Think/Controller.class.php 第 68 行.
NOTIC: [8] Undefined variable: content /www/web/yigong/public_html/SingKa/Library/Think/Controller.class.php 第 69 行.
INFO: [ view_parse ] --START--
INFO: [ template_filter ] --START--
INFO: Run Behavior\ContentReplaceBehavior [ RunTime:0.000115s ]
INFO: [ template_filter ] --END-- [ RunTime:0.000198s ]
SQL: SHOW COLUMNS FROM `vol_consultation` [ RunTime:0.0008s ]
SQL: SELECT * FROM `vol_consultation` WHERE ( uid='2016003' and status='0' ) LIMIT 1   [ RunTime:0.0001s ]
SQL: SELECT * FROM `vol_consultation` WHERE ( uid='2016003' and status='1' ) LIMIT 1   [ RunTime:0.0001s ]
SQL: SELECT * FROM `vol_consultation` WHERE ( uid='2016003' and status='2' ) LIMIT 1   [ RunTime:0.0001s ]
SQL: SHOW COLUMNS FROM `vol_restaurant` [ RunTime:0.0005s ]
SQL: SELECT * FROM `vol_restaurant` WHERE ( uid='2016003' and date='2016/04/21' ) LIMIT 1   [ RunTime:0.0002s ]
INFO: Run Behavior\ParseTemplateBehavior [ RunTime:0.013407s ]
INFO: [ view_parse ] --END-- [ RunTime:0.013463s ]
INFO: [ view_filter ] --START--
INFO: Run Behavior\WriteHtmlCacheBehavior [ RunTime:0.000233s ]
INFO: [ view_filter ] --END-- [ RunTime:0.000284s ]
INFO: [ app_end ] --START--
INFO: Run Behavior\ShowPageTraceBehavior [ RunTime:0.000455s ]
INFO: [ app_end ] --END-- [ RunTime:0.000518s ]

[ 2016-04-20T19:58:50+08:00 ] 58.247.206.151 /index.php?m=Home&c=Wechat&a=index&signature=7ebff38e7ff9eb4eb02847175b64f15ece226f92&timestamp=1461153530&nonce=1707820785
INFO: [ app_init ] --START--
INFO: Run Behavior\BuildLiteBehavior [ RunTime:0.000015s ]
INFO: [ app_init ] --END-- [ RunTime:0.000335s ]
INFO: [ app_begin ] --START--
INFO: Run Behavior\ReadHtmlCacheBehavior [ RunTime:0.000425s ]
INFO: [ app_begin ] --END-- [ RunTime:0.000483s ]
NOTIC: [8] Use of undefined constant self - assumed 'self' /www/web/yigong/public_html/SingKa/Library/Com/Wechat.class.php 第 156 行.

[ 2016-04-20T19:58:51+08:00 ] 112.17.245.214 /index.php
INFO: [ app_init ] --START--
INFO: Run Behavior\BuildLiteBehavior [ RunTime:0.000015s ]
INFO: [ app_init ] --END-- [ RunTime:0.000325s ]
INFO: [ app_begin ] --START--
INFO: Run Behavior\ReadHtmlCacheBehavior [ RunTime:0.000430s ]
INFO: [ app_begin ] --END-- [ RunTime:0.000487s ]
SQL: SHOW COLUMNS FROM `vol_consultation_type` [ RunTime:0.0006s ]
SQL: SELECT * FROM `vol_consultation_type`  [ RunTime:0.0001s ]
SQL: SHOW COLUMNS FROM `vol_restaurant_time` [ RunTime:0.0004s ]
SQL: SELECT * FROM `vol_restaurant_time`  [ RunTime:0.0001s ]
SQL: SHOW COLUMNS FROM `vol_active` [ RunTime:0.0005s ]
SQL: SELECT * FROM `vol_active` ORDER BY id DESC LIMIT 1   [ RunTime:0.0001s ]
SQL: SHOW COLUMNS FROM `vol_active_sign` [ RunTime:0.0004s ]
SQL: SELECT SUM(number) AS tp_sum FROM `vol_active_sign` WHERE ( aid='2' ) LIMIT 1   [ RunTime:0.0001s ]
NOTIC: [2] Missing argument 1 for Think\Controller::show(), called in /www/web/yigong/public_html/Application/Home/Controller/IndexController.class.php on line 23 and defined /www/web/yigong/public_html/SingKa/Library/Think/Controller.class.php 第 68 行.
NOTIC: [8] Undefined variable: content /www/web/yigong/public_html/SingKa/Library/Think/Controller.class.php 第 69 行.
INFO: [ view_parse ] --START--
INFO: [ template_filter ] --START--
INFO: Run Behavior\ContentReplaceBehavior [ RunTime:0.000084s ]
INFO: [ template_filter ] --END-- [ RunTime:0.000152s ]
SQL: SHOW COLUMNS FROM `vol_consultation` [ RunTime:0.0007s ]
SQL: SELECT * FROM `vol_consultation` WHERE ( uid='2016005' and status='0' ) LIMIT 1   [ RunTime:0.0001s ]
SQL: SELECT * FROM `vol_consultation` WHERE ( uid='2016005' and status='1' ) LIMIT 1   [ RunTime:0.0001s ]
SQL: SELECT * FROM `vol_consultation` WHERE ( uid='2016005' and status='2' ) LIMIT 1   [ RunTime:0.0001s ]
SQL: SHOW COLUMNS FROM `vol_restaurant` [ RunTime:0.0004s ]
SQL: SELECT * FROM `vol_restaurant` WHERE ( uid='2016005' and date='2016/04/21' ) LIMIT 1   [ RunTime:0.0001s ]
INFO: Run Behavior\ParseTemplateBehavior [ RunTime:0.012654s ]
INFO: [ view_parse ] --END-- [ RunTime:0.012710s ]
INFO: [ view_filter ] --START--
INFO: Run Behavior\WriteHtmlCacheBehavior [ RunTime:0.000206s ]
INFO: [ view_filter ] --END-- [ RunTime:0.000256s ]
INFO: [ app_end ] --START--
INFO: Run Behavior\ShowPageTraceBehavior [ RunTime:0.000454s ]
INFO: [ app_end ] --END-- [ RunTime:0.000536s ]

[ 2016-04-20T19:58:53+08:00 ] 112.17.245.214 /Home/Index/teletext
INFO: [ app_init ] --START--
INFO: Run Behavior\BuildLiteBehavior [ RunTime:0.000015s ]
INFO: [ app_init ] --END-- [ RunTime:0.000333s ]
INFO: [ app_begin ] --START--
INFO: Run Behavior\ReadHtmlCacheBehavior [ RunTime:0.000439s ]
INFO: [ app_begin ] --END-- [ RunTime:0.000497s ]
INFO: [ view_parse ] --START--
INFO: [ template_filter ] --START--
INFO: Run Behavior\ContentReplaceBehavior [ RunTime:0.000052s ]
INFO: [ template_filter ] --END-- [ RunTime:0.000131s ]
INFO: Run Behavior\ParseTemplateBehavior [ RunTime:0.005510s ]
INFO: [ view_parse ] --END-- [ RunTime:0.005565s ]
INFO: [ view_filter ] --START--
INFO: Run Behavior\WriteHtmlCacheBehavior [ RunTime:0.000183s ]
INFO: [ view_filter ] --END-- [ RunTime:0.000232s ]
INFO: [ app_end ] --START--
INFO: Run Behavior\ShowPageTraceBehavior [ RunTime:0.000457s ]
INFO: [ app_end ] --END-- [ RunTime:0.000507s ]

[ 2016-04-20T19:58:54+08:00 ] 112.17.245.214 /Home/Index/video
INFO: [ app_init ] --START--
INFO: Run Behavior\BuildLiteBehavior [ RunTime:0.000014s ]
INFO: [ app_init ] --END-- [ RunTime:0.000304s ]
INFO: [ app_begin ] --START--
INFO: Run Behavior\ReadHtmlCacheBehavior [ RunTime:0.000497s ]
INFO: [ app_begin ] --END-- [ RunTime:0.000562s ]
INFO: [ view_parse ] --START--
INFO: [ template_filter ] --START--
INFO: Run Behavior\ContentReplaceBehavior [ RunTime:0.000061s ]
INFO: [ template_filter ] --END-- [ RunTime:0.000127s ]
INFO: Run Behavior\ParseTemplateBehavior [ RunTime:0.005682s ]
INFO: [ view_parse ] --END-- [ RunTime:0.005754s ]
INFO: [ view_filter ] --START--
INFO: Run Behavior\WriteHtmlCacheBehavior [ RunTime:0.000222s ]
INFO: [ view_filter ] --END-- [ RunTime:0.000280s ]
INFO: [ app_end ] --START--
INFO: Run Behavior\ShowPageTraceBehavior [ RunTime:0.000440s ]
INFO: [ app_end ] --END-- [ RunTime:0.000491s ]

[ 2016-04-20T19:58:54+08:00 ] 112.17.245.214 /Home/Index/usermanual
INFO: [ app_init ] --START--
INFO: Run Behavior\BuildLiteBehavior [ RunTime:0.000013s ]
INFO: [ app_init ] --END-- [ RunTime:0.000327s ]
INFO: [ app_begin ] --START--
INFO: Run Behavior\ReadHtmlCacheBehavior [ RunTime:0.000416s ]
INFO: [ app_begin ] --END-- [ RunTime:0.000495s ]
INFO: [ view_parse ] --START--
INFO: [ template_filter ] --START--
INFO: Run Behavior\ContentReplaceBehavior [ RunTime:0.000077s ]
INFO: [ template_filter ] --END-- [ RunTime:0.000137s ]
INFO: Run Behavior\ParseTemplateBehavior [ RunTime:0.005638s ]
INFO: [ view_parse ] --END-- [ RunTime:0.005742s ]
INFO: [ view_filter ] --START--
INFO: Run Behavior\WriteHtmlCacheBehavior [ RunTime:0.000186s ]
INFO: [ view_filter ] --END-- [ RunTime:0.000234s ]
INFO: [ app_end ] --START--
INFO: Run Behavior\ShowPageTraceBehavior [ RunTime:0.000472s ]
INFO: [ app_end ] --END-- [ RunTime:0.000524s ]

[ 2016-04-20T19:58:55+08:00 ] 112.17.245.214 /Home/Index/video
INFO: [ app_init ] --START--
INFO: Run Behavior\BuildLiteBehavior [ RunTime:0.000016s ]
INFO: [ app_init ] --END-- [ RunTime:0.000311s ]
INFO: [ app_begin ] --START--
INFO: Run Behavior\ReadHtmlCacheBehavior [ RunTime:0.000423s ]
INFO: [ app_begin ] --END-- [ RunTime:0.000482s ]
INFO: [ view_parse ] --START--
INFO: [ template_filter ] --START--
INFO: Run Behavior\ContentReplaceBehavior [ RunTime:0.000053s ]
INFO: [ template_filter ] --END-- [ RunTime:0.000110s ]
INFO: Run Behavior\ParseTemplateBehavior [ RunTime:0.005517s ]
INFO: [ view_parse ] --END-- [ RunTime:0.005573s ]
INFO: [ view_filter ] --START--
INFO: Run Behavior\WriteHtmlCacheBehavior [ RunTime:0.000383s ]
INFO: [ view_filter ] --END-- [ RunTime:0.000464s ]
INFO: [ app_end ] --START--
INFO: Run Behavior\ShowPageTraceBehavior [ RunTime:0.000510s ]
INFO: [ app_end ] --END-- [ RunTime:0.000569s ]

[ 2016-04-20T22:11:08+08:00 ] 121.42.0.34 /
INFO: [ app_init ] --START--
INFO: Run Behavior\BuildLiteBehavior [ RunTime:0.000015s ]
INFO: [ app_init ] --END-- [ RunTime:0.000308s ]
INFO: [ app_begin ] --START--
INFO: Run Behavior\ReadHtmlCacheBehavior [ RunTime:0.000440s ]
INFO: [ app_begin ] --END-- [ RunTime:0.000498s ]

