[ 2016-05-01T03:30:43+08:00 ] 121.42.0.89 /index.php?m=Public&a=login
INFO: [ app_init ] --START--
INFO: Run Behavior\BuildLiteBehavior [ RunTime:0.000019s ]
INFO: [ app_init ] --END-- [ RunTime:0.001480s ]
ERR: Êó†Ê≥ïÂä†ËΩΩÊ®°Âùó:Public

[ 2016-05-01T03:31:07+08:00 ] 121.42.0.89 /phpRedisAdmin/?overview
INFO: [ app_init ] --START--
INFO: Run Behavior\BuildLiteBehavior [ RunTime:0.000019s ]
INFO: [ app_init ] --END-- [ RunTime:0.000387s ]
ERR: Êó†Ê≥ïÂä†ËΩΩÊ®°Âùó:PhpRedisAdmin

[ 2016-05-01T03:31:14+08:00 ] 121.42.0.89 /hudson/
INFO: [ app_init ] --START--
INFO: Run Behavior\BuildLiteBehavior [ RunTime:0.000014s ]
INFO: [ app_init ] --END-- [ RunTime:0.000309s ]
ERR: Êó†Ê≥ïÂä†ËΩΩÊ®°Âùó:Hudson

[ 2016-05-01T03:32:09+08:00 ] 121.42.0.89 /solr/
INFO: [ app_init ] --START--
INFO: Run Behavior\BuildLiteBehavior [ RunTime:0.000014s ]
INFO: [ app_init ] --END-- [ RunTime:0.000332s ]
ERR: Êó†Ê≥ïÂä†ËΩΩÊ®°Âùó:Solr

[ 2016-05-01T03:32:58+08:00 ] 121.42.0.89 /axis2/
INFO: [ app_init ] --START--
INFO: Run Behavior\BuildLiteBehavior [ RunTime:0.000013s ]
INFO: [ app_init ] --END-- [ RunTime:0.000310s ]
ERR: Êó†Ê≥ïÂä†ËΩΩÊ®°Âùó:Axis2

[ 2016-05-01T03:33:38+08:00 ] 121.42.0.89 /cacti/index.php
INFO: [ app_init ] --START--
INFO: Run Behavior\BuildLiteBehavior [ RunTime:0.000015s ]
INFO: [ app_init ] --END-- [ RunTime:0.000328s ]
ERR: Êó†Ê≥ïÂä†ËΩΩÊ®°Âùó:Cacti

[ 2016-05-01T03:34:46+08:00 ] 121.42.0.89 /zabbix/
INFO: [ app_init ] --START--
INFO: Run Behavior\BuildLiteBehavior [ RunTime:0.000015s ]
INFO: [ app_init ] --END-- [ RunTime:0.000368s ]
ERR: Êó†Ê≥ïÂä†ËΩΩÊ®°Âùó:Zabbix

[ 2016-05-01T03:36:00+08:00 ] 121.42.0.89 /console/
INFO: [ app_init ] --START--
INFO: Run Behavior\BuildLiteBehavior [ RunTime:0.000015s ]
INFO: [ app_init ] --END-- [ RunTime:0.000353s ]
ERR: Êó†Ê≥ïÂä†ËΩΩÊ®°Âùó:Console

[ 2016-05-01T03:36:03+08:00 ] 121.42.0.89 /server-status/
INFO: [ app_init ] --START--
INFO: Run Behavior\BuildLiteBehavior [ RunTime:0.000014s ]
INFO: [ app_init ] --END-- [ RunTime:0.000332s ]
ERR: Êó†Ê≥ïÂä†ËΩΩÊ®°Âùó:Server-status

[ 2016-05-01T03:37:54+08:00 ] 121.42.0.89 /monitor/WEB-INF/web.xml
INFO: [ app_init ] --START--
INFO: Run Behavior\BuildLiteBehavior [ RunTime:0.000015s ]
INFO: [ app_init ] --END-- [ RunTime:0.000311s ]
ERR: Êó†Ê≥ïÂä†ËΩΩÊ®°Âùó:Monitor

[ 2016-05-01T03:38:00+08:00 ] 121.42.0.89 /WEB-INF/web.xml
INFO: [ app_init ] --START--
INFO: Run Behavior\BuildLiteBehavior [ RunTime:0.000019s ]
INFO: [ app_init ] --END-- [ RunTime:0.000377s ]
ERR: Êó†Ê≥ïÂä†ËΩΩÊ®°Âùó:WEB-INF

[ 2016-05-01T03:38:22+08:00 ] 121.42.0.89 /examples/servlets/index.html
INFO: [ app_init ] --START--
INFO: Run Behavior\BuildLiteBehavior [ RunTime:0.000040s ]
INFO: [ app_init ] --END-- [ RunTime:0.000545s ]
ERR: Êó†Ê≥ïÂä†ËΩΩÊ®°Âùó:Examples

[ 2016-05-01T03:39:04+08:00 ] 121.42.0.89 /examples/jsp/index.html
INFO: [ app_init ] --START--
INFO: Run Behavior\BuildLiteBehavior [ RunTime:0.000016s ]
INFO: [ app_init ] --END-- [ RunTime:0.000334s ]
ERR: Êó†Ê≥ïÂä†ËΩΩÊ®°Âùó:Examples

[ 2016-05-01T03:40:00+08:00 ] 121.42.0.89 /.git/config
INFO: [ app_init ] --START--
INFO: Run Behavior\BuildLiteBehavior [ RunTime:0.000015s ]
INFO: [ app_init ] --END-- [ RunTime:0.000342s ]
ERR: Êó†Ê≥ïÂä†ËΩΩÊ®°Âùó:.git

[ 2016-05-01T03:40:15+08:00 ] 121.42.0.89 /.git/config
INFO: [ app_init ] --START--
INFO: Run Behavior\BuildLiteBehavior [ RunTime:0.000014s ]
INFO: [ app_init ] --END-- [ RunTime:0.000346s ]
ERR: Êó†Ê≥ïÂä†ËΩΩÊ®°Âùó:.git

[ 2016-05-01T03:41:22+08:00 ] 121.42.0.89 /.svn/entries
INFO: [ app_init ] --START--
INFO: Run Behavior\BuildLiteBehavior [ RunTime:0.000015s ]
INFO: [ app_init ] --END-- [ RunTime:0.000324s ]
ERR: Êó†Ê≥ïÂä†ËΩΩÊ®°Âùó:.svn

[ 2016-05-01T03:42:25+08:00 ] 121.42.0.89 /.svn/entries
INFO: [ app_init ] --START--
INFO: Run Behavior\BuildLiteBehavior [ RunTime:0.000014s ]
INFO: [ app_init ] --END-- [ RunTime:0.000336s ]
ERR: Êó†Ê≥ïÂä†ËΩΩÊ®°Âùó:.svn

[ 2016-05-01T03:43:29+08:00 ] 121.42.0.89 /uc_server/uctools.php
INFO: [ app_init ] --START--
INFO: Run Behavior\BuildLiteBehavior [ RunTime:0.000015s ]
INFO: [ app_init ] --END-- [ RunTime:0.000310s ]
ERR: Êó†Ê≥ïÂä†ËΩΩÊ®°Âùó:Uc_server

[ 2016-05-01T03:43:48+08:00 ] 121.42.0.89 /uc_server/uctools.php
INFO: [ app_init ] --START--
INFO: Run Behavior\BuildLiteBehavior [ RunTime:0.000016s ]
INFO: [ app_init ] --END-- [ RunTime:0.000349s ]
ERR: Êó†Ê≥ïÂä†ËΩΩÊ®°Âùó:Uc_server

[ 2016-05-01T03:44:15+08:00 ] 121.42.0.89 /CVS/Root
INFO: [ app_init ] --START--
INFO: Run Behavior\BuildLiteBehavior [ RunTime:0.000015s ]
INFO: [ app_init ] --END-- [ RunTime:0.000311s ]
ERR: Êó†Ê≥ïÂä†ËΩΩÊ®°Âùó:CVS

[ 2016-05-01T03:44:33+08:00 ] 121.42.0.89 /CVS/Root
INFO: [ app_init ] --START--
INFO: Run Behavior\BuildLiteBehavior [ RunTime:0.000015s ]
INFO: [ app_init ] --END-- [ RunTime:0.000331s ]
ERR: Êó†Ê≥ïÂä†ËΩΩÊ®°Âùó:CVS

[ 2016-05-01T03:44:45+08:00 ] 121.42.0.89 /.hg/requires
INFO: [ app_init ] --START--
INFO: Run Behavior\BuildLiteBehavior [ RunTime:0.000014s ]
INFO: [ app_init ] --END-- [ RunTime:0.000312s ]
ERR: Êó†Ê≥ïÂä†ËΩΩÊ®°Âùó:.hg

[ 2016-05-01T03:45:00+08:00 ] 121.42.0.89 /.hg/requires
INFO: [ app_init ] --START--
INFO: Run Behavior\BuildLiteBehavior [ RunTime:0.000014s ]
INFO: [ app_init ] --END-- [ RunTime:0.000324s ]
ERR: Êó†Ê≥ïÂä†ËΩΩÊ®°Âùó:.hg

[ 2016-05-01T03:45:31+08:00 ] 121.42.0.89 /.bzr/branch-format
INFO: [ app_init ] --START--
INFO: Run Behavior\BuildLiteBehavior [ RunTime:0.000015s ]
INFO: [ app_init ] --END-- [ RunTime:0.000333s ]
ERR: Êó†Ê≥ïÂä†ËΩΩÊ®°Âùó:.bzr

[ 2016-05-01T03:46:02+08:00 ] 121.42.0.89 /.bzr/branch-format
INFO: [ app_init ] --START--
INFO: Run Behavior\BuildLiteBehavior [ RunTime:0.000020s ]
INFO: [ app_init ] --END-- [ RunTime:0.000377s ]
ERR: Êó†Ê≥ïÂä†ËΩΩÊ®°Âùó:.bzr

[ 2016-05-01T03:47:19+08:00 ] 121.42.0.89 /phpsysinfo/index.php?disp=dynamic
INFO: [ app_init ] --START--
INFO: Run Behavior\BuildLiteBehavior [ RunTime:0.000015s ]
INFO: [ app_init ] --END-- [ RunTime:0.000303s ]
ERR: Êó†Ê≥ïÂä†ËΩΩÊ®°Âùó:Phpsysinfo

[ 2016-05-01T03:47:22+08:00 ] 121.42.0.89 /phpsysinfo/index.php?disp=dynamic
INFO: [ app_init ] --START--
INFO: Run Behavior\BuildLiteBehavior [ RunTime:0.000016s ]
INFO: [ app_init ] --END-- [ RunTime:0.000320s ]
ERR: Êó†Ê≥ïÂä†ËΩΩÊ®°Âùó:Phpsysinfo

[ 2016-05-01T03:50:16+08:00 ] 121.42.0.89 /jenkins/
INFO: [ app_init ] --START--
INFO: Run Behavior\BuildLiteBehavior [ RunTime:0.000014s ]
INFO: [ app_init ] --END-- [ RunTime:0.000309s ]
ERR: Êó†Ê≥ïÂä†ËΩΩÊ®°Âùó:Jenkins

[ 2016-05-01T03:50:19+08:00 ] 121.42.0.89 /bin/
INFO: [ app_init ] --START--
INFO: Run Behavior\BuildLiteBehavior [ RunTime:0.000015s ]
INFO: [ app_init ] --END-- [ RunTime:0.000305s ]
ERR: Êó†Ê≥ïÂä†ËΩΩÊ®°Âùó:Bin

[ 2016-05-01T03:50:42+08:00 ] 121.42.0.89 /downloads/
INFO: [ app_init ] --START--
INFO: Run Behavior\BuildLiteBehavior [ RunTime:0.000014s ]
INFO: [ app_init ] --END-- [ RunTime:0.000305s ]
ERR: Êó†Ê≥ïÂä†ËΩΩÊ®°Âùó:Downloads

[ 2016-05-01T03:51:20+08:00 ] 121.42.0.89 /downloads/
INFO: [ app_init ] --START--
INFO: Run Behavior\BuildLiteBehavior [ RunTime:0.000014s ]
INFO: [ app_init ] --END-- [ RunTime:0.000321s ]
ERR: Êó†Ê≥ïÂä†ËΩΩÊ®°Âùó:Downloads

[ 2016-05-01T03:51:33+08:00 ] 121.42.0.89 /download/
INFO: [ app_init ] --START--
INFO: Run Behavior\BuildLiteBehavior [ RunTime:0.000015s ]
INFO: [ app_init ] --END-- [ RunTime:0.000307s ]
ERR: Êó†Ê≥ïÂä†ËΩΩÊ®°Âùó:Download

[ 2016-05-01T03:51:54+08:00 ] 121.42.0.89 /download/
INFO: [ app_init ] --START--
INFO: Run Behavior\BuildLiteBehavior [ RunTime:0.000016s ]
INFO: [ app_init ] --END-- [ RunTime:0.000350s ]
ERR: Êó†Ê≥ïÂä†ËΩΩÊ®°Âùó:Download

[ 2016-05-01T03:54:26+08:00 ] 121.42.0.89 /uploadfile/
INFO: [ app_init ] --START--
INFO: Run Behavior\BuildLiteBehavior [ RunTime:0.000014s ]
INFO: [ app_init ] --END-- [ RunTime:0.000304s ]
ERR: Êó†Ê≥ïÂä†ËΩΩÊ®°Âùó:Uploadfile

[ 2016-05-01T03:54:29+08:00 ] 121.42.0.89 /uploadfile/
INFO: [ app_init ] --START--
INFO: Run Behavior\BuildLiteBehavior [ RunTime:0.000014s ]
INFO: [ app_init ] --END-- [ RunTime:0.000337s ]
ERR: Êó†Ê≥ïÂä†ËΩΩÊ®°Âùó:Uploadfile

[ 2016-05-01T03:54:51+08:00 ] 121.42.0.89 /db/
INFO: [ app_init ] --START--
INFO: Run Behavior\BuildLiteBehavior [ RunTime:0.000019s ]
INFO: [ app_init ] --END-- [ RunTime:0.000358s ]
ERR: Êó†Ê≥ïÂä†ËΩΩÊ®°Âùó:Db

[ 2016-05-01T03:55:05+08:00 ] 121.42.0.89 /db/
INFO: [ app_init ] --START--
INFO: Run Behavior\BuildLiteBehavior [ RunTime:0.000014s ]
INFO: [ app_init ] --END-- [ RunTime:0.000329s ]
ERR: Êó†Ê≥ïÂä†ËΩΩÊ®°Âùó:Db

[ 2016-05-01T03:55:28+08:00 ] 121.42.0.89 /uploads/
INFO: [ app_init ] --START--
INFO: Run Behavior\BuildLiteBehavior [ RunTime:0.000014s ]
INFO: [ app_init ] --END-- [ RunTime:0.000329s ]
ERR: Êó†Ê≥ïÂä†ËΩΩÊ®°Âùó:Uploads

[ 2016-05-01T03:55:41+08:00 ] 121.42.0.89 /uploads/
INFO: [ app_init ] --START--
INFO: Run Behavior\BuildLiteBehavior [ RunTime:0.000016s ]
INFO: [ app_init ] --END-- [ RunTime:0.000316s ]
ERR: Êó†Ê≥ïÂä†ËΩΩÊ®°Âùó:Uploads

[ 2016-05-01T03:55:47+08:00 ] 121.42.0.89 /backup/
INFO: [ app_init ] --START--
INFO: Run Behavior\BuildLiteBehavior [ RunTime:0.000015s ]
INFO: [ app_init ] --END-- [ RunTime:0.000305s ]
ERR: Êó†Ê≥ïÂä†ËΩΩÊ®°Âùó:Backup

[ 2016-05-01T03:55:57+08:00 ] 121.42.0.89 /backup/
INFO: [ app_init ] --START--
INFO: Run Behavior\BuildLiteBehavior [ RunTime:0.000015s ]
INFO: [ app_init ] --END-- [ RunTime:0.000317s ]
ERR: Êó†Ê≥ïÂä†ËΩΩÊ®°Âùó:Backup

[ 2016-05-01T03:56:19+08:00 ] 121.42.0.89 /data/
INFO: [ app_init ] --START--
INFO: Run Behavior\BuildLiteBehavior [ RunTime:0.000015s ]
INFO: [ app_init ] --END-- [ RunTime:0.000310s ]
ERR: Êó†Ê≥ïÂä†ËΩΩÊ®°Âùó:Data

[ 2016-05-01T03:56:27+08:00 ] 121.42.0.89 /web/
INFO: [ app_init ] --START--
INFO: Run Behavior\BuildLiteBehavior [ RunTime:0.000015s ]
INFO: [ app_init ] --END-- [ RunTime:0.000311s ]
ERR: Êó†Ê≥ïÂä†ËΩΩÊ®°Âùó:Web

[ 2016-05-01T03:57:40+08:00 ] 121.42.0.89 /web/
INFO: [ app_init ] --START--
INFO: Run Behavior\BuildLiteBehavior [ RunTime:0.000015s ]
INFO: [ app_init ] --END-- [ RunTime:0.000337s ]
ERR: Êó†Ê≥ïÂä†ËΩΩÊ®°Âùó:Web

[ 2016-05-01T03:58:01+08:00 ] 121.42.0.89 /uploadfiles/
INFO: [ app_init ] --START--
INFO: Run Behavior\BuildLiteBehavior [ RunTime:0.000014s ]
INFO: [ app_init ] --END-- [ RunTime:0.000335s ]
ERR: Êó†Ê≥ïÂä†ËΩΩÊ®°Âùó:Uploadfiles

[ 2016-05-01T03:58:28+08:00 ] 121.42.0.89 /uploadfiles/
INFO: [ app_init ] --START--
INFO: Run Behavior\BuildLiteBehavior [ RunTime:0.000014s ]
INFO: [ app_init ] --END-- [ RunTime:0.000312s ]
ERR: Êó†Ê≥ïÂä†ËΩΩÊ®°Âùó:Uploadfiles

[ 2016-05-01T03:58:37+08:00 ] 121.42.0.89 /upload/
INFO: [ app_init ] --START--
INFO: Run Behavior\BuildLiteBehavior [ RunTime:0.000097s ]
INFO: [ app_init ] --END-- [ RunTime:0.000472s ]
ERR: Êó†Ê≥ïÂä†ËΩΩÊ®°Âùó:Upload

[ 2016-05-01T03:58:41+08:00 ] 121.42.0.89 /upload/
INFO: [ app_init ] --START--
INFO: Run Behavior\BuildLiteBehavior [ RunTime:0.000014s ]
INFO: [ app_init ] --END-- [ RunTime:0.000306s ]
ERR: Êó†Ê≥ïÂä†ËΩΩÊ®°Âùó:Upload

[ 2016-05-01T03:58:46+08:00 ] 121.42.0.89 /upfiles/
INFO: [ app_init ] --START--
INFO: Run Behavior\BuildLiteBehavior [ RunTime:0.000014s ]
INFO: [ app_init ] --END-- [ RunTime:0.000303s ]
ERR: Êó†Ê≥ïÂä†ËΩΩÊ®°Âùó:Upfiles

[ 2016-05-01T03:58:52+08:00 ] 121.42.0.89 /upfiles/
INFO: [ app_init ] --START--
INFO: Run Behavior\BuildLiteBehavior [ RunTime:0.000014s ]
INFO: [ app_init ] --END-- [ RunTime:0.000345s ]
ERR: Êó†Ê≥ïÂä†ËΩΩÊ®°Âùó:Upfiles

[ 2016-05-01T03:59:18+08:00 ] 121.42.0.89 /config/
INFO: [ app_init ] --START--
INFO: Run Behavior\BuildLiteBehavior [ RunTime:0.000014s ]
INFO: [ app_init ] --END-- [ RunTime:0.000307s ]
ERR: Êó†Ê≥ïÂä†ËΩΩÊ®°Âùó:Config

[ 2016-05-01T03:59:21+08:00 ] 121.42.0.89 /config/
INFO: [ app_init ] --START--
INFO: Run Behavior\BuildLiteBehavior [ RunTime:0.000015s ]
INFO: [ app_init ] --END-- [ RunTime:0.000310s ]
ERR: Êó†Ê≥ïÂä†ËΩΩÊ®°Âùó:Config

[ 2016-05-01T03:59:30+08:00 ] 121.42.0.89 /logs/
INFO: [ app_init ] --START--
INFO: Run Behavior\BuildLiteBehavior [ RunTime:0.000014s ]
INFO: [ app_init ] --END-- [ RunTime:0.000338s ]
ERR: Êó†Ê≥ïÂä†ËΩΩÊ®°Âùó:Logs

[ 2016-05-01T03:59:35+08:00 ] 121.42.0.89 /log/
INFO: [ app_init ] --START--
INFO: Run Behavior\BuildLiteBehavior [ RunTime:0.000014s ]
INFO: [ app_init ] --END-- [ RunTime:0.000311s ]
ERR: Êó†Ê≥ïÂä†ËΩΩÊ®°Âùó:Log

[ 2016-05-01T03:59:39+08:00 ] 121.42.0.89 /log/
INFO: [ app_init ] --START--
INFO: Run Behavior\BuildLiteBehavior [ RunTime:0.000014s ]
INFO: [ app_init ] --END-- [ RunTime:0.000345s ]
ERR: Êó†Ê≥ïÂä†ËΩΩÊ®°Âùó:Log

[ 2016-05-01T03:59:41+08:00 ] 121.42.0.89 /'%22%3E%3Cscript%3E8976%3C/script%3E.html
INFO: [ app_init ] --START--
INFO: Run Behavior\BuildLiteBehavior [ RunTime:0.000014s ]
INFO: [ app_init ] --END-- [ RunTime:0.000306s ]
ERR: Êó†Ê≥ïÂä†ËΩΩÊ®°Âùó:'">8976

[ 2016-05-01T03:59:44+08:00 ] 121.42.0.89 /'%22%3E%3Cscript%3E8976%3C/script%3E
INFO: [ app_init ] --START--
INFO: Run Behavior\BuildLiteBehavior [ RunTime:0.000014s ]
INFO: [ app_init ] --END-- [ RunTime:0.000307s ]
ERR: Êó†Ê≥ïÂä†ËΩΩÊ®°Âùó:'">8976

[ 2016-05-01T03:59:47+08:00 ] 121.42.0.89 /%27%22+onmouseover%3D3+d%3D%27
INFO: [ app_init ] --START--
INFO: Run Behavior\BuildLiteBehavior [ RunTime:0.000015s ]
INFO: [ app_init ] --END-- [ RunTime:0.000334s ]
ERR: Êó†Ê≥ïÂä†ËΩΩÊ®°Âùó:'"+onmouseover=3+d='

[ 2016-05-01T03:59:50+08:00 ] 121.42.0.89 /i1268255i/?.tmp=t
INFO: [ app_init ] --START--
INFO: Run Behavior\BuildLiteBehavior [ RunTime:0.000015s ]
INFO: [ app_init ] --END-- [ RunTime:0.000352s ]
ERR: Êó†Ê≥ïÂä†ËΩΩÊ®°Âùó:I1268255i

[ 2016-05-01T04:00:02+08:00 ] 121.42.0.89 /upfile/
INFO: [ app_init ] --START--
INFO: Run Behavior\BuildLiteBehavior [ RunTime:0.000014s ]
INFO: [ app_init ] --END-- [ RunTime:0.000321s ]
ERR: Êó†Ê≥ïÂä†ËΩΩÊ®°Âùó:Upfile

[ 2016-05-01T04:00:05+08:00 ] 121.42.0.89 /upfile/
INFO: [ app_init ] --START--
INFO: Run Behavior\BuildLiteBehavior [ RunTime:0.000015s ]
INFO: [ app_init ] --END-- [ RunTime:0.000328s ]
ERR: Êó†Ê≥ïÂä†ËΩΩÊ®°Âùó:Upfile

[ 2016-05-01T04:00:09+08:00 ] 121.42.0.89 /htdocs/
INFO: [ app_init ] --START--
INFO: Run Behavior\BuildLiteBehavior [ RunTime:0.000014s ]
INFO: [ app_init ] --END-- [ RunTime:0.000308s ]
ERR: Êó†Ê≥ïÂä†ËΩΩÊ®°Âùó:Htdocs

[ 2016-05-01T04:00:11+08:00 ] 121.42.0.89 /htdocs/
INFO: [ app_init ] --START--
INFO: Run Behavior\BuildLiteBehavior [ RunTime:0.000014s ]
INFO: [ app_init ] --END-- [ RunTime:0.000307s ]
ERR: Êó†Ê≥ïÂä†ËΩΩÊ®°Âùó:Htdocs

[ 2016-05-01T04:00:50+08:00 ] 121.42.0.89 /phpinfo.php
INFO: [ app_init ] --START--
INFO: Run Behavior\BuildLiteBehavior [ RunTime:0.000015s ]
INFO: [ app_init ] --END-- [ RunTime:0.000309s ]
ERR: Êó†Ê≥ïÂä†ËΩΩÊ®°Âùó:Phpinfo

[ 2016-05-01T04:00:53+08:00 ] 121.42.0.89 /info.php
INFO: [ app_init ] --START--
INFO: Run Behavior\BuildLiteBehavior [ RunTime:0.000014s ]
INFO: [ app_init ] --END-- [ RunTime:0.000330s ]
ERR: Êó†Ê≥ïÂä†ËΩΩÊ®°Âùó:Info

[ 2016-05-01T04:00:56+08:00 ] 121.42.0.89 /php.php
INFO: [ app_init ] --START--
INFO: Run Behavior\BuildLiteBehavior [ RunTime:0.000014s ]
INFO: [ app_init ] --END-- [ RunTime:0.000307s ]
ERR: Êó†Ê≥ïÂä†ËΩΩÊ®°Âùó:Php

[ 2016-05-01T04:00:59+08:00 ] 121.42.0.89 /test.php
INFO: [ app_init ] --START--
INFO: Run Behavior\BuildLiteBehavior [ RunTime:0.000015s ]
INFO: [ app_init ] --END-- [ RunTime:0.000320s ]
ERR: Êó†Ê≥ïÂä†ËΩΩÊ®°Âùó:Test

[ 2016-05-01T04:01:02+08:00 ] 121.42.0.89 /show.php
INFO: [ app_init ] --START--
INFO: Run Behavior\BuildLiteBehavior [ RunTime:0.000017s ]
INFO: [ app_init ] --END-- [ RunTime:0.000312s ]
ERR: Êó†Ê≥ïÂä†ËΩΩÊ®°Âùó:Show

[ 2016-05-01T04:01:07+08:00 ] 121.42.0.89 /a.php
INFO: [ app_init ] --START--
INFO: Run Behavior\BuildLiteBehavior [ RunTime:0.000014s ]
INFO: [ app_init ] --END-- [ RunTime:0.000328s ]
ERR: Êó†Ê≥ïÂä†ËΩΩÊ®°Âùó:A

[ 2016-05-01T04:01:13+08:00 ] 121.42.0.89 /1.php
INFO: [ app_init ] --START--
INFO: Run Behavior\BuildLiteBehavior [ RunTime:0.000016s ]
INFO: [ app_init ] --END-- [ RunTime:0.000327s ]
ERR: Êó†Ê≥ïÂä†ËΩΩÊ®°Âùó:1

[ 2016-05-01T04:01:20+08:00 ] 121.42.0.89 /u.php?act=phpinfo
INFO: [ app_init ] --START--
INFO: Run Behavior\BuildLiteBehavior [ RunTime:0.000015s ]
INFO: [ app_init ] --END-- [ RunTime:0.000332s ]
ERR: Êó†Ê≥ïÂä†ËΩΩÊ®°Âùó:U

[ 2016-05-01T04:01:23+08:00 ] 121.42.0.89 /l.php?act=phpinfo
INFO: [ app_init ] --START--
INFO: Run Behavior\BuildLiteBehavior [ RunTime:0.000025s ]
INFO: [ app_init ] --END-- [ RunTime:0.000353s ]
ERR: Êó†Ê≥ïÂä†ËΩΩÊ®°Âùó:L

[ 2016-05-01T04:01:27+08:00 ] 121.42.0.89 /tz.php?act=phpinfo
INFO: [ app_init ] --START--
INFO: Run Behavior\BuildLiteBehavior [ RunTime:0.000014s ]
INFO: [ app_init ] --END-- [ RunTime:0.000328s ]
ERR: Êó†Ê≥ïÂä†ËΩΩÊ®°Âùó:Tz

[ 2016-05-01T04:01:32+08:00 ] 121.42.0.89 /app/dev/svinfo.php?phpinfo=true
INFO: [ app_init ] --START--
INFO: Run Behavior\BuildLiteBehavior [ RunTime:0.000015s ]
INFO: [ app_init ] --END-- [ RunTime:0.000319s ]
ERR: Êó†Ê≥ïÂä†ËΩΩÊ®°Âùó:App

[ 2016-05-01T04:01:38+08:00 ] 121.42.0.89 /install/svinfo.php?phpinfo=true
INFO: [ app_init ] --START--
INFO: Run Behavior\BuildLiteBehavior [ RunTime:0.000014s ]
INFO: [ app_init ] --END-- [ RunTime:0.000330s ]
ERR: Êó†Ê≥ïÂä†ËΩΩÊ®°Âùó:Install

[ 2016-05-01T04:01:43+08:00 ] 121.42.0.89 /adminer.php
INFO: [ app_init ] --START--
INFO: Run Behavior\BuildLiteBehavior [ RunTime:0.000015s ]
INFO: [ app_init ] --END-- [ RunTime:0.000319s ]
ERR: Êó†Ê≥ïÂä†ËΩΩÊ®°Âùó:Adminer

[ 2016-05-01T04:01:46+08:00 ] 121.42.0.89 /adminer.php
INFO: [ app_init ] --START--
INFO: Run Behavior\BuildLiteBehavior [ RunTime:0.000015s ]
INFO: [ app_init ] --END-- [ RunTime:0.000349s ]
ERR: Êó†Ê≥ïÂä†ËΩΩÊ®°Âùó:Adminer

[ 2016-05-01T04:01:50+08:00 ] 121.42.0.89 /bigdump.php
INFO: [ app_init ] --START--
INFO: Run Behavior\BuildLiteBehavior [ RunTime:0.000015s ]
INFO: [ app_init ] --END-- [ RunTime:0.000313s ]
ERR: Êó†Ê≥ïÂä†ËΩΩÊ®°Âùó:Bigdump

[ 2016-05-01T04:01:52+08:00 ] 121.42.0.89 /cgi-bin/authlogin.cgi
INFO: [ app_init ] --START--
INFO: Run Behavior\BuildLiteBehavior [ RunTime:0.000015s ]
INFO: [ app_init ] --END-- [ RunTime:0.000315s ]
ERR: Êó†Ê≥ïÂä†ËΩΩÊ®°Âùó:Errpage

[ 2016-05-01T04:01:55+08:00 ] 121.42.0.89 /cgi-bin/it.cgi
INFO: [ app_init ] --START--
INFO: Run Behavior\BuildLiteBehavior [ RunTime:0.000018s ]
INFO: [ app_init ] --END-- [ RunTime:0.000330s ]
ERR: Êó†Ê≥ïÂä†ËΩΩÊ®°Âùó:Errpage

[ 2016-05-01T04:02:01+08:00 ] 121.42.0.89 /cgi-sys/defaultwebpage.cgi
INFO: [ app_init ] --START--
INFO: Run Behavior\BuildLiteBehavior [ RunTime:0.000015s ]
INFO: [ app_init ] --END-- [ RunTime:0.000324s ]
ERR: Êó†Ê≥ïÂä†ËΩΩÊ®°Âùó:Cgi-sys

[ 2016-05-01T04:02:03+08:00 ] 121.42.0.89 /cgi-sys/FormMail-clone.cgi
INFO: [ app_init ] --START--
INFO: Run Behavior\BuildLiteBehavior [ RunTime:0.000020s ]
INFO: [ app_init ] --END-- [ RunTime:0.000375s ]
ERR: Êó†Ê≥ïÂä†ËΩΩÊ®°Âùó:Cgi-sys

[ 2016-05-01T04:03:04+08:00 ] 121.42.0.89 /xampp/cgi.cgi
INFO: [ app_init ] --START--
INFO: Run Behavior\BuildLiteBehavior [ RunTime:0.000014s ]
INFO: [ app_init ] --END-- [ RunTime:0.000305s ]
ERR: Êó†Ê≥ïÂä†ËΩΩÊ®°Âùó:Xampp

[ 2016-05-01T04:03:29+08:00 ] 121.42.0.89 /web-console/
INFO: [ app_init ] --START--
INFO: Run Behavior\BuildLiteBehavior [ RunTime:0.000015s ]
INFO: [ app_init ] --END-- [ RunTime:0.000311s ]
ERR: Êó†Ê≥ïÂä†ËΩΩÊ®°Âùó:Web-console

[ 2016-05-01T04:03:41+08:00 ] 121.42.0.89 /robots.txt
INFO: [ app_init ] --START--
INFO: Run Behavior\BuildLiteBehavior [ RunTime:0.000019s ]
INFO: [ app_init ] --END-- [ RunTime:0.000365s ]
ERR: Êó†Ê≥ïÂä†ËΩΩÊ®°Âùó:Robots

[ 2016-05-01T04:03:44+08:00 ] 121.42.0.89 /favicon.ico
INFO: [ app_init ] --START--
INFO: Run Behavior\BuildLiteBehavior [ RunTime:0.000014s ]
INFO: [ app_init ] --END-- [ RunTime:0.000310s ]
ERR: Êó†Ê≥ïÂä†ËΩΩÊ®°Âùó:Favicon

[ 2016-05-01T04:03:47+08:00 ] 121.42.0.89 /WebResource.axd
INFO: [ app_init ] --START--
INFO: Run Behavior\BuildLiteBehavior [ RunTime:0.000014s ]
INFO: [ app_init ] --END-- [ RunTime:0.000304s ]
ERR: Êó†Ê≥ïÂä†ËΩΩÊ®°Âùó:WebResource

[ 2016-05-01T04:03:50+08:00 ] 121.42.0.89 /WebResource.axd?d=LENSTEST&t=LENSTEST
INFO: [ app_init ] --START--
INFO: Run Behavior\BuildLiteBehavior [ RunTime:0.000024s ]
INFO: [ app_init ] --END-- [ RunTime:0.000382s ]
ERR: Êó†Ê≥ïÂä†ËΩΩÊ®°Âùó:WebResource

[ 2016-05-01T04:05:00+08:00 ] 121.42.0.89 /%c0%ae%c0%ae%2f%c0%ae%c0%ae%2f%c0%ae%c0%ae%2f%c0%ae%c0%ae%2f%c0%ae%c0%ae%2f%c0%ae%c0%ae%2f%c0%ae%c0%ae%2fetc%2fpasswd
INFO: [ app_init ] --START--
INFO: Run Behavior\BuildLiteBehavior [ RunTime:0.000014s ]
INFO: [ app_init ] --END-- [ RunTime:0.000327s ]
ERR: Êó†Ê≥ïÂä†ËΩΩÊ®°Âùó:Errpage

[ 2016-05-01T04:05:28+08:00 ] 121.42.0.89 /..%c0%af..%c0%af..%c0%af..%c0%af..%c0%af..%c0%af..%c0%af..%c0%afetc%c0%afpasswd
INFO: [ app_init ] --START--
INFO: Run Behavior\BuildLiteBehavior [ RunTime:0.000015s ]
INFO: [ app_init ] --END-- [ RunTime:0.000311s ]
ERR: Êó†Ê≥ïÂä†ËΩΩÊ®°Âùó:..¿Ø..¿Ø..¿Ø..¿Ø..¿Ø..¿Ø..¿Ø.

[ 2016-05-01T04:05:34+08:00 ] 121.42.0.89 /..%c0%af..%c0%af..%c0%af..%c0%af..%c0%af..%c0%af..%c0%af..%c0%afwindows%c0%afwin.ini
INFO: [ app_init ] --START--
INFO: Run Behavior\BuildLiteBehavior [ RunTime:0.000014s ]
INFO: [ app_init ] --END-- [ RunTime:0.000318s ]
ERR: Êó†Ê≥ïÂä†ËΩΩÊ®°Âùó:..¿Ø..¿Ø..¿Ø..¿Ø..¿Ø..¿Ø..¿Ø..¿Øwindows¿Øwin

[ 2016-05-01T04:05:44+08:00 ] 121.42.0.89 /%c0%ae%c0%ae/%c0%ae%c0%ae/%c0%ae%c0%ae/%c0%ae%c0%ae/%c0%ae%c0%ae/%c0%ae%c0%ae/%c0%ae%c0%ae/etc/passwd
INFO: [ app_init ] --START--
INFO: Run Behavior\BuildLiteBehavior [ RunTime:0.000014s ]
INFO: [ app_init ] --END-- [ RunTime:0.000306s ]
ERR: Êó†Ê≥ïÂä†ËΩΩÊ®°Âùó:¿Æ¿Æ

[ 2016-05-01T04:05:50+08:00 ] 121.42.0.89 /%c0%ae%c0%ae/%c0%ae%c0%ae/%c0%ae%c0%ae/%c0%ae%c0%ae/%c0%ae%c0%ae/%c0%ae%c0%ae/%c0%ae%c0%ae/windows/win.ini
INFO: [ app_init ] --START--
INFO: Run Behavior\BuildLiteBehavior [ RunTime:0.000016s ]
INFO: [ app_init ] --END-- [ RunTime:0.000311s ]
ERR: Êó†Ê≥ïÂä†ËΩΩÊ®°Âùó:¿Æ¿Æ

[ 2016-05-01T04:05:57+08:00 ] 121.42.0.89 /%5c%2e%2e%2f%5c%2e%2e%2f%5c%2e%2e%2f%5c%2e%2e%2f%5c%2e%2e%2f%5c%2e%2e%2f%5c%2e%2e%2f%5c%2e%2e%2f%5c%2e%2e%2f%5c%2e%2e%2f%5c%2e%2e%2f%5c%2e%2e%2f%5c%2e%2e%2fetc%2fpasswd
INFO: [ app_init ] --START--
INFO: Run Behavior\BuildLiteBehavior [ RunTime:0.000020s ]
INFO: [ app_init ] --END-- [ RunTime:0.000353s ]
ERR: Êó†Ê≥ïÂä†ËΩΩÊ®°Âùó:Errpage

[ 2016-05-01T04:06:03+08:00 ] 121.42.0.89 /%5c%2e%2e%2f%5c%2e%2e%2f%5c%2e%2e%2f%5c%2e%2e%2f%5c%2e%2e%2f%5c%2e%2e%2f%5c%2e%2e%2f%5c%2e%2e%2f%5c%2e%2e%2f%5c%2e%2e%2f%5c%2e%2e%2f%5c%2e%2e%2f%5c%2e%2e%2fwindows%2Fwin.ini
INFO: [ app_init ] --START--
INFO: Run Behavior\BuildLiteBehavior [ RunTime:0.000014s ]
INFO: [ app_init ] --END-- [ RunTime:0.000361s ]
ERR: Êó†Ê≥ïÂä†ËΩΩÊ®°Âùó:Errpage

[ 2016-05-01T04:06:27+08:00 ] 121.42.0.89 /manager/html
INFO: [ app_init ] --START--
INFO: Run Behavior\BuildLiteBehavior [ RunTime:0.000015s ]
INFO: [ app_init ] --END-- [ RunTime:0.000323s ]
ERR: Êó†Ê≥ïÂä†ËΩΩÊ®°Âùó:Manager

[ 2016-05-01T04:06:36+08:00 ] 121.42.0.89 /wp-login.php
INFO: [ app_init ] --START--
INFO: Run Behavior\BuildLiteBehavior [ RunTime:0.000015s ]
INFO: [ app_init ] --END-- [ RunTime:0.000330s ]
ERR: Êó†Ê≥ïÂä†ËΩΩÊ®°Âùó:Wp-login

[ 2016-05-01T04:22:58+08:00 ] 121.42.0.89 /j_acegi_security_check
INFO: [ app_init ] --START--
INFO: Run Behavior\BuildLiteBehavior [ RunTime:0.000020s ]
INFO: [ app_init ] --END-- [ RunTime:0.000362s ]
ERR: Êó†Ê≥ïÂä†ËΩΩÊ®°Âùó:J_acegi_security_check

[ 2016-05-01T04:25:46+08:00 ] 121.42.0.89 /zabbix/index.php
INFO: [ app_init ] --START--
INFO: Run Behavior\BuildLiteBehavior [ RunTime:0.000018s ]
INFO: [ app_init ] --END-- [ RunTime:0.000491s ]
ERR: Êó†Ê≥ïÂä†ËΩΩÊ®°Âùó:Zabbix

[ 2016-05-01T04:27:41+08:00 ] 121.42.0.89 /axis2/axis2-admin/login
INFO: [ app_init ] --START--
INFO: Run Behavior\BuildLiteBehavior [ RunTime:0.000014s ]
INFO: [ app_init ] --END-- [ RunTime:0.000357s ]
ERR: Êó†Ê≥ïÂä†ËΩΩÊ®°Âùó:Axis2

[ 2016-05-01T04:28:05+08:00 ] 121.42.0.89 /phpmyadmin/index.php
INFO: [ app_init ] --START--
INFO: Run Behavior\BuildLiteBehavior [ RunTime:0.000015s ]
INFO: [ app_init ] --END-- [ RunTime:0.000308s ]
ERR: Êó†Ê≥ïÂä†ËΩΩÊ®°Âùó:Phpmyadmin

[ 2016-05-01T04:28:14+08:00 ] 121.42.0.89 /phpMyAdmin/index.php
INFO: [ app_init ] --START--
INFO: Run Behavior\BuildLiteBehavior [ RunTime:0.000015s ]
INFO: [ app_init ] --END-- [ RunTime:0.000309s ]
ERR: Êó†Ê≥ïÂä†ËΩΩÊ®°Âùó:PhpMyAdmin

[ 2016-05-01T04:28:21+08:00 ] 121.42.0.89 /pma/index.php
INFO: [ app_init ] --START--
INFO: Run Behavior\BuildLiteBehavior [ RunTime:0.000015s ]
INFO: [ app_init ] --END-- [ RunTime:0.000347s ]
ERR: Êó†Ê≥ïÂä†ËΩΩÊ®°Âùó:Pma

[ 2016-05-01T04:28:27+08:00 ] 121.42.0.89 /pmd/index.php
INFO: [ app_init ] --START--
INFO: Run Behavior\BuildLiteBehavior [ RunTime:0.000015s ]
INFO: [ app_init ] --END-- [ RunTime:0.000360s ]
ERR: Êó†Ê≥ïÂä†ËΩΩÊ®°Âùó:Pmd

[ 2016-05-01T04:28:36+08:00 ] 121.42.0.89 /phpmyadmin/main.php
INFO: [ app_init ] --START--
INFO: Run Behavior\BuildLiteBehavior [ RunTime:0.000024s ]
INFO: [ app_init ] --END-- [ RunTime:0.001317s ]
ERR: Êó†Ê≥ïÂä†ËΩΩÊ®°Âùó:Phpmyadmin

[ 2016-05-01T04:28:39+08:00 ] 121.42.0.89 /phpMyAdmin/main.php
INFO: [ app_init ] --START--
INFO: Run Behavior\BuildLiteBehavior [ RunTime:0.000015s ]
INFO: [ app_init ] --END-- [ RunTime:0.000338s ]
ERR: Êó†Ê≥ïÂä†ËΩΩÊ®°Âùó:PhpMyAdmin

[ 2016-05-01T04:28:48+08:00 ] 121.42.0.89 /pma/main.php
INFO: [ app_init ] --START--
INFO: Run Behavior\BuildLiteBehavior [ RunTime:0.000015s ]
INFO: [ app_init ] --END-- [ RunTime:0.000308s ]
ERR: Êó†Ê≥ïÂä†ËΩΩÊ®°Âùó:Pma

[ 2016-05-01T04:28:56+08:00 ] 121.42.0.89 /pmd/main.php
INFO: [ app_init ] --START--
INFO: Run Behavior\BuildLiteBehavior [ RunTime:0.000014s ]
INFO: [ app_init ] --END-- [ RunTime:0.000325s ]
ERR: Êó†Ê≥ïÂä†ËΩΩÊ®°Âùó:Pmd

