[ 2016-05-07T09:54:57+08:00 ] 121.42.0.17 /index.php?m=Public&a=login
INFO: [ app_init ] --START--
INFO: Run Behavior\BuildLiteBehavior [ RunTime:0.000014s ]
INFO: [ app_init ] --END-- [ RunTime:0.000308s ]
ERR: Êó†Ê≥ïÂä†ËΩΩÊ®°Âùó:Public

[ 2016-05-07T09:55:25+08:00 ] 121.42.0.17 /phpRedisAdmin/?overview
INFO: [ app_init ] --START--
INFO: Run Behavior\BuildLiteBehavior [ RunTime:0.000015s ]
INFO: [ app_init ] --END-- [ RunTime:0.000317s ]
ERR: Êó†Ê≥ïÂä†ËΩΩÊ®°Âùó:PhpRedisAdmin

[ 2016-05-07T09:55:39+08:00 ] 121.42.0.17 /hudson/
INFO: [ app_init ] --START--
INFO: Run Behavior\BuildLiteBehavior [ RunTime:0.000015s ]
INFO: [ app_init ] --END-- [ RunTime:0.000391s ]
ERR: Êó†Ê≥ïÂä†ËΩΩÊ®°Âùó:Hudson

[ 2016-05-07T09:56:16+08:00 ] 121.42.0.17 /solr/
INFO: [ app_init ] --START--
INFO: Run Behavior\BuildLiteBehavior [ RunTime:0.000020s ]
INFO: [ app_init ] --END-- [ RunTime:0.000365s ]
ERR: Êó†Ê≥ïÂä†ËΩΩÊ®°Âùó:Solr

[ 2016-05-07T09:57:46+08:00 ] 121.42.0.17 /axis2/
INFO: [ app_init ] --START--
INFO: Run Behavior\BuildLiteBehavior [ RunTime:0.000015s ]
INFO: [ app_init ] --END-- [ RunTime:0.000337s ]
ERR: Êó†Ê≥ïÂä†ËΩΩÊ®°Âùó:Axis2

[ 2016-05-07T09:58:48+08:00 ] 121.42.0.17 /cacti/index.php
INFO: [ app_init ] --START--
INFO: Run Behavior\BuildLiteBehavior [ RunTime:0.000016s ]
INFO: [ app_init ] --END-- [ RunTime:0.000376s ]
ERR: Êó†Ê≥ïÂä†ËΩΩÊ®°Âùó:Cacti

[ 2016-05-07T09:59:15+08:00 ] 121.42.0.17 /zabbix/
INFO: [ app_init ] --START--
INFO: Run Behavior\BuildLiteBehavior [ RunTime:0.000014s ]
INFO: [ app_init ] --END-- [ RunTime:0.000306s ]
ERR: Êó†Ê≥ïÂä†ËΩΩÊ®°Âùó:Zabbix

[ 2016-05-07T09:59:38+08:00 ] 121.42.0.17 /console/
INFO: [ app_init ] --START--
INFO: Run Behavior\BuildLiteBehavior [ RunTime:0.000015s ]
INFO: [ app_init ] --END-- [ RunTime:0.000319s ]
ERR: Êó†Ê≥ïÂä†ËΩΩÊ®°Âùó:Console

[ 2016-05-07T09:59:43+08:00 ] 121.42.0.17 /server-status/
INFO: [ app_init ] --START--
INFO: Run Behavior\BuildLiteBehavior [ RunTime:0.000014s ]
INFO: [ app_init ] --END-- [ RunTime:0.000344s ]
ERR: Êó†Ê≥ïÂä†ËΩΩÊ®°Âùó:Server-status

[ 2016-05-07T10:00:07+08:00 ] 121.42.0.17 /index.html
INFO: [ app_init ] --START--
INFO: Run Behavior\BuildLiteBehavior [ RunTime:0.000016s ]
INFO: [ app_init ] --END-- [ RunTime:0.000316s ]
ERR: Êó†Ê≥ïÂä†ËΩΩÊ®°Âùó:Index

[ 2016-05-07T10:00:27+08:00 ] 121.42.0.17 /monitor/WEB-INF/web.xml
INFO: [ app_init ] --START--
INFO: Run Behavior\BuildLiteBehavior [ RunTime:0.000014s ]
INFO: [ app_init ] --END-- [ RunTime:0.000306s ]
ERR: Êó†Ê≥ïÂä†ËΩΩÊ®°Âùó:Monitor

[ 2016-05-07T10:00:30+08:00 ] 121.42.0.17 /WEB-INF/web.xml
INFO: [ app_init ] --START--
INFO: Run Behavior\BuildLiteBehavior [ RunTime:0.000015s ]
INFO: [ app_init ] --END-- [ RunTime:0.000314s ]
ERR: Êó†Ê≥ïÂä†ËΩΩÊ®°Âùó:WEB-INF

[ 2016-05-07T10:00:33+08:00 ] 121.42.0.17 /examples/servlets/index.html
INFO: [ app_init ] --START--
INFO: Run Behavior\BuildLiteBehavior [ RunTime:0.000022s ]
INFO: [ app_init ] --END-- [ RunTime:0.000387s ]
ERR: Êó†Ê≥ïÂä†ËΩΩÊ®°Âùó:Examples

[ 2016-05-07T10:00:44+08:00 ] 121.42.0.17 /examples/jsp/index.html
INFO: [ app_init ] --START--
INFO: Run Behavior\BuildLiteBehavior [ RunTime:0.000014s ]
INFO: [ app_init ] --END-- [ RunTime:0.000330s ]
ERR: Êó†Ê≥ïÂä†ËΩΩÊ®°Âùó:Examples

[ 2016-05-07T10:00:51+08:00 ] 121.42.0.17 /.git/config
INFO: [ app_init ] --START--
INFO: Run Behavior\BuildLiteBehavior [ RunTime:0.000020s ]
INFO: [ app_init ] --END-- [ RunTime:0.000407s ]
ERR: Êó†Ê≥ïÂä†ËΩΩÊ®°Âùó:.git

[ 2016-05-07T10:00:54+08:00 ] 121.42.0.17 /.git/config
INFO: [ app_init ] --START--
INFO: Run Behavior\BuildLiteBehavior [ RunTime:0.000014s ]
INFO: [ app_init ] --END-- [ RunTime:0.000332s ]
ERR: Êó†Ê≥ïÂä†ËΩΩÊ®°Âùó:.git

[ 2016-05-07T10:00:56+08:00 ] 121.42.0.17 /.svn/entries
INFO: [ app_init ] --START--
INFO: Run Behavior\BuildLiteBehavior [ RunTime:0.000014s ]
INFO: [ app_init ] --END-- [ RunTime:0.000326s ]
ERR: Êó†Ê≥ïÂä†ËΩΩÊ®°Âùó:.svn

[ 2016-05-07T10:01:01+08:00 ] 121.42.0.17 /.svn/entries
INFO: [ app_init ] --START--
INFO: Run Behavior\BuildLiteBehavior [ RunTime:0.000015s ]
INFO: [ app_init ] --END-- [ RunTime:0.000334s ]
ERR: Êó†Ê≥ïÂä†ËΩΩÊ®°Âùó:.svn

[ 2016-05-07T10:01:09+08:00 ] 121.42.0.17 /uc_server/uctools.php
INFO: [ app_init ] --START--
INFO: Run Behavior\BuildLiteBehavior [ RunTime:0.000015s ]
INFO: [ app_init ] --END-- [ RunTime:0.000305s ]
ERR: Êó†Ê≥ïÂä†ËΩΩÊ®°Âùó:Uc_server

[ 2016-05-07T10:01:11+08:00 ] 121.42.0.17 /uc_server/uctools.php
INFO: [ app_init ] --START--
INFO: Run Behavior\BuildLiteBehavior [ RunTime:0.000014s ]
INFO: [ app_init ] --END-- [ RunTime:0.000356s ]
ERR: Êó†Ê≥ïÂä†ËΩΩÊ®°Âùó:Uc_server

[ 2016-05-07T10:01:14+08:00 ] 121.42.0.17 /CVS/Root
INFO: [ app_init ] --START--
INFO: Run Behavior\BuildLiteBehavior [ RunTime:0.000014s ]
INFO: [ app_init ] --END-- [ RunTime:0.000329s ]
ERR: Êó†Ê≥ïÂä†ËΩΩÊ®°Âùó:CVS

[ 2016-05-07T10:01:16+08:00 ] 121.42.0.17 /CVS/Root
INFO: [ app_init ] --START--
INFO: Run Behavior\BuildLiteBehavior [ RunTime:0.000015s ]
INFO: [ app_init ] --END-- [ RunTime:0.000404s ]
ERR: Êó†Ê≥ïÂä†ËΩΩÊ®°Âùó:CVS

[ 2016-05-07T10:01:19+08:00 ] 121.42.0.17 /.hg/requires
INFO: [ app_init ] --START--
INFO: Run Behavior\BuildLiteBehavior [ RunTime:0.000014s ]
INFO: [ app_init ] --END-- [ RunTime:0.000305s ]
ERR: Êó†Ê≥ïÂä†ËΩΩÊ®°Âùó:.hg

[ 2016-05-07T10:01:29+08:00 ] 121.42.0.17 /.hg/requires
INFO: [ app_init ] --START--
INFO: Run Behavior\BuildLiteBehavior [ RunTime:0.000019s ]
INFO: [ app_init ] --END-- [ RunTime:0.000347s ]
ERR: Êó†Ê≥ïÂä†ËΩΩÊ®°Âùó:.hg

[ 2016-05-07T10:01:31+08:00 ] 121.42.0.17 /.bzr/branch-format
INFO: [ app_init ] --START--
INFO: Run Behavior\BuildLiteBehavior [ RunTime:0.000015s ]
INFO: [ app_init ] --END-- [ RunTime:0.000337s ]
ERR: Êó†Ê≥ïÂä†ËΩΩÊ®°Âùó:.bzr

[ 2016-05-07T10:01:36+08:00 ] 121.42.0.17 /.bzr/branch-format
INFO: [ app_init ] --START--
INFO: Run Behavior\BuildLiteBehavior [ RunTime:0.000015s ]
INFO: [ app_init ] --END-- [ RunTime:0.000316s ]
ERR: Êó†Ê≥ïÂä†ËΩΩÊ®°Âùó:.bzr

[ 2016-05-07T10:01:49+08:00 ] 121.42.0.17 /www/admin/index.php
INFO: [ app_init ] --START--
INFO: Run Behavior\BuildLiteBehavior [ RunTime:0.000016s ]
INFO: [ app_init ] --END-- [ RunTime:0.000317s ]
ERR: Êó†Ê≥ïÂä†ËΩΩÊ®°Âùó:Www

[ 2016-05-07T10:02:33+08:00 ] 121.42.0.17 /phpsysinfo/index.php?disp=dynamic
INFO: [ app_init ] --START--
INFO: Run Behavior\BuildLiteBehavior [ RunTime:0.000016s ]
INFO: [ app_init ] --END-- [ RunTime:0.000318s ]
ERR: Êó†Ê≥ïÂä†ËΩΩÊ®°Âùó:Phpsysinfo

[ 2016-05-07T10:02:38+08:00 ] 121.42.0.17 /phpsysinfo/index.php?disp=dynamic
INFO: [ app_init ] --START--
INFO: Run Behavior\BuildLiteBehavior [ RunTime:0.000014s ]
INFO: [ app_init ] --END-- [ RunTime:0.000305s ]
ERR: Êó†Ê≥ïÂä†ËΩΩÊ®°Âùó:Phpsysinfo

[ 2016-05-07T10:03:08+08:00 ] 121.42.0.17 /jenkins/
INFO: [ app_init ] --START--
INFO: Run Behavior\BuildLiteBehavior [ RunTime:0.000017s ]
INFO: [ app_init ] --END-- [ RunTime:0.000395s ]
ERR: Êó†Ê≥ïÂä†ËΩΩÊ®°Âùó:Jenkins

[ 2016-05-07T10:03:10+08:00 ] 121.42.0.17 /bin/
INFO: [ app_init ] --START--
INFO: Run Behavior\BuildLiteBehavior [ RunTime:0.000015s ]
INFO: [ app_init ] --END-- [ RunTime:0.000336s ]
ERR: Êó†Ê≥ïÂä†ËΩΩÊ®°Âùó:Bin

[ 2016-05-07T10:03:15+08:00 ] 121.42.0.17 /bin/
INFO: [ app_init ] --START--
INFO: Run Behavior\BuildLiteBehavior [ RunTime:0.000022s ]
INFO: [ app_init ] --END-- [ RunTime:0.000504s ]
ERR: Êó†Ê≥ïÂä†ËΩΩÊ®°Âùó:Bin

[ 2016-05-07T10:03:19+08:00 ] 121.42.0.17 /downloads/
INFO: [ app_init ] --START--
INFO: Run Behavior\BuildLiteBehavior [ RunTime:0.000015s ]
INFO: [ app_init ] --END-- [ RunTime:0.000307s ]
ERR: Êó†Ê≥ïÂä†ËΩΩÊ®°Âùó:Downloads

[ 2016-05-07T10:03:27+08:00 ] 121.42.0.17 /downloads/
INFO: [ app_init ] --START--
INFO: Run Behavior\BuildLiteBehavior [ RunTime:0.000016s ]
INFO: [ app_init ] --END-- [ RunTime:0.000312s ]
ERR: Êó†Ê≥ïÂä†ËΩΩÊ®°Âùó:Downloads

[ 2016-05-07T10:03:29+08:00 ] 121.42.0.17 /download/
INFO: [ app_init ] --START--
INFO: Run Behavior\BuildLiteBehavior [ RunTime:0.000015s ]
INFO: [ app_init ] --END-- [ RunTime:0.000313s ]
ERR: Êó†Ê≥ïÂä†ËΩΩÊ®°Âùó:Download

[ 2016-05-07T10:03:39+08:00 ] 121.42.0.17 /download/
INFO: [ app_init ] --START--
INFO: Run Behavior\BuildLiteBehavior [ RunTime:0.000015s ]
INFO: [ app_init ] --END-- [ RunTime:0.000337s ]
ERR: Êó†Ê≥ïÂä†ËΩΩÊ®°Âùó:Download

[ 2016-05-07T10:03:51+08:00 ] 121.42.0.17 /index.action?test=com.opensymphony.xwork2.dispatcher.HttpServletResponse&test=1541517918&method:(%23_memberAccess).setExcludedClasses(%40java.util.Collections%40EMPTY_SET),(%23_memberAccess).setExcludedPackageNamePatterns(%40java.util.Collections%40EMPTY_SET),%23d%3d%23parameters.test%5B1%5D,%23test%3d%23context.get(%23parameters.test%5B0%5D).getWriter(),%23test.println(%23d),%23test.close(),new%20java.lang.String
INFO: [ app_init ] --START--
INFO: Run Behavior\BuildLiteBehavior [ RunTime:0.000015s ]
INFO: [ app_init ] --END-- [ RunTime:0.000307s ]
ERR: Êó†Ê≥ïÂä†ËΩΩÊ®°Âùó:Index

[ 2016-05-07T10:04:29+08:00 ] 121.42.0.17 /uploadfile/
INFO: [ app_init ] --START--
INFO: Run Behavior\BuildLiteBehavior [ RunTime:0.000015s ]
INFO: [ app_init ] --END-- [ RunTime:0.000346s ]
ERR: Êó†Ê≥ïÂä†ËΩΩÊ®°Âùó:Uploadfile

[ 2016-05-07T10:04:33+08:00 ] 121.42.0.17 /uploadfile/
INFO: [ app_init ] --START--
INFO: Run Behavior\BuildLiteBehavior [ RunTime:0.000016s ]
INFO: [ app_init ] --END-- [ RunTime:0.000334s ]
ERR: Êó†Ê≥ïÂä†ËΩΩÊ®°Âùó:Uploadfile

[ 2016-05-07T10:04:35+08:00 ] 121.42.0.17 /db/
INFO: [ app_init ] --START--
INFO: Run Behavior\BuildLiteBehavior [ RunTime:0.000018s ]
INFO: [ app_init ] --END-- [ RunTime:0.000331s ]
ERR: Êó†Ê≥ïÂä†ËΩΩÊ®°Âùó:Db

[ 2016-05-07T10:04:38+08:00 ] 121.42.0.17 /db/
INFO: [ app_init ] --START--
INFO: Run Behavior\BuildLiteBehavior [ RunTime:0.000016s ]
INFO: [ app_init ] --END-- [ RunTime:0.000314s ]
ERR: Êó†Ê≥ïÂä†ËΩΩÊ®°Âùó:Db

[ 2016-05-07T10:04:42+08:00 ] 121.42.0.17 /uploads/
INFO: [ app_init ] --START--
INFO: Run Behavior\BuildLiteBehavior [ RunTime:0.000016s ]
INFO: [ app_init ] --END-- [ RunTime:0.000329s ]
ERR: Êó†Ê≥ïÂä†ËΩΩÊ®°Âùó:Uploads

[ 2016-05-07T10:04:47+08:00 ] 121.42.0.17 /uploads/
INFO: [ app_init ] --START--
INFO: Run Behavior\BuildLiteBehavior [ RunTime:0.000015s ]
INFO: [ app_init ] --END-- [ RunTime:0.000332s ]
ERR: Êó†Ê≥ïÂä†ËΩΩÊ®°Âùó:Uploads

[ 2016-05-07T10:04:59+08:00 ] 121.42.0.17 /backup/
INFO: [ app_init ] --START--
INFO: Run Behavior\BuildLiteBehavior [ RunTime:0.000014s ]
INFO: [ app_init ] --END-- [ RunTime:0.000304s ]
ERR: Êó†Ê≥ïÂä†ËΩΩÊ®°Âùó:Backup

[ 2016-05-07T10:05:03+08:00 ] 121.42.0.17 /backup/
INFO: [ app_init ] --START--
INFO: Run Behavior\BuildLiteBehavior [ RunTime:0.000014s ]
INFO: [ app_init ] --END-- [ RunTime:0.000312s ]
ERR: Êó†Ê≥ïÂä†ËΩΩÊ®°Âùó:Backup

[ 2016-05-07T10:05:15+08:00 ] 121.42.0.17 /data/
INFO: [ app_init ] --START--
INFO: Run Behavior\BuildLiteBehavior [ RunTime:0.000014s ]
INFO: [ app_init ] --END-- [ RunTime:0.000355s ]
ERR: Êó†Ê≥ïÂä†ËΩΩÊ®°Âùó:Data

[ 2016-05-07T10:05:21+08:00 ] 121.42.0.17 /data/
INFO: [ app_init ] --START--
INFO: Run Behavior\BuildLiteBehavior [ RunTime:0.000016s ]
INFO: [ app_init ] --END-- [ RunTime:0.000315s ]
ERR: Êó†Ê≥ïÂä†ËΩΩÊ®°Âùó:Data

[ 2016-05-07T10:05:27+08:00 ] 121.42.0.17 /web/
INFO: [ app_init ] --START--
INFO: Run Behavior\BuildLiteBehavior [ RunTime:0.000015s ]
INFO: [ app_init ] --END-- [ RunTime:0.000310s ]
ERR: Êó†Ê≥ïÂä†ËΩΩÊ®°Âùó:Web

[ 2016-05-07T10:05:36+08:00 ] 121.42.0.17 /web/
INFO: [ app_init ] --START--
INFO: Run Behavior\BuildLiteBehavior [ RunTime:0.000014s ]
INFO: [ app_init ] --END-- [ RunTime:0.000306s ]
ERR: Êó†Ê≥ïÂä†ËΩΩÊ®°Âùó:Web

[ 2016-05-07T10:05:42+08:00 ] 121.42.0.17 /uploadfiles/
INFO: [ app_init ] --START--
INFO: Run Behavior\BuildLiteBehavior [ RunTime:0.000014s ]
INFO: [ app_init ] --END-- [ RunTime:0.000334s ]
ERR: Êó†Ê≥ïÂä†ËΩΩÊ®°Âùó:Uploadfiles

[ 2016-05-07T10:05:46+08:00 ] 121.42.0.17 /uploadfiles/
INFO: [ app_init ] --START--
INFO: Run Behavior\BuildLiteBehavior [ RunTime:0.000015s ]
INFO: [ app_init ] --END-- [ RunTime:0.000313s ]
ERR: Êó†Ê≥ïÂä†ËΩΩÊ®°Âùó:Uploadfiles

[ 2016-05-07T10:06:01+08:00 ] 121.42.0.17 /upload/
INFO: [ app_init ] --START--
INFO: Run Behavior\BuildLiteBehavior [ RunTime:0.000016s ]
INFO: [ app_init ] --END-- [ RunTime:0.000330s ]
ERR: Êó†Ê≥ïÂä†ËΩΩÊ®°Âùó:Upload

[ 2016-05-07T10:06:07+08:00 ] 121.42.0.17 /upload/
INFO: [ app_init ] --START--
INFO: Run Behavior\BuildLiteBehavior [ RunTime:0.000014s ]
INFO: [ app_init ] --END-- [ RunTime:0.000309s ]
ERR: Êó†Ê≥ïÂä†ËΩΩÊ®°Âùó:Upload

[ 2016-05-07T10:06:15+08:00 ] 121.42.0.17 /upfiles/
INFO: [ app_init ] --START--
INFO: Run Behavior\BuildLiteBehavior [ RunTime:0.000015s ]
INFO: [ app_init ] --END-- [ RunTime:0.000328s ]
ERR: Êó†Ê≥ïÂä†ËΩΩÊ®°Âùó:Upfiles

[ 2016-05-07T10:06:18+08:00 ] 121.42.0.17 /upfiles/
INFO: [ app_init ] --START--
INFO: Run Behavior\BuildLiteBehavior [ RunTime:0.000014s ]
INFO: [ app_init ] --END-- [ RunTime:0.000310s ]
ERR: Êó†Ê≥ïÂä†ËΩΩÊ®°Âùó:Upfiles

[ 2016-05-07T10:06:48+08:00 ] 121.42.0.17 /config/
INFO: [ app_init ] --START--
INFO: Run Behavior\BuildLiteBehavior [ RunTime:0.000018s ]
INFO: [ app_init ] --END-- [ RunTime:0.000318s ]
ERR: Êó†Ê≥ïÂä†ËΩΩÊ®°Âùó:Config

[ 2016-05-07T10:06:54+08:00 ] 121.42.0.17 /config/
INFO: [ app_init ] --START--
INFO: Run Behavior\BuildLiteBehavior [ RunTime:0.000022s ]
INFO: [ app_init ] --END-- [ RunTime:0.000463s ]
ERR: Êó†Ê≥ïÂä†ËΩΩÊ®°Âùó:Config

[ 2016-05-07T10:06:58+08:00 ] 121.42.0.17 /logs/
INFO: [ app_init ] --START--
INFO: Run Behavior\BuildLiteBehavior [ RunTime:0.000016s ]
INFO: [ app_init ] --END-- [ RunTime:0.000325s ]
ERR: Êó†Ê≥ïÂä†ËΩΩÊ®°Âùó:Logs

[ 2016-05-07T10:07:00+08:00 ] 121.42.0.17 /logs/
INFO: [ app_init ] --START--
INFO: Run Behavior\BuildLiteBehavior [ RunTime:0.000015s ]
INFO: [ app_init ] --END-- [ RunTime:0.000316s ]
ERR: Êó†Ê≥ïÂä†ËΩΩÊ®°Âùó:Logs

[ 2016-05-07T10:07:32+08:00 ] 121.42.0.17 /log/
INFO: [ app_init ] --START--
INFO: Run Behavior\BuildLiteBehavior [ RunTime:0.000017s ]
INFO: [ app_init ] --END-- [ RunTime:0.000315s ]
ERR: Êó†Ê≥ïÂä†ËΩΩÊ®°Âùó:Log

[ 2016-05-07T10:07:34+08:00 ] 121.42.0.17 /log/
INFO: [ app_init ] --START--
INFO: Run Behavior\BuildLiteBehavior [ RunTime:0.000015s ]
INFO: [ app_init ] --END-- [ RunTime:0.000320s ]
ERR: Êó†Ê≥ïÂä†ËΩΩÊ®°Âùó:Log

[ 2016-05-07T10:07:50+08:00 ] 121.42.0.17 /'%22%3E%3Cscript%3E8976%3C/script%3E.html
INFO: [ app_init ] --START--
INFO: Run Behavior\BuildLiteBehavior [ RunTime:0.000017s ]
INFO: [ app_init ] --END-- [ RunTime:0.000353s ]
ERR: Êó†Ê≥ïÂä†ËΩΩÊ®°Âùó:'">8976

[ 2016-05-07T10:07:52+08:00 ] 121.42.0.17 /'%22%3E%3Cscript%3E8976%3C/script%3E
INFO: [ app_init ] --START--
INFO: Run Behavior\BuildLiteBehavior [ RunTime:0.000022s ]
INFO: [ app_init ] --END-- [ RunTime:0.000478s ]
ERR: Êó†Ê≥ïÂä†ËΩΩÊ®°Âùó:'">8976

[ 2016-05-07T10:08:05+08:00 ] 121.42.0.17 /%27%22+onmouseover%3D3+d%3D%27
INFO: [ app_init ] --START--
INFO: Run Behavior\BuildLiteBehavior [ RunTime:0.000015s ]
INFO: [ app_init ] --END-- [ RunTime:0.000314s ]
ERR: Êó†Ê≥ïÂä†ËΩΩÊ®°Âùó:'"+onmouseover=3+d='

[ 2016-05-07T10:08:07+08:00 ] 121.42.0.17 /i1268255i/?.tmp=t
INFO: [ app_init ] --START--
INFO: Run Behavior\BuildLiteBehavior [ RunTime:0.000021s ]
INFO: [ app_init ] --END-- [ RunTime:0.000367s ]
ERR: Êó†Ê≥ïÂä†ËΩΩÊ®°Âùó:I1268255i

[ 2016-05-07T10:08:26+08:00 ] 121.42.0.17 /upfile/
INFO: [ app_init ] --START--
INFO: Run Behavior\BuildLiteBehavior [ RunTime:0.000019s ]
INFO: [ app_init ] --END-- [ RunTime:0.000359s ]
ERR: Êó†Ê≥ïÂä†ËΩΩÊ®°Âùó:Upfile

[ 2016-05-07T10:08:31+08:00 ] 121.42.0.17 /upfile/
INFO: [ app_init ] --START--
INFO: Run Behavior\BuildLiteBehavior [ RunTime:0.000015s ]
INFO: [ app_init ] --END-- [ RunTime:0.000311s ]
ERR: Êó†Ê≥ïÂä†ËΩΩÊ®°Âùó:Upfile

[ 2016-05-07T10:08:34+08:00 ] 121.42.0.17 /htdocs/
INFO: [ app_init ] --START--
INFO: Run Behavior\BuildLiteBehavior [ RunTime:0.000014s ]
INFO: [ app_init ] --END-- [ RunTime:0.000314s ]
ERR: Êó†Ê≥ïÂä†ËΩΩÊ®°Âùó:Htdocs

[ 2016-05-07T10:08:36+08:00 ] 121.42.0.17 /htdocs/
INFO: [ app_init ] --START--
INFO: Run Behavior\BuildLiteBehavior [ RunTime:0.000015s ]
INFO: [ app_init ] --END-- [ RunTime:0.000311s ]
ERR: Êó†Ê≥ïÂä†ËΩΩÊ®°Âùó:Htdocs

[ 2016-05-07T10:08:54+08:00 ] 121.42.0.17 /phpinfo.php
INFO: [ app_init ] --START--
INFO: Run Behavior\BuildLiteBehavior [ RunTime:0.000024s ]
INFO: [ app_init ] --END-- [ RunTime:0.000321s ]
ERR: Êó†Ê≥ïÂä†ËΩΩÊ®°Âùó:Phpinfo

[ 2016-05-07T10:08:59+08:00 ] 121.42.0.17 /info.php
INFO: [ app_init ] --START--
INFO: Run Behavior\BuildLiteBehavior [ RunTime:0.000015s ]
INFO: [ app_init ] --END-- [ RunTime:0.000311s ]
ERR: Êó†Ê≥ïÂä†ËΩΩÊ®°Âùó:Info

[ 2016-05-07T10:09:16+08:00 ] 121.42.0.17 /php.php
INFO: [ app_init ] --START--
INFO: Run Behavior\BuildLiteBehavior [ RunTime:0.000017s ]
INFO: [ app_init ] --END-- [ RunTime:0.000354s ]
ERR: Êó†Ê≥ïÂä†ËΩΩÊ®°Âùó:Php

[ 2016-05-07T10:09:36+08:00 ] 121.42.0.17 /test.php
INFO: [ app_init ] --START--
INFO: Run Behavior\BuildLiteBehavior [ RunTime:0.000014s ]
INFO: [ app_init ] --END-- [ RunTime:0.000308s ]
ERR: Êó†Ê≥ïÂä†ËΩΩÊ®°Âùó:Test

[ 2016-05-07T10:10:01+08:00 ] 121.42.0.17 /show.php
INFO: [ app_init ] --START--
INFO: Run Behavior\BuildLiteBehavior [ RunTime:0.000017s ]
INFO: [ app_init ] --END-- [ RunTime:0.000318s ]
ERR: Êó†Ê≥ïÂä†ËΩΩÊ®°Âùó:Show

[ 2016-05-07T10:10:11+08:00 ] 121.42.0.17 /a.php
INFO: [ app_init ] --START--
INFO: Run Behavior\BuildLiteBehavior [ RunTime:0.000015s ]
INFO: [ app_init ] --END-- [ RunTime:0.000348s ]
ERR: Êó†Ê≥ïÂä†ËΩΩÊ®°Âùó:A

[ 2016-05-07T10:10:13+08:00 ] 121.42.0.17 /1.php
INFO: [ app_init ] --START--
INFO: Run Behavior\BuildLiteBehavior [ RunTime:0.000015s ]
INFO: [ app_init ] --END-- [ RunTime:0.000373s ]
ERR: Êó†Ê≥ïÂä†ËΩΩÊ®°Âùó:1

[ 2016-05-07T10:10:34+08:00 ] 121.42.0.17 /u.php?act=phpinfo
INFO: [ app_init ] --START--
INFO: Run Behavior\BuildLiteBehavior [ RunTime:0.000021s ]
INFO: [ app_init ] --END-- [ RunTime:0.000425s ]
ERR: Êó†Ê≥ïÂä†ËΩΩÊ®°Âùó:U

[ 2016-05-07T10:10:53+08:00 ] 121.42.0.17 /l.php?act=phpinfo
INFO: [ app_init ] --START--
INFO: Run Behavior\BuildLiteBehavior [ RunTime:0.000019s ]
INFO: [ app_init ] --END-- [ RunTime:0.000343s ]
ERR: Êó†Ê≥ïÂä†ËΩΩÊ®°Âùó:L

[ 2016-05-07T10:11:03+08:00 ] 121.42.0.17 /tz.php?act=phpinfo
INFO: [ app_init ] --START--
INFO: Run Behavior\BuildLiteBehavior [ RunTime:0.000014s ]
INFO: [ app_init ] --END-- [ RunTime:0.000317s ]
ERR: Êó†Ê≥ïÂä†ËΩΩÊ®°Âùó:Tz

[ 2016-05-07T10:11:07+08:00 ] 121.42.0.17 /app/dev/svinfo.php?phpinfo=true
INFO: [ app_init ] --START--
INFO: Run Behavior\BuildLiteBehavior [ RunTime:0.000017s ]
INFO: [ app_init ] --END-- [ RunTime:0.000334s ]
ERR: Êó†Ê≥ïÂä†ËΩΩÊ®°Âùó:App

[ 2016-05-07T10:11:14+08:00 ] 121.42.0.17 /install/svinfo.php?phpinfo=true
INFO: [ app_init ] --START--
INFO: Run Behavior\BuildLiteBehavior [ RunTime:0.000015s ]
INFO: [ app_init ] --END-- [ RunTime:0.000331s ]
ERR: Êó†Ê≥ïÂä†ËΩΩÊ®°Âùó:Install

[ 2016-05-07T10:11:29+08:00 ] 121.42.0.17 /adminer.php
INFO: [ app_init ] --START--
INFO: Run Behavior\BuildLiteBehavior [ RunTime:0.000016s ]
INFO: [ app_init ] --END-- [ RunTime:0.000324s ]
ERR: Êó†Ê≥ïÂä†ËΩΩÊ®°Âùó:Adminer

[ 2016-05-07T10:11:47+08:00 ] 121.42.0.17 /adminer.php
INFO: [ app_init ] --START--
INFO: Run Behavior\BuildLiteBehavior [ RunTime:0.000016s ]
INFO: [ app_init ] --END-- [ RunTime:0.000335s ]
ERR: Êó†Ê≥ïÂä†ËΩΩÊ®°Âùó:Adminer

[ 2016-05-07T10:12:11+08:00 ] 121.42.0.17 /bigdump.php
INFO: [ app_init ] --START--
INFO: Run Behavior\BuildLiteBehavior [ RunTime:0.000015s ]
INFO: [ app_init ] --END-- [ RunTime:0.000312s ]
ERR: Êó†Ê≥ïÂä†ËΩΩÊ®°Âùó:Bigdump

[ 2016-05-07T10:12:15+08:00 ] 121.42.0.17 /cgi-bin/authlogin.cgi
INFO: [ app_init ] --START--
INFO: Run Behavior\BuildLiteBehavior [ RunTime:0.000015s ]
INFO: [ app_init ] --END-- [ RunTime:0.000306s ]
ERR: Êó†Ê≥ïÂä†ËΩΩÊ®°Âùó:Errpage

[ 2016-05-07T10:12:19+08:00 ] 121.42.0.17 /cgi-bin/it.cgi
INFO: [ app_init ] --START--
INFO: Run Behavior\BuildLiteBehavior [ RunTime:0.000015s ]
INFO: [ app_init ] --END-- [ RunTime:0.000308s ]
ERR: Êó†Ê≥ïÂä†ËΩΩÊ®°Âùó:Errpage

[ 2016-05-07T10:12:48+08:00 ] 121.42.0.17 /cgi-sys/defaultwebpage.cgi
INFO: [ app_init ] --START--
INFO: Run Behavior\BuildLiteBehavior [ RunTime:0.000016s ]
INFO: [ app_init ] --END-- [ RunTime:0.000443s ]
ERR: Êó†Ê≥ïÂä†ËΩΩÊ®°Âùó:Cgi-sys

[ 2016-05-07T10:12:50+08:00 ] 121.42.0.17 /cgi-sys/FormMail-clone.cgi
INFO: [ app_init ] --START--
INFO: Run Behavior\BuildLiteBehavior [ RunTime:0.000035s ]
INFO: [ app_init ] --END-- [ RunTime:0.000328s ]
ERR: Êó†Ê≥ïÂä†ËΩΩÊ®°Âùó:Cgi-sys

[ 2016-05-07T10:13:44+08:00 ] 121.42.0.17 /xampp/cgi.cgi
INFO: [ app_init ] --START--
INFO: Run Behavior\BuildLiteBehavior [ RunTime:0.000015s ]
INFO: [ app_init ] --END-- [ RunTime:0.000351s ]
ERR: Êó†Ê≥ïÂä†ËΩΩÊ®°Âùó:Xampp

[ 2016-05-07T10:13:53+08:00 ] 121.42.0.17 /jmx-console/
INFO: [ app_init ] --START--
INFO: Run Behavior\BuildLiteBehavior [ RunTime:0.000014s ]
INFO: [ app_init ] --END-- [ RunTime:0.000306s ]
ERR: Êó†Ê≥ïÂä†ËΩΩÊ®°Âùó:Jmx-console

[ 2016-05-07T10:14:05+08:00 ] 121.42.0.17 /web-console/
INFO: [ app_init ] --START--
INFO: Run Behavior\BuildLiteBehavior [ RunTime:0.000015s ]
INFO: [ app_init ] --END-- [ RunTime:0.000309s ]
ERR: Êó†Ê≥ïÂä†ËΩΩÊ®°Âùó:Web-console

[ 2016-05-07T10:14:32+08:00 ] 121.42.0.17 /robots.txt
INFO: [ app_init ] --START--
INFO: Run Behavior\BuildLiteBehavior [ RunTime:0.000014s ]
INFO: [ app_init ] --END-- [ RunTime:0.000334s ]
ERR: Êó†Ê≥ïÂä†ËΩΩÊ®°Âùó:Robots

[ 2016-05-07T10:14:37+08:00 ] 121.42.0.17 /favicon.ico
INFO: [ app_init ] --START--
INFO: Run Behavior\BuildLiteBehavior [ RunTime:0.000019s ]
INFO: [ app_init ] --END-- [ RunTime:0.000476s ]
ERR: Êó†Ê≥ïÂä†ËΩΩÊ®°Âùó:Favicon

[ 2016-05-07T10:14:49+08:00 ] 121.42.0.17 /WebResource.axd
INFO: [ app_init ] --START--
INFO: Run Behavior\BuildLiteBehavior [ RunTime:0.000015s ]
INFO: [ app_init ] --END-- [ RunTime:0.000340s ]
ERR: Êó†Ê≥ïÂä†ËΩΩÊ®°Âùó:WebResource

[ 2016-05-07T10:14:57+08:00 ] 121.42.0.17 /WebResource.axd?d=LENSTEST&t=LENSTEST
INFO: [ app_init ] --START--
INFO: Run Behavior\BuildLiteBehavior [ RunTime:0.000015s ]
INFO: [ app_init ] --END-- [ RunTime:0.000340s ]
ERR: Êó†Ê≥ïÂä†ËΩΩÊ®°Âùó:WebResource

[ 2016-05-07T10:15:56+08:00 ] 121.42.0.17 /%c0%ae%c0%ae%2f%c0%ae%c0%ae%2f%c0%ae%c0%ae%2f%c0%ae%c0%ae%2f%c0%ae%c0%ae%2f%c0%ae%c0%ae%2f%c0%ae%c0%ae%2fetc%2fpasswd
INFO: [ app_init ] --START--
INFO: Run Behavior\BuildLiteBehavior [ RunTime:0.000014s ]
INFO: [ app_init ] --END-- [ RunTime:0.000332s ]
ERR: Êó†Ê≥ïÂä†ËΩΩÊ®°Âùó:Errpage

[ 2016-05-07T10:16:03+08:00 ] 121.42.0.17 /%c0%ae%c0%ae%2f%c0%ae%c0%ae%2f%c0%ae%c0%ae%2f%c0%ae%c0%ae%2f%c0%ae%c0%ae%2f%c0%ae%c0%ae%2f%c0%ae%c0%ae%2fwindows%2Fwin.ini
INFO: [ app_init ] --START--
INFO: Run Behavior\BuildLiteBehavior [ RunTime:0.000014s ]
INFO: [ app_init ] --END-- [ RunTime:0.000306s ]
ERR: Êó†Ê≥ïÂä†ËΩΩÊ®°Âùó:Errpage

[ 2016-05-07T10:16:08+08:00 ] 121.42.0.17 /..%c0%af..%c0%af..%c0%af..%c0%af..%c0%af..%c0%af..%c0%af..%c0%afetc%c0%afpasswd
INFO: [ app_init ] --START--
INFO: Run Behavior\BuildLiteBehavior [ RunTime:0.000015s ]
INFO: [ app_init ] --END-- [ RunTime:0.000333s ]
ERR: Êó†Ê≥ïÂä†ËΩΩÊ®°Âùó:..¿Ø..¿Ø..¿Ø..¿Ø..¿Ø..¿Ø..¿Ø.

[ 2016-05-07T10:16:13+08:00 ] 121.42.0.17 /..%c0%af..%c0%af..%c0%af..%c0%af..%c0%af..%c0%af..%c0%af..%c0%afwindows%c0%afwin.ini
INFO: [ app_init ] --START--
INFO: Run Behavior\BuildLiteBehavior [ RunTime:0.000014s ]
INFO: [ app_init ] --END-- [ RunTime:0.000312s ]
ERR: Êó†Ê≥ïÂä†ËΩΩÊ®°Âùó:..¿Ø..¿Ø..¿Ø..¿Ø..¿Ø..¿Ø..¿Ø..¿Øwindows¿Øwin

[ 2016-05-07T10:16:18+08:00 ] 121.42.0.17 /%c0%ae%c0%ae/%c0%ae%c0%ae/%c0%ae%c0%ae/%c0%ae%c0%ae/%c0%ae%c0%ae/%c0%ae%c0%ae/%c0%ae%c0%ae/etc/passwd
INFO: [ app_init ] --START--
INFO: Run Behavior\BuildLiteBehavior [ RunTime:0.000016s ]
INFO: [ app_init ] --END-- [ RunTime:0.000314s ]
ERR: Êó†Ê≥ïÂä†ËΩΩÊ®°Âùó:¿Æ¿Æ

[ 2016-05-07T10:16:31+08:00 ] 121.42.0.17 /%c0%ae%c0%ae/%c0%ae%c0%ae/%c0%ae%c0%ae/%c0%ae%c0%ae/%c0%ae%c0%ae/%c0%ae%c0%ae/%c0%ae%c0%ae/windows/win.ini
INFO: [ app_init ] --START--
INFO: Run Behavior\BuildLiteBehavior [ RunTime:0.000014s ]
INFO: [ app_init ] --END-- [ RunTime:0.000305s ]
ERR: Êó†Ê≥ïÂä†ËΩΩÊ®°Âùó:¿Æ¿Æ

[ 2016-05-07T10:16:46+08:00 ] 121.42.0.17 /%5c%2e%2e%2f%5c%2e%2e%2f%5c%2e%2e%2f%5c%2e%2e%2f%5c%2e%2e%2f%5c%2e%2e%2f%5c%2e%2e%2f%5c%2e%2e%2f%5c%2e%2e%2f%5c%2e%2e%2f%5c%2e%2e%2f%5c%2e%2e%2f%5c%2e%2e%2fetc%2fpasswd
INFO: [ app_init ] --START--
INFO: Run Behavior\BuildLiteBehavior [ RunTime:0.000016s ]
INFO: [ app_init ] --END-- [ RunTime:0.000336s ]
ERR: Êó†Ê≥ïÂä†ËΩΩÊ®°Âùó:Errpage

[ 2016-05-07T10:17:02+08:00 ] 121.42.0.17 /%5c%2e%2e%2f%5c%2e%2e%2f%5c%2e%2e%2f%5c%2e%2e%2f%5c%2e%2e%2f%5c%2e%2e%2f%5c%2e%2e%2f%5c%2e%2e%2f%5c%2e%2e%2f%5c%2e%2e%2f%5c%2e%2e%2f%5c%2e%2e%2f%5c%2e%2e%2fwindows%2Fwin.ini
INFO: [ app_init ] --START--
INFO: Run Behavior\BuildLiteBehavior [ RunTime:0.000015s ]
INFO: [ app_init ] --END-- [ RunTime:0.000388s ]
ERR: Êó†Ê≥ïÂä†ËΩΩÊ®°Âùó:Errpage

[ 2016-05-07T10:17:35+08:00 ] 121.42.0.17 /manager/html
INFO: [ app_init ] --START--
INFO: Run Behavior\BuildLiteBehavior [ RunTime:0.000016s ]
INFO: [ app_init ] --END-- [ RunTime:0.000327s ]
ERR: Êó†Ê≥ïÂä†ËΩΩÊ®°Âùó:Manager

[ 2016-05-07T10:17:37+08:00 ] 121.42.0.17 /wp-login.php
INFO: [ app_init ] --START--
INFO: Run Behavior\BuildLiteBehavior [ RunTime:0.000028s ]
INFO: [ app_init ] --END-- [ RunTime:0.000533s ]
ERR: Êó†Ê≥ïÂä†ËΩΩÊ®°Âùó:Wp-login

[ 2016-05-07T10:28:24+08:00 ] 121.42.0.17 /j_acegi_security_check
INFO: [ app_init ] --START--
INFO: Run Behavior\BuildLiteBehavior [ RunTime:0.000016s ]
INFO: [ app_init ] --END-- [ RunTime:0.000355s ]
ERR: Êó†Ê≥ïÂä†ËΩΩÊ®°Âùó:J_acegi_security_check

[ 2016-05-07T10:34:48+08:00 ] 121.42.0.17 /zabbix/index.php
INFO: [ app_init ] --START--
INFO: Run Behavior\BuildLiteBehavior [ RunTime:0.000017s ]
INFO: [ app_init ] --END-- [ RunTime:0.000314s ]
ERR: Êó†Ê≥ïÂä†ËΩΩÊ®°Âùó:Zabbix

[ 2016-05-07T10:44:30+08:00 ] 121.42.0.17 /axis2/axis2-admin/login
INFO: [ app_init ] --START--
INFO: Run Behavior\BuildLiteBehavior [ RunTime:0.000014s ]
INFO: [ app_init ] --END-- [ RunTime:0.000309s ]
ERR: Êó†Ê≥ïÂä†ËΩΩÊ®°Âùó:Axis2

[ 2016-05-07T10:44:46+08:00 ] 121.42.0.17 /phpmyadmin/index.php
INFO: [ app_init ] --START--
INFO: Run Behavior\BuildLiteBehavior [ RunTime:0.000016s ]
INFO: [ app_init ] --END-- [ RunTime:0.000329s ]
ERR: Êó†Ê≥ïÂä†ËΩΩÊ®°Âùó:Phpmyadmin

[ 2016-05-07T10:44:52+08:00 ] 121.42.0.17 /phpMyAdmin/index.php
INFO: [ app_init ] --START--
INFO: Run Behavior\BuildLiteBehavior [ RunTime:0.000015s ]
INFO: [ app_init ] --END-- [ RunTime:0.000335s ]
ERR: Êó†Ê≥ïÂä†ËΩΩÊ®°Âùó:PhpMyAdmin

[ 2016-05-07T10:44:59+08:00 ] 121.42.0.17 /pma/index.php
INFO: [ app_init ] --START--
INFO: Run Behavior\BuildLiteBehavior [ RunTime:0.000015s ]
INFO: [ app_init ] --END-- [ RunTime:0.000311s ]
ERR: Êó†Ê≥ïÂä†ËΩΩÊ®°Âùó:Pma

[ 2016-05-07T10:45:06+08:00 ] 121.42.0.17 /pmd/index.php
INFO: [ app_init ] --START--
INFO: Run Behavior\BuildLiteBehavior [ RunTime:0.000020s ]
INFO: [ app_init ] --END-- [ RunTime:0.000328s ]
ERR: Êó†Ê≥ïÂä†ËΩΩÊ®°Âùó:Pmd

[ 2016-05-07T10:45:14+08:00 ] 121.42.0.17 /phpmyadmin/main.php
INFO: [ app_init ] --START--
INFO: Run Behavior\BuildLiteBehavior [ RunTime:0.000015s ]
INFO: [ app_init ] --END-- [ RunTime:0.000309s ]
ERR: Êó†Ê≥ïÂä†ËΩΩÊ®°Âùó:Phpmyadmin

[ 2016-05-07T10:45:20+08:00 ] 121.42.0.17 /phpMyAdmin/main.php
INFO: [ app_init ] --START--
INFO: Run Behavior\BuildLiteBehavior [ RunTime:0.000014s ]
INFO: [ app_init ] --END-- [ RunTime:0.000310s ]
ERR: Êó†Ê≥ïÂä†ËΩΩÊ®°Âùó:PhpMyAdmin

[ 2016-05-07T10:45:27+08:00 ] 121.42.0.17 /pma/main.php
INFO: [ app_init ] --START--
INFO: Run Behavior\BuildLiteBehavior [ RunTime:0.000019s ]
INFO: [ app_init ] --END-- [ RunTime:0.000336s ]
ERR: Êó†Ê≥ïÂä†ËΩΩÊ®°Âùó:Pma

[ 2016-05-07T10:45:34+08:00 ] 121.42.0.17 /pmd/main.php
INFO: [ app_init ] --START--
INFO: Run Behavior\BuildLiteBehavior [ RunTime:0.000014s ]
INFO: [ app_init ] --END-- [ RunTime:0.000339s ]
ERR: Êó†Ê≥ïÂä†ËΩΩÊ®°Âùó:Pmd

[ 2016-05-07T10:46:12+08:00 ] 121.42.0.17 /blog/wp-login.php
INFO: [ app_init ] --START--
INFO: Run Behavior\BuildLiteBehavior [ RunTime:0.000014s ]
INFO: [ app_init ] --END-- [ RunTime:0.000309s ]
ERR: Êó†Ê≥ïÂä†ËΩΩÊ®°Âùó:Blog

