[ 2016-05-24T09:21:47+08:00 ] 121.42.0.35 /Admin/Login
INFO: [ app_init ] --START--
INFO: Run Behavior\BuildLiteBehavior [ RunTime:0.000014s ]
INFO: [ app_init ] --END-- [ RunTime:0.000336s ]
INFO: [ app_begin ] --START--
INFO: Run Behavior\ReadHtmlCacheBehavior [ RunTime:0.000511s ]
INFO: [ app_begin ] --END-- [ RunTime:0.000568s ]
NOTIC: [2] Missing argument 1 for Think\Controller::show(), called in /www/web/yigong/public_html/Application/Admin/Controller/LoginController.class.php on line 24 and defined /www/web/yigong/public_html/SingKa/Library/Think/Controller.class.php 第 68 行.
NOTIC: [8] Undefined variable: content /www/web/yigong/public_html/SingKa/Library/Think/Controller.class.php 第 69 行.
INFO: [ view_parse ] --START--
INFO: [ template_filter ] --START--
INFO: Run Behavior\ContentReplaceBehavior [ RunTime:0.000045s ]
INFO: [ template_filter ] --END-- [ RunTime:0.000101s ]
INFO: Run Behavior\ParseTemplateBehavior [ RunTime:0.005616s ]
INFO: [ view_parse ] --END-- [ RunTime:0.005671s ]
INFO: [ view_filter ] --START--
INFO: Run Behavior\WriteHtmlCacheBehavior [ RunTime:0.000185s ]
INFO: [ view_filter ] --END-- [ RunTime:0.000232s ]
INFO: [ app_end ] --START--
INFO: Run Behavior\ShowPageTraceBehavior [ RunTime:0.000432s ]
INFO: [ app_end ] --END-- [ RunTime:0.000483s ]

