[ 2016-05-15T06:19:06+08:00 ] 121.42.0.16 /monitor/WEB-INF/web.xml
INFO: [ app_init ] --START--
INFO: Run Behavior\BuildLiteBehavior [ RunTime:0.000014s ]
INFO: [ app_init ] --END-- [ RunTime:0.000340s ]
ERR: Êó†Ê≥ïÂä†ËΩΩÊ®°Âùó:Monitor

[ 2016-05-15T06:19:32+08:00 ] 121.42.0.16 /WEB-INF/web.xml
INFO: [ app_init ] --START--
INFO: Run Behavior\BuildLiteBehavior [ RunTime:0.000014s ]
INFO: [ app_init ] --END-- [ RunTime:0.000313s ]
ERR: Êó†Ê≥ïÂä†ËΩΩÊ®°Âùó:WEB-INF

[ 2016-05-15T06:20:31+08:00 ] 121.42.0.16 /zabbix/
INFO: [ app_init ] --START--
INFO: Run Behavior\BuildLiteBehavior [ RunTime:0.000014s ]
INFO: [ app_init ] --END-- [ RunTime:0.000329s ]
ERR: Êó†Ê≥ïÂä†ËΩΩÊ®°Âùó:Zabbix

[ 2016-05-15T06:23:06+08:00 ] 121.42.0.16 /index.html
INFO: [ app_init ] --START--
INFO: Run Behavior\BuildLiteBehavior [ RunTime:0.000018s ]
INFO: [ app_init ] --END-- [ RunTime:0.000362s ]
ERR: Êó†Ê≥ïÂä†ËΩΩÊ®°Âùó:Index

[ 2016-05-15T06:23:31+08:00 ] 121.42.0.16 /jenkins/
INFO: [ app_init ] --START--
INFO: Run Behavior\BuildLiteBehavior [ RunTime:0.000014s ]
INFO: [ app_init ] --END-- [ RunTime:0.000302s ]
ERR: Êó†Ê≥ïÂä†ËΩΩÊ®°Âùó:Jenkins

[ 2016-05-15T06:23:39+08:00 ] 121.42.0.16 /cacti/index.php
INFO: [ app_init ] --START--
INFO: Run Behavior\BuildLiteBehavior [ RunTime:0.000015s ]
INFO: [ app_init ] --END-- [ RunTime:0.000309s ]
ERR: Êó†Ê≥ïÂä†ËΩΩÊ®°Âùó:Cacti

[ 2016-05-15T06:23:47+08:00 ] 121.42.0.16 /axis2/
INFO: [ app_init ] --START--
INFO: Run Behavior\BuildLiteBehavior [ RunTime:0.000014s ]
INFO: [ app_init ] --END-- [ RunTime:0.000307s ]
ERR: Êó†Ê≥ïÂä†ËΩΩÊ®°Âùó:Axis2

[ 2016-05-15T06:24:08+08:00 ] 121.42.0.16 /.git/config
INFO: [ app_init ] --START--
INFO: Run Behavior\BuildLiteBehavior [ RunTime:0.000014s ]
INFO: [ app_init ] --END-- [ RunTime:0.000306s ]
ERR: Êó†Ê≥ïÂä†ËΩΩÊ®°Âùó:.git

[ 2016-05-15T06:24:10+08:00 ] 121.42.0.16 /.git/config
INFO: [ app_init ] --START--
INFO: Run Behavior\BuildLiteBehavior [ RunTime:0.000013s ]
INFO: [ app_init ] --END-- [ RunTime:0.000325s ]
ERR: Êó†Ê≥ïÂä†ËΩΩÊ®°Âùó:.git

[ 2016-05-15T06:24:13+08:00 ] 121.42.0.16 /.svn/entries
INFO: [ app_init ] --START--
INFO: Run Behavior\BuildLiteBehavior [ RunTime:0.000014s ]
INFO: [ app_init ] --END-- [ RunTime:0.000363s ]
ERR: Êó†Ê≥ïÂä†ËΩΩÊ®°Âùó:.svn

[ 2016-05-15T06:24:15+08:00 ] 121.42.0.16 /.svn/entries
INFO: [ app_init ] --START--
INFO: Run Behavior\BuildLiteBehavior [ RunTime:0.000015s ]
INFO: [ app_init ] --END-- [ RunTime:0.000304s ]
ERR: Êó†Ê≥ïÂä†ËΩΩÊ®°Âùó:.svn

[ 2016-05-15T06:24:20+08:00 ] 121.42.0.16 /phpRedisAdmin/?overview
INFO: [ app_init ] --START--
INFO: Run Behavior\BuildLiteBehavior [ RunTime:0.000014s ]
INFO: [ app_init ] --END-- [ RunTime:0.000305s ]
ERR: Êó†Ê≥ïÂä†ËΩΩÊ®°Âùó:PhpRedisAdmin

[ 2016-05-15T06:24:23+08:00 ] 121.42.0.16 /hudson/
INFO: [ app_init ] --START--
INFO: Run Behavior\BuildLiteBehavior [ RunTime:0.000014s ]
INFO: [ app_init ] --END-- [ RunTime:0.000317s ]
ERR: Êó†Ê≥ïÂä†ËΩΩÊ®°Âùó:Hudson

[ 2016-05-15T06:24:34+08:00 ] 121.42.0.16 /solr/
INFO: [ app_init ] --START--
INFO: Run Behavior\BuildLiteBehavior [ RunTime:0.000016s ]
INFO: [ app_init ] --END-- [ RunTime:0.000415s ]
ERR: Êó†Ê≥ïÂä†ËΩΩÊ®°Âùó:Solr

[ 2016-05-15T06:24:49+08:00 ] 121.42.0.16 /phpsysinfo/index.php?disp=dynamic
INFO: [ app_init ] --START--
INFO: Run Behavior\BuildLiteBehavior [ RunTime:0.000017s ]
INFO: [ app_init ] --END-- [ RunTime:0.000322s ]
ERR: Êó†Ê≥ïÂä†ËΩΩÊ®°Âùó:Phpsysinfo

[ 2016-05-15T06:24:52+08:00 ] 121.42.0.16 /phpsysinfo/index.php?disp=dynamic
INFO: [ app_init ] --START--
INFO: Run Behavior\BuildLiteBehavior [ RunTime:0.000015s ]
INFO: [ app_init ] --END-- [ RunTime:0.000308s ]
ERR: Êó†Ê≥ïÂä†ËΩΩÊ®°Âùó:Phpsysinfo

[ 2016-05-15T06:24:55+08:00 ] 121.42.0.16 /'%22/%3E%3C/script%3E%3Cscript%3Ealert()%3C/script%3E
INFO: [ app_init ] --START--
INFO: Run Behavior\BuildLiteBehavior [ RunTime:0.000014s ]
INFO: [ app_init ] --END-- [ RunTime:0.000306s ]
ERR: Êó†Ê≥ïÂä†ËΩΩÊ®°Âùó:'"

[ 2016-05-15T06:24:57+08:00 ] 121.42.0.16 /%27%22%2f%3E%3C%2fscript%3E%3Cscript%3Ealert%28%29%3C%2fscript%3E
INFO: [ app_init ] --START--
INFO: Run Behavior\BuildLiteBehavior [ RunTime:0.000014s ]
INFO: [ app_init ] --END-- [ RunTime:0.000329s ]
ERR: Êó†Ê≥ïÂä†ËΩΩÊ®°Âùó:Errpage

[ 2016-05-15T06:25:00+08:00 ] 121.42.0.16 /%2527%2522%252f%253E%253C%252fscript%253E%253Cscript%253Ealert%2528%2529%253C%252fscript%253E
INFO: [ app_init ] --START--
INFO: Run Behavior\BuildLiteBehavior [ RunTime:0.000021s ]
INFO: [ app_init ] --END-- [ RunTime:0.000358s ]
ERR: Êó†Ê≥ïÂä†ËΩΩÊ®°Âùó:Errpage

[ 2016-05-15T06:25:03+08:00 ] 121.42.0.16 /'%22/%3E%3C/script%3E%3Cscript%3Ealert()%3C/script%3E/?.tmp=t
INFO: [ app_init ] --START--
INFO: Run Behavior\BuildLiteBehavior [ RunTime:0.000022s ]
INFO: [ app_init ] --END-- [ RunTime:0.000468s ]
ERR: Êó†Ê≥ïÂä†ËΩΩÊ®°Âùó:'"

[ 2016-05-15T06:25:04+08:00 ] 121.42.0.16 /%27%22%2f%3E%3C%2fscript%3E%3Cscript%3Ealert%28%29%3C%2fscript%3E/?.tmp=t
INFO: [ app_init ] --START--
INFO: Run Behavior\BuildLiteBehavior [ RunTime:0.000018s ]
INFO: [ app_init ] --END-- [ RunTime:0.000393s ]
ERR: Êó†Ê≥ïÂä†ËΩΩÊ®°Âùó:Errpage

[ 2016-05-15T06:25:07+08:00 ] 121.42.0.16 /%2527%2522%252f%253E%253C%252fscript%253E%253Cscript%253Ealert%2528%2529%253C%252fscript%253E/?.tmp=t
INFO: [ app_init ] --START--
INFO: Run Behavior\BuildLiteBehavior [ RunTime:0.000015s ]
INFO: [ app_init ] --END-- [ RunTime:0.000316s ]
ERR: Êó†Ê≥ïÂä†ËΩΩÊ®°Âùó:Errpage

[ 2016-05-15T06:25:10+08:00 ] 121.42.0.16 /'%22+onmouseover=alert()+d='%22
INFO: [ app_init ] --START--
INFO: Run Behavior\BuildLiteBehavior [ RunTime:0.000014s ]
INFO: [ app_init ] --END-- [ RunTime:0.000303s ]
ERR: Êó†Ê≥ïÂä†ËΩΩÊ®°Âùó:'"+onmouseover=alert()+d='"

[ 2016-05-15T06:25:12+08:00 ] 121.42.0.16 /%27%22%20onmouseover%3Dalert%28%29%20d%3D%27%22
INFO: [ app_init ] --START--
INFO: Run Behavior\BuildLiteBehavior [ RunTime:0.000013s ]
INFO: [ app_init ] --END-- [ RunTime:0.000306s ]
ERR: Êó†Ê≥ïÂä†ËΩΩÊ®°Âùó:'" onmouseover=alert() d='"

[ 2016-05-15T06:25:14+08:00 ] 121.42.0.16 /%2527%2522%2520onmouseover%253Dalert%2528%2529%2520d%253D%2527%2522
INFO: [ app_init ] --START--
INFO: Run Behavior\BuildLiteBehavior [ RunTime:0.000014s ]
INFO: [ app_init ] --END-- [ RunTime:0.000306s ]
ERR: Êó†Ê≥ïÂä†ËΩΩÊ®°Âùó:'" onmouseover=alert() d='"

[ 2016-05-15T06:25:16+08:00 ] 121.42.0.16 /'%22+onmouseover=alert()+d='%22/?.tmp=t
INFO: [ app_init ] --START--
INFO: Run Behavior\BuildLiteBehavior [ RunTime:0.000014s ]
INFO: [ app_init ] --END-- [ RunTime:0.000317s ]
ERR: Êó†Ê≥ïÂä†ËΩΩÊ®°Âùó:'"+onmouseover=alert()+d='"

[ 2016-05-15T06:25:18+08:00 ] 121.42.0.16 /%27%22%20onmouseover%3Dalert%28%29%20d%3D%27%22/?.tmp=t
INFO: [ app_init ] --START--
INFO: Run Behavior\BuildLiteBehavior [ RunTime:0.000014s ]
INFO: [ app_init ] --END-- [ RunTime:0.000332s ]
ERR: Êó†Ê≥ïÂä†ËΩΩÊ®°Âùó:'" onmouseover=alert() d='"

[ 2016-05-15T06:25:22+08:00 ] 121.42.0.16 /%2527%2522%2520onmouseover%253Dalert%2528%2529%2520d%253D%2527%2522/?.tmp=t
INFO: [ app_init ] --START--
INFO: Run Behavior\BuildLiteBehavior [ RunTime:0.000014s ]
INFO: [ app_init ] --END-- [ RunTime:0.000329s ]
ERR: Êó†Ê≥ïÂä†ËΩΩÊ®°Âùó:'" onmouseover=alert() d='"

[ 2016-05-15T06:25:25+08:00 ] 121.42.0.16 /'%22+style=x:expression(alert())+d='%22
INFO: [ app_init ] --START--
INFO: Run Behavior\BuildLiteBehavior [ RunTime:0.000014s ]
INFO: [ app_init ] --END-- [ RunTime:0.000332s ]
ERR: Êó†Ê≥ïÂä†ËΩΩÊ®°Âùó:'"+style=x:expression(alert())+d='"

[ 2016-05-15T06:25:26+08:00 ] 121.42.0.16 /%27%22%20style%3dx%3Aexpression%28alert%28%29%29%20d%3D%27%22
INFO: [ app_init ] --START--
INFO: Run Behavior\BuildLiteBehavior [ RunTime:0.000014s ]
INFO: [ app_init ] --END-- [ RunTime:0.000331s ]
ERR: Êó†Ê≥ïÂä†ËΩΩÊ®°Âùó:'" style=x:expression(alert()) d='"

[ 2016-05-15T06:25:28+08:00 ] 121.42.0.16 /%2527%2522%2520style%253dx%253Aexpression%2528alert%2528%2529%2529%2520d%253D%2527%2522
INFO: [ app_init ] --START--
INFO: Run Behavior\BuildLiteBehavior [ RunTime:0.000013s ]
INFO: [ app_init ] --END-- [ RunTime:0.000321s ]
ERR: Êó†Ê≥ïÂä†ËΩΩÊ®°Âùó:'" style=x:expression(alert()) d='"

[ 2016-05-15T06:25:30+08:00 ] 121.42.0.16 /'%22+style=x:expression(alert())+d='%22/?.tmp=t
INFO: [ app_init ] --START--
INFO: Run Behavior\BuildLiteBehavior [ RunTime:0.000014s ]
INFO: [ app_init ] --END-- [ RunTime:0.000304s ]
ERR: Êó†Ê≥ïÂä†ËΩΩÊ®°Âùó:'"+style=x:expression(alert())+d='"

[ 2016-05-15T06:25:33+08:00 ] 121.42.0.16 /%27%22%20style%3dx%3Aexpression%28alert%28%29%29%20d%3D%27%22/?.tmp=t
INFO: [ app_init ] --START--
INFO: Run Behavior\BuildLiteBehavior [ RunTime:0.000014s ]
INFO: [ app_init ] --END-- [ RunTime:0.000308s ]
ERR: Êó†Ê≥ïÂä†ËΩΩÊ®°Âùó:'" style=x:expression(alert()) d='"

[ 2016-05-15T06:25:36+08:00 ] 121.42.0.16 /%2527%2522%2520style%253dx%253Aexpression%2528alert%2528%2529%2529%2520d%253D%2527%2522/?.tmp=t
INFO: [ app_init ] --START--
INFO: Run Behavior\BuildLiteBehavior [ RunTime:0.000015s ]
INFO: [ app_init ] --END-- [ RunTime:0.000341s ]
ERR: Êó†Ê≥ïÂä†ËΩΩÊ®°Âùó:'" style=x:expression(alert()) d='"

[ 2016-05-15T06:25:47+08:00 ] 121.42.0.16 /www/admin/index.php
INFO: [ app_init ] --START--
INFO: Run Behavior\BuildLiteBehavior [ RunTime:0.000015s ]
INFO: [ app_init ] --END-- [ RunTime:0.000326s ]
ERR: Êó†Ê≥ïÂä†ËΩΩÊ®°Âùó:Www

[ 2016-05-15T06:25:53+08:00 ] 121.42.0.16 /.bzr/branch-format
INFO: [ app_init ] --START--
INFO: Run Behavior\BuildLiteBehavior [ RunTime:0.000016s ]
INFO: [ app_init ] --END-- [ RunTime:0.000315s ]
ERR: Êó†Ê≥ïÂä†ËΩΩÊ®°Âùó:.bzr

[ 2016-05-15T06:25:56+08:00 ] 121.42.0.16 /.bzr/branch-format
INFO: [ app_init ] --START--
INFO: Run Behavior\BuildLiteBehavior [ RunTime:0.000019s ]
INFO: [ app_init ] --END-- [ RunTime:0.000337s ]
ERR: Êó†Ê≥ïÂä†ËΩΩÊ®°Âùó:.bzr

[ 2016-05-15T06:25:58+08:00 ] 121.42.0.16 /bin/
INFO: [ app_init ] --START--
INFO: Run Behavior\BuildLiteBehavior [ RunTime:0.000014s ]
INFO: [ app_init ] --END-- [ RunTime:0.000304s ]
ERR: Êó†Ê≥ïÂä†ËΩΩÊ®°Âùó:Bin

[ 2016-05-15T06:26:02+08:00 ] 121.42.0.16 /bin/
INFO: [ app_init ] --START--
INFO: Run Behavior\BuildLiteBehavior [ RunTime:0.000035s ]
INFO: [ app_init ] --END-- [ RunTime:0.000328s ]
ERR: Êó†Ê≥ïÂä†ËΩΩÊ®°Âùó:Bin

[ 2016-05-15T06:26:04+08:00 ] 121.42.0.16 /downloads/
INFO: [ app_init ] --START--
INFO: Run Behavior\BuildLiteBehavior [ RunTime:0.000014s ]
INFO: [ app_init ] --END-- [ RunTime:0.000310s ]
ERR: Êó†Ê≥ïÂä†ËΩΩÊ®°Âùó:Downloads

[ 2016-05-15T06:26:07+08:00 ] 121.42.0.16 /downloads/
INFO: [ app_init ] --START--
INFO: Run Behavior\BuildLiteBehavior [ RunTime:0.000014s ]
INFO: [ app_init ] --END-- [ RunTime:0.000309s ]
ERR: Êó†Ê≥ïÂä†ËΩΩÊ®°Âùó:Downloads

[ 2016-05-15T06:26:10+08:00 ] 121.42.0.16 /download/
INFO: [ app_init ] --START--
INFO: Run Behavior\BuildLiteBehavior [ RunTime:0.000014s ]
INFO: [ app_init ] --END-- [ RunTime:0.000311s ]
ERR: Êó†Ê≥ïÂä†ËΩΩÊ®°Âùó:Download

[ 2016-05-15T06:26:13+08:00 ] 121.42.0.16 /download/
INFO: [ app_init ] --START--
INFO: Run Behavior\BuildLiteBehavior [ RunTime:0.000014s ]
INFO: [ app_init ] --END-- [ RunTime:0.000350s ]
ERR: Êó†Ê≥ïÂä†ËΩΩÊ®°Âùó:Download

[ 2016-05-15T06:26:27+08:00 ] 121.42.0.16 /uc_server/uctools.php
INFO: [ app_init ] --START--
INFO: Run Behavior\BuildLiteBehavior [ RunTime:0.000014s ]
INFO: [ app_init ] --END-- [ RunTime:0.000329s ]
ERR: Êó†Ê≥ïÂä†ËΩΩÊ®°Âùó:Uc_server

[ 2016-05-15T06:26:29+08:00 ] 121.42.0.16 /uc_server/uctools.php
INFO: [ app_init ] --START--
INFO: Run Behavior\BuildLiteBehavior [ RunTime:0.000017s ]
INFO: [ app_init ] --END-- [ RunTime:0.000315s ]
ERR: Êó†Ê≥ïÂä†ËΩΩÊ®°Âùó:Uc_server

[ 2016-05-15T06:26:32+08:00 ] 121.42.0.16 /CVS/Root
INFO: [ app_init ] --START--
INFO: Run Behavior\BuildLiteBehavior [ RunTime:0.000014s ]
INFO: [ app_init ] --END-- [ RunTime:0.000311s ]
ERR: Êó†Ê≥ïÂä†ËΩΩÊ®°Âùó:CVS

[ 2016-05-15T06:26:34+08:00 ] 121.42.0.16 /CVS/Root
INFO: [ app_init ] --START--
INFO: Run Behavior\BuildLiteBehavior [ RunTime:0.000014s ]
INFO: [ app_init ] --END-- [ RunTime:0.000319s ]
ERR: Êó†Ê≥ïÂä†ËΩΩÊ®°Âùó:CVS

[ 2016-05-15T06:26:38+08:00 ] 121.42.0.16 /.hg/requires
INFO: [ app_init ] --START--
INFO: Run Behavior\BuildLiteBehavior [ RunTime:0.000014s ]
INFO: [ app_init ] --END-- [ RunTime:0.000326s ]
ERR: Êó†Ê≥ïÂä†ËΩΩÊ®°Âùó:.hg

[ 2016-05-15T06:27:02+08:00 ] 121.42.0.16 /.hg/requires
INFO: [ app_init ] --START--
INFO: Run Behavior\BuildLiteBehavior [ RunTime:0.000014s ]
INFO: [ app_init ] --END-- [ RunTime:0.000307s ]
ERR: Êó†Ê≥ïÂä†ËΩΩÊ®°Âùó:.hg

[ 2016-05-15T06:28:28+08:00 ] 121.42.0.16 /uploads/
INFO: [ app_init ] --START--
INFO: Run Behavior\BuildLiteBehavior [ RunTime:0.000014s ]
INFO: [ app_init ] --END-- [ RunTime:0.000308s ]
ERR: Êó†Ê≥ïÂä†ËΩΩÊ®°Âùó:Uploads

[ 2016-05-15T06:28:58+08:00 ] 121.42.0.16 /backup/
INFO: [ app_init ] --START--
INFO: Run Behavior\BuildLiteBehavior [ RunTime:0.000014s ]
INFO: [ app_init ] --END-- [ RunTime:0.000309s ]
ERR: Êó†Ê≥ïÂä†ËΩΩÊ®°Âùó:Backup

[ 2016-05-15T06:29:32+08:00 ] 121.42.0.16 /backup/
INFO: [ app_init ] --START--
INFO: Run Behavior\BuildLiteBehavior [ RunTime:0.000015s ]
INFO: [ app_init ] --END-- [ RunTime:0.000319s ]
ERR: Êó†Ê≥ïÂä†ËΩΩÊ®°Âùó:Backup

[ 2016-05-15T06:29:41+08:00 ] 121.42.0.16 /web/
INFO: [ app_init ] --START--
INFO: Run Behavior\BuildLiteBehavior [ RunTime:0.000015s ]
INFO: [ app_init ] --END-- [ RunTime:0.000328s ]
ERR: Êó†Ê≥ïÂä†ËΩΩÊ®°Âùó:Web

[ 2016-05-15T06:30:32+08:00 ] 121.42.0.16 /web/
INFO: [ app_init ] --START--
INFO: Run Behavior\BuildLiteBehavior [ RunTime:0.000014s ]
INFO: [ app_init ] --END-- [ RunTime:0.000328s ]
ERR: Êó†Ê≥ïÂä†ËΩΩÊ®°Âùó:Web

[ 2016-05-15T06:30:44+08:00 ] 121.42.0.16 /uploadfiles/
INFO: [ app_init ] --START--
INFO: Run Behavior\BuildLiteBehavior [ RunTime:0.000015s ]
INFO: [ app_init ] --END-- [ RunTime:0.000355s ]
ERR: Êó†Ê≥ïÂä†ËΩΩÊ®°Âùó:Uploadfiles

[ 2016-05-15T06:31:54+08:00 ] 121.42.0.16 /uploadfiles/
INFO: [ app_init ] --START--
INFO: Run Behavior\BuildLiteBehavior [ RunTime:0.000015s ]
INFO: [ app_init ] --END-- [ RunTime:0.000356s ]
ERR: Êó†Ê≥ïÂä†ËΩΩÊ®°Âùó:Uploadfiles

[ 2016-05-15T06:31:59+08:00 ] 121.42.0.16 /uploadfile/
INFO: [ app_init ] --START--
INFO: Run Behavior\BuildLiteBehavior [ RunTime:0.000014s ]
INFO: [ app_init ] --END-- [ RunTime:0.000308s ]
ERR: Êó†Ê≥ïÂä†ËΩΩÊ®°Âùó:Uploadfile

[ 2016-05-15T06:32:11+08:00 ] 121.42.0.16 /uploadfile/
INFO: [ app_init ] --START--
INFO: Run Behavior\BuildLiteBehavior [ RunTime:0.000014s ]
INFO: [ app_init ] --END-- [ RunTime:0.000306s ]
ERR: Êó†Ê≥ïÂä†ËΩΩÊ®°Âùó:Uploadfile

[ 2016-05-15T06:32:14+08:00 ] 121.42.0.16 /upfiles/
INFO: [ app_init ] --START--
INFO: Run Behavior\BuildLiteBehavior [ RunTime:0.000014s ]
INFO: [ app_init ] --END-- [ RunTime:0.000309s ]
ERR: Êó†Ê≥ïÂä†ËΩΩÊ®°Âùó:Upfiles

[ 2016-05-15T06:32:17+08:00 ] 121.42.0.16 /upfiles/
INFO: [ app_init ] --START--
INFO: Run Behavior\BuildLiteBehavior [ RunTime:0.000014s ]
INFO: [ app_init ] --END-- [ RunTime:0.000321s ]
ERR: Êó†Ê≥ïÂä†ËΩΩÊ®°Âùó:Upfiles

[ 2016-05-15T06:32:20+08:00 ] 121.42.0.16 /upfile/
INFO: [ app_init ] --START--
INFO: Run Behavior\BuildLiteBehavior [ RunTime:0.000016s ]
INFO: [ app_init ] --END-- [ RunTime:0.000314s ]
ERR: Êó†Ê≥ïÂä†ËΩΩÊ®°Âùó:Upfile

[ 2016-05-15T06:32:23+08:00 ] 121.42.0.16 /upfile/
INFO: [ app_init ] --START--
INFO: Run Behavior\BuildLiteBehavior [ RunTime:0.000034s ]
INFO: [ app_init ] --END-- [ RunTime:0.000331s ]
ERR: Êó†Ê≥ïÂä†ËΩΩÊ®°Âùó:Upfile

[ 2016-05-15T06:32:26+08:00 ] 121.42.0.16 /htdocs/
INFO: [ app_init ] --START--
INFO: Run Behavior\BuildLiteBehavior [ RunTime:0.000017s ]
INFO: [ app_init ] --END-- [ RunTime:0.000328s ]
ERR: Êó†Ê≥ïÂä†ËΩΩÊ®°Âùó:Htdocs

[ 2016-05-15T06:32:29+08:00 ] 121.42.0.16 /htdocs/
INFO: [ app_init ] --START--
INFO: Run Behavior\BuildLiteBehavior [ RunTime:0.000016s ]
INFO: [ app_init ] --END-- [ RunTime:0.000328s ]
ERR: Êó†Ê≥ïÂä†ËΩΩÊ®°Âùó:Htdocs

[ 2016-05-15T06:32:32+08:00 ] 121.42.0.16 /WebResource.axd
INFO: [ app_init ] --START--
INFO: Run Behavior\BuildLiteBehavior [ RunTime:0.000015s ]
INFO: [ app_init ] --END-- [ RunTime:0.000305s ]
ERR: Êó†Ê≥ïÂä†ËΩΩÊ®°Âùó:WebResource

[ 2016-05-15T06:32:34+08:00 ] 121.42.0.16 /WebResource.axd?d=LENSTEST&t=LENSTEST
INFO: [ app_init ] --START--
INFO: Run Behavior\BuildLiteBehavior [ RunTime:0.000015s ]
INFO: [ app_init ] --END-- [ RunTime:0.000328s ]
ERR: Êó†Ê≥ïÂä†ËΩΩÊ®°Âùó:WebResource

[ 2016-05-15T06:32:36+08:00 ] 121.42.0.16 /upload/
INFO: [ app_init ] --START--
INFO: Run Behavior\BuildLiteBehavior [ RunTime:0.000017s ]
INFO: [ app_init ] --END-- [ RunTime:0.000312s ]
ERR: Êó†Ê≥ïÂä†ËΩΩÊ®°Âùó:Upload

[ 2016-05-15T06:32:39+08:00 ] 121.42.0.16 /upload/
INFO: [ app_init ] --START--
INFO: Run Behavior\BuildLiteBehavior [ RunTime:0.000019s ]
INFO: [ app_init ] --END-- [ RunTime:0.000455s ]
ERR: Êó†Ê≥ïÂä†ËΩΩÊ®°Âùó:Upload

[ 2016-05-15T06:32:42+08:00 ] 121.42.0.16 /db/
INFO: [ app_init ] --START--
INFO: Run Behavior\BuildLiteBehavior [ RunTime:0.000014s ]
INFO: [ app_init ] --END-- [ RunTime:0.000309s ]
ERR: Êó†Ê≥ïÂä†ËΩΩÊ®°Âùó:Db

[ 2016-05-15T06:32:44+08:00 ] 121.42.0.16 /db/
INFO: [ app_init ] --START--
INFO: Run Behavior\BuildLiteBehavior [ RunTime:0.000015s ]
INFO: [ app_init ] --END-- [ RunTime:0.000310s ]
ERR: Êó†Ê≥ïÂä†ËΩΩÊ®°Âùó:Db

[ 2016-05-15T06:32:55+08:00 ] 121.42.0.16 /log/
INFO: [ app_init ] --START--
INFO: Run Behavior\BuildLiteBehavior [ RunTime:0.000014s ]
INFO: [ app_init ] --END-- [ RunTime:0.000307s ]
ERR: Êó†Ê≥ïÂä†ËΩΩÊ®°Âùó:Log

[ 2016-05-15T06:32:57+08:00 ] 121.42.0.16 /log/
INFO: [ app_init ] --START--
INFO: Run Behavior\BuildLiteBehavior [ RunTime:0.000035s ]
INFO: [ app_init ] --END-- [ RunTime:0.000342s ]
ERR: Êó†Ê≥ïÂä†ËΩΩÊ®°Âùó:Log

[ 2016-05-15T06:33:00+08:00 ] 121.42.0.16 /logs/
INFO: [ app_init ] --START--
INFO: Run Behavior\BuildLiteBehavior [ RunTime:0.000013s ]
INFO: [ app_init ] --END-- [ RunTime:0.000310s ]
ERR: Êó†Ê≥ïÂä†ËΩΩÊ®°Âùó:Logs

[ 2016-05-15T06:33:03+08:00 ] 121.42.0.16 /logs/
INFO: [ app_init ] --START--
INFO: Run Behavior\BuildLiteBehavior [ RunTime:0.000018s ]
INFO: [ app_init ] --END-- [ RunTime:0.000322s ]
ERR: Êó†Ê≥ïÂä†ËΩΩÊ®°Âùó:Logs

[ 2016-05-15T06:33:06+08:00 ] 121.42.0.16 /config/
INFO: [ app_init ] --START--
INFO: Run Behavior\BuildLiteBehavior [ RunTime:0.000014s ]
INFO: [ app_init ] --END-- [ RunTime:0.000312s ]
ERR: Êó†Ê≥ïÂä†ËΩΩÊ®°Âùó:Config

[ 2016-05-15T06:33:08+08:00 ] 121.42.0.16 /config/
INFO: [ app_init ] --START--
INFO: Run Behavior\BuildLiteBehavior [ RunTime:0.000014s ]
INFO: [ app_init ] --END-- [ RunTime:0.000305s ]
ERR: Êó†Ê≥ïÂä†ËΩΩÊ®°Âùó:Config

[ 2016-05-15T06:33:11+08:00 ] 121.42.0.16 /jmx-console/
INFO: [ app_init ] --START--
INFO: Run Behavior\BuildLiteBehavior [ RunTime:0.000019s ]
INFO: [ app_init ] --END-- [ RunTime:0.000326s ]
ERR: Êó†Ê≥ïÂä†ËΩΩÊ®°Âùó:Jmx-console

[ 2016-05-15T06:33:13+08:00 ] 121.42.0.16 /web-console/
INFO: [ app_init ] --START--
INFO: Run Behavior\BuildLiteBehavior [ RunTime:0.000013s ]
INFO: [ app_init ] --END-- [ RunTime:0.000305s ]
ERR: Êó†Ê≥ïÂä†ËΩΩÊ®°Âùó:Web-console

[ 2016-05-15T06:33:21+08:00 ] 121.42.0.16 /robots.txt
INFO: [ app_init ] --START--
INFO: Run Behavior\BuildLiteBehavior [ RunTime:0.000014s ]
INFO: [ app_init ] --END-- [ RunTime:0.000328s ]
ERR: Êó†Ê≥ïÂä†ËΩΩÊ®°Âùó:Robots

[ 2016-05-15T06:33:24+08:00 ] 121.42.0.16 /bigdump.php
INFO: [ app_init ] --START--
INFO: Run Behavior\BuildLiteBehavior [ RunTime:0.000015s ]
INFO: [ app_init ] --END-- [ RunTime:0.000332s ]
ERR: Êó†Ê≥ïÂä†ËΩΩÊ®°Âùó:Bigdump

[ 2016-05-15T06:33:26+08:00 ] 121.42.0.16 /cgi-bin/authlogin.cgi
INFO: [ app_init ] --START--
INFO: Run Behavior\BuildLiteBehavior [ RunTime:0.000016s ]
INFO: [ app_init ] --END-- [ RunTime:0.000314s ]
ERR: Êó†Ê≥ïÂä†ËΩΩÊ®°Âùó:Errpage

[ 2016-05-15T06:33:28+08:00 ] 121.42.0.16 /cgi-bin/it.cgi
INFO: [ app_init ] --START--
INFO: Run Behavior\BuildLiteBehavior [ RunTime:0.000020s ]
INFO: [ app_init ] --END-- [ RunTime:0.000476s ]
ERR: Êó†Ê≥ïÂä†ËΩΩÊ®°Âùó:Errpage

[ 2016-05-15T06:33:34+08:00 ] 121.42.0.16 /cgi-sys/defaultwebpage.cgi
INFO: [ app_init ] --START--
INFO: Run Behavior\BuildLiteBehavior [ RunTime:0.000015s ]
INFO: [ app_init ] --END-- [ RunTime:0.000327s ]
ERR: Êó†Ê≥ïÂä†ËΩΩÊ®°Âùó:Cgi-sys

[ 2016-05-15T06:33:37+08:00 ] 121.42.0.16 /cgi-sys/FormMail-clone.cgi
INFO: [ app_init ] --START--
INFO: Run Behavior\BuildLiteBehavior [ RunTime:0.000014s ]
INFO: [ app_init ] --END-- [ RunTime:0.000305s ]
ERR: Êó†Ê≥ïÂä†ËΩΩÊ®°Âùó:Cgi-sys

[ 2016-05-15T06:33:56+08:00 ] 121.42.0.16 /xampp/cgi.cgi
INFO: [ app_init ] --START--
INFO: Run Behavior\BuildLiteBehavior [ RunTime:0.000014s ]
INFO: [ app_init ] --END-- [ RunTime:0.000306s ]
ERR: Êó†Ê≥ïÂä†ËΩΩÊ®°Âùó:Xampp

[ 2016-05-15T06:33:59+08:00 ] 121.42.0.16 /index.php?m=Public&a=login
INFO: [ app_init ] --START--
INFO: Run Behavior\BuildLiteBehavior [ RunTime:0.000014s ]
INFO: [ app_init ] --END-- [ RunTime:0.000328s ]
ERR: Êó†Ê≥ïÂä†ËΩΩÊ®°Âùó:Public

[ 2016-05-15T06:34:10+08:00 ] 121.42.0.16 /adminer.php
INFO: [ app_init ] --START--
INFO: Run Behavior\BuildLiteBehavior [ RunTime:0.000014s ]
INFO: [ app_init ] --END-- [ RunTime:0.000342s ]
ERR: Êó†Ê≥ïÂä†ËΩΩÊ®°Âùó:Adminer

[ 2016-05-15T06:34:13+08:00 ] 121.42.0.16 /adminer.php
INFO: [ app_init ] --START--
INFO: Run Behavior\BuildLiteBehavior [ RunTime:0.000014s ]
INFO: [ app_init ] --END-- [ RunTime:0.000308s ]
ERR: Êó†Ê≥ïÂä†ËΩΩÊ®°Âùó:Adminer

[ 2016-05-15T06:34:21+08:00 ] 121.42.0.16 /phpinfo.php
INFO: [ app_init ] --START--
INFO: Run Behavior\BuildLiteBehavior [ RunTime:0.000014s ]
INFO: [ app_init ] --END-- [ RunTime:0.000334s ]
ERR: Êó†Ê≥ïÂä†ËΩΩÊ®°Âùó:Phpinfo

[ 2016-05-15T06:34:23+08:00 ] 121.42.0.16 /info.php
INFO: [ app_init ] --START--
INFO: Run Behavior\BuildLiteBehavior [ RunTime:0.000021s ]
INFO: [ app_init ] --END-- [ RunTime:0.000490s ]
ERR: Êó†Ê≥ïÂä†ËΩΩÊ®°Âùó:Info

[ 2016-05-15T06:34:26+08:00 ] 121.42.0.16 /php.php
INFO: [ app_init ] --START--
INFO: Run Behavior\BuildLiteBehavior [ RunTime:0.000018s ]
INFO: [ app_init ] --END-- [ RunTime:0.000336s ]
ERR: Êó†Ê≥ïÂä†ËΩΩÊ®°Âùó:Php

[ 2016-05-15T06:34:29+08:00 ] 121.42.0.16 /test.php
INFO: [ app_init ] --START--
INFO: Run Behavior\BuildLiteBehavior [ RunTime:0.000014s ]
INFO: [ app_init ] --END-- [ RunTime:0.000307s ]
ERR: Êó†Ê≥ïÂä†ËΩΩÊ®°Âùó:Test

[ 2016-05-15T06:34:31+08:00 ] 121.42.0.16 /show.php
INFO: [ app_init ] --START--
INFO: Run Behavior\BuildLiteBehavior [ RunTime:0.000014s ]
INFO: [ app_init ] --END-- [ RunTime:0.000311s ]
ERR: Êó†Ê≥ïÂä†ËΩΩÊ®°Âùó:Show

[ 2016-05-15T06:34:36+08:00 ] 121.42.0.16 /a.php
INFO: [ app_init ] --START--
INFO: Run Behavior\BuildLiteBehavior [ RunTime:0.000014s ]
INFO: [ app_init ] --END-- [ RunTime:0.000306s ]
ERR: Êó†Ê≥ïÂä†ËΩΩÊ®°Âùó:A

[ 2016-05-15T06:34:39+08:00 ] 121.42.0.16 /1.php
INFO: [ app_init ] --START--
INFO: Run Behavior\BuildLiteBehavior [ RunTime:0.000014s ]
INFO: [ app_init ] --END-- [ RunTime:0.000307s ]
ERR: Êó†Ê≥ïÂä†ËΩΩÊ®°Âùó:1

[ 2016-05-15T06:34:41+08:00 ] 121.42.0.16 /u.php?act=phpinfo
INFO: [ app_init ] --START--
INFO: Run Behavior\BuildLiteBehavior [ RunTime:0.000014s ]
INFO: [ app_init ] --END-- [ RunTime:0.000308s ]
ERR: Êó†Ê≥ïÂä†ËΩΩÊ®°Âùó:U

[ 2016-05-15T06:34:44+08:00 ] 121.42.0.16 /l.php?act=phpinfo
INFO: [ app_init ] --START--
INFO: Run Behavior\BuildLiteBehavior [ RunTime:0.000020s ]
INFO: [ app_init ] --END-- [ RunTime:0.000436s ]
ERR: Êó†Ê≥ïÂä†ËΩΩÊ®°Âùó:L

[ 2016-05-15T06:34:47+08:00 ] 121.42.0.16 /tz.php?act=phpinfo
INFO: [ app_init ] --START--
INFO: Run Behavior\BuildLiteBehavior [ RunTime:0.000014s ]
INFO: [ app_init ] --END-- [ RunTime:0.000332s ]
ERR: Êó†Ê≥ïÂä†ËΩΩÊ®°Âùó:Tz

[ 2016-05-15T06:34:49+08:00 ] 121.42.0.16 /app/dev/svinfo.php?phpinfo=true
INFO: [ app_init ] --START--
INFO: Run Behavior\BuildLiteBehavior [ RunTime:0.000019s ]
INFO: [ app_init ] --END-- [ RunTime:0.000363s ]
ERR: Êó†Ê≥ïÂä†ËΩΩÊ®°Âùó:App

[ 2016-05-15T06:34:50+08:00 ] 121.42.0.16 /install/svinfo.php?phpinfo=true
INFO: [ app_init ] --START--
INFO: Run Behavior\BuildLiteBehavior [ RunTime:0.000015s ]
INFO: [ app_init ] --END-- [ RunTime:0.000330s ]
ERR: Êó†Ê≥ïÂä†ËΩΩÊ®°Âùó:Install

[ 2016-05-15T06:34:53+08:00 ] 121.42.0.16 /favicon.ico
INFO: [ app_init ] --START--
INFO: Run Behavior\BuildLiteBehavior [ RunTime:0.000015s ]
INFO: [ app_init ] --END-- [ RunTime:0.000330s ]
ERR: Êó†Ê≥ïÂä†ËΩΩÊ®°Âùó:Favicon

[ 2016-05-15T06:34:56+08:00 ] 121.42.0.16 /data/
INFO: [ app_init ] --START--
INFO: Run Behavior\BuildLiteBehavior [ RunTime:0.000025s ]
INFO: [ app_init ] --END-- [ RunTime:0.000486s ]
ERR: Êó†Ê≥ïÂä†ËΩΩÊ®°Âùó:Data

[ 2016-05-15T06:34:58+08:00 ] 121.42.0.16 /data/
INFO: [ app_init ] --START--
INFO: Run Behavior\BuildLiteBehavior [ RunTime:0.000015s ]
INFO: [ app_init ] --END-- [ RunTime:0.000418s ]
ERR: Êó†Ê≥ïÂä†ËΩΩÊ®°Âùó:Data

[ 2016-05-15T06:35:15+08:00 ] 121.42.0.16 /%c0%ae%c0%ae%2f%c0%ae%c0%ae%2f%c0%ae%c0%ae%2f%c0%ae%c0%ae%2f%c0%ae%c0%ae%2f%c0%ae%c0%ae%2f%c0%ae%c0%ae%2fetc%2fpasswd
INFO: [ app_init ] --START--
INFO: Run Behavior\BuildLiteBehavior [ RunTime:0.000014s ]
INFO: [ app_init ] --END-- [ RunTime:0.000315s ]
ERR: Êó†Ê≥ïÂä†ËΩΩÊ®°Âùó:Errpage

[ 2016-05-15T06:35:17+08:00 ] 121.42.0.16 /%c0%ae%c0%ae%2f%c0%ae%c0%ae%2f%c0%ae%c0%ae%2f%c0%ae%c0%ae%2f%c0%ae%c0%ae%2f%c0%ae%c0%ae%2f%c0%ae%c0%ae%2fwindows%2Fwin.ini
INFO: [ app_init ] --START--
INFO: Run Behavior\BuildLiteBehavior [ RunTime:0.000014s ]
INFO: [ app_init ] --END-- [ RunTime:0.000341s ]
ERR: Êó†Ê≥ïÂä†ËΩΩÊ®°Âùó:Errpage

[ 2016-05-15T06:35:20+08:00 ] 121.42.0.16 /..%c0%af..%c0%af..%c0%af..%c0%af..%c0%af..%c0%af..%c0%af..%c0%afetc%c0%afpasswd
INFO: [ app_init ] --START--
INFO: Run Behavior\BuildLiteBehavior [ RunTime:0.000014s ]
INFO: [ app_init ] --END-- [ RunTime:0.000307s ]
ERR: Êó†Ê≥ïÂä†ËΩΩÊ®°Âùó:..¿Ø..¿Ø..¿Ø..¿Ø..¿Ø..¿Ø..¿Ø.

[ 2016-05-15T06:35:23+08:00 ] 121.42.0.16 /..%c0%af..%c0%af..%c0%af..%c0%af..%c0%af..%c0%af..%c0%af..%c0%afwindows%c0%afwin.ini
INFO: [ app_init ] --START--
INFO: Run Behavior\BuildLiteBehavior [ RunTime:0.000026s ]
INFO: [ app_init ] --END-- [ RunTime:0.000534s ]
ERR: Êó†Ê≥ïÂä†ËΩΩÊ®°Âùó:..¿Ø..¿Ø..¿Ø..¿Ø..¿Ø..¿Ø..¿Ø..¿Øwindows¿Øwin

[ 2016-05-15T06:35:25+08:00 ] 121.42.0.16 /%c0%ae%c0%ae/%c0%ae%c0%ae/%c0%ae%c0%ae/%c0%ae%c0%ae/%c0%ae%c0%ae/%c0%ae%c0%ae/%c0%ae%c0%ae/etc/passwd
INFO: [ app_init ] --START--
INFO: Run Behavior\BuildLiteBehavior [ RunTime:0.000015s ]
INFO: [ app_init ] --END-- [ RunTime:0.000307s ]
ERR: Êó†Ê≥ïÂä†ËΩΩÊ®°Âùó:¿Æ¿Æ

[ 2016-05-15T06:35:28+08:00 ] 121.42.0.16 /%c0%ae%c0%ae/%c0%ae%c0%ae/%c0%ae%c0%ae/%c0%ae%c0%ae/%c0%ae%c0%ae/%c0%ae%c0%ae/%c0%ae%c0%ae/windows/win.ini
INFO: [ app_init ] --START--
INFO: Run Behavior\BuildLiteBehavior [ RunTime:0.000015s ]
INFO: [ app_init ] --END-- [ RunTime:0.000306s ]
ERR: Êó†Ê≥ïÂä†ËΩΩÊ®°Âùó:¿Æ¿Æ

[ 2016-05-15T06:35:30+08:00 ] 121.42.0.16 /%5c%2e%2e%2f%5c%2e%2e%2f%5c%2e%2e%2f%5c%2e%2e%2f%5c%2e%2e%2f%5c%2e%2e%2f%5c%2e%2e%2f%5c%2e%2e%2f%5c%2e%2e%2f%5c%2e%2e%2f%5c%2e%2e%2f%5c%2e%2e%2f%5c%2e%2e%2fetc%2fpasswd
INFO: [ app_init ] --START--
INFO: Run Behavior\BuildLiteBehavior [ RunTime:0.000025s ]
INFO: [ app_init ] --END-- [ RunTime:0.000501s ]
ERR: Êó†Ê≥ïÂä†ËΩΩÊ®°Âùó:Errpage

[ 2016-05-15T06:35:33+08:00 ] 121.42.0.16 /%5c%2e%2e%2f%5c%2e%2e%2f%5c%2e%2e%2f%5c%2e%2e%2f%5c%2e%2e%2f%5c%2e%2e%2f%5c%2e%2e%2f%5c%2e%2e%2f%5c%2e%2e%2f%5c%2e%2e%2f%5c%2e%2e%2f%5c%2e%2e%2f%5c%2e%2e%2fwindows%2Fwin.ini
INFO: [ app_init ] --START--
INFO: Run Behavior\BuildLiteBehavior [ RunTime:0.000014s ]
INFO: [ app_init ] --END-- [ RunTime:0.000321s ]
ERR: Êó†Ê≥ïÂä†ËΩΩÊ®°Âùó:Errpage

[ 2016-05-15T06:35:36+08:00 ] 121.42.0.16 /manager/html
INFO: [ app_init ] --START--
INFO: Run Behavior\BuildLiteBehavior [ RunTime:0.000025s ]
INFO: [ app_init ] --END-- [ RunTime:0.000368s ]
ERR: Êó†Ê≥ïÂä†ËΩΩÊ®°Âùó:Manager

[ 2016-05-15T06:35:38+08:00 ] 121.42.0.16 /wp-login.php
INFO: [ app_init ] --START--
INFO: Run Behavior\BuildLiteBehavior [ RunTime:0.000014s ]
INFO: [ app_init ] --END-- [ RunTime:0.000330s ]
ERR: Êó†Ê≥ïÂä†ËΩΩÊ®°Âùó:Wp-login

[ 2016-05-15T06:46:52+08:00 ] 121.42.0.16 /j_acegi_security_check
INFO: [ app_init ] --START--
INFO: Run Behavior\BuildLiteBehavior [ RunTime:0.000015s ]
INFO: [ app_init ] --END-- [ RunTime:0.000312s ]
ERR: Êó†Ê≥ïÂä†ËΩΩÊ®°Âùó:J_acegi_security_check

[ 2016-05-15T07:02:02+08:00 ] 121.42.0.16 /zabbix/index.php
INFO: [ app_init ] --START--
INFO: Run Behavior\BuildLiteBehavior [ RunTime:0.000016s ]
INFO: [ app_init ] --END-- [ RunTime:0.000338s ]
ERR: Êó†Ê≥ïÂä†ËΩΩÊ®°Âùó:Zabbix

[ 2016-05-15T07:05:17+08:00 ] 121.42.0.16 /axis2/axis2-admin/login
INFO: [ app_init ] --START--
INFO: Run Behavior\BuildLiteBehavior [ RunTime:0.000014s ]
INFO: [ app_init ] --END-- [ RunTime:0.000307s ]
ERR: Êó†Ê≥ïÂä†ËΩΩÊ®°Âùó:Axis2

[ 2016-05-15T07:06:03+08:00 ] 121.42.0.16 /phpmyadmin/index.php
INFO: [ app_init ] --START--
INFO: Run Behavior\BuildLiteBehavior [ RunTime:0.000015s ]
INFO: [ app_init ] --END-- [ RunTime:0.000330s ]
ERR: Êó†Ê≥ïÂä†ËΩΩÊ®°Âùó:Phpmyadmin

[ 2016-05-15T07:06:10+08:00 ] 121.42.0.16 /phpMyAdmin/index.php
INFO: [ app_init ] --START--
INFO: Run Behavior\BuildLiteBehavior [ RunTime:0.000014s ]
INFO: [ app_init ] --END-- [ RunTime:0.000345s ]
ERR: Êó†Ê≥ïÂä†ËΩΩÊ®°Âùó:PhpMyAdmin

[ 2016-05-15T07:07:19+08:00 ] 121.42.0.16 /pmd/index.php
INFO: [ app_init ] --START--
INFO: Run Behavior\BuildLiteBehavior [ RunTime:0.000014s ]
INFO: [ app_init ] --END-- [ RunTime:0.000322s ]
ERR: Êó†Ê≥ïÂä†ËΩΩÊ®°Âùó:Pmd

[ 2016-05-15T07:07:26+08:00 ] 121.42.0.16 /phpmyadmin/main.php
INFO: [ app_init ] --START--
INFO: Run Behavior\BuildLiteBehavior [ RunTime:0.000014s ]
INFO: [ app_init ] --END-- [ RunTime:0.000331s ]
ERR: Êó†Ê≥ïÂä†ËΩΩÊ®°Âùó:Phpmyadmin

[ 2016-05-15T07:08:15+08:00 ] 121.42.0.16 /phpMyAdmin/main.php
INFO: [ app_init ] --START--
INFO: Run Behavior\BuildLiteBehavior [ RunTime:0.000014s ]
INFO: [ app_init ] --END-- [ RunTime:0.000310s ]
ERR: Êó†Ê≥ïÂä†ËΩΩÊ®°Âùó:PhpMyAdmin

[ 2016-05-15T07:08:30+08:00 ] 121.42.0.16 /pma/main.php
INFO: [ app_init ] --START--
INFO: Run Behavior\BuildLiteBehavior [ RunTime:0.000014s ]
INFO: [ app_init ] --END-- [ RunTime:0.000313s ]
ERR: Êó†Ê≥ïÂä†ËΩΩÊ®°Âùó:Pma

[ 2016-05-15T07:08:56+08:00 ] 121.42.0.16 /pmd/main.php
INFO: [ app_init ] --START--
INFO: Run Behavior\BuildLiteBehavior [ RunTime:0.000014s ]
INFO: [ app_init ] --END-- [ RunTime:0.000349s ]
ERR: Êó†Ê≥ïÂä†ËΩΩÊ®°Âùó:Pmd

[ 2016-05-15T07:10:28+08:00 ] 121.42.0.16 /pma/index.php
INFO: [ app_init ] --START--
INFO: Run Behavior\BuildLiteBehavior [ RunTime:0.000014s ]
INFO: [ app_init ] --END-- [ RunTime:0.000329s ]
ERR: Êó†Ê≥ïÂä†ËΩΩÊ®°Âùó:Pma

[ 2016-05-15T07:42:55+08:00 ] 121.42.0.16 /monitor/WEB-INF/web.xml
INFO: [ app_init ] --START--
INFO: Run Behavior\BuildLiteBehavior [ RunTime:0.000014s ]
INFO: [ app_init ] --END-- [ RunTime:0.000325s ]
ERR: Êó†Ê≥ïÂä†ËΩΩÊ®°Âùó:Monitor

[ 2016-05-15T07:42:59+08:00 ] 121.42.0.16 /WEB-INF/web.xml
INFO: [ app_init ] --START--
INFO: Run Behavior\BuildLiteBehavior [ RunTime:0.000015s ]
INFO: [ app_init ] --END-- [ RunTime:0.000313s ]
ERR: Êó†Ê≥ïÂä†ËΩΩÊ®°Âùó:WEB-INF

[ 2016-05-15T07:43:58+08:00 ] 121.42.0.16 /zabbix/
INFO: [ app_init ] --START--
INFO: Run Behavior\BuildLiteBehavior [ RunTime:0.000014s ]
INFO: [ app_init ] --END-- [ RunTime:0.000302s ]
ERR: Êó†Ê≥ïÂä†ËΩΩÊ®°Âùó:Zabbix

[ 2016-05-15T07:46:40+08:00 ] 121.42.0.16 /console/
INFO: [ app_init ] --START--
INFO: Run Behavior\BuildLiteBehavior [ RunTime:0.000014s ]
INFO: [ app_init ] --END-- [ RunTime:0.000314s ]
ERR: Êó†Ê≥ïÂä†ËΩΩÊ®°Âùó:Console

[ 2016-05-15T07:46:42+08:00 ] 121.42.0.16 /server-status/
INFO: [ app_init ] --START--
INFO: Run Behavior\BuildLiteBehavior [ RunTime:0.000016s ]
INFO: [ app_init ] --END-- [ RunTime:0.000334s ]
ERR: Êó†Ê≥ïÂä†ËΩΩÊ®°Âùó:Server-status

[ 2016-05-15T07:46:51+08:00 ] 121.42.0.16 /index.html
INFO: [ app_init ] --START--
INFO: Run Behavior\BuildLiteBehavior [ RunTime:0.000014s ]
INFO: [ app_init ] --END-- [ RunTime:0.000304s ]
ERR: Êó†Ê≥ïÂä†ËΩΩÊ®°Âùó:Index

[ 2016-05-15T07:47:35+08:00 ] 121.42.0.16 /jenkins/
INFO: [ app_init ] --START--
INFO: Run Behavior\BuildLiteBehavior [ RunTime:0.000013s ]
INFO: [ app_init ] --END-- [ RunTime:0.000307s ]
ERR: Êó†Ê≥ïÂä†ËΩΩÊ®°Âùó:Jenkins

[ 2016-05-15T07:47:42+08:00 ] 121.42.0.16 /cacti/index.php
INFO: [ app_init ] --START--
INFO: Run Behavior\BuildLiteBehavior [ RunTime:0.000016s ]
INFO: [ app_init ] --END-- [ RunTime:0.000318s ]
ERR: Êó†Ê≥ïÂä†ËΩΩÊ®°Âùó:Cacti

[ 2016-05-15T07:47:49+08:00 ] 121.42.0.16 /axis2/
INFO: [ app_init ] --START--
INFO: Run Behavior\BuildLiteBehavior [ RunTime:0.000015s ]
INFO: [ app_init ] --END-- [ RunTime:0.000316s ]
ERR: Êó†Ê≥ïÂä†ËΩΩÊ®°Âùó:Axis2

[ 2016-05-15T07:47:56+08:00 ] 121.42.0.16 /examples/servlets/index.html
INFO: [ app_init ] --START--
INFO: Run Behavior\BuildLiteBehavior [ RunTime:0.000015s ]
INFO: [ app_init ] --END-- [ RunTime:0.000305s ]
ERR: Êó†Ê≥ïÂä†ËΩΩÊ®°Âùó:Examples

[ 2016-05-15T07:48:00+08:00 ] 121.42.0.16 /examples/jsp/index.html
INFO: [ app_init ] --START--
INFO: Run Behavior\BuildLiteBehavior [ RunTime:0.000014s ]
INFO: [ app_init ] --END-- [ RunTime:0.000329s ]
ERR: Êó†Ê≥ïÂä†ËΩΩÊ®°Âùó:Examples

[ 2016-05-15T07:48:05+08:00 ] 121.42.0.16 /.git/config
INFO: [ app_init ] --START--
INFO: Run Behavior\BuildLiteBehavior [ RunTime:0.000015s ]
INFO: [ app_init ] --END-- [ RunTime:0.000383s ]
ERR: Êó†Ê≥ïÂä†ËΩΩÊ®°Âùó:.git

[ 2016-05-15T07:48:06+08:00 ] 121.42.0.16 /.git/config
INFO: [ app_init ] --START--
INFO: Run Behavior\BuildLiteBehavior [ RunTime:0.000014s ]
INFO: [ app_init ] --END-- [ RunTime:0.000332s ]
ERR: Êó†Ê≥ïÂä†ËΩΩÊ®°Âùó:.git

[ 2016-05-15T07:48:07+08:00 ] 121.42.0.16 /.svn/entries
INFO: [ app_init ] --START--
INFO: Run Behavior\BuildLiteBehavior [ RunTime:0.000015s ]
INFO: [ app_init ] --END-- [ RunTime:0.000311s ]
ERR: Êó†Ê≥ïÂä†ËΩΩÊ®°Âùó:.svn

[ 2016-05-15T07:48:08+08:00 ] 121.42.0.16 /.svn/entries
INFO: [ app_init ] --START--
INFO: Run Behavior\BuildLiteBehavior [ RunTime:0.000014s ]
INFO: [ app_init ] --END-- [ RunTime:0.000323s ]
ERR: Êó†Ê≥ïÂä†ËΩΩÊ®°Âùó:.svn

[ 2016-05-15T07:48:52+08:00 ] 121.42.0.16 /phpRedisAdmin/?overview
INFO: [ app_init ] --START--
INFO: Run Behavior\BuildLiteBehavior [ RunTime:0.000019s ]
INFO: [ app_init ] --END-- [ RunTime:0.000353s ]
ERR: Êó†Ê≥ïÂä†ËΩΩÊ®°Âùó:PhpRedisAdmin

[ 2016-05-15T07:48:59+08:00 ] 121.42.0.16 /hudson/
INFO: [ app_init ] --START--
INFO: Run Behavior\BuildLiteBehavior [ RunTime:0.000019s ]
INFO: [ app_init ] --END-- [ RunTime:0.000353s ]
ERR: Êó†Ê≥ïÂä†ËΩΩÊ®°Âùó:Hudson

[ 2016-05-15T07:52:43+08:00 ] 121.42.0.16 /phpsysinfo/index.php?disp=dynamic
INFO: [ app_init ] --START--
INFO: Run Behavior\BuildLiteBehavior [ RunTime:0.000014s ]
INFO: [ app_init ] --END-- [ RunTime:0.000305s ]
ERR: Êó†Ê≥ïÂä†ËΩΩÊ®°Âùó:Phpsysinfo

[ 2016-05-15T07:52:46+08:00 ] 121.42.0.16 /phpsysinfo/index.php?disp=dynamic
INFO: [ app_init ] --START--
INFO: Run Behavior\BuildLiteBehavior [ RunTime:0.000014s ]
INFO: [ app_init ] --END-- [ RunTime:0.000347s ]
ERR: Êó†Ê≥ïÂä†ËΩΩÊ®°Âùó:Phpsysinfo

[ 2016-05-15T07:53:06+08:00 ] 121.42.0.16 /'%22/%3E%3C/script%3E%3Cscript%3Ealert()%3C/script%3E
INFO: [ app_init ] --START--
INFO: Run Behavior\BuildLiteBehavior [ RunTime:0.000015s ]
INFO: [ app_init ] --END-- [ RunTime:0.000352s ]
ERR: Êó†Ê≥ïÂä†ËΩΩÊ®°Âùó:'"

[ 2016-05-15T07:53:12+08:00 ] 121.42.0.16 /%27%22%2f%3E%3C%2fscript%3E%3Cscript%3Ealert%28%29%3C%2fscript%3E
INFO: [ app_init ] --START--
INFO: Run Behavior\BuildLiteBehavior [ RunTime:0.000017s ]
INFO: [ app_init ] --END-- [ RunTime:0.000319s ]
ERR: Êó†Ê≥ïÂä†ËΩΩÊ®°Âùó:Errpage

[ 2016-05-15T07:53:14+08:00 ] 121.42.0.16 /%2527%2522%252f%253E%253C%252fscript%253E%253Cscript%253Ealert%2528%2529%253C%252fscript%253E
INFO: [ app_init ] --START--
INFO: Run Behavior\BuildLiteBehavior [ RunTime:0.000020s ]
INFO: [ app_init ] --END-- [ RunTime:0.000357s ]
ERR: Êó†Ê≥ïÂä†ËΩΩÊ®°Âùó:Errpage

[ 2016-05-15T07:53:20+08:00 ] 121.42.0.16 /'%22/%3E%3C/script%3E%3Cscript%3Ealert()%3C/script%3E/?.tmp=t
INFO: [ app_init ] --START--
INFO: Run Behavior\BuildLiteBehavior [ RunTime:0.000014s ]
INFO: [ app_init ] --END-- [ RunTime:0.000338s ]
ERR: Êó†Ê≥ïÂä†ËΩΩÊ®°Âùó:'"

[ 2016-05-15T07:53:23+08:00 ] 121.42.0.16 /%27%22%2f%3E%3C%2fscript%3E%3Cscript%3Ealert%28%29%3C%2fscript%3E/?.tmp=t
INFO: [ app_init ] --START--
INFO: Run Behavior\BuildLiteBehavior [ RunTime:0.000015s ]
INFO: [ app_init ] --END-- [ RunTime:0.000313s ]
ERR: Êó†Ê≥ïÂä†ËΩΩÊ®°Âùó:Errpage

[ 2016-05-15T07:53:26+08:00 ] 121.42.0.16 /%2527%2522%252f%253E%253C%252fscript%253E%253Cscript%253Ealert%2528%2529%253C%252fscript%253E/?.tmp=t
INFO: [ app_init ] --START--
INFO: Run Behavior\BuildLiteBehavior [ RunTime:0.000019s ]
INFO: [ app_init ] --END-- [ RunTime:0.000320s ]
ERR: Êó†Ê≥ïÂä†ËΩΩÊ®°Âùó:Errpage

[ 2016-05-15T07:53:28+08:00 ] 121.42.0.16 /'%22+onmouseover=alert()+d='%22
INFO: [ app_init ] --START--
INFO: Run Behavior\BuildLiteBehavior [ RunTime:0.000015s ]
INFO: [ app_init ] --END-- [ RunTime:0.000341s ]
ERR: Êó†Ê≥ïÂä†ËΩΩÊ®°Âùó:'"+onmouseover=alert()+d='"

[ 2016-05-15T07:53:31+08:00 ] 121.42.0.16 /%27%22%20onmouseover%3Dalert%28%29%20d%3D%27%22
INFO: [ app_init ] --START--
INFO: Run Behavior\BuildLiteBehavior [ RunTime:0.000014s ]
INFO: [ app_init ] --END-- [ RunTime:0.000309s ]
ERR: Êó†Ê≥ïÂä†ËΩΩÊ®°Âùó:'" onmouseover=alert() d='"

[ 2016-05-15T07:53:34+08:00 ] 121.42.0.16 /%2527%2522%2520onmouseover%253Dalert%2528%2529%2520d%253D%2527%2522
INFO: [ app_init ] --START--
INFO: Run Behavior\BuildLiteBehavior [ RunTime:0.000016s ]
INFO: [ app_init ] --END-- [ RunTime:0.000357s ]
ERR: Êó†Ê≥ïÂä†ËΩΩÊ®°Âùó:'" onmouseover=alert() d='"

[ 2016-05-15T07:53:37+08:00 ] 121.42.0.16 /'%22+onmouseover=alert()+d='%22/?.tmp=t
INFO: [ app_init ] --START--
INFO: Run Behavior\BuildLiteBehavior [ RunTime:0.000014s ]
INFO: [ app_init ] --END-- [ RunTime:0.000308s ]
ERR: Êó†Ê≥ïÂä†ËΩΩÊ®°Âùó:'"+onmouseover=alert()+d='"

[ 2016-05-15T07:53:45+08:00 ] 121.42.0.16 /%27%22%20onmouseover%3Dalert%28%29%20d%3D%27%22/?.tmp=t
INFO: [ app_init ] --START--
INFO: Run Behavior\BuildLiteBehavior [ RunTime:0.000018s ]
INFO: [ app_init ] --END-- [ RunTime:0.000325s ]
ERR: Êó†Ê≥ïÂä†ËΩΩÊ®°Âùó:'" onmouseover=alert() d='"

[ 2016-05-15T07:53:48+08:00 ] 121.42.0.16 /%2527%2522%2520onmouseover%253Dalert%2528%2529%2520d%253D%2527%2522/?.tmp=t
INFO: [ app_init ] --START--
INFO: Run Behavior\BuildLiteBehavior [ RunTime:0.000014s ]
INFO: [ app_init ] --END-- [ RunTime:0.000307s ]
ERR: Êó†Ê≥ïÂä†ËΩΩÊ®°Âùó:'" onmouseover=alert() d='"

[ 2016-05-15T07:53:50+08:00 ] 121.42.0.16 /'%22+style=x:expression(alert())+d='%22
INFO: [ app_init ] --START--
INFO: Run Behavior\BuildLiteBehavior [ RunTime:0.000015s ]
INFO: [ app_init ] --END-- [ RunTime:0.000350s ]
ERR: Êó†Ê≥ïÂä†ËΩΩÊ®°Âùó:'"+style=x:expression(alert())+d='"

[ 2016-05-15T07:53:55+08:00 ] 121.42.0.16 /%27%22%20style%3dx%3Aexpression%28alert%28%29%29%20d%3D%27%22
INFO: [ app_init ] --START--
INFO: Run Behavior\BuildLiteBehavior [ RunTime:0.000014s ]
INFO: [ app_init ] --END-- [ RunTime:0.000305s ]
ERR: Êó†Ê≥ïÂä†ËΩΩÊ®°Âùó:'" style=x:expression(alert()) d='"

[ 2016-05-15T07:53:58+08:00 ] 121.42.0.16 /%2527%2522%2520style%253dx%253Aexpression%2528alert%2528%2529%2529%2520d%253D%2527%2522
INFO: [ app_init ] --START--
INFO: Run Behavior\BuildLiteBehavior [ RunTime:0.000014s ]
INFO: [ app_init ] --END-- [ RunTime:0.000303s ]
ERR: Êó†Ê≥ïÂä†ËΩΩÊ®°Âùó:'" style=x:expression(alert()) d='"

[ 2016-05-15T07:54:00+08:00 ] 121.42.0.16 /'%22+style=x:expression(alert())+d='%22/?.tmp=t
INFO: [ app_init ] --START--
INFO: Run Behavior\BuildLiteBehavior [ RunTime:0.000015s ]
INFO: [ app_init ] --END-- [ RunTime:0.000319s ]
ERR: Êó†Ê≥ïÂä†ËΩΩÊ®°Âùó:'"+style=x:expression(alert())+d='"

[ 2016-05-15T07:54:03+08:00 ] 121.42.0.16 /%27%22%20style%3dx%3Aexpression%28alert%28%29%29%20d%3D%27%22/?.tmp=t
INFO: [ app_init ] --START--
INFO: Run Behavior\BuildLiteBehavior [ RunTime:0.000014s ]
INFO: [ app_init ] --END-- [ RunTime:0.000328s ]
ERR: Êó†Ê≥ïÂä†ËΩΩÊ®°Âùó:'" style=x:expression(alert()) d='"

[ 2016-05-15T07:54:05+08:00 ] 121.42.0.16 /%2527%2522%2520style%253dx%253Aexpression%2528alert%2528%2529%2529%2520d%253D%2527%2522/?.tmp=t
INFO: [ app_init ] --START--
INFO: Run Behavior\BuildLiteBehavior [ RunTime:0.000015s ]
INFO: [ app_init ] --END-- [ RunTime:0.000308s ]
ERR: Êó†Ê≥ïÂä†ËΩΩÊ®°Âùó:'" style=x:expression(alert()) d='"

[ 2016-05-15T07:54:28+08:00 ] 121.42.0.16 /www/admin/index.php
INFO: [ app_init ] --START--
INFO: Run Behavior\BuildLiteBehavior [ RunTime:0.000020s ]
INFO: [ app_init ] --END-- [ RunTime:0.000352s ]
ERR: Êó†Ê≥ïÂä†ËΩΩÊ®°Âùó:Www

[ 2016-05-15T07:54:35+08:00 ] 121.42.0.16 /.bzr/branch-format
INFO: [ app_init ] --START--
INFO: Run Behavior\BuildLiteBehavior [ RunTime:0.000015s ]
INFO: [ app_init ] --END-- [ RunTime:0.000353s ]
ERR: Êó†Ê≥ïÂä†ËΩΩÊ®°Âùó:.bzr

[ 2016-05-15T07:54:41+08:00 ] 121.42.0.16 /.bzr/branch-format
INFO: [ app_init ] --START--
INFO: Run Behavior\BuildLiteBehavior [ RunTime:0.000014s ]
INFO: [ app_init ] --END-- [ RunTime:0.000329s ]
ERR: Êó†Ê≥ïÂä†ËΩΩÊ®°Âùó:.bzr

[ 2016-05-15T07:54:44+08:00 ] 121.42.0.16 /bin/
INFO: [ app_init ] --START--
INFO: Run Behavior\BuildLiteBehavior [ RunTime:0.000014s ]
INFO: [ app_init ] --END-- [ RunTime:0.000306s ]
ERR: Êó†Ê≥ïÂä†ËΩΩÊ®°Âùó:Bin

[ 2016-05-15T07:55:29+08:00 ] 121.42.0.16 /bin/
INFO: [ app_init ] --START--
INFO: Run Behavior\BuildLiteBehavior [ RunTime:0.000014s ]
INFO: [ app_init ] --END-- [ RunTime:0.000305s ]
ERR: Êó†Ê≥ïÂä†ËΩΩÊ®°Âùó:Bin

[ 2016-05-15T07:55:58+08:00 ] 121.42.0.16 /downloads/
INFO: [ app_init ] --START--
INFO: Run Behavior\BuildLiteBehavior [ RunTime:0.000022s ]
INFO: [ app_init ] --END-- [ RunTime:0.000541s ]
ERR: Êó†Ê≥ïÂä†ËΩΩÊ®°Âùó:Downloads

[ 2016-05-15T07:56:35+08:00 ] 121.42.0.16 /downloads/
INFO: [ app_init ] --START--
INFO: Run Behavior\BuildLiteBehavior [ RunTime:0.000012s ]
INFO: [ app_init ] --END-- [ RunTime:0.000299s ]
ERR: Êó†Ê≥ïÂä†ËΩΩÊ®°Âùó:Downloads

[ 2016-05-15T07:56:56+08:00 ] 121.42.0.16 /download/
INFO: [ app_init ] --START--
INFO: Run Behavior\BuildLiteBehavior [ RunTime:0.000015s ]
INFO: [ app_init ] --END-- [ RunTime:0.000304s ]
ERR: Êó†Ê≥ïÂä†ËΩΩÊ®°Âùó:Download

[ 2016-05-15T07:57:04+08:00 ] 121.42.0.16 /download/
INFO: [ app_init ] --START--
INFO: Run Behavior\BuildLiteBehavior [ RunTime:0.000015s ]
INFO: [ app_init ] --END-- [ RunTime:0.000310s ]
ERR: Êó†Ê≥ïÂä†ËΩΩÊ®°Âùó:Download

[ 2016-05-15T07:58:52+08:00 ] 121.42.0.16 /uc_server/uctools.php
INFO: [ app_init ] --START--
INFO: Run Behavior\BuildLiteBehavior [ RunTime:0.000014s ]
INFO: [ app_init ] --END-- [ RunTime:0.000349s ]
ERR: Êó†Ê≥ïÂä†ËΩΩÊ®°Âùó:Uc_server

[ 2016-05-15T07:59:05+08:00 ] 121.42.0.16 /CVS/Root
INFO: [ app_init ] --START--
INFO: Run Behavior\BuildLiteBehavior [ RunTime:0.000014s ]
INFO: [ app_init ] --END-- [ RunTime:0.000311s ]
ERR: Êó†Ê≥ïÂä†ËΩΩÊ®°Âùó:CVS

[ 2016-05-15T07:59:12+08:00 ] 121.42.0.16 /CVS/Root
INFO: [ app_init ] --START--
INFO: Run Behavior\BuildLiteBehavior [ RunTime:0.000014s ]
INFO: [ app_init ] --END-- [ RunTime:0.000306s ]
ERR: Êó†Ê≥ïÂä†ËΩΩÊ®°Âùó:CVS

[ 2016-05-15T07:59:27+08:00 ] 121.42.0.16 /.hg/requires
INFO: [ app_init ] --START--
INFO: Run Behavior\BuildLiteBehavior [ RunTime:0.000014s ]
INFO: [ app_init ] --END-- [ RunTime:0.000306s ]
ERR: Êó†Ê≥ïÂä†ËΩΩÊ®°Âùó:.hg

[ 2016-05-15T07:59:31+08:00 ] 121.42.0.16 /.hg/requires
INFO: [ app_init ] --START--
INFO: Run Behavior\BuildLiteBehavior [ RunTime:0.000014s ]
INFO: [ app_init ] --END-- [ RunTime:0.000327s ]
ERR: Êó†Ê≥ïÂä†ËΩΩÊ®°Âùó:.hg

[ 2016-05-15T07:59:54+08:00 ] 121.42.0.16 /uploads/
INFO: [ app_init ] --START--
INFO: Run Behavior\BuildLiteBehavior [ RunTime:0.000020s ]
INFO: [ app_init ] --END-- [ RunTime:0.000490s ]
ERR: Êó†Ê≥ïÂä†ËΩΩÊ®°Âùó:Uploads

[ 2016-05-15T08:00:00+08:00 ] 121.42.0.16 /uploads/
INFO: [ app_init ] --START--
INFO: Run Behavior\BuildLiteBehavior [ RunTime:0.000017s ]
INFO: [ app_init ] --END-- [ RunTime:0.000356s ]
ERR: Êó†Ê≥ïÂä†ËΩΩÊ®°Âùó:Uploads

[ 2016-05-15T08:00:19+08:00 ] 121.42.0.16 /backup/
INFO: [ app_init ] --START--
INFO: Run Behavior\BuildLiteBehavior [ RunTime:0.000014s ]
INFO: [ app_init ] --END-- [ RunTime:0.000324s ]
ERR: Êó†Ê≥ïÂä†ËΩΩÊ®°Âùó:Backup

[ 2016-05-15T08:00:22+08:00 ] 121.42.0.16 /backup/
INFO: [ app_init ] --START--
INFO: Run Behavior\BuildLiteBehavior [ RunTime:0.000015s ]
INFO: [ app_init ] --END-- [ RunTime:0.000311s ]
ERR: Êó†Ê≥ïÂä†ËΩΩÊ®°Âùó:Backup

[ 2016-05-15T08:00:25+08:00 ] 121.42.0.16 /web/
INFO: [ app_init ] --START--
INFO: Run Behavior\BuildLiteBehavior [ RunTime:0.000015s ]
INFO: [ app_init ] --END-- [ RunTime:0.000310s ]
ERR: Êó†Ê≥ïÂä†ËΩΩÊ®°Âùó:Web

[ 2016-05-15T08:00:31+08:00 ] 121.42.0.16 /web/
INFO: [ app_init ] --START--
INFO: Run Behavior\BuildLiteBehavior [ RunTime:0.000020s ]
INFO: [ app_init ] --END-- [ RunTime:0.000767s ]
ERR: Êó†Ê≥ïÂä†ËΩΩÊ®°Âùó:Web

[ 2016-05-15T08:00:37+08:00 ] 121.42.0.16 /uploadfiles/
INFO: [ app_init ] --START--
INFO: Run Behavior\BuildLiteBehavior [ RunTime:0.000014s ]
INFO: [ app_init ] --END-- [ RunTime:0.000309s ]
ERR: Êó†Ê≥ïÂä†ËΩΩÊ®°Âùó:Uploadfiles

[ 2016-05-15T08:00:40+08:00 ] 121.42.0.16 /uploadfiles/
INFO: [ app_init ] --START--
INFO: Run Behavior\BuildLiteBehavior [ RunTime:0.000015s ]
INFO: [ app_init ] --END-- [ RunTime:0.000315s ]
ERR: Êó†Ê≥ïÂä†ËΩΩÊ®°Âùó:Uploadfiles

[ 2016-05-15T08:00:43+08:00 ] 121.42.0.16 /uploadfile/
INFO: [ app_init ] --START--
INFO: Run Behavior\BuildLiteBehavior [ RunTime:0.000016s ]
INFO: [ app_init ] --END-- [ RunTime:0.000368s ]
ERR: Êó†Ê≥ïÂä†ËΩΩÊ®°Âùó:Uploadfile

[ 2016-05-15T08:00:52+08:00 ] 121.42.0.16 /uploadfile/
INFO: [ app_init ] --START--
INFO: Run Behavior\BuildLiteBehavior [ RunTime:0.000014s ]
INFO: [ app_init ] --END-- [ RunTime:0.000306s ]
ERR: Êó†Ê≥ïÂä†ËΩΩÊ®°Âùó:Uploadfile

[ 2016-05-15T08:00:55+08:00 ] 121.42.0.16 /upfiles/
INFO: [ app_init ] --START--
INFO: Run Behavior\BuildLiteBehavior [ RunTime:0.000015s ]
INFO: [ app_init ] --END-- [ RunTime:0.000310s ]
ERR: Êó†Ê≥ïÂä†ËΩΩÊ®°Âùó:Upfiles

[ 2016-05-15T08:00:57+08:00 ] 121.42.0.16 /upfiles/
INFO: [ app_init ] --START--
INFO: Run Behavior\BuildLiteBehavior [ RunTime:0.000015s ]
INFO: [ app_init ] --END-- [ RunTime:0.000352s ]
ERR: Êó†Ê≥ïÂä†ËΩΩÊ®°Âùó:Upfiles

[ 2016-05-15T08:01:00+08:00 ] 121.42.0.16 /upfile/
INFO: [ app_init ] --START--
INFO: Run Behavior\BuildLiteBehavior [ RunTime:0.000016s ]
INFO: [ app_init ] --END-- [ RunTime:0.000310s ]
ERR: Êó†Ê≥ïÂä†ËΩΩÊ®°Âùó:Upfile

[ 2016-05-15T08:01:03+08:00 ] 121.42.0.16 /upfile/
INFO: [ app_init ] --START--
INFO: Run Behavior\BuildLiteBehavior [ RunTime:0.000015s ]
INFO: [ app_init ] --END-- [ RunTime:0.000305s ]
ERR: Êó†Ê≥ïÂä†ËΩΩÊ®°Âùó:Upfile

[ 2016-05-15T08:01:16+08:00 ] 121.42.0.16 /htdocs/
INFO: [ app_init ] --START--
INFO: Run Behavior\BuildLiteBehavior [ RunTime:0.000015s ]
INFO: [ app_init ] --END-- [ RunTime:0.000333s ]
ERR: Êó†Ê≥ïÂä†ËΩΩÊ®°Âùó:Htdocs

[ 2016-05-15T08:01:17+08:00 ] 121.42.0.16 /htdocs/
INFO: [ app_init ] --START--
INFO: Run Behavior\BuildLiteBehavior [ RunTime:0.000014s ]
INFO: [ app_init ] --END-- [ RunTime:0.000304s ]
ERR: Êó†Ê≥ïÂä†ËΩΩÊ®°Âùó:Htdocs

[ 2016-05-15T08:01:20+08:00 ] 121.42.0.16 /WebResource.axd
INFO: [ app_init ] --START--
INFO: Run Behavior\BuildLiteBehavior [ RunTime:0.000015s ]
INFO: [ app_init ] --END-- [ RunTime:0.000354s ]
ERR: Êó†Ê≥ïÂä†ËΩΩÊ®°Âùó:WebResource

[ 2016-05-15T08:01:22+08:00 ] 121.42.0.16 /WebResource.axd?d=LENSTEST&t=LENSTEST
INFO: [ app_init ] --START--
INFO: Run Behavior\BuildLiteBehavior [ RunTime:0.000018s ]
INFO: [ app_init ] --END-- [ RunTime:0.000324s ]
ERR: Êó†Ê≥ïÂä†ËΩΩÊ®°Âùó:WebResource

[ 2016-05-15T08:01:25+08:00 ] 121.42.0.16 /upload/
INFO: [ app_init ] --START--
INFO: Run Behavior\BuildLiteBehavior [ RunTime:0.000014s ]
INFO: [ app_init ] --END-- [ RunTime:0.000329s ]
ERR: Êó†Ê≥ïÂä†ËΩΩÊ®°Âùó:Upload

[ 2016-05-15T08:28:43+08:00 ] 121.42.0.16 /solr/
INFO: [ app_init ] --START--
INFO: Run Behavior\BuildLiteBehavior [ RunTime:0.000014s ]
INFO: [ app_init ] --END-- [ RunTime:0.000343s ]
ERR: Êó†Ê≥ïÂä†ËΩΩÊ®°Âùó:Solr

[ 2016-05-15T08:33:11+08:00 ] 121.42.0.16 /uc_server/uctools.php
INFO: [ app_init ] --START--
INFO: Run Behavior\BuildLiteBehavior [ RunTime:0.000018s ]
INFO: [ app_init ] --END-- [ RunTime:0.000315s ]
ERR: Êó†Ê≥ïÂä†ËΩΩÊ®°Âùó:Uc_server

[ 2016-05-15T08:35:22+08:00 ] 121.42.0.16 /upload/
INFO: [ app_init ] --START--
INFO: Run Behavior\BuildLiteBehavior [ RunTime:0.000015s ]
INFO: [ app_init ] --END-- [ RunTime:0.000337s ]
ERR: Êó†Ê≥ïÂä†ËΩΩÊ®°Âùó:Upload

[ 2016-05-15T08:35:35+08:00 ] 121.42.0.16 /db/
INFO: [ app_init ] --START--
INFO: Run Behavior\BuildLiteBehavior [ RunTime:0.000014s ]
INFO: [ app_init ] --END-- [ RunTime:0.000306s ]
ERR: Êó†Ê≥ïÂä†ËΩΩÊ®°Âùó:Db

[ 2016-05-15T08:35:48+08:00 ] 121.42.0.16 /db/
INFO: [ app_init ] --START--
INFO: Run Behavior\BuildLiteBehavior [ RunTime:0.000082s ]
INFO: [ app_init ] --END-- [ RunTime:0.000388s ]
ERR: Êó†Ê≥ïÂä†ËΩΩÊ®°Âùó:Db

[ 2016-05-15T08:36:45+08:00 ] 121.42.0.16 /log/
INFO: [ app_init ] --START--
INFO: Run Behavior\BuildLiteBehavior [ RunTime:0.000015s ]
INFO: [ app_init ] --END-- [ RunTime:0.000310s ]
ERR: Êó†Ê≥ïÂä†ËΩΩÊ®°Âùó:Log

[ 2016-05-15T08:36:56+08:00 ] 121.42.0.16 /log/
INFO: [ app_init ] --START--
INFO: Run Behavior\BuildLiteBehavior [ RunTime:0.000022s ]
INFO: [ app_init ] --END-- [ RunTime:0.000488s ]
ERR: Êó†Ê≥ïÂä†ËΩΩÊ®°Âùó:Log

[ 2016-05-15T08:37:01+08:00 ] 121.42.0.16 /logs/
INFO: [ app_init ] --START--
INFO: Run Behavior\BuildLiteBehavior [ RunTime:0.000015s ]
INFO: [ app_init ] --END-- [ RunTime:0.000315s ]
ERR: Êó†Ê≥ïÂä†ËΩΩÊ®°Âùó:Logs

[ 2016-05-15T08:37:23+08:00 ] 121.42.0.16 /logs/
INFO: [ app_init ] --START--
INFO: Run Behavior\BuildLiteBehavior [ RunTime:0.000014s ]
INFO: [ app_init ] --END-- [ RunTime:0.000302s ]
ERR: Êó†Ê≥ïÂä†ËΩΩÊ®°Âùó:Logs

[ 2016-05-15T08:37:28+08:00 ] 121.42.0.16 /config/
INFO: [ app_init ] --START--
INFO: Run Behavior\BuildLiteBehavior [ RunTime:0.000015s ]
INFO: [ app_init ] --END-- [ RunTime:0.000313s ]
ERR: Êó†Ê≥ïÂä†ËΩΩÊ®°Âùó:Config

[ 2016-05-15T08:37:52+08:00 ] 121.42.0.16 /config/
INFO: [ app_init ] --START--
INFO: Run Behavior\BuildLiteBehavior [ RunTime:0.000016s ]
INFO: [ app_init ] --END-- [ RunTime:0.000360s ]
ERR: Êó†Ê≥ïÂä†ËΩΩÊ®°Âùó:Config

[ 2016-05-15T08:38:13+08:00 ] 121.42.0.16 /jmx-console/
INFO: [ app_init ] --START--
INFO: Run Behavior\BuildLiteBehavior [ RunTime:0.000014s ]
INFO: [ app_init ] --END-- [ RunTime:0.000507s ]
ERR: Êó†Ê≥ïÂä†ËΩΩÊ®°Âùó:Jmx-console

[ 2016-05-15T08:38:19+08:00 ] 121.42.0.16 /web-console/
INFO: [ app_init ] --START--
INFO: Run Behavior\BuildLiteBehavior [ RunTime:0.000015s ]
INFO: [ app_init ] --END-- [ RunTime:0.000313s ]
ERR: Êó†Ê≥ïÂä†ËΩΩÊ®°Âùó:Web-console

[ 2016-05-15T08:38:59+08:00 ] 121.42.0.16 /bigdump.php
INFO: [ app_init ] --START--
INFO: Run Behavior\BuildLiteBehavior [ RunTime:0.000020s ]
INFO: [ app_init ] --END-- [ RunTime:0.000421s ]
ERR: Êó†Ê≥ïÂä†ËΩΩÊ®°Âùó:Bigdump

[ 2016-05-15T08:39:06+08:00 ] 121.42.0.16 /cgi-bin/authlogin.cgi
INFO: [ app_init ] --START--
INFO: Run Behavior\BuildLiteBehavior [ RunTime:0.000014s ]
INFO: [ app_init ] --END-- [ RunTime:0.000311s ]
ERR: Êó†Ê≥ïÂä†ËΩΩÊ®°Âùó:Errpage

[ 2016-05-15T08:39:28+08:00 ] 121.42.0.16 /cgi-bin/it.cgi
INFO: [ app_init ] --START--
INFO: Run Behavior\BuildLiteBehavior [ RunTime:0.000016s ]
INFO: [ app_init ] --END-- [ RunTime:0.000319s ]
ERR: Êó†Ê≥ïÂä†ËΩΩÊ®°Âùó:Errpage

[ 2016-05-15T08:39:36+08:00 ] 121.42.0.16 /cgi-sys/defaultwebpage.cgi
INFO: [ app_init ] --START--
INFO: Run Behavior\BuildLiteBehavior [ RunTime:0.000016s ]
INFO: [ app_init ] --END-- [ RunTime:0.000415s ]
ERR: Êó†Ê≥ïÂä†ËΩΩÊ®°Âùó:Cgi-sys

[ 2016-05-15T08:39:39+08:00 ] 121.42.0.16 /cgi-sys/FormMail-clone.cgi
INFO: [ app_init ] --START--
INFO: Run Behavior\BuildLiteBehavior [ RunTime:0.000014s ]
INFO: [ app_init ] --END-- [ RunTime:0.000307s ]
ERR: Êó†Ê≥ïÂä†ËΩΩÊ®°Âùó:Cgi-sys

[ 2016-05-15T08:39:53+08:00 ] 121.42.0.16 /xampp/cgi.cgi
INFO: [ app_init ] --START--
INFO: Run Behavior\BuildLiteBehavior [ RunTime:0.000018s ]
INFO: [ app_init ] --END-- [ RunTime:0.000356s ]
ERR: Êó†Ê≥ïÂä†ËΩΩÊ®°Âùó:Xampp

[ 2016-05-15T08:39:55+08:00 ] 121.42.0.16 /index.php?m=Public&a=login
INFO: [ app_init ] --START--
INFO: Run Behavior\BuildLiteBehavior [ RunTime:0.000015s ]
INFO: [ app_init ] --END-- [ RunTime:0.000313s ]
ERR: Êó†Ê≥ïÂä†ËΩΩÊ®°Âùó:Public

[ 2016-05-15T08:40:04+08:00 ] 121.42.0.16 /adminer.php
INFO: [ app_init ] --START--
INFO: Run Behavior\BuildLiteBehavior [ RunTime:0.000015s ]
INFO: [ app_init ] --END-- [ RunTime:0.000369s ]
ERR: Êó†Ê≥ïÂä†ËΩΩÊ®°Âùó:Adminer

[ 2016-05-15T08:40:07+08:00 ] 121.42.0.16 /adminer.php
INFO: [ app_init ] --START--
INFO: Run Behavior\BuildLiteBehavior [ RunTime:0.000014s ]
INFO: [ app_init ] --END-- [ RunTime:0.000306s ]
ERR: Êó†Ê≥ïÂä†ËΩΩÊ®°Âùó:Adminer

[ 2016-05-15T08:40:15+08:00 ] 121.42.0.16 /phpinfo.php
INFO: [ app_init ] --START--
INFO: Run Behavior\BuildLiteBehavior [ RunTime:0.000015s ]
INFO: [ app_init ] --END-- [ RunTime:0.000326s ]
ERR: Êó†Ê≥ïÂä†ËΩΩÊ®°Âùó:Phpinfo

[ 2016-05-15T08:40:17+08:00 ] 121.42.0.16 /info.php
INFO: [ app_init ] --START--
INFO: Run Behavior\BuildLiteBehavior [ RunTime:0.000014s ]
INFO: [ app_init ] --END-- [ RunTime:0.000331s ]
ERR: Êó†Ê≥ïÂä†ËΩΩÊ®°Âùó:Info

[ 2016-05-15T08:40:20+08:00 ] 121.42.0.16 /php.php
INFO: [ app_init ] --START--
INFO: Run Behavior\BuildLiteBehavior [ RunTime:0.000014s ]
INFO: [ app_init ] --END-- [ RunTime:0.000307s ]
ERR: Êó†Ê≥ïÂä†ËΩΩÊ®°Âùó:Php

[ 2016-05-15T08:40:22+08:00 ] 121.42.0.16 /test.php
INFO: [ app_init ] --START--
INFO: Run Behavior\BuildLiteBehavior [ RunTime:0.000014s ]
INFO: [ app_init ] --END-- [ RunTime:0.000307s ]
ERR: Êó†Ê≥ïÂä†ËΩΩÊ®°Âùó:Test

[ 2016-05-15T08:40:25+08:00 ] 121.42.0.16 /show.php
INFO: [ app_init ] --START--
INFO: Run Behavior\BuildLiteBehavior [ RunTime:0.000014s ]
INFO: [ app_init ] --END-- [ RunTime:0.000321s ]
ERR: Êó†Ê≥ïÂä†ËΩΩÊ®°Âùó:Show

[ 2016-05-15T08:40:34+08:00 ] 121.42.0.16 /a.php
INFO: [ app_init ] --START--
INFO: Run Behavior\BuildLiteBehavior [ RunTime:0.000026s ]
INFO: [ app_init ] --END-- [ RunTime:0.000494s ]
ERR: Êó†Ê≥ïÂä†ËΩΩÊ®°Âùó:A

[ 2016-05-15T08:40:44+08:00 ] 121.42.0.16 /1.php
INFO: [ app_init ] --START--
INFO: Run Behavior\BuildLiteBehavior [ RunTime:0.000016s ]
INFO: [ app_init ] --END-- [ RunTime:0.000316s ]
ERR: Êó†Ê≥ïÂä†ËΩΩÊ®°Âùó:1

[ 2016-05-15T08:40:46+08:00 ] 121.42.0.16 /u.php?act=phpinfo
INFO: [ app_init ] --START--
INFO: Run Behavior\BuildLiteBehavior [ RunTime:0.000020s ]
INFO: [ app_init ] --END-- [ RunTime:0.000324s ]
ERR: Êó†Ê≥ïÂä†ËΩΩÊ®°Âùó:U

[ 2016-05-15T08:40:49+08:00 ] 121.42.0.16 /l.php?act=phpinfo
INFO: [ app_init ] --START--
INFO: Run Behavior\BuildLiteBehavior [ RunTime:0.000015s ]
INFO: [ app_init ] --END-- [ RunTime:0.000307s ]
ERR: Êó†Ê≥ïÂä†ËΩΩÊ®°Âùó:L

[ 2016-05-15T08:41:01+08:00 ] 121.42.0.16 /tz.php?act=phpinfo
INFO: [ app_init ] --START--
INFO: Run Behavior\BuildLiteBehavior [ RunTime:0.000013s ]
INFO: [ app_init ] --END-- [ RunTime:0.000306s ]
ERR: Êó†Ê≥ïÂä†ËΩΩÊ®°Âùó:Tz

[ 2016-05-15T08:41:13+08:00 ] 121.42.0.16 /app/dev/svinfo.php?phpinfo=true
INFO: [ app_init ] --START--
INFO: Run Behavior\BuildLiteBehavior [ RunTime:0.000015s ]
INFO: [ app_init ] --END-- [ RunTime:0.000346s ]
ERR: Êó†Ê≥ïÂä†ËΩΩÊ®°Âùó:App

[ 2016-05-15T08:41:26+08:00 ] 121.42.0.16 /install/svinfo.php?phpinfo=true
INFO: [ app_init ] --START--
INFO: Run Behavior\BuildLiteBehavior [ RunTime:0.000014s ]
INFO: [ app_init ] --END-- [ RunTime:0.000334s ]
ERR: Êó†Ê≥ïÂä†ËΩΩÊ®°Âùó:Install

[ 2016-05-15T08:42:05+08:00 ] 121.42.0.16 /data/
INFO: [ app_init ] --START--
INFO: Run Behavior\BuildLiteBehavior [ RunTime:0.000015s ]
INFO: [ app_init ] --END-- [ RunTime:0.000309s ]
ERR: Êó†Ê≥ïÂä†ËΩΩÊ®°Âùó:Data

[ 2016-05-15T08:42:59+08:00 ] 121.42.0.16 /data/
INFO: [ app_init ] --START--
INFO: Run Behavior\BuildLiteBehavior [ RunTime:0.000014s ]
INFO: [ app_init ] --END-- [ RunTime:0.000306s ]
ERR: Êó†Ê≥ïÂä†ËΩΩÊ®°Âùó:Data

[ 2016-05-15T08:44:17+08:00 ] 121.42.0.16 /%c0%ae%c0%ae%2f%c0%ae%c0%ae%2f%c0%ae%c0%ae%2f%c0%ae%c0%ae%2f%c0%ae%c0%ae%2f%c0%ae%c0%ae%2f%c0%ae%c0%ae%2fetc%2fpasswd
INFO: [ app_init ] --START--
INFO: Run Behavior\BuildLiteBehavior [ RunTime:0.000016s ]
INFO: [ app_init ] --END-- [ RunTime:0.000315s ]
ERR: Êó†Ê≥ïÂä†ËΩΩÊ®°Âùó:Errpage

[ 2016-05-15T08:44:19+08:00 ] 121.42.0.16 /%c0%ae%c0%ae%2f%c0%ae%c0%ae%2f%c0%ae%c0%ae%2f%c0%ae%c0%ae%2f%c0%ae%c0%ae%2f%c0%ae%c0%ae%2f%c0%ae%c0%ae%2fwindows%2Fwin.ini
INFO: [ app_init ] --START--
INFO: Run Behavior\BuildLiteBehavior [ RunTime:0.000017s ]
INFO: [ app_init ] --END-- [ RunTime:0.000320s ]
ERR: Êó†Ê≥ïÂä†ËΩΩÊ®°Âùó:Errpage

[ 2016-05-15T08:44:22+08:00 ] 121.42.0.16 /..%c0%af..%c0%af..%c0%af..%c0%af..%c0%af..%c0%af..%c0%af..%c0%afetc%c0%afpasswd
INFO: [ app_init ] --START--
INFO: Run Behavior\BuildLiteBehavior [ RunTime:0.000014s ]
INFO: [ app_init ] --END-- [ RunTime:0.000334s ]
ERR: Êó†Ê≥ïÂä†ËΩΩÊ®°Âùó:..¿Ø..¿Ø..¿Ø..¿Ø..¿Ø..¿Ø..¿Ø.

[ 2016-05-15T08:44:25+08:00 ] 121.42.0.16 /..%c0%af..%c0%af..%c0%af..%c0%af..%c0%af..%c0%af..%c0%af..%c0%afwindows%c0%afwin.ini
INFO: [ app_init ] --START--
INFO: Run Behavior\BuildLiteBehavior [ RunTime:0.000019s ]
INFO: [ app_init ] --END-- [ RunTime:0.000386s ]
ERR: Êó†Ê≥ïÂä†ËΩΩÊ®°Âùó:..¿Ø..¿Ø..¿Ø..¿Ø..¿Ø..¿Ø..¿Ø..¿Øwindows¿Øwin

[ 2016-05-15T08:44:28+08:00 ] 121.42.0.16 /%c0%ae%c0%ae/%c0%ae%c0%ae/%c0%ae%c0%ae/%c0%ae%c0%ae/%c0%ae%c0%ae/%c0%ae%c0%ae/%c0%ae%c0%ae/etc/passwd
INFO: [ app_init ] --START--
INFO: Run Behavior\BuildLiteBehavior [ RunTime:0.000014s ]
INFO: [ app_init ] --END-- [ RunTime:0.000307s ]
ERR: Êó†Ê≥ïÂä†ËΩΩÊ®°Âùó:¿Æ¿Æ

[ 2016-05-15T08:44:31+08:00 ] 121.42.0.16 /%c0%ae%c0%ae/%c0%ae%c0%ae/%c0%ae%c0%ae/%c0%ae%c0%ae/%c0%ae%c0%ae/%c0%ae%c0%ae/%c0%ae%c0%ae/windows/win.ini
INFO: [ app_init ] --START--
INFO: Run Behavior\BuildLiteBehavior [ RunTime:0.000014s ]
INFO: [ app_init ] --END-- [ RunTime:0.000319s ]
ERR: Êó†Ê≥ïÂä†ËΩΩÊ®°Âùó:¿Æ¿Æ

[ 2016-05-15T08:44:34+08:00 ] 121.42.0.16 /%5c%2e%2e%2f%5c%2e%2e%2f%5c%2e%2e%2f%5c%2e%2e%2f%5c%2e%2e%2f%5c%2e%2e%2f%5c%2e%2e%2f%5c%2e%2e%2f%5c%2e%2e%2f%5c%2e%2e%2f%5c%2e%2e%2f%5c%2e%2e%2f%5c%2e%2e%2fetc%2fpasswd
INFO: [ app_init ] --START--
INFO: Run Behavior\BuildLiteBehavior [ RunTime:0.000020s ]
INFO: [ app_init ] --END-- [ RunTime:0.000432s ]
ERR: Êó†Ê≥ïÂä†ËΩΩÊ®°Âùó:Errpage

[ 2016-05-15T08:44:37+08:00 ] 121.42.0.16 /%5c%2e%2e%2f%5c%2e%2e%2f%5c%2e%2e%2f%5c%2e%2e%2f%5c%2e%2e%2f%5c%2e%2e%2f%5c%2e%2e%2f%5c%2e%2e%2f%5c%2e%2e%2f%5c%2e%2e%2f%5c%2e%2e%2f%5c%2e%2e%2f%5c%2e%2e%2fwindows%2Fwin.ini
INFO: [ app_init ] --START--
INFO: Run Behavior\BuildLiteBehavior [ RunTime:0.000015s ]
INFO: [ app_init ] --END-- [ RunTime:0.000316s ]
ERR: Êó†Ê≥ïÂä†ËΩΩÊ®°Âùó:Errpage

[ 2016-05-15T08:44:40+08:00 ] 121.42.0.16 /manager/html
INFO: [ app_init ] --START--
INFO: Run Behavior\BuildLiteBehavior [ RunTime:0.000014s ]
INFO: [ app_init ] --END-- [ RunTime:0.000314s ]
ERR: Êó†Ê≥ïÂä†ËΩΩÊ®°Âùó:Manager

[ 2016-05-15T08:44:46+08:00 ] 121.42.0.16 /wp-login.php
INFO: [ app_init ] --START--
INFO: Run Behavior\BuildLiteBehavior [ RunTime:0.000015s ]
INFO: [ app_init ] --END-- [ RunTime:0.000338s ]
ERR: Êó†Ê≥ïÂä†ËΩΩÊ®°Âùó:Wp-login

[ 2016-05-15T09:15:25+08:00 ] 121.42.0.16 /phpmyadmin/index.php
INFO: [ app_init ] --START--
INFO: Run Behavior\BuildLiteBehavior [ RunTime:0.000015s ]
INFO: [ app_init ] --END-- [ RunTime:0.000313s ]
ERR: Êó†Ê≥ïÂä†ËΩΩÊ®°Âùó:Phpmyadmin

[ 2016-05-15T09:15:32+08:00 ] 121.42.0.16 /phpMyAdmin/index.php
INFO: [ app_init ] --START--
INFO: Run Behavior\BuildLiteBehavior [ RunTime:0.000014s ]
INFO: [ app_init ] --END-- [ RunTime:0.000360s ]
ERR: Êó†Ê≥ïÂä†ËΩΩÊ®°Âùó:PhpMyAdmin

[ 2016-05-15T09:15:47+08:00 ] 121.42.0.16 /pmd/index.php
INFO: [ app_init ] --START--
INFO: Run Behavior\BuildLiteBehavior [ RunTime:0.000014s ]
INFO: [ app_init ] --END-- [ RunTime:0.000311s ]
ERR: Êó†Ê≥ïÂä†ËΩΩÊ®°Âùó:Pmd

[ 2016-05-15T09:15:53+08:00 ] 121.42.0.16 /blog/wp-login.php
INFO: [ app_init ] --START--
INFO: Run Behavior\BuildLiteBehavior [ RunTime:0.000015s ]
INFO: [ app_init ] --END-- [ RunTime:0.000313s ]
ERR: Êó†Ê≥ïÂä†ËΩΩÊ®°Âùó:Blog

[ 2016-05-15T09:49:07+08:00 ] 101.226.61.193 /favicon.ico
INFO: [ app_init ] --START--
INFO: Run Behavior\BuildLiteBehavior [ RunTime:0.000015s ]
INFO: [ app_init ] --END-- [ RunTime:0.000307s ]
ERR: Êó†Ê≥ïÂä†ËΩΩÊ®°Âùó:Favicon

[ 2016-05-15T09:49:46+08:00 ] 101.226.61.193 /favicon.ico
INFO: [ app_init ] --START--
INFO: Run Behavior\BuildLiteBehavior [ RunTime:0.000014s ]
INFO: [ app_init ] --END-- [ RunTime:0.000327s ]
ERR: Êó†Ê≥ïÂä†ËΩΩÊ®°Âùó:Favicon

[ 2016-05-15T09:50:11+08:00 ] 101.226.61.193 /favicon.ico
INFO: [ app_init ] --START--
INFO: Run Behavior\BuildLiteBehavior [ RunTime:0.000016s ]
INFO: [ app_init ] --END-- [ RunTime:0.000308s ]
ERR: Êó†Ê≥ïÂä†ËΩΩÊ®°Âùó:Favicon

[ 2016-05-15T15:56:18+08:00 ] 101.226.61.193 /favicon.ico
INFO: [ app_init ] --START--
INFO: Run Behavior\BuildLiteBehavior [ RunTime:0.000015s ]
INFO: [ app_init ] --END-- [ RunTime:0.000313s ]
ERR: Êó†Ê≥ïÂä†ËΩΩÊ®°Âùó:Favicon

[ 2016-05-15T15:56:18+08:00 ] 101.226.61.193 /favicon.ico
INFO: [ app_init ] --START--
INFO: Run Behavior\BuildLiteBehavior [ RunTime:0.000015s ]
INFO: [ app_init ] --END-- [ RunTime:0.000330s ]
ERR: Êó†Ê≥ïÂä†ËΩΩÊ®°Âùó:Favicon

[ 2016-05-15T16:06:09+08:00 ] 111.161.57.49 /favicon.ico
INFO: [ app_init ] --START--
INFO: Run Behavior\BuildLiteBehavior [ RunTime:0.000014s ]
INFO: [ app_init ] --END-- [ RunTime:0.000330s ]
ERR: Êó†Ê≥ïÂä†ËΩΩÊ®°Âùó:Favicon

[ 2016-05-15T16:10:00+08:00 ] 101.226.61.193 /favicon.ico
INFO: [ app_init ] --START--
INFO: Run Behavior\BuildLiteBehavior [ RunTime:0.000014s ]
INFO: [ app_init ] --END-- [ RunTime:0.000313s ]
ERR: Êó†Ê≥ïÂä†ËΩΩÊ®°Âùó:Favicon

[ 2016-05-15T16:20:53+08:00 ] 101.226.61.193 /favicon.ico
INFO: [ app_init ] --START--
INFO: Run Behavior\BuildLiteBehavior [ RunTime:0.000015s ]
INFO: [ app_init ] --END-- [ RunTime:0.000311s ]
ERR: Êó†Ê≥ïÂä†ËΩΩÊ®°Âùó:Favicon

[ 2016-05-15T16:22:06+08:00 ] 112.12.152.247 /Public/template/css/__PUBLIC__/template/select/img/select.png
INFO: [ app_init ] --START--
INFO: Run Behavior\BuildLiteBehavior [ RunTime:0.000014s ]
INFO: [ app_init ] --END-- [ RunTime:0.000307s ]
ERR: Êó†Ê≥ïÂä†ËΩΩÊ®°Âùó:Public

[ 2016-05-15T16:24:18+08:00 ] 101.226.61.193 /favicon.ico
INFO: [ app_init ] --START--
INFO: Run Behavior\BuildLiteBehavior [ RunTime:0.000014s ]
INFO: [ app_init ] --END-- [ RunTime:0.000332s ]
ERR: Êó†Ê≥ïÂä†ËΩΩÊ®°Âùó:Favicon

[ 2016-05-15T16:24:37+08:00 ] 111.161.57.49 /favicon.ico
INFO: [ app_init ] --START--
INFO: Run Behavior\BuildLiteBehavior [ RunTime:0.000014s ]
INFO: [ app_init ] --END-- [ RunTime:0.000321s ]
ERR: Êó†Ê≥ïÂä†ËΩΩÊ®°Âùó:Favicon

[ 2016-05-15T16:24:38+08:00 ] 111.161.57.49 /favicon.ico
INFO: [ app_init ] --START--
INFO: Run Behavior\BuildLiteBehavior [ RunTime:0.000016s ]
INFO: [ app_init ] --END-- [ RunTime:0.000423s ]
ERR: Êó†Ê≥ïÂä†ËΩΩÊ®°Âùó:Favicon

[ 2016-05-15T16:24:38+08:00 ] 111.161.57.49 /favicon.ico
INFO: [ app_init ] --START--
INFO: Run Behavior\BuildLiteBehavior [ RunTime:0.000015s ]
INFO: [ app_init ] --END-- [ RunTime:0.000332s ]
ERR: Êó†Ê≥ïÂä†ËΩΩÊ®°Âùó:Favicon

[ 2016-05-15T16:27:21+08:00 ] 111.161.57.49 /favicon.ico
INFO: [ app_init ] --START--
INFO: Run Behavior\BuildLiteBehavior [ RunTime:0.000014s ]
INFO: [ app_init ] --END-- [ RunTime:0.000330s ]
ERR: Êó†Ê≥ïÂä†ËΩΩÊ®°Âùó:Favicon

[ 2016-05-15T16:27:45+08:00 ] 111.161.57.49 /favicon.ico
INFO: [ app_init ] --START--
INFO: Run Behavior\BuildLiteBehavior [ RunTime:0.000014s ]
INFO: [ app_init ] --END-- [ RunTime:0.000308s ]
ERR: Êó†Ê≥ïÂä†ËΩΩÊ®°Âùó:Favicon

[ 2016-05-15T16:28:02+08:00 ] 117.144.246.77 /favicon.ico
INFO: [ app_init ] --START--
INFO: Run Behavior\BuildLiteBehavior [ RunTime:0.000014s ]
INFO: [ app_init ] --END-- [ RunTime:0.000350s ]
ERR: Êó†Ê≥ïÂä†ËΩΩÊ®°Âùó:Favicon

[ 2016-05-15T16:28:09+08:00 ] 111.161.57.49 /favicon.ico
INFO: [ app_init ] --START--
INFO: Run Behavior\BuildLiteBehavior [ RunTime:0.000015s ]
INFO: [ app_init ] --END-- [ RunTime:0.000378s ]
ERR: Êó†Ê≥ïÂä†ËΩΩÊ®°Âùó:Favicon

[ 2016-05-15T16:28:14+08:00 ] 101.226.61.193 /favicon.ico
INFO: [ app_init ] --START--
INFO: Run Behavior\BuildLiteBehavior [ RunTime:0.000014s ]
INFO: [ app_init ] --END-- [ RunTime:0.000338s ]
ERR: Êó†Ê≥ïÂä†ËΩΩÊ®°Âùó:Favicon

[ 2016-05-15T16:35:52+08:00 ] 101.226.61.193 /favicon.ico
INFO: [ app_init ] --START--
INFO: Run Behavior\BuildLiteBehavior [ RunTime:0.000014s ]
INFO: [ app_init ] --END-- [ RunTime:0.000338s ]
ERR: Êó†Ê≥ïÂä†ËΩΩÊ®°Âùó:Favicon

[ 2016-05-15T16:36:04+08:00 ] 111.161.57.49 /favicon.ico
INFO: [ app_init ] --START--
INFO: Run Behavior\BuildLiteBehavior [ RunTime:0.000014s ]
INFO: [ app_init ] --END-- [ RunTime:0.000343s ]
ERR: Êó†Ê≥ïÂä†ËΩΩÊ®°Âùó:Favicon

[ 2016-05-15T16:43:36+08:00 ] 111.161.57.49 /favicon.ico
INFO: [ app_init ] --START--
INFO: Run Behavior\BuildLiteBehavior [ RunTime:0.000016s ]
INFO: [ app_init ] --END-- [ RunTime:0.000311s ]
ERR: Êó†Ê≥ïÂä†ËΩΩÊ®°Âùó:Favicon

[ 2016-05-15T16:45:14+08:00 ] 111.161.57.49 /favicon.ico
INFO: [ app_init ] --START--
INFO: Run Behavior\BuildLiteBehavior [ RunTime:0.000015s ]
INFO: [ app_init ] --END-- [ RunTime:0.000308s ]
ERR: Êó†Ê≥ïÂä†ËΩΩÊ®°Âùó:Favicon

[ 2016-05-15T16:46:12+08:00 ] 111.161.57.49 /favicon.ico
INFO: [ app_init ] --START--
INFO: Run Behavior\BuildLiteBehavior [ RunTime:0.000014s ]
INFO: [ app_init ] --END-- [ RunTime:0.000319s ]
ERR: Êó†Ê≥ïÂä†ËΩΩÊ®°Âùó:Favicon

