[ 2016-05-13T01:42:54+08:00 ] 121.42.0.89 /monitor/WEB-INF/web.xml
INFO: [ app_init ] --START--
INFO: Run Behavior\BuildLiteBehavior [ RunTime:0.000015s ]
INFO: [ app_init ] --END-- [ RunTime:0.000328s ]
ERR: Êó†Ê≥ïÂä†ËΩΩÊ®°Âùó:Monitor

[ 2016-05-13T01:43:04+08:00 ] 121.42.0.89 /WEB-INF/web.xml
INFO: [ app_init ] --START--
INFO: Run Behavior\BuildLiteBehavior [ RunTime:0.000014s ]
INFO: [ app_init ] --END-- [ RunTime:0.000307s ]
ERR: Êó†Ê≥ïÂä†ËΩΩÊ®°Âùó:WEB-INF

[ 2016-05-13T01:43:42+08:00 ] 121.42.0.89 /zabbix/
INFO: [ app_init ] --START--
INFO: Run Behavior\BuildLiteBehavior [ RunTime:0.000023s ]
INFO: [ app_init ] --END-- [ RunTime:0.000583s ]
ERR: Êó†Ê≥ïÂä†ËΩΩÊ®°Âùó:Zabbix

[ 2016-05-13T01:47:43+08:00 ] 121.42.0.89 /console/
INFO: [ app_init ] --START--
INFO: Run Behavior\BuildLiteBehavior [ RunTime:0.000014s ]
INFO: [ app_init ] --END-- [ RunTime:0.000309s ]
ERR: Êó†Ê≥ïÂä†ËΩΩÊ®°Âùó:Console

[ 2016-05-13T01:47:48+08:00 ] 121.42.0.89 /server-status/
INFO: [ app_init ] --START--
INFO: Run Behavior\BuildLiteBehavior [ RunTime:0.000015s ]
INFO: [ app_init ] --END-- [ RunTime:0.000319s ]
ERR: Êó†Ê≥ïÂä†ËΩΩÊ®°Âùó:Server-status

[ 2016-05-13T01:48:22+08:00 ] 121.42.0.89 /index.html
INFO: [ app_init ] --START--
INFO: Run Behavior\BuildLiteBehavior [ RunTime:0.000014s ]
INFO: [ app_init ] --END-- [ RunTime:0.000332s ]
ERR: Êó†Ê≥ïÂä†ËΩΩÊ®°Âùó:Index

[ 2016-05-13T01:51:17+08:00 ] 121.42.0.89 /jenkins/
INFO: [ app_init ] --START--
INFO: Run Behavior\BuildLiteBehavior [ RunTime:0.000015s ]
INFO: [ app_init ] --END-- [ RunTime:0.000410s ]
ERR: Êó†Ê≥ïÂä†ËΩΩÊ®°Âùó:Jenkins

[ 2016-05-13T01:53:52+08:00 ] 121.42.0.89 /cacti/index.php
INFO: [ app_init ] --START--
INFO: Run Behavior\BuildLiteBehavior [ RunTime:0.000014s ]
INFO: [ app_init ] --END-- [ RunTime:0.000332s ]
ERR: Êó†Ê≥ïÂä†ËΩΩÊ®°Âùó:Cacti

[ 2016-05-13T01:56:10+08:00 ] 121.42.0.89 /axis2/
INFO: [ app_init ] --START--
INFO: Run Behavior\BuildLiteBehavior [ RunTime:0.000015s ]
INFO: [ app_init ] --END-- [ RunTime:0.000316s ]
ERR: Êó†Ê≥ïÂä†ËΩΩÊ®°Âùó:Axis2

[ 2016-05-13T01:56:51+08:00 ] 121.42.0.89 /examples/servlets/index.html
INFO: [ app_init ] --START--
INFO: Run Behavior\BuildLiteBehavior [ RunTime:0.000015s ]
INFO: [ app_init ] --END-- [ RunTime:0.000337s ]
ERR: Êó†Ê≥ïÂä†ËΩΩÊ®°Âùó:Examples

[ 2016-05-13T01:57:31+08:00 ] 121.42.0.89 /examples/jsp/index.html
INFO: [ app_init ] --START--
INFO: Run Behavior\BuildLiteBehavior [ RunTime:0.000014s ]
INFO: [ app_init ] --END-- [ RunTime:0.000309s ]
ERR: Êó†Ê≥ïÂä†ËΩΩÊ®°Âùó:Examples

[ 2016-05-13T01:57:43+08:00 ] 121.42.0.89 /.git/config
INFO: [ app_init ] --START--
INFO: Run Behavior\BuildLiteBehavior [ RunTime:0.000015s ]
INFO: [ app_init ] --END-- [ RunTime:0.000313s ]
ERR: Êó†Ê≥ïÂä†ËΩΩÊ®°Âùó:.git

[ 2016-05-13T01:57:44+08:00 ] 121.42.0.89 /.git/config
INFO: [ app_init ] --START--
INFO: Run Behavior\BuildLiteBehavior [ RunTime:0.000016s ]
INFO: [ app_init ] --END-- [ RunTime:0.000373s ]
ERR: Êó†Ê≥ïÂä†ËΩΩÊ®°Âùó:.git

[ 2016-05-13T01:57:45+08:00 ] 121.42.0.89 /.svn/entries
INFO: [ app_init ] --START--
INFO: Run Behavior\BuildLiteBehavior [ RunTime:0.000013s ]
INFO: [ app_init ] --END-- [ RunTime:0.000338s ]
ERR: Êó†Ê≥ïÂä†ËΩΩÊ®°Âùó:.svn

[ 2016-05-13T01:59:16+08:00 ] 121.42.0.89 /.svn/entries
INFO: [ app_init ] --START--
INFO: Run Behavior\BuildLiteBehavior [ RunTime:0.000014s ]
INFO: [ app_init ] --END-- [ RunTime:0.000334s ]
ERR: Êó†Ê≥ïÂä†ËΩΩÊ®°Âùó:.svn

[ 2016-05-13T01:59:17+08:00 ] 121.42.0.89 /phpRedisAdmin/?overview
INFO: [ app_init ] --START--
INFO: Run Behavior\BuildLiteBehavior [ RunTime:0.000014s ]
INFO: [ app_init ] --END-- [ RunTime:0.000309s ]
ERR: Êó†Ê≥ïÂä†ËΩΩÊ®°Âùó:PhpRedisAdmin

[ 2016-05-13T02:01:08+08:00 ] 121.42.0.89 /hudson/
INFO: [ app_init ] --START--
INFO: Run Behavior\BuildLiteBehavior [ RunTime:0.000019s ]
INFO: [ app_init ] --END-- [ RunTime:0.000343s ]
ERR: Êó†Ê≥ïÂä†ËΩΩÊ®°Âùó:Hudson

[ 2016-05-13T02:02:09+08:00 ] 121.42.0.89 /solr/
INFO: [ app_init ] --START--
INFO: Run Behavior\BuildLiteBehavior [ RunTime:0.000021s ]
INFO: [ app_init ] --END-- [ RunTime:0.000330s ]
ERR: Êó†Ê≥ïÂä†ËΩΩÊ®°Âùó:Solr

[ 2016-05-13T02:06:14+08:00 ] 121.42.0.89 /phpsysinfo/index.php?disp=dynamic
INFO: [ app_init ] --START--
INFO: Run Behavior\BuildLiteBehavior [ RunTime:0.000022s ]
INFO: [ app_init ] --END-- [ RunTime:0.000468s ]
ERR: Êó†Ê≥ïÂä†ËΩΩÊ®°Âùó:Phpsysinfo

[ 2016-05-13T02:06:17+08:00 ] 121.42.0.89 /phpsysinfo/index.php?disp=dynamic
INFO: [ app_init ] --START--
INFO: Run Behavior\BuildLiteBehavior [ RunTime:0.000014s ]
INFO: [ app_init ] --END-- [ RunTime:0.000305s ]
ERR: Êó†Ê≥ïÂä†ËΩΩÊ®°Âùó:Phpsysinfo

[ 2016-05-13T02:06:53+08:00 ] 121.42.0.89 /'%22/%3E%3C/script%3E%3Cscript%3Ealert()%3C/script%3E
INFO: [ app_init ] --START--
INFO: Run Behavior\BuildLiteBehavior [ RunTime:0.000014s ]
INFO: [ app_init ] --END-- [ RunTime:0.000312s ]
ERR: Êó†Ê≥ïÂä†ËΩΩÊ®°Âùó:'"

[ 2016-05-13T02:07:10+08:00 ] 121.42.0.89 /%27%22%2f%3E%3C%2fscript%3E%3Cscript%3Ealert%28%29%3C%2fscript%3E
INFO: [ app_init ] --START--
INFO: Run Behavior\BuildLiteBehavior [ RunTime:0.000014s ]
INFO: [ app_init ] --END-- [ RunTime:0.000351s ]
ERR: Êó†Ê≥ïÂä†ËΩΩÊ®°Âùó:Errpage

[ 2016-05-13T02:07:31+08:00 ] 121.42.0.89 /%2527%2522%252f%253E%253C%252fscript%253E%253Cscript%253Ealert%2528%2529%253C%252fscript%253E
INFO: [ app_init ] --START--
INFO: Run Behavior\BuildLiteBehavior [ RunTime:0.000015s ]
INFO: [ app_init ] --END-- [ RunTime:0.000333s ]
ERR: Êó†Ê≥ïÂä†ËΩΩÊ®°Âùó:Errpage

[ 2016-05-13T02:08:22+08:00 ] 121.42.0.89 /%27%22%2f%3E%3C%2fscript%3E%3Cscript%3Ealert%28%29%3C%2fscript%3E/?.tmp=t
INFO: [ app_init ] --START--
INFO: Run Behavior\BuildLiteBehavior [ RunTime:0.000027s ]
INFO: [ app_init ] --END-- [ RunTime:0.000609s ]
ERR: Êó†Ê≥ïÂä†ËΩΩÊ®°Âùó:Errpage

[ 2016-05-13T02:08:23+08:00 ] 121.42.0.89 /%2527%2522%252f%253E%253C%252fscript%253E%253Cscript%253Ealert%2528%2529%253C%252fscript%253E/?.tmp=t
INFO: [ app_init ] --START--
INFO: Run Behavior\BuildLiteBehavior [ RunTime:0.000014s ]
INFO: [ app_init ] --END-- [ RunTime:0.000327s ]
ERR: Êó†Ê≥ïÂä†ËΩΩÊ®°Âùó:Errpage

[ 2016-05-13T02:10:35+08:00 ] 121.42.0.89 /'%22+onmouseover=alert()+d='%22
INFO: [ app_init ] --START--
INFO: Run Behavior\BuildLiteBehavior [ RunTime:0.000015s ]
INFO: [ app_init ] --END-- [ RunTime:0.000316s ]
ERR: Êó†Ê≥ïÂä†ËΩΩÊ®°Âùó:'"+onmouseover=alert()+d='"

[ 2016-05-13T02:10:36+08:00 ] 121.42.0.89 /%27%22%20onmouseover%3Dalert%28%29%20d%3D%27%22
INFO: [ app_init ] --START--
INFO: Run Behavior\BuildLiteBehavior [ RunTime:0.000016s ]
INFO: [ app_init ] --END-- [ RunTime:0.000354s ]
ERR: Êó†Ê≥ïÂä†ËΩΩÊ®°Âùó:'" onmouseover=alert() d='"

[ 2016-05-13T02:10:37+08:00 ] 121.42.0.89 /%2527%2522%2520onmouseover%253Dalert%2528%2529%2520d%253D%2527%2522
INFO: [ app_init ] --START--
INFO: Run Behavior\BuildLiteBehavior [ RunTime:0.000015s ]
INFO: [ app_init ] --END-- [ RunTime:0.000393s ]
ERR: Êó†Ê≥ïÂä†ËΩΩÊ®°Âùó:'" onmouseover=alert() d='"

[ 2016-05-13T02:10:54+08:00 ] 121.42.0.89 /'%22+onmouseover=alert()+d='%22/?.tmp=t
INFO: [ app_init ] --START--
INFO: Run Behavior\BuildLiteBehavior [ RunTime:0.000021s ]
INFO: [ app_init ] --END-- [ RunTime:0.000399s ]
ERR: Êó†Ê≥ïÂä†ËΩΩÊ®°Âùó:'"+onmouseover=alert()+d='"

[ 2016-05-13T02:10:55+08:00 ] 121.42.0.89 /%27%22%20onmouseover%3Dalert%28%29%20d%3D%27%22/?.tmp=t
INFO: [ app_init ] --START--
INFO: Run Behavior\BuildLiteBehavior [ RunTime:0.000014s ]
INFO: [ app_init ] --END-- [ RunTime:0.000335s ]
ERR: Êó†Ê≥ïÂä†ËΩΩÊ®°Âùó:'" onmouseover=alert() d='"

[ 2016-05-13T02:10:56+08:00 ] 121.42.0.89 /%2527%2522%2520onmouseover%253Dalert%2528%2529%2520d%253D%2527%2522/?.tmp=t
INFO: [ app_init ] --START--
INFO: Run Behavior\BuildLiteBehavior [ RunTime:0.000014s ]
INFO: [ app_init ] --END-- [ RunTime:0.000306s ]
ERR: Êó†Ê≥ïÂä†ËΩΩÊ®°Âùó:'" onmouseover=alert() d='"

[ 2016-05-13T02:10:56+08:00 ] 121.42.0.89 /'%22+style=x:expression(alert())+d='%22
INFO: [ app_init ] --START--
INFO: Run Behavior\BuildLiteBehavior [ RunTime:0.000014s ]
INFO: [ app_init ] --END-- [ RunTime:0.000321s ]
ERR: Êó†Ê≥ïÂä†ËΩΩÊ®°Âùó:'"+style=x:expression(alert())+d='"

[ 2016-05-13T02:10:57+08:00 ] 121.42.0.89 /%27%22%20style%3dx%3Aexpression%28alert%28%29%29%20d%3D%27%22
INFO: [ app_init ] --START--
INFO: Run Behavior\BuildLiteBehavior [ RunTime:0.000020s ]
INFO: [ app_init ] --END-- [ RunTime:0.000324s ]
ERR: Êó†Ê≥ïÂä†ËΩΩÊ®°Âùó:'" style=x:expression(alert()) d='"

[ 2016-05-13T02:11:03+08:00 ] 121.42.0.89 /%2527%2522%2520style%253dx%253Aexpression%2528alert%2528%2529%2529%2520d%253D%2527%2522
INFO: [ app_init ] --START--
INFO: Run Behavior\BuildLiteBehavior [ RunTime:0.000014s ]
INFO: [ app_init ] --END-- [ RunTime:0.000305s ]
ERR: Êó†Ê≥ïÂä†ËΩΩÊ®°Âùó:'" style=x:expression(alert()) d='"

[ 2016-05-13T02:11:17+08:00 ] 121.42.0.89 /'%22+style=x:expression(alert())+d='%22/?.tmp=t
INFO: [ app_init ] --START--
INFO: Run Behavior\BuildLiteBehavior [ RunTime:0.000014s ]
INFO: [ app_init ] --END-- [ RunTime:0.000309s ]
ERR: Êó†Ê≥ïÂä†ËΩΩÊ®°Âùó:'"+style=x:expression(alert())+d='"

[ 2016-05-13T02:11:21+08:00 ] 121.42.0.89 /%27%22%20style%3dx%3Aexpression%28alert%28%29%29%20d%3D%27%22/?.tmp=t
INFO: [ app_init ] --START--
INFO: Run Behavior\BuildLiteBehavior [ RunTime:0.000019s ]
INFO: [ app_init ] --END-- [ RunTime:0.000326s ]
ERR: Êó†Ê≥ïÂä†ËΩΩÊ®°Âùó:'" style=x:expression(alert()) d='"

[ 2016-05-13T02:11:25+08:00 ] 121.42.0.89 /%2527%2522%2520style%253dx%253Aexpression%2528alert%2528%2529%2529%2520d%253D%2527%2522/?.tmp=t
INFO: [ app_init ] --START--
INFO: Run Behavior\BuildLiteBehavior [ RunTime:0.000014s ]
INFO: [ app_init ] --END-- [ RunTime:0.000311s ]
ERR: Êó†Ê≥ïÂä†ËΩΩÊ®°Âùó:'" style=x:expression(alert()) d='"

[ 2016-05-13T02:11:54+08:00 ] 121.42.0.89 /www/admin/index.php
INFO: [ app_init ] --START--
INFO: Run Behavior\BuildLiteBehavior [ RunTime:0.000014s ]
INFO: [ app_init ] --END-- [ RunTime:0.000333s ]
ERR: Êó†Ê≥ïÂä†ËΩΩÊ®°Âùó:Www

[ 2016-05-13T02:12:29+08:00 ] 121.42.0.89 /.bzr/branch-format
INFO: [ app_init ] --START--
INFO: Run Behavior\BuildLiteBehavior [ RunTime:0.000014s ]
INFO: [ app_init ] --END-- [ RunTime:0.000306s ]
ERR: Êó†Ê≥ïÂä†ËΩΩÊ®°Âùó:.bzr

[ 2016-05-13T02:12:49+08:00 ] 121.42.0.89 /.bzr/branch-format
INFO: [ app_init ] --START--
INFO: Run Behavior\BuildLiteBehavior [ RunTime:0.000015s ]
INFO: [ app_init ] --END-- [ RunTime:0.000311s ]
ERR: Êó†Ê≥ïÂä†ËΩΩÊ®°Âùó:.bzr

[ 2016-05-13T02:13:08+08:00 ] 121.42.0.89 /bin/
INFO: [ app_init ] --START--
INFO: Run Behavior\BuildLiteBehavior [ RunTime:0.000015s ]
INFO: [ app_init ] --END-- [ RunTime:0.000306s ]
ERR: Êó†Ê≥ïÂä†ËΩΩÊ®°Âùó:Bin

[ 2016-05-13T02:13:12+08:00 ] 121.42.0.89 /bin/
INFO: [ app_init ] --START--
INFO: Run Behavior\BuildLiteBehavior [ RunTime:0.000020s ]
INFO: [ app_init ] --END-- [ RunTime:0.000358s ]
ERR: Êó†Ê≥ïÂä†ËΩΩÊ®°Âùó:Bin

[ 2016-05-13T02:14:11+08:00 ] 121.42.0.89 /downloads/
INFO: [ app_init ] --START--
INFO: Run Behavior\BuildLiteBehavior [ RunTime:0.000014s ]
INFO: [ app_init ] --END-- [ RunTime:0.000328s ]
ERR: Êó†Ê≥ïÂä†ËΩΩÊ®°Âùó:Downloads

[ 2016-05-13T02:14:56+08:00 ] 121.42.0.89 /download/
INFO: [ app_init ] --START--
INFO: Run Behavior\BuildLiteBehavior [ RunTime:0.000014s ]
INFO: [ app_init ] --END-- [ RunTime:0.000331s ]
ERR: Êó†Ê≥ïÂä†ËΩΩÊ®°Âùó:Download

[ 2016-05-13T02:15:40+08:00 ] 121.42.0.89 /uc_server/uctools.php
INFO: [ app_init ] --START--
INFO: Run Behavior\BuildLiteBehavior [ RunTime:0.000016s ]
INFO: [ app_init ] --END-- [ RunTime:0.000359s ]
ERR: Êó†Ê≥ïÂä†ËΩΩÊ®°Âùó:Uc_server

[ 2016-05-13T02:15:41+08:00 ] 121.42.0.89 /uc_server/uctools.php
INFO: [ app_init ] --START--
INFO: Run Behavior\BuildLiteBehavior [ RunTime:0.000014s ]
INFO: [ app_init ] --END-- [ RunTime:0.000308s ]
ERR: Êó†Ê≥ïÂä†ËΩΩÊ®°Âùó:Uc_server

[ 2016-05-13T02:15:44+08:00 ] 121.42.0.89 /CVS/Root
INFO: [ app_init ] --START--
INFO: Run Behavior\BuildLiteBehavior [ RunTime:0.000020s ]
INFO: [ app_init ] --END-- [ RunTime:0.000419s ]
ERR: Êó†Ê≥ïÂä†ËΩΩÊ®°Âùó:CVS

[ 2016-05-13T02:15:53+08:00 ] 121.42.0.89 /CVS/Root
INFO: [ app_init ] --START--
INFO: Run Behavior\BuildLiteBehavior [ RunTime:0.000013s ]
INFO: [ app_init ] --END-- [ RunTime:0.000329s ]
ERR: Êó†Ê≥ïÂä†ËΩΩÊ®°Âùó:CVS

[ 2016-05-13T02:16:19+08:00 ] 121.42.0.89 /.hg/requires
INFO: [ app_init ] --START--
INFO: Run Behavior\BuildLiteBehavior [ RunTime:0.000014s ]
INFO: [ app_init ] --END-- [ RunTime:0.000308s ]
ERR: Êó†Ê≥ïÂä†ËΩΩÊ®°Âùó:.hg

[ 2016-05-13T02:16:20+08:00 ] 121.42.0.89 /.hg/requires
INFO: [ app_init ] --START--
INFO: Run Behavior\BuildLiteBehavior [ RunTime:0.000014s ]
INFO: [ app_init ] --END-- [ RunTime:0.000303s ]
ERR: Êó†Ê≥ïÂä†ËΩΩÊ®°Âùó:.hg

[ 2016-05-13T02:16:44+08:00 ] 121.42.0.89 /uploads/
INFO: [ app_init ] --START--
INFO: Run Behavior\BuildLiteBehavior [ RunTime:0.000014s ]
INFO: [ app_init ] --END-- [ RunTime:0.000305s ]
ERR: Êó†Ê≥ïÂä†ËΩΩÊ®°Âùó:Uploads

[ 2016-05-13T02:18:11+08:00 ] 121.42.0.89 /uploads/
INFO: [ app_init ] --START--
INFO: Run Behavior\BuildLiteBehavior [ RunTime:0.000014s ]
INFO: [ app_init ] --END-- [ RunTime:0.000304s ]
ERR: Êó†Ê≥ïÂä†ËΩΩÊ®°Âùó:Uploads

[ 2016-05-13T02:18:19+08:00 ] 121.42.0.89 /backup/
INFO: [ app_init ] --START--
INFO: Run Behavior\BuildLiteBehavior [ RunTime:0.000014s ]
INFO: [ app_init ] --END-- [ RunTime:0.000309s ]
ERR: Êó†Ê≥ïÂä†ËΩΩÊ®°Âùó:Backup

[ 2016-05-13T02:18:49+08:00 ] 121.42.0.89 /backup/
INFO: [ app_init ] --START--
INFO: Run Behavior\BuildLiteBehavior [ RunTime:0.000014s ]
INFO: [ app_init ] --END-- [ RunTime:0.000306s ]
ERR: Êó†Ê≥ïÂä†ËΩΩÊ®°Âùó:Backup

[ 2016-05-13T02:19:11+08:00 ] 121.42.0.89 /web/
INFO: [ app_init ] --START--
INFO: Run Behavior\BuildLiteBehavior [ RunTime:0.000015s ]
INFO: [ app_init ] --END-- [ RunTime:0.000315s ]
ERR: Êó†Ê≥ïÂä†ËΩΩÊ®°Âùó:Web

[ 2016-05-13T02:20:03+08:00 ] 121.42.0.89 /uploadfiles/
INFO: [ app_init ] --START--
INFO: Run Behavior\BuildLiteBehavior [ RunTime:0.000014s ]
INFO: [ app_init ] --END-- [ RunTime:0.000334s ]
ERR: Êó†Ê≥ïÂä†ËΩΩÊ®°Âùó:Uploadfiles

[ 2016-05-13T02:20:26+08:00 ] 121.42.0.89 /uploadfiles/
INFO: [ app_init ] --START--
INFO: Run Behavior\BuildLiteBehavior [ RunTime:0.000014s ]
INFO: [ app_init ] --END-- [ RunTime:0.000307s ]
ERR: Êó†Ê≥ïÂä†ËΩΩÊ®°Âùó:Uploadfiles

[ 2016-05-13T02:22:50+08:00 ] 121.42.0.89 /upfile/
INFO: [ app_init ] --START--
INFO: Run Behavior\BuildLiteBehavior [ RunTime:0.000015s ]
INFO: [ app_init ] --END-- [ RunTime:0.000311s ]
ERR: Êó†Ê≥ïÂä†ËΩΩÊ®°Âùó:Upfile

[ 2016-05-13T02:23:02+08:00 ] 121.42.0.89 /upfile/
INFO: [ app_init ] --START--
INFO: Run Behavior\BuildLiteBehavior [ RunTime:0.000018s ]
INFO: [ app_init ] --END-- [ RunTime:0.000323s ]
ERR: Êó†Ê≥ïÂä†ËΩΩÊ®°Âùó:Upfile

[ 2016-05-13T02:23:36+08:00 ] 121.42.0.89 /htdocs/
INFO: [ app_init ] --START--
INFO: Run Behavior\BuildLiteBehavior [ RunTime:0.000015s ]
INFO: [ app_init ] --END-- [ RunTime:0.000382s ]
ERR: Êó†Ê≥ïÂä†ËΩΩÊ®°Âùó:Htdocs

[ 2016-05-13T02:23:39+08:00 ] 121.42.0.89 /WebResource.axd
INFO: [ app_init ] --START--
INFO: Run Behavior\BuildLiteBehavior [ RunTime:0.000014s ]
INFO: [ app_init ] --END-- [ RunTime:0.000303s ]
ERR: Êó†Ê≥ïÂä†ËΩΩÊ®°Âùó:WebResource

[ 2016-05-13T02:23:45+08:00 ] 121.42.0.89 /WebResource.axd?d=LENSTEST&t=LENSTEST
INFO: [ app_init ] --START--
INFO: Run Behavior\BuildLiteBehavior [ RunTime:0.000024s ]
INFO: [ app_init ] --END-- [ RunTime:0.000582s ]
ERR: Êó†Ê≥ïÂä†ËΩΩÊ®°Âùó:WebResource

[ 2016-05-13T02:24:02+08:00 ] 121.42.0.89 /upload/
INFO: [ app_init ] --START--
INFO: Run Behavior\BuildLiteBehavior [ RunTime:0.000014s ]
INFO: [ app_init ] --END-- [ RunTime:0.000315s ]
ERR: Êó†Ê≥ïÂä†ËΩΩÊ®°Âùó:Upload

[ 2016-05-13T02:24:03+08:00 ] 121.42.0.89 /upload/
INFO: [ app_init ] --START--
INFO: Run Behavior\BuildLiteBehavior [ RunTime:0.000014s ]
INFO: [ app_init ] --END-- [ RunTime:0.000309s ]
ERR: Êó†Ê≥ïÂä†ËΩΩÊ®°Âùó:Upload

[ 2016-05-13T02:24:08+08:00 ] 121.42.0.89 /db/
INFO: [ app_init ] --START--
INFO: Run Behavior\BuildLiteBehavior [ RunTime:0.000013s ]
INFO: [ app_init ] --END-- [ RunTime:0.000305s ]
ERR: Êó†Ê≥ïÂä†ËΩΩÊ®°Âùó:Db

[ 2016-05-13T02:24:10+08:00 ] 121.42.0.89 /db/
INFO: [ app_init ] --START--
INFO: Run Behavior\BuildLiteBehavior [ RunTime:0.000015s ]
INFO: [ app_init ] --END-- [ RunTime:0.000331s ]
ERR: Êó†Ê≥ïÂä†ËΩΩÊ®°Âùó:Db

[ 2016-05-13T02:25:03+08:00 ] 121.42.0.89 /log/
INFO: [ app_init ] --START--
INFO: Run Behavior\BuildLiteBehavior [ RunTime:0.000015s ]
INFO: [ app_init ] --END-- [ RunTime:0.000310s ]
ERR: Êó†Ê≥ïÂä†ËΩΩÊ®°Âùó:Log

[ 2016-05-13T02:25:06+08:00 ] 121.42.0.89 /log/
INFO: [ app_init ] --START--
INFO: Run Behavior\BuildLiteBehavior [ RunTime:0.000014s ]
INFO: [ app_init ] --END-- [ RunTime:0.000331s ]
ERR: Êó†Ê≥ïÂä†ËΩΩÊ®°Âùó:Log

[ 2016-05-13T02:25:12+08:00 ] 121.42.0.89 /logs/
INFO: [ app_init ] --START--
INFO: Run Behavior\BuildLiteBehavior [ RunTime:0.000014s ]
INFO: [ app_init ] --END-- [ RunTime:0.000307s ]
ERR: Êó†Ê≥ïÂä†ËΩΩÊ®°Âùó:Logs

[ 2016-05-13T02:25:14+08:00 ] 121.42.0.89 /logs/
INFO: [ app_init ] --START--
INFO: Run Behavior\BuildLiteBehavior [ RunTime:0.000019s ]
INFO: [ app_init ] --END-- [ RunTime:0.000337s ]
ERR: Êó†Ê≥ïÂä†ËΩΩÊ®°Âùó:Logs

[ 2016-05-13T02:25:15+08:00 ] 121.42.0.89 /config/
INFO: [ app_init ] --START--
INFO: Run Behavior\BuildLiteBehavior [ RunTime:0.000014s ]
INFO: [ app_init ] --END-- [ RunTime:0.000376s ]
ERR: Êó†Ê≥ïÂä†ËΩΩÊ®°Âùó:Config

[ 2016-05-13T02:25:38+08:00 ] 121.42.0.89 /config/
INFO: [ app_init ] --START--
INFO: Run Behavior\BuildLiteBehavior [ RunTime:0.000014s ]
INFO: [ app_init ] --END-- [ RunTime:0.000304s ]
ERR: Êó†Ê≥ïÂä†ËΩΩÊ®°Âùó:Config

[ 2016-05-13T02:25:41+08:00 ] 121.42.0.89 /jmx-console/
INFO: [ app_init ] --START--
INFO: Run Behavior\BuildLiteBehavior [ RunTime:0.000018s ]
INFO: [ app_init ] --END-- [ RunTime:0.000326s ]
ERR: Êó†Ê≥ïÂä†ËΩΩÊ®°Âùó:Jmx-console

[ 2016-05-13T02:25:44+08:00 ] 121.42.0.89 /web-console/
INFO: [ app_init ] --START--
INFO: Run Behavior\BuildLiteBehavior [ RunTime:0.000015s ]
INFO: [ app_init ] --END-- [ RunTime:0.000308s ]
ERR: Êó†Ê≥ïÂä†ËΩΩÊ®°Âùó:Web-console

[ 2016-05-13T02:25:55+08:00 ] 121.42.0.89 /robots.txt
INFO: [ app_init ] --START--
INFO: Run Behavior\BuildLiteBehavior [ RunTime:0.000014s ]
INFO: [ app_init ] --END-- [ RunTime:0.000309s ]
ERR: Êó†Ê≥ïÂä†ËΩΩÊ®°Âùó:Robots

[ 2016-05-13T02:25:59+08:00 ] 121.42.0.89 /bigdump.php
INFO: [ app_init ] --START--
INFO: Run Behavior\BuildLiteBehavior [ RunTime:0.000014s ]
INFO: [ app_init ] --END-- [ RunTime:0.000308s ]
ERR: Êó†Ê≥ïÂä†ËΩΩÊ®°Âùó:Bigdump

[ 2016-05-13T02:26:04+08:00 ] 121.42.0.89 /cgi-bin/authlogin.cgi
INFO: [ app_init ] --START--
INFO: Run Behavior\BuildLiteBehavior [ RunTime:0.000014s ]
INFO: [ app_init ] --END-- [ RunTime:0.000305s ]
ERR: Êó†Ê≥ïÂä†ËΩΩÊ®°Âùó:Errpage

[ 2016-05-13T02:26:10+08:00 ] 121.42.0.89 /cgi-bin/it.cgi
INFO: [ app_init ] --START--
INFO: Run Behavior\BuildLiteBehavior [ RunTime:0.000016s ]
INFO: [ app_init ] --END-- [ RunTime:0.000316s ]
ERR: Êó†Ê≥ïÂä†ËΩΩÊ®°Âùó:Errpage

[ 2016-05-13T02:26:25+08:00 ] 121.42.0.89 /cgi-sys/defaultwebpage.cgi
INFO: [ app_init ] --START--
INFO: Run Behavior\BuildLiteBehavior [ RunTime:0.000015s ]
INFO: [ app_init ] --END-- [ RunTime:0.000303s ]
ERR: Êó†Ê≥ïÂä†ËΩΩÊ®°Âùó:Cgi-sys

[ 2016-05-13T02:28:38+08:00 ] 121.42.0.89 /xampp/cgi.cgi
INFO: [ app_init ] --START--
INFO: Run Behavior\BuildLiteBehavior [ RunTime:0.000014s ]
INFO: [ app_init ] --END-- [ RunTime:0.000306s ]
ERR: Êó†Ê≥ïÂä†ËΩΩÊ®°Âùó:Xampp

[ 2016-05-13T02:29:17+08:00 ] 121.42.0.89 /index.php?m=Public&a=login
INFO: [ app_init ] --START--
INFO: Run Behavior\BuildLiteBehavior [ RunTime:0.000014s ]
INFO: [ app_init ] --END-- [ RunTime:0.000333s ]
ERR: Êó†Ê≥ïÂä†ËΩΩÊ®°Âùó:Public

[ 2016-05-13T02:31:20+08:00 ] 121.42.0.89 /adminer.php
INFO: [ app_init ] --START--
INFO: Run Behavior\BuildLiteBehavior [ RunTime:0.000019s ]
INFO: [ app_init ] --END-- [ RunTime:0.000332s ]
ERR: Êó†Ê≥ïÂä†ËΩΩÊ®°Âùó:Adminer

[ 2016-05-13T02:31:35+08:00 ] 121.42.0.89 /adminer.php
INFO: [ app_init ] --START--
INFO: Run Behavior\BuildLiteBehavior [ RunTime:0.000015s ]
INFO: [ app_init ] --END-- [ RunTime:0.000323s ]
ERR: Êó†Ê≥ïÂä†ËΩΩÊ®°Âùó:Adminer

[ 2016-05-13T02:32:27+08:00 ] 121.42.0.89 /phpinfo.php
INFO: [ app_init ] --START--
INFO: Run Behavior\BuildLiteBehavior [ RunTime:0.000014s ]
INFO: [ app_init ] --END-- [ RunTime:0.000354s ]
ERR: Êó†Ê≥ïÂä†ËΩΩÊ®°Âùó:Phpinfo

[ 2016-05-13T02:32:28+08:00 ] 121.42.0.89 /info.php
INFO: [ app_init ] --START--
INFO: Run Behavior\BuildLiteBehavior [ RunTime:0.000014s ]
INFO: [ app_init ] --END-- [ RunTime:0.000306s ]
ERR: Êó†Ê≥ïÂä†ËΩΩÊ®°Âùó:Info

[ 2016-05-13T02:32:29+08:00 ] 121.42.0.89 /php.php
INFO: [ app_init ] --START--
INFO: Run Behavior\BuildLiteBehavior [ RunTime:0.000015s ]
INFO: [ app_init ] --END-- [ RunTime:0.000332s ]
ERR: Êó†Ê≥ïÂä†ËΩΩÊ®°Âùó:Php

[ 2016-05-13T02:32:31+08:00 ] 121.42.0.89 /test.php
INFO: [ app_init ] --START--
INFO: Run Behavior\BuildLiteBehavior [ RunTime:0.000014s ]
INFO: [ app_init ] --END-- [ RunTime:0.000329s ]
ERR: Êó†Ê≥ïÂä†ËΩΩÊ®°Âùó:Test

[ 2016-05-13T02:32:32+08:00 ] 121.42.0.89 /show.php
INFO: [ app_init ] --START--
INFO: Run Behavior\BuildLiteBehavior [ RunTime:0.000014s ]
INFO: [ app_init ] --END-- [ RunTime:0.000346s ]
ERR: Êó†Ê≥ïÂä†ËΩΩÊ®°Âùó:Show

[ 2016-05-13T02:32:38+08:00 ] 121.42.0.89 /a.php
INFO: [ app_init ] --START--
INFO: Run Behavior\BuildLiteBehavior [ RunTime:0.000013s ]
INFO: [ app_init ] --END-- [ RunTime:0.000308s ]
ERR: Êó†Ê≥ïÂä†ËΩΩÊ®°Âùó:A

[ 2016-05-13T02:32:40+08:00 ] 121.42.0.89 /1.php
INFO: [ app_init ] --START--
INFO: Run Behavior\BuildLiteBehavior [ RunTime:0.000017s ]
INFO: [ app_init ] --END-- [ RunTime:0.000311s ]
ERR: Êó†Ê≥ïÂä†ËΩΩÊ®°Âùó:1

[ 2016-05-13T02:32:43+08:00 ] 121.42.0.89 /u.php?act=phpinfo
INFO: [ app_init ] --START--
INFO: Run Behavior\BuildLiteBehavior [ RunTime:0.000018s ]
INFO: [ app_init ] --END-- [ RunTime:0.000369s ]
ERR: Êó†Ê≥ïÂä†ËΩΩÊ®°Âùó:U

[ 2016-05-13T02:32:45+08:00 ] 121.42.0.89 /l.php?act=phpinfo
INFO: [ app_init ] --START--
INFO: Run Behavior\BuildLiteBehavior [ RunTime:0.000014s ]
INFO: [ app_init ] --END-- [ RunTime:0.000328s ]
ERR: Êó†Ê≥ïÂä†ËΩΩÊ®°Âùó:L

[ 2016-05-13T02:32:46+08:00 ] 121.42.0.89 /tz.php?act=phpinfo
INFO: [ app_init ] --START--
INFO: Run Behavior\BuildLiteBehavior [ RunTime:0.000015s ]
INFO: [ app_init ] --END-- [ RunTime:0.000313s ]
ERR: Êó†Ê≥ïÂä†ËΩΩÊ®°Âùó:Tz

[ 2016-05-13T02:32:48+08:00 ] 121.42.0.89 /app/dev/svinfo.php?phpinfo=true
INFO: [ app_init ] --START--
INFO: Run Behavior\BuildLiteBehavior [ RunTime:0.000035s ]
INFO: [ app_init ] --END-- [ RunTime:0.000327s ]
ERR: Êó†Ê≥ïÂä†ËΩΩÊ®°Âùó:App

[ 2016-05-13T02:32:50+08:00 ] 121.42.0.89 /install/svinfo.php?phpinfo=true
INFO: [ app_init ] --START--
INFO: Run Behavior\BuildLiteBehavior [ RunTime:0.000015s ]
INFO: [ app_init ] --END-- [ RunTime:0.000314s ]
ERR: Êó†Ê≥ïÂä†ËΩΩÊ®°Âùó:Install

[ 2016-05-13T02:32:52+08:00 ] 121.42.0.89 /favicon.ico
INFO: [ app_init ] --START--
INFO: Run Behavior\BuildLiteBehavior [ RunTime:0.000014s ]
INFO: [ app_init ] --END-- [ RunTime:0.000304s ]
ERR: Êó†Ê≥ïÂä†ËΩΩÊ®°Âùó:Favicon

[ 2016-05-13T02:32:54+08:00 ] 121.42.0.89 /data/
INFO: [ app_init ] --START--
INFO: Run Behavior\BuildLiteBehavior [ RunTime:0.000017s ]
INFO: [ app_init ] --END-- [ RunTime:0.000326s ]
ERR: Êó†Ê≥ïÂä†ËΩΩÊ®°Âùó:Data

[ 2016-05-13T02:32:55+08:00 ] 121.42.0.89 /data/
INFO: [ app_init ] --START--
INFO: Run Behavior\BuildLiteBehavior [ RunTime:0.000015s ]
INFO: [ app_init ] --END-- [ RunTime:0.000344s ]
ERR: Êó†Ê≥ïÂä†ËΩΩÊ®°Âùó:Data

[ 2016-05-13T02:34:59+08:00 ] 121.42.0.89 /%c0%ae%c0%ae%2f%c0%ae%c0%ae%2f%c0%ae%c0%ae%2f%c0%ae%c0%ae%2f%c0%ae%c0%ae%2f%c0%ae%c0%ae%2f%c0%ae%c0%ae%2fetc%2fpasswd
INFO: [ app_init ] --START--
INFO: Run Behavior\BuildLiteBehavior [ RunTime:0.000014s ]
INFO: [ app_init ] --END-- [ RunTime:0.000331s ]
ERR: Êó†Ê≥ïÂä†ËΩΩÊ®°Âùó:Errpage

[ 2016-05-13T02:35:06+08:00 ] 121.42.0.89 /%c0%ae%c0%ae%2f%c0%ae%c0%ae%2f%c0%ae%c0%ae%2f%c0%ae%c0%ae%2f%c0%ae%c0%ae%2f%c0%ae%c0%ae%2f%c0%ae%c0%ae%2fwindows%2Fwin.ini
INFO: [ app_init ] --START--
INFO: Run Behavior\BuildLiteBehavior [ RunTime:0.000015s ]
INFO: [ app_init ] --END-- [ RunTime:0.000311s ]
ERR: Êó†Ê≥ïÂä†ËΩΩÊ®°Âùó:Errpage

[ 2016-05-13T02:35:15+08:00 ] 121.42.0.89 /..%c0%af..%c0%af..%c0%af..%c0%af..%c0%af..%c0%af..%c0%af..%c0%afetc%c0%afpasswd
INFO: [ app_init ] --START--
INFO: Run Behavior\BuildLiteBehavior [ RunTime:0.000013s ]
INFO: [ app_init ] --END-- [ RunTime:0.000307s ]
ERR: Êó†Ê≥ïÂä†ËΩΩÊ®°Âùó:..¿Ø..¿Ø..¿Ø..¿Ø..¿Ø..¿Ø..¿Ø.

[ 2016-05-13T02:36:18+08:00 ] 121.42.0.89 /%c0%ae%c0%ae/%c0%ae%c0%ae/%c0%ae%c0%ae/%c0%ae%c0%ae/%c0%ae%c0%ae/%c0%ae%c0%ae/%c0%ae%c0%ae/etc/passwd
INFO: [ app_init ] --START--
INFO: Run Behavior\BuildLiteBehavior [ RunTime:0.000014s ]
INFO: [ app_init ] --END-- [ RunTime:0.000328s ]
ERR: Êó†Ê≥ïÂä†ËΩΩÊ®°Âùó:¿Æ¿Æ

[ 2016-05-13T02:37:58+08:00 ] 121.42.0.89 /%5c%2e%2e%2f%5c%2e%2e%2f%5c%2e%2e%2f%5c%2e%2e%2f%5c%2e%2e%2f%5c%2e%2e%2f%5c%2e%2e%2f%5c%2e%2e%2f%5c%2e%2e%2f%5c%2e%2e%2f%5c%2e%2e%2f%5c%2e%2e%2f%5c%2e%2e%2fetc%2fpasswd
INFO: [ app_init ] --START--
INFO: Run Behavior\BuildLiteBehavior [ RunTime:0.000014s ]
INFO: [ app_init ] --END-- [ RunTime:0.000341s ]
ERR: Êó†Ê≥ïÂä†ËΩΩÊ®°Âùó:Errpage

[ 2016-05-13T02:39:00+08:00 ] 121.42.0.89 /%5c%2e%2e%2f%5c%2e%2e%2f%5c%2e%2e%2f%5c%2e%2e%2f%5c%2e%2e%2f%5c%2e%2e%2f%5c%2e%2e%2f%5c%2e%2e%2f%5c%2e%2e%2f%5c%2e%2e%2f%5c%2e%2e%2f%5c%2e%2e%2f%5c%2e%2e%2fwindows%2Fwin.ini
INFO: [ app_init ] --START--
INFO: Run Behavior\BuildLiteBehavior [ RunTime:0.000016s ]
INFO: [ app_init ] --END-- [ RunTime:0.000336s ]
ERR: Êó†Ê≥ïÂä†ËΩΩÊ®°Âùó:Errpage

[ 2016-05-13T02:39:11+08:00 ] 121.42.0.89 /manager/html
INFO: [ app_init ] --START--
INFO: Run Behavior\BuildLiteBehavior [ RunTime:0.000015s ]
INFO: [ app_init ] --END-- [ RunTime:0.000314s ]
ERR: Êó†Ê≥ïÂä†ËΩΩÊ®°Âùó:Manager

[ 2016-05-13T02:39:13+08:00 ] 121.42.0.89 /wp-login.php
INFO: [ app_init ] --START--
INFO: Run Behavior\BuildLiteBehavior [ RunTime:0.000013s ]
INFO: [ app_init ] --END-- [ RunTime:0.000305s ]
ERR: Êó†Ê≥ïÂä†ËΩΩÊ®°Âùó:Wp-login

[ 2016-05-13T02:44:12+08:00 ] 121.42.0.89 /j_acegi_security_check
INFO: [ app_init ] --START--
INFO: Run Behavior\BuildLiteBehavior [ RunTime:0.000015s ]
INFO: [ app_init ] --END-- [ RunTime:0.000328s ]
ERR: Êó†Ê≥ïÂä†ËΩΩÊ®°Âùó:J_acegi_security_check

[ 2016-05-13T02:53:19+08:00 ] 121.42.0.89 /zabbix/index.php
INFO: [ app_init ] --START--
INFO: Run Behavior\BuildLiteBehavior [ RunTime:0.000013s ]
INFO: [ app_init ] --END-- [ RunTime:0.000309s ]
ERR: Êó†Ê≥ïÂä†ËΩΩÊ®°Âùó:Zabbix

[ 2016-05-13T02:55:24+08:00 ] 121.42.0.89 /axis2/axis2-admin/login
INFO: [ app_init ] --START--
INFO: Run Behavior\BuildLiteBehavior [ RunTime:0.000015s ]
INFO: [ app_init ] --END-- [ RunTime:0.000328s ]
ERR: Êó†Ê≥ïÂä†ËΩΩÊ®°Âùó:Axis2

[ 2016-05-13T02:55:50+08:00 ] 121.42.0.89 /phpMyAdmin/index.php
INFO: [ app_init ] --START--
INFO: Run Behavior\BuildLiteBehavior [ RunTime:0.000014s ]
INFO: [ app_init ] --END-- [ RunTime:0.000327s ]
ERR: Êó†Ê≥ïÂä†ËΩΩÊ®°Âùó:PhpMyAdmin

[ 2016-05-13T02:55:53+08:00 ] 121.42.0.89 /pma/index.php
INFO: [ app_init ] --START--
INFO: Run Behavior\BuildLiteBehavior [ RunTime:0.000014s ]
INFO: [ app_init ] --END-- [ RunTime:0.000308s ]
ERR: Êó†Ê≥ïÂä†ËΩΩÊ®°Âùó:Pma

[ 2016-05-13T02:55:57+08:00 ] 121.42.0.89 /pmd/index.php
INFO: [ app_init ] --START--
INFO: Run Behavior\BuildLiteBehavior [ RunTime:0.000034s ]
INFO: [ app_init ] --END-- [ RunTime:0.000329s ]
ERR: Êó†Ê≥ïÂä†ËΩΩÊ®°Âùó:Pmd

[ 2016-05-13T02:56:01+08:00 ] 121.42.0.89 /phpmyadmin/main.php
INFO: [ app_init ] --START--
INFO: Run Behavior\BuildLiteBehavior [ RunTime:0.000014s ]
INFO: [ app_init ] --END-- [ RunTime:0.000323s ]
ERR: Êó†Ê≥ïÂä†ËΩΩÊ®°Âùó:Phpmyadmin

[ 2016-05-13T02:56:08+08:00 ] 121.42.0.89 /phpMyAdmin/main.php
INFO: [ app_init ] --START--
INFO: Run Behavior\BuildLiteBehavior [ RunTime:0.000014s ]
INFO: [ app_init ] --END-- [ RunTime:0.000327s ]
ERR: Êó†Ê≥ïÂä†ËΩΩÊ®°Âùó:PhpMyAdmin

[ 2016-05-13T02:56:16+08:00 ] 121.42.0.89 /pma/main.php
INFO: [ app_init ] --START--
INFO: Run Behavior\BuildLiteBehavior [ RunTime:0.000017s ]
INFO: [ app_init ] --END-- [ RunTime:0.000381s ]
ERR: Êó†Ê≥ïÂä†ËΩΩÊ®°Âùó:Pma

[ 2016-05-13T02:56:26+08:00 ] 121.42.0.89 /pmd/main.php
INFO: [ app_init ] --START--
INFO: Run Behavior\BuildLiteBehavior [ RunTime:0.000015s ]
INFO: [ app_init ] --END-- [ RunTime:0.000335s ]
ERR: Êó†Ê≥ïÂä†ËΩΩÊ®°Âùó:Pmd

[ 2016-05-13T02:56:33+08:00 ] 121.42.0.89 /phpmyadmin/index.php
INFO: [ app_init ] --START--
INFO: Run Behavior\BuildLiteBehavior [ RunTime:0.000015s ]
INFO: [ app_init ] --END-- [ RunTime:0.000336s ]
ERR: Êó†Ê≥ïÂä†ËΩΩÊ®°Âùó:Phpmyadmin

[ 2016-05-13T02:58:07+08:00 ] 121.42.0.89 /blog/wp-login.php
INFO: [ app_init ] --START--
INFO: Run Behavior\BuildLiteBehavior [ RunTime:0.000014s ]
INFO: [ app_init ] --END-- [ RunTime:0.000310s ]
ERR: Êó†Ê≥ïÂä†ËΩΩÊ®°Âùó:Blog

[ 2016-05-13T21:15:14+08:00 ] 101.226.61.193 /favicon.ico
INFO: [ app_init ] --START--
INFO: Run Behavior\BuildLiteBehavior [ RunTime:0.000014s ]
INFO: [ app_init ] --END-- [ RunTime:0.000307s ]
ERR: Êó†Ê≥ïÂä†ËΩΩÊ®°Âùó:Favicon

[ 2016-05-13T21:15:40+08:00 ] 101.226.61.193 /favicon.ico
INFO: [ app_init ] --START--
INFO: Run Behavior\BuildLiteBehavior [ RunTime:0.000014s ]
INFO: [ app_init ] --END-- [ RunTime:0.000328s ]
ERR: Êó†Ê≥ïÂä†ËΩΩÊ®°Âùó:Favicon

[ 2016-05-13T21:16:30+08:00 ] 101.226.61.193 /favicon.ico
INFO: [ app_init ] --START--
INFO: Run Behavior\BuildLiteBehavior [ RunTime:0.000014s ]
INFO: [ app_init ] --END-- [ RunTime:0.000307s ]
ERR: Êó†Ê≥ïÂä†ËΩΩÊ®°Âùó:Favicon

[ 2016-05-13T21:44:20+08:00 ] 112.12.154.107 /favicon.ico
INFO: [ app_init ] --START--
INFO: Run Behavior\BuildLiteBehavior [ RunTime:0.000014s ]
INFO: [ app_init ] --END-- [ RunTime:0.000332s ]
ERR: Êó†Ê≥ïÂä†ËΩΩÊ®°Âùó:Favicon

[ 2016-05-13T21:44:25+08:00 ] 112.12.154.107 /img/icon_dropdown.gif
INFO: [ app_init ] --START--
INFO: Run Behavior\BuildLiteBehavior [ RunTime:0.000013s ]
INFO: [ app_init ] --END-- [ RunTime:0.000321s ]
ERR: Êó†Ê≥ïÂä†ËΩΩÊ®°Âùó:Img

[ 2016-05-13T21:44:25+08:00 ] 112.12.154.107 /img/bg_dropdown.png
INFO: [ app_init ] --START--
INFO: Run Behavior\BuildLiteBehavior [ RunTime:0.000015s ]
INFO: [ app_init ] --END-- [ RunTime:0.000318s ]
ERR: Êó†Ê≥ïÂä†ËΩΩÊ®°Âùó:Img

[ 2016-05-13T21:44:25+08:00 ] 112.12.154.107 /img/icon_dropdown_hover.gif
INFO: [ app_init ] --START--
INFO: Run Behavior\BuildLiteBehavior [ RunTime:0.000017s ]
INFO: [ app_init ] --END-- [ RunTime:0.000338s ]
ERR: Êó†Ê≥ïÂä†ËΩΩÊ®°Âùó:Img

[ 2016-05-13T22:44:52+08:00 ] 101.226.125.121 /favicon.ico
INFO: [ app_init ] --START--
INFO: Run Behavior\BuildLiteBehavior [ RunTime:0.000014s ]
INFO: [ app_init ] --END-- [ RunTime:0.000310s ]
ERR: Êó†Ê≥ïÂä†ËΩΩÊ®°Âùó:Favicon

[ 2016-05-13T23:32:05+08:00 ] 106.39.189.45 /favicon.ico
INFO: [ app_init ] --START--
INFO: Run Behavior\BuildLiteBehavior [ RunTime:0.000014s ]
INFO: [ app_init ] --END-- [ RunTime:0.000369s ]
ERR: Êó†Ê≥ïÂä†ËΩΩÊ®°Âùó:Favicon

[ 2016-05-13T23:32:19+08:00 ] 36.23.22.60 /favicon.ico
INFO: [ app_init ] --START--
INFO: Run Behavior\BuildLiteBehavior [ RunTime:0.000016s ]
INFO: [ app_init ] --END-- [ RunTime:0.000320s ]
ERR: Êó†Ê≥ïÂä†ËΩΩÊ®°Âùó:Favicon

[ 2016-05-13T23:32:21+08:00 ] 36.23.22.60 /favicon.ico
INFO: [ app_init ] --START--
INFO: Run Behavior\BuildLiteBehavior [ RunTime:0.000014s ]
INFO: [ app_init ] --END-- [ RunTime:0.000339s ]
ERR: Êó†Ê≥ïÂä†ËΩΩÊ®°Âùó:Favicon

