[ 2016-04-10T10:09:56+08:00 ] 112.64.235.89 /js/sm.js
INFO: [ app_init ] --START--
INFO: Run Behavior\BuildLiteBehavior [ RunTime:0.000016s ]
INFO: [ app_init ] --END-- [ RunTime:0.000530s ]
ERR: 无法加载模块:Js

[ 2016-04-10T10:09:56+08:00 ] 112.64.235.89 /js/zepto.min.js
INFO: [ app_init ] --START--
INFO: Run Behavior\BuildLiteBehavior [ RunTime:0.000014s ]
INFO: [ app_init ] --END-- [ RunTime:0.000488s ]
ERR: 无法加载模块:Js

[ 2016-04-10T10:09:56+08:00 ] 112.64.235.89 /js/sm-extend.js
INFO: [ app_init ] --START--
INFO: Run Behavior\BuildLiteBehavior [ RunTime:0.000015s ]
INFO: [ app_init ] --END-- [ RunTime:0.003615s ]
ERR: 无法加载模块:Js

[ 2016-04-10T13:25:48+08:00 ] 61.153.150.106 /favicon.ico
INFO: [ app_init ] --START--
INFO: Run Behavior\BuildLiteBehavior [ RunTime:0.000017s ]
INFO: [ app_init ] --END-- [ RunTime:0.000208s ]
ERR: 无法加载模块:Favicon

[ 2016-04-10T14:04:57+08:00 ] 61.153.150.106 /User/Index/http%3A%2F%2Fyigong.igawk.cn%2FUser%2FIndex%2Flogin%2F
INFO: [ app_init ] --START--
INFO: Run Behavior\BuildLiteBehavior [ RunTime:0.000013s ]
INFO: [ app_init ] --END-- [ RunTime:0.000207s ]
ERR: 无法加载模块:Errpage

[ 2016-04-10T14:07:48+08:00 ] 61.153.150.106 /connect/oauth2/authorize/appid/wx9d672afb2bb31edc/redirect_uri/http%3A%2F%2Fyigong.igawk.cn%2FUser%2FIndex%2Flogin%2F/response_type/code/scope/snsapi_base/state/1
INFO: [ app_init ] --START--
INFO: Run Behavior\BuildLiteBehavior [ RunTime:0.000015s ]
INFO: [ app_init ] --END-- [ RunTime:0.000186s ]
ERR: 无法加载模块:Errpage

[ 2016-04-10T14:08:00+08:00 ] 61.153.150.106 /connect/oauth2/authorize/appid/wx9d672afb2bb31edc/redirect_u
INFO: [ app_init ] --START--
INFO: Run Behavior\BuildLiteBehavior [ RunTime:0.000016s ]
INFO: [ app_init ] --END-- [ RunTime:0.000191s ]
ERR: 无法加载模块:Connect

[ 2016-04-10T14:09:10+08:00 ] 61.153.150.106 /connect/oauth2/authorize/appid/wx9d672afb2bb31edc/redirect_uri/http%3A%2F%2Fyigong.igawk.cn%2Findex.php%2FUser%2FIndex%2Flogin.html/response_type/code/scope/snsapi_base/state/1
INFO: [ app_init ] --START--
INFO: Run Behavior\BuildLiteBehavior [ RunTime:0.000016s ]
INFO: [ app_init ] --END-- [ RunTime:0.000198s ]
ERR: 无法加载模块:Errpage

[ 2016-04-10T14:09:10+08:00 ] 61.153.150.106 /connect/oauth2/authorize/appid/wx9d672afb2bb31edc/redirect_uri/http%3A%2F%2Fyigong.igawk.cn%2Findex.php%2FUser%2FIndex%2Flogin.html/response_type/code/scope/snsapi_base/state/1
INFO: [ app_init ] --START--
INFO: Run Behavior\BuildLiteBehavior [ RunTime:0.000016s ]
INFO: [ app_init ] --END-- [ RunTime:0.000193s ]
ERR: 无法加载模块:Errpage

[ 2016-04-10T14:09:36+08:00 ] 61.153.150.106 /connect/oauth2/authorize/appid/wx9d672afb2bb31edc/redirect_uri/http%3A%2F%2Fyigong.igawk.cn%2Findex.php%2FUser%2FIndex%2Flogin.html/response_type/code/scope/snsapi_base/state/1
INFO: [ app_init ] --START--
INFO: Run Behavior\BuildLiteBehavior [ RunTime:0.000015s ]
INFO: [ app_init ] --END-- [ RunTime:0.000203s ]
ERR: 无法加载模块:Errpage

[ 2016-04-10T14:09:51+08:00 ] 61.153.150.106 /connect/oauth2/authorize/appid/wx9d672afb2bb31edc/redirect_uri/http%3A%2F%2Fyigong.igawk.cn%2Findex.php%2FUser%2FIndex%2Flogin.html/response_type/code/scope/snsapi_base/state/1
INFO: [ app_init ] --START--
INFO: Run Behavior\BuildLiteBehavior [ RunTime:0.000017s ]
INFO: [ app_init ] --END-- [ RunTime:0.000216s ]
ERR: 无法加载模块:Errpage

[ 2016-04-10T14:09:58+08:00 ] 61.153.150.106 /connect/oauth2/authorize/appid/wx9d672afb2bb31edc/redirect_uri/http%3A%2F%2Fyigong.igawk.cn%2Findex.php%2FUser%2FIndex%2Flogin.html/response_type/code/scope/snsapi_base/state/1
INFO: [ app_init ] --START--
INFO: Run Behavior\BuildLiteBehavior [ RunTime:0.000014s ]
INFO: [ app_init ] --END-- [ RunTime:0.000206s ]
ERR: 无法加载模块:Errpage

[ 2016-04-10T14:09:58+08:00 ] 61.153.150.106 /connect/oauth2/authorize/appid/wx9d672afb2bb31edc/redirect_uri/http%3A%2F%2Fyigong.igawk.cn%2Findex.php%2FUser%2FIndex%2Flogin.html/response_type/code/scope/snsapi_base/state/1
INFO: [ app_init ] --START--
INFO: Run Behavior\BuildLiteBehavior [ RunTime:0.000015s ]
INFO: [ app_init ] --END-- [ RunTime:0.000185s ]
ERR: 无法加载模块:Errpage

[ 2016-04-10T15:49:19+08:00 ] 61.153.150.106 /css/sm.css
INFO: [ app_init ] --START--
INFO: Run Behavior\BuildLiteBehavior [ RunTime:0.000014s ]
INFO: [ app_init ] --END-- [ RunTime:0.000313s ]
ERR: 无法加载模块:Css

[ 2016-04-10T15:49:19+08:00 ] 61.153.150.106 /js/zepto.min.js
INFO: [ app_init ] --START--
INFO: Run Behavior\BuildLiteBehavior [ RunTime:0.000014s ]
INFO: [ app_init ] --END-- [ RunTime:0.008365s ]
ERR: 无法加载模块:Js

[ 2016-04-10T15:49:19+08:00 ] 61.153.150.106 /css/main.css
INFO: [ app_init ] --START--
INFO: Run Behavior\BuildLiteBehavior [ RunTime:0.000017s ]
INFO: [ app_init ] --END-- [ RunTime:0.000320s ]
ERR: 无法加载模块:Css

[ 2016-04-10T15:49:19+08:00 ] 61.153.150.106 /css/sm-extend.css
INFO: [ app_init ] --START--
INFO: Run Behavior\BuildLiteBehavior [ RunTime:0.000014s ]
INFO: [ app_init ] --END-- [ RunTime:0.000322s ]
ERR: 无法加载模块:Css

[ 2016-04-10T15:49:19+08:00 ] 61.153.150.106 /js/sm.js
INFO: [ app_init ] --START--
INFO: Run Behavior\BuildLiteBehavior [ RunTime:0.000014s ]
INFO: [ app_init ] --END-- [ RunTime:0.000297s ]
ERR: 无法加载模块:Js

[ 2016-04-10T15:49:19+08:00 ] 61.153.150.106 /js/sm-extend.js
INFO: [ app_init ] --START--
INFO: Run Behavior\BuildLiteBehavior [ RunTime:0.000014s ]
INFO: [ app_init ] --END-- [ RunTime:0.000315s ]
ERR: 无法加载模块:Js

[ 2016-04-10T15:49:19+08:00 ] 61.153.150.106 /images/avatar.jpg
INFO: [ app_init ] --START--
INFO: Run Behavior\BuildLiteBehavior [ RunTime:0.000013s ]
INFO: [ app_init ] --END-- [ RunTime:0.000303s ]
ERR: 无法加载模块:Images

[ 2016-04-10T15:49:19+08:00 ] 61.153.150.106 /images/locked.png
INFO: [ app_init ] --START--
INFO: Run Behavior\BuildLiteBehavior [ RunTime:0.000013s ]
INFO: [ app_init ] --END-- [ RunTime:0.000302s ]
ERR: 无法加载模块:Images

[ 2016-04-10T15:50:30+08:00 ] 61.153.150.106 /Public/template/images/avatar.jpg
INFO: [ app_init ] --START--
INFO: Run Behavior\BuildLiteBehavior [ RunTime:0.000014s ]
INFO: [ app_init ] --END-- [ RunTime:0.000321s ]
ERR: 无法加载模块:Public

[ 2016-04-10T15:50:31+08:00 ] 61.153.150.106 /Public/template/zepto.min.js
INFO: [ app_init ] --START--
INFO: Run Behavior\BuildLiteBehavior [ RunTime:0.000016s ]
INFO: [ app_init ] --END-- [ RunTime:0.000331s ]
ERR: 无法加载模块:Public

[ 2016-04-10T15:50:31+08:00 ] 61.153.150.106 /Public/template/images/locked.png
INFO: [ app_init ] --START--
INFO: Run Behavior\BuildLiteBehavior [ RunTime:0.000020s ]
INFO: [ app_init ] --END-- [ RunTime:0.000354s ]
ERR: 无法加载模块:Public

[ 2016-04-10T15:52:24+08:00 ] 101.226.125.121 /Public/template/zepto.min.js
INFO: [ app_init ] --START--
INFO: Run Behavior\BuildLiteBehavior [ RunTime:0.000015s ]
INFO: [ app_init ] --END-- [ RunTime:0.000323s ]
ERR: 无法加载模块:Public

[ 2016-04-10T15:52:24+08:00 ] 36.23.143.25 /Public/template/images/avatar.jpg
INFO: [ app_init ] --START--
INFO: Run Behavior\BuildLiteBehavior [ RunTime:0.000012s ]
INFO: [ app_init ] --END-- [ RunTime:0.000334s ]
ERR: 无法加载模块:Public

[ 2016-04-10T15:52:24+08:00 ] 36.23.143.25 /Public/template/images/locked.png
INFO: [ app_init ] --START--
INFO: Run Behavior\BuildLiteBehavior [ RunTime:0.000014s ]
INFO: [ app_init ] --END-- [ RunTime:0.000309s ]
ERR: 无法加载模块:Public

[ 2016-04-10T15:53:27+08:00 ] 61.153.150.106 /Public/template/zepto.min.js
INFO: [ app_init ] --START--
INFO: Run Behavior\BuildLiteBehavior [ RunTime:0.000014s ]
INFO: [ app_init ] --END-- [ RunTime:0.000305s ]
ERR: 无法加载模块:Public

[ 2016-04-10T15:53:44+08:00 ] 101.226.125.121 /Public/template/zepto.min.js
INFO: [ app_init ] --START--
INFO: Run Behavior\BuildLiteBehavior [ RunTime:0.000015s ]
INFO: [ app_init ] --END-- [ RunTime:0.000305s ]
ERR: 无法加载模块:Public

[ 2016-04-10T15:54:06+08:00 ] 101.226.125.121 /Public/template/zepto.min.js
INFO: [ app_init ] --START--
INFO: Run Behavior\BuildLiteBehavior [ RunTime:0.000014s ]
INFO: [ app_init ] --END-- [ RunTime:0.000311s ]
ERR: 无法加载模块:Public

[ 2016-04-10T15:56:00+08:00 ] 101.226.125.121 /Public/template/zepto.min.js
INFO: [ app_init ] --START--
INFO: Run Behavior\BuildLiteBehavior [ RunTime:0.000035s ]
INFO: [ app_init ] --END-- [ RunTime:0.000346s ]
ERR: 无法加载模块:Public

[ 2016-04-10T15:57:23+08:00 ] 61.153.150.106 /Public/template/zepto.min.js
INFO: [ app_init ] --START--
INFO: Run Behavior\BuildLiteBehavior [ RunTime:0.000014s ]
INFO: [ app_init ] --END-- [ RunTime:0.000307s ]
ERR: 无法加载模块:Public

[ 2016-04-10T15:58:59+08:00 ] 180.153.206.25 /Public/template/zepto.min.js
INFO: [ app_init ] --START--
INFO: Run Behavior\BuildLiteBehavior [ RunTime:0.000014s ]
INFO: [ app_init ] --END-- [ RunTime:0.000375s ]
ERR: 无法加载模块:Public

[ 2016-04-10T15:59:30+08:00 ] 61.153.150.106 /Public/template/zepto.min.js
INFO: [ app_init ] --START--
INFO: Run Behavior\BuildLiteBehavior [ RunTime:0.000016s ]
INFO: [ app_init ] --END-- [ RunTime:0.000363s ]
ERR: 无法加载模块:Public

[ 2016-04-10T16:00:08+08:00 ] 61.153.150.106 /Public/template/zepto.min.js
INFO: [ app_init ] --START--
INFO: Run Behavior\BuildLiteBehavior [ RunTime:0.000015s ]
INFO: [ app_init ] --END-- [ RunTime:0.000307s ]
ERR: 无法加载模块:Public

