[ 2016-05-20T02:28:32+08:00 ] 121.42.0.19 /monitor/WEB-INF/web.xml
INFO: [ app_init ] --START--
INFO: Run Behavior\BuildLiteBehavior [ RunTime:0.000018s ]
INFO: [ app_init ] --END-- [ RunTime:0.000345s ]
ERR: Êó†Ê≥ïÂä†ËΩΩÊ®°Âùó:Monitor

[ 2016-05-20T02:28:58+08:00 ] 121.42.0.19 /WEB-INF/web.xml
INFO: [ app_init ] --START--
INFO: Run Behavior\BuildLiteBehavior [ RunTime:0.000014s ]
INFO: [ app_init ] --END-- [ RunTime:0.000307s ]
ERR: Êó†Ê≥ïÂä†ËΩΩÊ®°Âùó:WEB-INF

[ 2016-05-20T02:30:04+08:00 ] 121.42.0.19 /zabbix/
INFO: [ app_init ] --START--
INFO: Run Behavior\BuildLiteBehavior [ RunTime:0.000020s ]
INFO: [ app_init ] --END-- [ RunTime:0.000397s ]
ERR: Êó†Ê≥ïÂä†ËΩΩÊ®°Âùó:Zabbix

[ 2016-05-20T02:31:34+08:00 ] 121.42.0.19 /console/
INFO: [ app_init ] --START--
INFO: Run Behavior\BuildLiteBehavior [ RunTime:0.000014s ]
INFO: [ app_init ] --END-- [ RunTime:0.000305s ]
ERR: Êó†Ê≥ïÂä†ËΩΩÊ®°Âùó:Console

[ 2016-05-20T02:32:00+08:00 ] 121.42.0.19 /server-status/
INFO: [ app_init ] --START--
INFO: Run Behavior\BuildLiteBehavior [ RunTime:0.000014s ]
INFO: [ app_init ] --END-- [ RunTime:0.000303s ]
ERR: Êó†Ê≥ïÂä†ËΩΩÊ®°Âùó:Server-status

[ 2016-05-20T02:32:17+08:00 ] 121.42.0.19 /index.html
INFO: [ app_init ] --START--
INFO: Run Behavior\BuildLiteBehavior [ RunTime:0.000016s ]
INFO: [ app_init ] --END-- [ RunTime:0.000367s ]
ERR: Êó†Ê≥ïÂä†ËΩΩÊ®°Âùó:Index

[ 2016-05-20T02:32:45+08:00 ] 121.42.0.19 /jenkins/
INFO: [ app_init ] --START--
INFO: Run Behavior\BuildLiteBehavior [ RunTime:0.000014s ]
INFO: [ app_init ] --END-- [ RunTime:0.000365s ]
ERR: Êó†Ê≥ïÂä†ËΩΩÊ®°Âùó:Jenkins

[ 2016-05-20T02:33:01+08:00 ] 121.42.0.19 /cacti/index.php
INFO: [ app_init ] --START--
INFO: Run Behavior\BuildLiteBehavior [ RunTime:0.000014s ]
INFO: [ app_init ] --END-- [ RunTime:0.000307s ]
ERR: Êó†Ê≥ïÂä†ËΩΩÊ®°Âùó:Cacti

[ 2016-05-20T02:33:16+08:00 ] 121.42.0.19 /axis2/
INFO: [ app_init ] --START--
INFO: Run Behavior\BuildLiteBehavior [ RunTime:0.000013s ]
INFO: [ app_init ] --END-- [ RunTime:0.000305s ]
ERR: Êó†Ê≥ïÂä†ËΩΩÊ®°Âùó:Axis2

[ 2016-05-20T02:33:28+08:00 ] 121.42.0.19 /examples/servlets/index.html
INFO: [ app_init ] --START--
INFO: Run Behavior\BuildLiteBehavior [ RunTime:0.000014s ]
INFO: [ app_init ] --END-- [ RunTime:0.000330s ]
ERR: Êó†Ê≥ïÂä†ËΩΩÊ®°Âùó:Examples

[ 2016-05-20T02:33:37+08:00 ] 121.42.0.19 /examples/jsp/index.html
INFO: [ app_init ] --START--
INFO: Run Behavior\BuildLiteBehavior [ RunTime:0.000014s ]
INFO: [ app_init ] --END-- [ RunTime:0.000335s ]
ERR: Êó†Ê≥ïÂä†ËΩΩÊ®°Âùó:Examples

[ 2016-05-20T02:33:43+08:00 ] 121.42.0.19 /.git/config
INFO: [ app_init ] --START--
INFO: Run Behavior\BuildLiteBehavior [ RunTime:0.000015s ]
INFO: [ app_init ] --END-- [ RunTime:0.000308s ]
ERR: Êó†Ê≥ïÂä†ËΩΩÊ®°Âùó:.git

[ 2016-05-20T02:33:46+08:00 ] 121.42.0.19 /.git/config
INFO: [ app_init ] --START--
INFO: Run Behavior\BuildLiteBehavior [ RunTime:0.000020s ]
INFO: [ app_init ] --END-- [ RunTime:0.000385s ]
ERR: Êó†Ê≥ïÂä†ËΩΩÊ®°Âùó:.git

[ 2016-05-20T02:33:49+08:00 ] 121.42.0.19 /.svn/entries
INFO: [ app_init ] --START--
INFO: Run Behavior\BuildLiteBehavior [ RunTime:0.000014s ]
INFO: [ app_init ] --END-- [ RunTime:0.000302s ]
ERR: Êó†Ê≥ïÂä†ËΩΩÊ®°Âùó:.svn

[ 2016-05-20T02:33:52+08:00 ] 121.42.0.19 /.svn/entries
INFO: [ app_init ] --START--
INFO: Run Behavior\BuildLiteBehavior [ RunTime:0.000014s ]
INFO: [ app_init ] --END-- [ RunTime:0.000305s ]
ERR: Êó†Ê≥ïÂä†ËΩΩÊ®°Âùó:.svn

[ 2016-05-20T02:33:58+08:00 ] 121.42.0.19 /phpRedisAdmin/?overview
INFO: [ app_init ] --START--
INFO: Run Behavior\BuildLiteBehavior [ RunTime:0.000013s ]
INFO: [ app_init ] --END-- [ RunTime:0.000328s ]
ERR: Êó†Ê≥ïÂä†ËΩΩÊ®°Âùó:PhpRedisAdmin

[ 2016-05-20T02:34:01+08:00 ] 121.42.0.19 /hudson/
INFO: [ app_init ] --START--
INFO: Run Behavior\BuildLiteBehavior [ RunTime:0.000014s ]
INFO: [ app_init ] --END-- [ RunTime:0.000308s ]
ERR: Êó†Ê≥ïÂä†ËΩΩÊ®°Âùó:Hudson

[ 2016-05-20T02:34:20+08:00 ] 121.42.0.19 /solr/
INFO: [ app_init ] --START--
INFO: Run Behavior\BuildLiteBehavior [ RunTime:0.000016s ]
INFO: [ app_init ] --END-- [ RunTime:0.000305s ]
ERR: Êó†Ê≥ïÂä†ËΩΩÊ®°Âùó:Solr

[ 2016-05-20T02:34:43+08:00 ] 121.42.0.19 /phpsysinfo/index.php?disp=dynamic
INFO: [ app_init ] --START--
INFO: Run Behavior\BuildLiteBehavior [ RunTime:0.000014s ]
INFO: [ app_init ] --END-- [ RunTime:0.000310s ]
ERR: Êó†Ê≥ïÂä†ËΩΩÊ®°Âùó:Phpsysinfo

[ 2016-05-20T02:34:46+08:00 ] 121.42.0.19 /phpsysinfo/index.php?disp=dynamic
INFO: [ app_init ] --START--
INFO: Run Behavior\BuildLiteBehavior [ RunTime:0.000014s ]
INFO: [ app_init ] --END-- [ RunTime:0.000330s ]
ERR: Êó†Ê≥ïÂä†ËΩΩÊ®°Âùó:Phpsysinfo

[ 2016-05-20T02:34:53+08:00 ] 121.42.0.19 /'%22/%3E%3C/script%3E%3Cscript%3Ealert()%3C/script%3E
INFO: [ app_init ] --START--
INFO: Run Behavior\BuildLiteBehavior [ RunTime:0.000014s ]
INFO: [ app_init ] --END-- [ RunTime:0.000331s ]
ERR: Êó†Ê≥ïÂä†ËΩΩÊ®°Âùó:'"

[ 2016-05-20T02:34:56+08:00 ] 121.42.0.19 /%27%22%2f%3E%3C%2fscript%3E%3Cscript%3Ealert%28%29%3C%2fscript%3E
INFO: [ app_init ] --START--
INFO: Run Behavior\BuildLiteBehavior [ RunTime:0.000018s ]
INFO: [ app_init ] --END-- [ RunTime:0.000329s ]
ERR: Êó†Ê≥ïÂä†ËΩΩÊ®°Âùó:Errpage

[ 2016-05-20T02:35:02+08:00 ] 121.42.0.19 /%2527%2522%252f%253E%253C%252fscript%253E%253Cscript%253Ealert%2528%2529%253C%252fscript%253E
INFO: [ app_init ] --START--
INFO: Run Behavior\BuildLiteBehavior [ RunTime:0.000014s ]
INFO: [ app_init ] --END-- [ RunTime:0.000307s ]
ERR: Êó†Ê≥ïÂä†ËΩΩÊ®°Âùó:Errpage

[ 2016-05-20T02:35:05+08:00 ] 121.42.0.19 /'%22/%3E%3C/script%3E%3Cscript%3Ealert()%3C/script%3E/?.tmp=t
INFO: [ app_init ] --START--
INFO: Run Behavior\BuildLiteBehavior [ RunTime:0.000016s ]
INFO: [ app_init ] --END-- [ RunTime:0.000317s ]
ERR: Êó†Ê≥ïÂä†ËΩΩÊ®°Âùó:'"

[ 2016-05-20T02:35:08+08:00 ] 121.42.0.19 /%27%22%2f%3E%3C%2fscript%3E%3Cscript%3Ealert%28%29%3C%2fscript%3E/?.tmp=t
INFO: [ app_init ] --START--
INFO: Run Behavior\BuildLiteBehavior [ RunTime:0.000014s ]
INFO: [ app_init ] --END-- [ RunTime:0.000317s ]
ERR: Êó†Ê≥ïÂä†ËΩΩÊ®°Âùó:Errpage

[ 2016-05-20T02:35:11+08:00 ] 121.42.0.19 /%2527%2522%252f%253E%253C%252fscript%253E%253Cscript%253Ealert%2528%2529%253C%252fscript%253E/?.tmp=t
INFO: [ app_init ] --START--
INFO: Run Behavior\BuildLiteBehavior [ RunTime:0.000014s ]
INFO: [ app_init ] --END-- [ RunTime:0.000311s ]
ERR: Êó†Ê≥ïÂä†ËΩΩÊ®°Âùó:Errpage

[ 2016-05-20T02:35:14+08:00 ] 121.42.0.19 /'%22+onmouseover=alert()+d='%22
INFO: [ app_init ] --START--
INFO: Run Behavior\BuildLiteBehavior [ RunTime:0.000014s ]
INFO: [ app_init ] --END-- [ RunTime:0.000306s ]
ERR: Êó†Ê≥ïÂä†ËΩΩÊ®°Âùó:'"+onmouseover=alert()+d='"

[ 2016-05-20T02:35:17+08:00 ] 121.42.0.19 /%27%22%20onmouseover%3Dalert%28%29%20d%3D%27%22
INFO: [ app_init ] --START--
INFO: Run Behavior\BuildLiteBehavior [ RunTime:0.000015s ]
INFO: [ app_init ] --END-- [ RunTime:0.000324s ]
ERR: Êó†Ê≥ïÂä†ËΩΩÊ®°Âùó:'" onmouseover=alert() d='"

[ 2016-05-20T02:35:23+08:00 ] 121.42.0.19 /%2527%2522%2520onmouseover%253Dalert%2528%2529%2520d%253D%2527%2522
INFO: [ app_init ] --START--
INFO: Run Behavior\BuildLiteBehavior [ RunTime:0.000015s ]
INFO: [ app_init ] --END-- [ RunTime:0.000307s ]
ERR: Êó†Ê≥ïÂä†ËΩΩÊ®°Âùó:'" onmouseover=alert() d='"

[ 2016-05-20T02:35:26+08:00 ] 121.42.0.19 /'%22+onmouseover=alert()+d='%22/?.tmp=t
INFO: [ app_init ] --START--
INFO: Run Behavior\BuildLiteBehavior [ RunTime:0.000017s ]
INFO: [ app_init ] --END-- [ RunTime:0.000350s ]
ERR: Êó†Ê≥ïÂä†ËΩΩÊ®°Âùó:'"+onmouseover=alert()+d='"

[ 2016-05-20T02:35:28+08:00 ] 121.42.0.19 /%27%22%20onmouseover%3Dalert%28%29%20d%3D%27%22/?.tmp=t
INFO: [ app_init ] --START--
INFO: Run Behavior\BuildLiteBehavior [ RunTime:0.000013s ]
INFO: [ app_init ] --END-- [ RunTime:0.000334s ]
ERR: Êó†Ê≥ïÂä†ËΩΩÊ®°Âùó:'" onmouseover=alert() d='"

[ 2016-05-20T02:35:40+08:00 ] 121.42.0.19 /%2527%2522%2520onmouseover%253Dalert%2528%2529%2520d%253D%2527%2522/?.tmp=t
INFO: [ app_init ] --START--
INFO: Run Behavior\BuildLiteBehavior [ RunTime:0.000015s ]
INFO: [ app_init ] --END-- [ RunTime:0.000340s ]
ERR: Êó†Ê≥ïÂä†ËΩΩÊ®°Âùó:'" onmouseover=alert() d='"

[ 2016-05-20T02:35:47+08:00 ] 121.42.0.19 /'%22+style=x:expression(alert())+d='%22
INFO: [ app_init ] --START--
INFO: Run Behavior\BuildLiteBehavior [ RunTime:0.000015s ]
INFO: [ app_init ] --END-- [ RunTime:0.000311s ]
ERR: Êó†Ê≥ïÂä†ËΩΩÊ®°Âùó:'"+style=x:expression(alert())+d='"

[ 2016-05-20T02:35:49+08:00 ] 121.42.0.19 /%27%22%20style%3dx%3Aexpression%28alert%28%29%29%20d%3D%27%22
INFO: [ app_init ] --START--
INFO: Run Behavior\BuildLiteBehavior [ RunTime:0.000013s ]
INFO: [ app_init ] --END-- [ RunTime:0.000330s ]
ERR: Êó†Ê≥ïÂä†ËΩΩÊ®°Âùó:'" style=x:expression(alert()) d='"

[ 2016-05-20T02:35:52+08:00 ] 121.42.0.19 /%2527%2522%2520style%253dx%253Aexpression%2528alert%2528%2529%2529%2520d%253D%2527%2522
INFO: [ app_init ] --START--
INFO: Run Behavior\BuildLiteBehavior [ RunTime:0.000014s ]
INFO: [ app_init ] --END-- [ RunTime:0.000350s ]
ERR: Êó†Ê≥ïÂä†ËΩΩÊ®°Âùó:'" style=x:expression(alert()) d='"

[ 2016-05-20T02:35:57+08:00 ] 121.42.0.19 /'%22+style=x:expression(alert())+d='%22/?.tmp=t
INFO: [ app_init ] --START--
INFO: Run Behavior\BuildLiteBehavior [ RunTime:0.000015s ]
INFO: [ app_init ] --END-- [ RunTime:0.000357s ]
ERR: Êó†Ê≥ïÂä†ËΩΩÊ®°Âùó:'"+style=x:expression(alert())+d='"

[ 2016-05-20T02:36:00+08:00 ] 121.42.0.19 /%27%22%20style%3dx%3Aexpression%28alert%28%29%29%20d%3D%27%22/?.tmp=t
INFO: [ app_init ] --START--
INFO: Run Behavior\BuildLiteBehavior [ RunTime:0.000014s ]
INFO: [ app_init ] --END-- [ RunTime:0.000307s ]
ERR: Êó†Ê≥ïÂä†ËΩΩÊ®°Âùó:'" style=x:expression(alert()) d='"

[ 2016-05-20T02:36:06+08:00 ] 121.42.0.19 /%2527%2522%2520style%253dx%253Aexpression%2528alert%2528%2529%2529%2520d%253D%2527%2522/?.tmp=t
INFO: [ app_init ] --START--
INFO: Run Behavior\BuildLiteBehavior [ RunTime:0.000014s ]
INFO: [ app_init ] --END-- [ RunTime:0.000304s ]
ERR: Êó†Ê≥ïÂä†ËΩΩÊ®°Âùó:'" style=x:expression(alert()) d='"

[ 2016-05-20T02:36:15+08:00 ] 121.42.0.19 /www/admin/index.php
INFO: [ app_init ] --START--
INFO: Run Behavior\BuildLiteBehavior [ RunTime:0.000014s ]
INFO: [ app_init ] --END-- [ RunTime:0.000307s ]
ERR: Êó†Ê≥ïÂä†ËΩΩÊ®°Âùó:Www

[ 2016-05-20T02:36:32+08:00 ] 121.42.0.19 /.bzr/branch-format
INFO: [ app_init ] --START--
INFO: Run Behavior\BuildLiteBehavior [ RunTime:0.000025s ]
INFO: [ app_init ] --END-- [ RunTime:0.000558s ]
ERR: Êó†Ê≥ïÂä†ËΩΩÊ®°Âùó:.bzr

[ 2016-05-20T02:36:35+08:00 ] 121.42.0.19 /.bzr/branch-format
INFO: [ app_init ] --START--
INFO: Run Behavior\BuildLiteBehavior [ RunTime:0.000014s ]
INFO: [ app_init ] --END-- [ RunTime:0.000310s ]
ERR: Êó†Ê≥ïÂä†ËΩΩÊ®°Âùó:.bzr

[ 2016-05-20T02:36:41+08:00 ] 121.42.0.19 /bin/
INFO: [ app_init ] --START--
INFO: Run Behavior\BuildLiteBehavior [ RunTime:0.000019s ]
INFO: [ app_init ] --END-- [ RunTime:0.000485s ]
ERR: Êó†Ê≥ïÂä†ËΩΩÊ®°Âùó:Bin

[ 2016-05-20T02:36:43+08:00 ] 121.42.0.19 /bin/
INFO: [ app_init ] --START--
INFO: Run Behavior\BuildLiteBehavior [ RunTime:0.000016s ]
INFO: [ app_init ] --END-- [ RunTime:0.000339s ]
ERR: Êó†Ê≥ïÂä†ËΩΩÊ®°Âùó:Bin

[ 2016-05-20T02:36:46+08:00 ] 121.42.0.19 /downloads/
INFO: [ app_init ] --START--
INFO: Run Behavior\BuildLiteBehavior [ RunTime:0.000015s ]
INFO: [ app_init ] --END-- [ RunTime:0.000330s ]
ERR: Êó†Ê≥ïÂä†ËΩΩÊ®°Âùó:Downloads

[ 2016-05-20T02:36:51+08:00 ] 121.42.0.19 /downloads/
INFO: [ app_init ] --START--
INFO: Run Behavior\BuildLiteBehavior [ RunTime:0.000019s ]
INFO: [ app_init ] --END-- [ RunTime:0.000346s ]
ERR: Êó†Ê≥ïÂä†ËΩΩÊ®°Âùó:Downloads

[ 2016-05-20T02:36:53+08:00 ] 121.42.0.19 /download/
INFO: [ app_init ] --START--
INFO: Run Behavior\BuildLiteBehavior [ RunTime:0.000014s ]
INFO: [ app_init ] --END-- [ RunTime:0.000307s ]
ERR: Êó†Ê≥ïÂä†ËΩΩÊ®°Âùó:Download

[ 2016-05-20T02:37:38+08:00 ] 121.42.0.19 /download/
INFO: [ app_init ] --START--
INFO: Run Behavior\BuildLiteBehavior [ RunTime:0.000015s ]
INFO: [ app_init ] --END-- [ RunTime:0.000305s ]
ERR: Êó†Ê≥ïÂä†ËΩΩÊ®°Âùó:Download

[ 2016-05-20T02:42:27+08:00 ] 121.42.0.19 /uc_server/uctools.php
INFO: [ app_init ] --START--
INFO: Run Behavior\BuildLiteBehavior [ RunTime:0.000014s ]
INFO: [ app_init ] --END-- [ RunTime:0.000307s ]
ERR: Êó†Ê≥ïÂä†ËΩΩÊ®°Âùó:Uc_server

[ 2016-05-20T02:43:05+08:00 ] 121.42.0.19 /uc_server/uctools.php
INFO: [ app_init ] --START--
INFO: Run Behavior\BuildLiteBehavior [ RunTime:0.000013s ]
INFO: [ app_init ] --END-- [ RunTime:0.000304s ]
ERR: Êó†Ê≥ïÂä†ËΩΩÊ®°Âùó:Uc_server

[ 2016-05-20T02:43:18+08:00 ] 121.42.0.19 /CVS/Root
INFO: [ app_init ] --START--
INFO: Run Behavior\BuildLiteBehavior [ RunTime:0.000014s ]
INFO: [ app_init ] --END-- [ RunTime:0.003347s ]
ERR: Êó†Ê≥ïÂä†ËΩΩÊ®°Âùó:CVS

[ 2016-05-20T02:43:26+08:00 ] 121.42.0.19 /CVS/Root
INFO: [ app_init ] --START--
INFO: Run Behavior\BuildLiteBehavior [ RunTime:0.000014s ]
INFO: [ app_init ] --END-- [ RunTime:0.000306s ]
ERR: Êó†Ê≥ïÂä†ËΩΩÊ®°Âùó:CVS

[ 2016-05-20T02:44:56+08:00 ] 121.42.0.19 /.hg/requires
INFO: [ app_init ] --START--
INFO: Run Behavior\BuildLiteBehavior [ RunTime:0.000014s ]
INFO: [ app_init ] --END-- [ RunTime:0.000312s ]
ERR: Êó†Ê≥ïÂä†ËΩΩÊ®°Âùó:.hg

[ 2016-05-20T02:45:43+08:00 ] 121.42.0.19 /.hg/requires
INFO: [ app_init ] --START--
INFO: Run Behavior\BuildLiteBehavior [ RunTime:0.000014s ]
INFO: [ app_init ] --END-- [ RunTime:0.000313s ]
ERR: Êó†Ê≥ïÂä†ËΩΩÊ®°Âùó:.hg

[ 2016-05-20T02:47:16+08:00 ] 121.42.0.19 /uploads/
INFO: [ app_init ] --START--
INFO: Run Behavior\BuildLiteBehavior [ RunTime:0.000014s ]
INFO: [ app_init ] --END-- [ RunTime:0.000330s ]
ERR: Êó†Ê≥ïÂä†ËΩΩÊ®°Âùó:Uploads

[ 2016-05-20T02:47:22+08:00 ] 121.42.0.19 /uploads/
INFO: [ app_init ] --START--
INFO: Run Behavior\BuildLiteBehavior [ RunTime:0.000015s ]
INFO: [ app_init ] --END-- [ RunTime:0.000310s ]
ERR: Êó†Ê≥ïÂä†ËΩΩÊ®°Âùó:Uploads

[ 2016-05-20T02:47:25+08:00 ] 121.42.0.19 /backup/
INFO: [ app_init ] --START--
INFO: Run Behavior\BuildLiteBehavior [ RunTime:0.000014s ]
INFO: [ app_init ] --END-- [ RunTime:0.000332s ]
ERR: Êó†Ê≥ïÂä†ËΩΩÊ®°Âùó:Backup

[ 2016-05-20T02:47:28+08:00 ] 121.42.0.19 /backup/
INFO: [ app_init ] --START--
INFO: Run Behavior\BuildLiteBehavior [ RunTime:0.000016s ]
INFO: [ app_init ] --END-- [ RunTime:0.000346s ]
ERR: Êó†Ê≥ïÂä†ËΩΩÊ®°Âùó:Backup

[ 2016-05-20T02:47:31+08:00 ] 121.42.0.19 /web/
INFO: [ app_init ] --START--
INFO: Run Behavior\BuildLiteBehavior [ RunTime:0.000015s ]
INFO: [ app_init ] --END-- [ RunTime:0.000325s ]
ERR: Êó†Ê≥ïÂä†ËΩΩÊ®°Âùó:Web

[ 2016-05-20T02:47:34+08:00 ] 121.42.0.19 /web/
INFO: [ app_init ] --START--
INFO: Run Behavior\BuildLiteBehavior [ RunTime:0.000015s ]
INFO: [ app_init ] --END-- [ RunTime:0.000311s ]
ERR: Êó†Ê≥ïÂä†ËΩΩÊ®°Âùó:Web

[ 2016-05-20T02:47:37+08:00 ] 121.42.0.19 /uploadfiles/
INFO: [ app_init ] --START--
INFO: Run Behavior\BuildLiteBehavior [ RunTime:0.000014s ]
INFO: [ app_init ] --END-- [ RunTime:0.000306s ]
ERR: Êó†Ê≥ïÂä†ËΩΩÊ®°Âùó:Uploadfiles

[ 2016-05-20T02:47:40+08:00 ] 121.42.0.19 /uploadfiles/
INFO: [ app_init ] --START--
INFO: Run Behavior\BuildLiteBehavior [ RunTime:0.000122s ]
INFO: [ app_init ] --END-- [ RunTime:0.000478s ]
ERR: Êó†Ê≥ïÂä†ËΩΩÊ®°Âùó:Uploadfiles

[ 2016-05-20T02:47:43+08:00 ] 121.42.0.19 /uploadfile/
INFO: [ app_init ] --START--
INFO: Run Behavior\BuildLiteBehavior [ RunTime:0.000015s ]
INFO: [ app_init ] --END-- [ RunTime:0.000331s ]
ERR: Êó†Ê≥ïÂä†ËΩΩÊ®°Âùó:Uploadfile

[ 2016-05-20T02:47:46+08:00 ] 121.42.0.19 /uploadfile/
INFO: [ app_init ] --START--
INFO: Run Behavior\BuildLiteBehavior [ RunTime:0.000014s ]
INFO: [ app_init ] --END-- [ RunTime:0.000305s ]
ERR: Êó†Ê≥ïÂä†ËΩΩÊ®°Âùó:Uploadfile

[ 2016-05-20T02:47:49+08:00 ] 121.42.0.19 /upfiles/
INFO: [ app_init ] --START--
INFO: Run Behavior\BuildLiteBehavior [ RunTime:0.000014s ]
INFO: [ app_init ] --END-- [ RunTime:0.000341s ]
ERR: Êó†Ê≥ïÂä†ËΩΩÊ®°Âùó:Upfiles

[ 2016-05-20T02:47:52+08:00 ] 121.42.0.19 /upfiles/
INFO: [ app_init ] --START--
INFO: Run Behavior\BuildLiteBehavior [ RunTime:0.000014s ]
INFO: [ app_init ] --END-- [ RunTime:0.000304s ]
ERR: Êó†Ê≥ïÂä†ËΩΩÊ®°Âùó:Upfiles

[ 2016-05-20T02:47:57+08:00 ] 121.42.0.19 /upfile/
INFO: [ app_init ] --START--
INFO: Run Behavior\BuildLiteBehavior [ RunTime:0.000019s ]
INFO: [ app_init ] --END-- [ RunTime:0.000328s ]
ERR: Êó†Ê≥ïÂä†ËΩΩÊ®°Âùó:Upfile

[ 2016-05-20T02:48:00+08:00 ] 121.42.0.19 /upfile/
INFO: [ app_init ] --START--
INFO: Run Behavior\BuildLiteBehavior [ RunTime:0.000014s ]
INFO: [ app_init ] --END-- [ RunTime:0.000386s ]
ERR: Êó†Ê≥ïÂä†ËΩΩÊ®°Âùó:Upfile

[ 2016-05-20T02:48:03+08:00 ] 121.42.0.19 /htdocs/
INFO: [ app_init ] --START--
INFO: Run Behavior\BuildLiteBehavior [ RunTime:0.000015s ]
INFO: [ app_init ] --END-- [ RunTime:0.000342s ]
ERR: Êó†Ê≥ïÂä†ËΩΩÊ®°Âùó:Htdocs

[ 2016-05-20T02:48:18+08:00 ] 121.42.0.19 /htdocs/
INFO: [ app_init ] --START--
INFO: Run Behavior\BuildLiteBehavior [ RunTime:0.000013s ]
INFO: [ app_init ] --END-- [ RunTime:0.000303s ]
ERR: Êó†Ê≥ïÂä†ËΩΩÊ®°Âùó:Htdocs

[ 2016-05-20T02:48:21+08:00 ] 121.42.0.19 /WebResource.axd
INFO: [ app_init ] --START--
INFO: Run Behavior\BuildLiteBehavior [ RunTime:0.000014s ]
INFO: [ app_init ] --END-- [ RunTime:0.000340s ]
ERR: Êó†Ê≥ïÂä†ËΩΩÊ®°Âùó:WebResource

[ 2016-05-20T02:48:24+08:00 ] 121.42.0.19 /WebResource.axd?d=LENSTEST&t=LENSTEST
INFO: [ app_init ] --START--
INFO: Run Behavior\BuildLiteBehavior [ RunTime:0.000014s ]
INFO: [ app_init ] --END-- [ RunTime:0.000327s ]
ERR: Êó†Ê≥ïÂä†ËΩΩÊ®°Âùó:WebResource

[ 2016-05-20T02:48:27+08:00 ] 121.42.0.19 /upload/
INFO: [ app_init ] --START--
INFO: Run Behavior\BuildLiteBehavior [ RunTime:0.000014s ]
INFO: [ app_init ] --END-- [ RunTime:0.000329s ]
ERR: Êó†Ê≥ïÂä†ËΩΩÊ®°Âùó:Upload

[ 2016-05-20T02:48:29+08:00 ] 121.42.0.19 /upload/
INFO: [ app_init ] --START--
INFO: Run Behavior\BuildLiteBehavior [ RunTime:0.000014s ]
INFO: [ app_init ] --END-- [ RunTime:0.000319s ]
ERR: Êó†Ê≥ïÂä†ËΩΩÊ®°Âùó:Upload

[ 2016-05-20T02:48:32+08:00 ] 121.42.0.19 /db/
INFO: [ app_init ] --START--
INFO: Run Behavior\BuildLiteBehavior [ RunTime:0.000019s ]
INFO: [ app_init ] --END-- [ RunTime:0.000338s ]
ERR: Êó†Ê≥ïÂä†ËΩΩÊ®°Âùó:Db

[ 2016-05-20T02:48:34+08:00 ] 121.42.0.19 /db/
INFO: [ app_init ] --START--
INFO: Run Behavior\BuildLiteBehavior [ RunTime:0.000014s ]
INFO: [ app_init ] --END-- [ RunTime:0.000308s ]
ERR: Êó†Ê≥ïÂä†ËΩΩÊ®°Âùó:Db

[ 2016-05-20T02:48:39+08:00 ] 121.42.0.19 /log/
INFO: [ app_init ] --START--
INFO: Run Behavior\BuildLiteBehavior [ RunTime:0.000014s ]
INFO: [ app_init ] --END-- [ RunTime:0.000306s ]
ERR: Êó†Ê≥ïÂä†ËΩΩÊ®°Âùó:Log

[ 2016-05-20T02:48:42+08:00 ] 121.42.0.19 /log/
INFO: [ app_init ] --START--
INFO: Run Behavior\BuildLiteBehavior [ RunTime:0.000015s ]
INFO: [ app_init ] --END-- [ RunTime:0.000311s ]
ERR: Êó†Ê≥ïÂä†ËΩΩÊ®°Âùó:Log

[ 2016-05-20T02:48:44+08:00 ] 121.42.0.19 /logs/
INFO: [ app_init ] --START--
INFO: Run Behavior\BuildLiteBehavior [ RunTime:0.000013s ]
INFO: [ app_init ] --END-- [ RunTime:0.000318s ]
ERR: Êó†Ê≥ïÂä†ËΩΩÊ®°Âùó:Logs

[ 2016-05-20T02:48:47+08:00 ] 121.42.0.19 /logs/
INFO: [ app_init ] --START--
INFO: Run Behavior\BuildLiteBehavior [ RunTime:0.000018s ]
INFO: [ app_init ] --END-- [ RunTime:0.000367s ]
ERR: Êó†Ê≥ïÂä†ËΩΩÊ®°Âùó:Logs

[ 2016-05-20T02:48:50+08:00 ] 121.42.0.19 /config/
INFO: [ app_init ] --START--
INFO: Run Behavior\BuildLiteBehavior [ RunTime:0.000017s ]
INFO: [ app_init ] --END-- [ RunTime:0.000315s ]
ERR: Êó†Ê≥ïÂä†ËΩΩÊ®°Âùó:Config

[ 2016-05-20T02:48:53+08:00 ] 121.42.0.19 /config/
INFO: [ app_init ] --START--
INFO: Run Behavior\BuildLiteBehavior [ RunTime:0.000014s ]
INFO: [ app_init ] --END-- [ RunTime:0.000315s ]
ERR: Êó†Ê≥ïÂä†ËΩΩÊ®°Âùó:Config

[ 2016-05-20T02:48:55+08:00 ] 121.42.0.19 /jmx-console/
INFO: [ app_init ] --START--
INFO: Run Behavior\BuildLiteBehavior [ RunTime:0.000014s ]
INFO: [ app_init ] --END-- [ RunTime:0.000326s ]
ERR: Êó†Ê≥ïÂä†ËΩΩÊ®°Âùó:Jmx-console

[ 2016-05-20T02:48:58+08:00 ] 121.42.0.19 /web-console/
INFO: [ app_init ] --START--
INFO: Run Behavior\BuildLiteBehavior [ RunTime:0.000014s ]
INFO: [ app_init ] --END-- [ RunTime:0.000306s ]
ERR: Êó†Ê≥ïÂä†ËΩΩÊ®°Âùó:Web-console

[ 2016-05-20T02:49:07+08:00 ] 121.42.0.19 /robots.txt
INFO: [ app_init ] --START--
INFO: Run Behavior\BuildLiteBehavior [ RunTime:0.000017s ]
INFO: [ app_init ] --END-- [ RunTime:0.000319s ]
ERR: Êó†Ê≥ïÂä†ËΩΩÊ®°Âùó:Robots

[ 2016-05-20T02:49:15+08:00 ] 121.42.0.19 /cgi-bin/authlogin.cgi
INFO: [ app_init ] --START--
INFO: Run Behavior\BuildLiteBehavior [ RunTime:0.000016s ]
INFO: [ app_init ] --END-- [ RunTime:0.000315s ]
ERR: Êó†Ê≥ïÂä†ËΩΩÊ®°Âùó:Errpage

[ 2016-05-20T02:49:19+08:00 ] 121.42.0.19 /cgi-bin/it.cgi
INFO: [ app_init ] --START--
INFO: Run Behavior\BuildLiteBehavior [ RunTime:0.000019s ]
INFO: [ app_init ] --END-- [ RunTime:0.000334s ]
ERR: Êó†Ê≥ïÂä†ËΩΩÊ®°Âùó:Errpage

[ 2016-05-20T02:49:24+08:00 ] 121.42.0.19 /cgi-sys/defaultwebpage.cgi
INFO: [ app_init ] --START--
INFO: Run Behavior\BuildLiteBehavior [ RunTime:0.000014s ]
INFO: [ app_init ] --END-- [ RunTime:0.000327s ]
ERR: Êó†Ê≥ïÂä†ËΩΩÊ®°Âùó:Cgi-sys

[ 2016-05-20T02:49:26+08:00 ] 121.42.0.19 /cgi-sys/FormMail-clone.cgi
INFO: [ app_init ] --START--
INFO: Run Behavior\BuildLiteBehavior [ RunTime:0.000028s ]
INFO: [ app_init ] --END-- [ RunTime:0.000413s ]
ERR: Êó†Ê≥ïÂä†ËΩΩÊ®°Âùó:Cgi-sys

[ 2016-05-20T02:49:42+08:00 ] 121.42.0.19 /xampp/cgi.cgi
INFO: [ app_init ] --START--
INFO: Run Behavior\BuildLiteBehavior [ RunTime:0.000014s ]
INFO: [ app_init ] --END-- [ RunTime:0.000316s ]
ERR: Êó†Ê≥ïÂä†ËΩΩÊ®°Âùó:Xampp

[ 2016-05-20T02:49:45+08:00 ] 121.42.0.19 /index.php?m=Public&a=login
INFO: [ app_init ] --START--
INFO: Run Behavior\BuildLiteBehavior [ RunTime:0.000014s ]
INFO: [ app_init ] --END-- [ RunTime:0.000311s ]
ERR: Êó†Ê≥ïÂä†ËΩΩÊ®°Âùó:Public

[ 2016-05-20T02:49:56+08:00 ] 121.42.0.19 /adminer.php
INFO: [ app_init ] --START--
INFO: Run Behavior\BuildLiteBehavior [ RunTime:0.000014s ]
INFO: [ app_init ] --END-- [ RunTime:0.000310s ]
ERR: Êó†Ê≥ïÂä†ËΩΩÊ®°Âùó:Adminer

[ 2016-05-20T02:49:59+08:00 ] 121.42.0.19 /adminer.php
INFO: [ app_init ] --START--
INFO: Run Behavior\BuildLiteBehavior [ RunTime:0.000014s ]
INFO: [ app_init ] --END-- [ RunTime:0.000305s ]
ERR: Êó†Ê≥ïÂä†ËΩΩÊ®°Âùó:Adminer

[ 2016-05-20T02:50:07+08:00 ] 121.42.0.19 /phpinfo.php
INFO: [ app_init ] --START--
INFO: Run Behavior\BuildLiteBehavior [ RunTime:0.000013s ]
INFO: [ app_init ] --END-- [ RunTime:0.000341s ]
ERR: Êó†Ê≥ïÂä†ËΩΩÊ®°Âùó:Phpinfo

[ 2016-05-20T02:50:10+08:00 ] 121.42.0.19 /info.php
INFO: [ app_init ] --START--
INFO: Run Behavior\BuildLiteBehavior [ RunTime:0.000017s ]
INFO: [ app_init ] --END-- [ RunTime:0.000347s ]
ERR: Êó†Ê≥ïÂä†ËΩΩÊ®°Âùó:Info

[ 2016-05-20T02:50:13+08:00 ] 121.42.0.19 /php.php
INFO: [ app_init ] --START--
INFO: Run Behavior\BuildLiteBehavior [ RunTime:0.000014s ]
INFO: [ app_init ] --END-- [ RunTime:0.000344s ]
ERR: Êó†Ê≥ïÂä†ËΩΩÊ®°Âùó:Php

[ 2016-05-20T02:50:19+08:00 ] 121.42.0.19 /test.php
INFO: [ app_init ] --START--
INFO: Run Behavior\BuildLiteBehavior [ RunTime:0.000015s ]
INFO: [ app_init ] --END-- [ RunTime:0.000328s ]
ERR: Êó†Ê≥ïÂä†ËΩΩÊ®°Âùó:Test

[ 2016-05-20T02:50:25+08:00 ] 121.42.0.19 /show.php
INFO: [ app_init ] --START--
INFO: Run Behavior\BuildLiteBehavior [ RunTime:0.000107s ]
INFO: [ app_init ] --END-- [ RunTime:0.000459s ]
ERR: Êó†Ê≥ïÂä†ËΩΩÊ®°Âùó:Show

[ 2016-05-20T02:50:31+08:00 ] 121.42.0.19 /a.php
INFO: [ app_init ] --START--
INFO: Run Behavior\BuildLiteBehavior [ RunTime:0.000019s ]
INFO: [ app_init ] --END-- [ RunTime:0.000335s ]
ERR: Êó†Ê≥ïÂä†ËΩΩÊ®°Âùó:A

[ 2016-05-20T02:50:34+08:00 ] 121.42.0.19 /1.php
INFO: [ app_init ] --START--
INFO: Run Behavior\BuildLiteBehavior [ RunTime:0.000014s ]
INFO: [ app_init ] --END-- [ RunTime:0.000305s ]
ERR: Êó†Ê≥ïÂä†ËΩΩÊ®°Âùó:1

[ 2016-05-20T02:50:37+08:00 ] 121.42.0.19 /u.php?act=phpinfo
INFO: [ app_init ] --START--
INFO: Run Behavior\BuildLiteBehavior [ RunTime:0.000014s ]
INFO: [ app_init ] --END-- [ RunTime:0.000306s ]
ERR: Êó†Ê≥ïÂä†ËΩΩÊ®°Âùó:U

[ 2016-05-20T02:50:40+08:00 ] 121.42.0.19 /l.php?act=phpinfo
INFO: [ app_init ] --START--
INFO: Run Behavior\BuildLiteBehavior [ RunTime:0.000014s ]
INFO: [ app_init ] --END-- [ RunTime:0.000306s ]
ERR: Êó†Ê≥ïÂä†ËΩΩÊ®°Âùó:L

[ 2016-05-20T02:50:43+08:00 ] 121.42.0.19 /tz.php?act=phpinfo
INFO: [ app_init ] --START--
INFO: Run Behavior\BuildLiteBehavior [ RunTime:0.000014s ]
INFO: [ app_init ] --END-- [ RunTime:0.000312s ]
ERR: Êó†Ê≥ïÂä†ËΩΩÊ®°Âùó:Tz

[ 2016-05-20T02:50:46+08:00 ] 121.42.0.19 /app/dev/svinfo.php?phpinfo=true
INFO: [ app_init ] --START--
INFO: Run Behavior\BuildLiteBehavior [ RunTime:0.000014s ]
INFO: [ app_init ] --END-- [ RunTime:0.000309s ]
ERR: Êó†Ê≥ïÂä†ËΩΩÊ®°Âùó:App

[ 2016-05-20T02:50:49+08:00 ] 121.42.0.19 /install/svinfo.php?phpinfo=true
INFO: [ app_init ] --START--
INFO: Run Behavior\BuildLiteBehavior [ RunTime:0.000015s ]
INFO: [ app_init ] --END-- [ RunTime:0.000315s ]
ERR: Êó†Ê≥ïÂä†ËΩΩÊ®°Âùó:Install

[ 2016-05-20T02:50:52+08:00 ] 121.42.0.19 /favicon.ico
INFO: [ app_init ] --START--
INFO: Run Behavior\BuildLiteBehavior [ RunTime:0.000017s ]
INFO: [ app_init ] --END-- [ RunTime:0.000323s ]
ERR: Êó†Ê≥ïÂä†ËΩΩÊ®°Âùó:Favicon

[ 2016-05-20T02:50:55+08:00 ] 121.42.0.19 /data/
INFO: [ app_init ] --START--
INFO: Run Behavior\BuildLiteBehavior [ RunTime:0.000014s ]
INFO: [ app_init ] --END-- [ RunTime:0.000329s ]
ERR: Êó†Ê≥ïÂä†ËΩΩÊ®°Âùó:Data

[ 2016-05-20T02:50:58+08:00 ] 121.42.0.19 /data/
INFO: [ app_init ] --START--
INFO: Run Behavior\BuildLiteBehavior [ RunTime:0.000015s ]
INFO: [ app_init ] --END-- [ RunTime:0.000325s ]
ERR: Êó†Ê≥ïÂä†ËΩΩÊ®°Âùó:Data

[ 2016-05-20T02:51:16+08:00 ] 121.42.0.19 /%c0%ae%c0%ae%2f%c0%ae%c0%ae%2f%c0%ae%c0%ae%2f%c0%ae%c0%ae%2f%c0%ae%c0%ae%2f%c0%ae%c0%ae%2f%c0%ae%c0%ae%2fetc%2fpasswd
INFO: [ app_init ] --START--
INFO: Run Behavior\BuildLiteBehavior [ RunTime:0.000014s ]
INFO: [ app_init ] --END-- [ RunTime:0.000309s ]
ERR: Êó†Ê≥ïÂä†ËΩΩÊ®°Âùó:Errpage

[ 2016-05-20T02:51:19+08:00 ] 121.42.0.19 /%c0%ae%c0%ae%2f%c0%ae%c0%ae%2f%c0%ae%c0%ae%2f%c0%ae%c0%ae%2f%c0%ae%c0%ae%2f%c0%ae%c0%ae%2f%c0%ae%c0%ae%2fwindows%2Fwin.ini
INFO: [ app_init ] --START--
INFO: Run Behavior\BuildLiteBehavior [ RunTime:0.000014s ]
INFO: [ app_init ] --END-- [ RunTime:0.000340s ]
ERR: Êó†Ê≥ïÂä†ËΩΩÊ®°Âùó:Errpage

[ 2016-05-20T02:51:21+08:00 ] 121.42.0.19 /..%c0%af..%c0%af..%c0%af..%c0%af..%c0%af..%c0%af..%c0%af..%c0%afetc%c0%afpasswd
INFO: [ app_init ] --START--
INFO: Run Behavior\BuildLiteBehavior [ RunTime:0.000018s ]
INFO: [ app_init ] --END-- [ RunTime:0.000325s ]
ERR: Êó†Ê≥ïÂä†ËΩΩÊ®°Âùó:..¿Ø..¿Ø..¿Ø..¿Ø..¿Ø..¿Ø..¿Ø.

[ 2016-05-20T02:51:24+08:00 ] 121.42.0.19 /..%c0%af..%c0%af..%c0%af..%c0%af..%c0%af..%c0%af..%c0%af..%c0%afwindows%c0%afwin.ini
INFO: [ app_init ] --START--
INFO: Run Behavior\BuildLiteBehavior [ RunTime:0.000018s ]
INFO: [ app_init ] --END-- [ RunTime:0.000348s ]
ERR: Êó†Ê≥ïÂä†ËΩΩÊ®°Âùó:..¿Ø..¿Ø..¿Ø..¿Ø..¿Ø..¿Ø..¿Ø..¿Øwindows¿Øwin

[ 2016-05-20T02:51:27+08:00 ] 121.42.0.19 /%c0%ae%c0%ae/%c0%ae%c0%ae/%c0%ae%c0%ae/%c0%ae%c0%ae/%c0%ae%c0%ae/%c0%ae%c0%ae/%c0%ae%c0%ae/etc/passwd
INFO: [ app_init ] --START--
INFO: Run Behavior\BuildLiteBehavior [ RunTime:0.000014s ]
INFO: [ app_init ] --END-- [ RunTime:0.000330s ]
ERR: Êó†Ê≥ïÂä†ËΩΩÊ®°Âùó:¿Æ¿Æ

[ 2016-05-20T02:51:30+08:00 ] 121.42.0.19 /%c0%ae%c0%ae/%c0%ae%c0%ae/%c0%ae%c0%ae/%c0%ae%c0%ae/%c0%ae%c0%ae/%c0%ae%c0%ae/%c0%ae%c0%ae/windows/win.ini
INFO: [ app_init ] --START--
INFO: Run Behavior\BuildLiteBehavior [ RunTime:0.000014s ]
INFO: [ app_init ] --END-- [ RunTime:0.000302s ]
ERR: Êó†Ê≥ïÂä†ËΩΩÊ®°Âùó:¿Æ¿Æ

[ 2016-05-20T02:51:33+08:00 ] 121.42.0.19 /%5c%2e%2e%2f%5c%2e%2e%2f%5c%2e%2e%2f%5c%2e%2e%2f%5c%2e%2e%2f%5c%2e%2e%2f%5c%2e%2e%2f%5c%2e%2e%2f%5c%2e%2e%2f%5c%2e%2e%2f%5c%2e%2e%2f%5c%2e%2e%2f%5c%2e%2e%2fetc%2fpasswd
INFO: [ app_init ] --START--
INFO: Run Behavior\BuildLiteBehavior [ RunTime:0.000014s ]
INFO: [ app_init ] --END-- [ RunTime:0.000308s ]
ERR: Êó†Ê≥ïÂä†ËΩΩÊ®°Âùó:Errpage

[ 2016-05-20T02:51:36+08:00 ] 121.42.0.19 /%5c%2e%2e%2f%5c%2e%2e%2f%5c%2e%2e%2f%5c%2e%2e%2f%5c%2e%2e%2f%5c%2e%2e%2f%5c%2e%2e%2f%5c%2e%2e%2f%5c%2e%2e%2f%5c%2e%2e%2f%5c%2e%2e%2f%5c%2e%2e%2f%5c%2e%2e%2fwindows%2Fwin.ini
INFO: [ app_init ] --START--
INFO: Run Behavior\BuildLiteBehavior [ RunTime:0.000015s ]
INFO: [ app_init ] --END-- [ RunTime:0.000321s ]
ERR: Êó†Ê≥ïÂä†ËΩΩÊ®°Âùó:Errpage

[ 2016-05-20T02:51:41+08:00 ] 121.42.0.19 /manager/html
INFO: [ app_init ] --START--
INFO: Run Behavior\BuildLiteBehavior [ RunTime:0.000015s ]
INFO: [ app_init ] --END-- [ RunTime:0.000418s ]
ERR: Êó†Ê≥ïÂä†ËΩΩÊ®°Âùó:Manager

[ 2016-05-20T02:51:43+08:00 ] 121.42.0.19 /wp-login.php
INFO: [ app_init ] --START--
INFO: Run Behavior\BuildLiteBehavior [ RunTime:0.000017s ]
INFO: [ app_init ] --END-- [ RunTime:0.000341s ]
ERR: Êó†Ê≥ïÂä†ËΩΩÊ®°Âùó:Wp-login

[ 2016-05-20T02:59:48+08:00 ] 121.42.0.19 /j_acegi_security_check
INFO: [ app_init ] --START--
INFO: Run Behavior\BuildLiteBehavior [ RunTime:0.000015s ]
INFO: [ app_init ] --END-- [ RunTime:0.000306s ]
ERR: Êó†Ê≥ïÂä†ËΩΩÊ®°Âùó:J_acegi_security_check

[ 2016-05-20T03:07:54+08:00 ] 121.42.0.19 /zabbix/index.php
INFO: [ app_init ] --START--
INFO: Run Behavior\BuildLiteBehavior [ RunTime:0.000014s ]
INFO: [ app_init ] --END-- [ RunTime:0.000309s ]
ERR: Êó†Ê≥ïÂä†ËΩΩÊ®°Âùó:Zabbix

[ 2016-05-20T03:10:02+08:00 ] 121.42.0.19 /axis2/axis2-admin/login
INFO: [ app_init ] --START--
INFO: Run Behavior\BuildLiteBehavior [ RunTime:0.000014s ]
INFO: [ app_init ] --END-- [ RunTime:0.000348s ]
ERR: Êó†Ê≥ïÂä†ËΩΩÊ®°Âùó:Axis2

[ 2016-05-20T03:10:19+08:00 ] 121.42.0.19 /phpmyadmin/index.php
INFO: [ app_init ] --START--
INFO: Run Behavior\BuildLiteBehavior [ RunTime:0.000014s ]
INFO: [ app_init ] --END-- [ RunTime:0.000308s ]
ERR: Êó†Ê≥ïÂä†ËΩΩÊ®°Âùó:Phpmyadmin

[ 2016-05-20T03:10:27+08:00 ] 121.42.0.19 /phpMyAdmin/index.php
INFO: [ app_init ] --START--
INFO: Run Behavior\BuildLiteBehavior [ RunTime:0.000014s ]
INFO: [ app_init ] --END-- [ RunTime:0.000304s ]
ERR: Êó†Ê≥ïÂä†ËΩΩÊ®°Âùó:PhpMyAdmin

[ 2016-05-20T03:10:40+08:00 ] 121.42.0.19 /pma/index.php
INFO: [ app_init ] --START--
INFO: Run Behavior\BuildLiteBehavior [ RunTime:0.000017s ]
INFO: [ app_init ] --END-- [ RunTime:0.000359s ]
ERR: Êó†Ê≥ïÂä†ËΩΩÊ®°Âùó:Pma

[ 2016-05-20T03:10:47+08:00 ] 121.42.0.19 /pmd/index.php
INFO: [ app_init ] --START--
INFO: Run Behavior\BuildLiteBehavior [ RunTime:0.000015s ]
INFO: [ app_init ] --END-- [ RunTime:0.000314s ]
ERR: Êó†Ê≥ïÂä†ËΩΩÊ®°Âùó:Pmd

[ 2016-05-20T03:10:55+08:00 ] 121.42.0.19 /phpmyadmin/main.php
INFO: [ app_init ] --START--
INFO: Run Behavior\BuildLiteBehavior [ RunTime:0.000014s ]
INFO: [ app_init ] --END-- [ RunTime:0.000309s ]
ERR: Êó†Ê≥ïÂä†ËΩΩÊ®°Âùó:Phpmyadmin

[ 2016-05-20T03:11:04+08:00 ] 121.42.0.19 /phpMyAdmin/main.php
INFO: [ app_init ] --START--
INFO: Run Behavior\BuildLiteBehavior [ RunTime:0.000018s ]
INFO: [ app_init ] --END-- [ RunTime:0.000342s ]
ERR: Êó†Ê≥ïÂä†ËΩΩÊ®°Âùó:PhpMyAdmin

[ 2016-05-20T03:12:00+08:00 ] 121.42.0.19 /pma/main.php
INFO: [ app_init ] --START--
INFO: Run Behavior\BuildLiteBehavior [ RunTime:0.000014s ]
INFO: [ app_init ] --END-- [ RunTime:0.000308s ]
ERR: Êó†Ê≥ïÂä†ËΩΩÊ®°Âùó:Pma

[ 2016-05-20T03:13:18+08:00 ] 121.42.0.19 /pmd/main.php
INFO: [ app_init ] --START--
INFO: Run Behavior\BuildLiteBehavior [ RunTime:0.000014s ]
INFO: [ app_init ] --END-- [ RunTime:0.000305s ]
ERR: Êó†Ê≥ïÂä†ËΩΩÊ®°Âùó:Pmd

[ 2016-05-20T03:16:56+08:00 ] 121.42.0.19 /blog/wp-login.php
INFO: [ app_init ] --START--
INFO: Run Behavior\BuildLiteBehavior [ RunTime:0.000017s ]
INFO: [ app_init ] --END-- [ RunTime:0.000314s ]
ERR: Êó†Ê≥ïÂä†ËΩΩÊ®°Âùó:Blog

[ 2016-05-20T16:17:16+08:00 ] 101.226.61.193 /favicon.ico
INFO: [ app_init ] --START--
INFO: Run Behavior\BuildLiteBehavior [ RunTime:0.000020s ]
INFO: [ app_init ] --END-- [ RunTime:0.000346s ]
ERR: Êó†Ê≥ïÂä†ËΩΩÊ®°Âùó:Favicon

[ 2016-05-20T16:20:30+08:00 ] 101.226.125.121 /favicon.ico
INFO: [ app_init ] --START--
INFO: Run Behavior\BuildLiteBehavior [ RunTime:0.000014s ]
INFO: [ app_init ] --END-- [ RunTime:0.000330s ]
ERR: Êó†Ê≥ïÂä†ËΩΩÊ®°Âùó:Favicon

[ 2016-05-20T16:21:28+08:00 ] 61.153.150.106 /favicon.ico
INFO: [ app_init ] --START--
INFO: Run Behavior\BuildLiteBehavior [ RunTime:0.000014s ]
INFO: [ app_init ] --END-- [ RunTime:0.000308s ]
ERR: Êó†Ê≥ïÂä†ËΩΩÊ®°Âùó:Favicon

[ 2016-05-20T16:42:18+08:00 ] 101.226.61.193 /favicon.ico
INFO: [ app_init ] --START--
INFO: Run Behavior\BuildLiteBehavior [ RunTime:0.000015s ]
INFO: [ app_init ] --END-- [ RunTime:0.000311s ]
ERR: Êó†Ê≥ïÂä†ËΩΩÊ®°Âùó:Favicon

[ 2016-05-20T16:43:33+08:00 ] 101.226.125.121 /favicon.ico
INFO: [ app_init ] --START--
INFO: Run Behavior\BuildLiteBehavior [ RunTime:0.000015s ]
INFO: [ app_init ] --END-- [ RunTime:0.000313s ]
ERR: Êó†Ê≥ïÂä†ËΩΩÊ®°Âùó:Favicon

[ 2016-05-20T16:48:18+08:00 ] 101.226.61.193 /favicon.ico
INFO: [ app_init ] --START--
INFO: Run Behavior\BuildLiteBehavior [ RunTime:0.000014s ]
INFO: [ app_init ] --END-- [ RunTime:0.000316s ]
ERR: Êó†Ê≥ïÂä†ËΩΩÊ®°Âùó:Favicon

[ 2016-05-20T17:57:34+08:00 ] 101.226.125.121 /favicon.ico
INFO: [ app_init ] --START--
INFO: Run Behavior\BuildLiteBehavior [ RunTime:0.000014s ]
INFO: [ app_init ] --END-- [ RunTime:0.000302s ]
ERR: Êó†Ê≥ïÂä†ËΩΩÊ®°Âùó:Favicon

[ 2016-05-20T17:57:47+08:00 ] 101.226.125.121 /favicon.ico
INFO: [ app_init ] --START--
INFO: Run Behavior\BuildLiteBehavior [ RunTime:0.000015s ]
INFO: [ app_init ] --END-- [ RunTime:0.000317s ]
ERR: Êó†Ê≥ïÂä†ËΩΩÊ®°Âùó:Favicon

[ 2016-05-20T19:16:02+08:00 ] 64.74.215.88 /robots.txt
INFO: [ app_init ] --START--
INFO: Run Behavior\BuildLiteBehavior [ RunTime:0.000014s ]
INFO: [ app_init ] --END-- [ RunTime:0.000304s ]
ERR: Êó†Ê≥ïÂä†ËΩΩÊ®°Âùó:Robots

