[ 2016-06-03T00:24:13+08:00 ] 101.226.125.121 /favicon.ico
INFO: [ app_init ] --START--
INFO: Run Behavior\BuildLiteBehavior [ RunTime:0.000014s ]
INFO: [ app_init ] --END-- [ RunTime:0.000328s ]
ERR: 无法加载模块:Favicon

[ 2016-06-03T00:25:41+08:00 ] 101.226.125.121 /favicon.ico
INFO: [ app_init ] --START--
INFO: Run Behavior\BuildLiteBehavior [ RunTime:0.000015s ]
INFO: [ app_init ] --END-- [ RunTime:0.000361s ]
ERR: 无法加载模块:Favicon

[ 2016-06-03T00:27:04+08:00 ] 140.207.118.16 /favicon.ico
INFO: [ app_init ] --START--
INFO: Run Behavior\BuildLiteBehavior [ RunTime:0.000014s ]
INFO: [ app_init ] --END-- [ RunTime:0.000326s ]
ERR: 无法加载模块:Favicon

[ 2016-06-03T00:32:33+08:00 ] 101.226.61.193 /favicon.ico
INFO: [ app_init ] --START--
INFO: Run Behavior\BuildLiteBehavior [ RunTime:0.000014s ]
INFO: [ app_init ] --END-- [ RunTime:0.000307s ]
ERR: 无法加载模块:Favicon

[ 2016-06-03T00:35:51+08:00 ] 101.226.61.193 /favicon.ico
INFO: [ app_init ] --START--
INFO: Run Behavior\BuildLiteBehavior [ RunTime:0.000014s ]
INFO: [ app_init ] --END-- [ RunTime:0.000305s ]
ERR: 无法加载模块:Favicon

[ 2016-06-03T00:37:16+08:00 ] 140.207.118.16 /favicon.ico
INFO: [ app_init ] --START--
INFO: Run Behavior\BuildLiteBehavior [ RunTime:0.000014s ]
INFO: [ app_init ] --END-- [ RunTime:0.000308s ]
ERR: 无法加载模块:Favicon

[ 2016-06-03T01:39:09+08:00 ] 101.226.125.121 /favicon.ico
INFO: [ app_init ] --START--
INFO: Run Behavior\BuildLiteBehavior [ RunTime:0.000014s ]
INFO: [ app_init ] --END-- [ RunTime:0.000322s ]
ERR: 无法加载模块:Favicon

[ 2016-06-03T01:43:20+08:00 ] 101.226.125.121 /favicon.ico
INFO: [ app_init ] --START--
INFO: Run Behavior\BuildLiteBehavior [ RunTime:0.000014s ]
INFO: [ app_init ] --END-- [ RunTime:0.000322s ]
ERR: 无法加载模块:Favicon

[ 2016-06-03T01:50:05+08:00 ] 101.226.125.121 /favicon.ico
INFO: [ app_init ] --START--
INFO: Run Behavior\BuildLiteBehavior [ RunTime:0.000015s ]
INFO: [ app_init ] --END-- [ RunTime:0.000326s ]
ERR: 无法加载模块:Favicon

[ 2016-06-03T02:07:11+08:00 ] 121.42.0.19 /phpsysinfo/index.php?disp=dynamic
INFO: [ app_init ] --START--
INFO: Run Behavior\BuildLiteBehavior [ RunTime:0.000019s ]
INFO: [ app_init ] --END-- [ RunTime:0.000353s ]
ERR: 无法加载模块:Phpsysinfo

[ 2016-06-03T02:07:17+08:00 ] 121.42.0.19 /phpsysinfo/index.php?disp=dynamic
INFO: [ app_init ] --START--
INFO: Run Behavior\BuildLiteBehavior [ RunTime:0.000014s ]
INFO: [ app_init ] --END-- [ RunTime:0.000304s ]
ERR: 无法加载模块:Phpsysinfo

[ 2016-06-03T02:08:30+08:00 ] 121.42.0.19 /zabbix/
INFO: [ app_init ] --START--
INFO: Run Behavior\BuildLiteBehavior [ RunTime:0.000014s ]
INFO: [ app_init ] --END-- [ RunTime:0.000334s ]
ERR: 无法加载模块:Zabbix

[ 2016-06-03T02:25:37+08:00 ] 101.226.125.121 /favicon.ico
INFO: [ app_init ] --START--
INFO: Run Behavior\BuildLiteBehavior [ RunTime:0.000014s ]
INFO: [ app_init ] --END-- [ RunTime:0.000339s ]
ERR: 无法加载模块:Favicon

[ 2016-06-03T02:28:03+08:00 ] 140.207.118.16 /favicon.ico
INFO: [ app_init ] --START--
INFO: Run Behavior\BuildLiteBehavior [ RunTime:0.000015s ]
INFO: [ app_init ] --END-- [ RunTime:0.000342s ]
ERR: 无法加载模块:Favicon

[ 2016-06-03T02:37:33+08:00 ] 101.226.125.121 /favicon.ico
INFO: [ app_init ] --START--
INFO: Run Behavior\BuildLiteBehavior [ RunTime:0.000014s ]
INFO: [ app_init ] --END-- [ RunTime:0.000304s ]
ERR: 无法加载模块:Favicon

[ 2016-06-03T03:11:18+08:00 ] 121.42.0.19 /phpsysinfo/index.php?disp=dynamic
INFO: [ app_init ] --START--
INFO: Run Behavior\BuildLiteBehavior [ RunTime:0.000016s ]
INFO: [ app_init ] --END-- [ RunTime:0.000330s ]
ERR: 无法加载模块:Phpsysinfo

[ 2016-06-03T03:11:42+08:00 ] 121.42.0.19 /phpsysinfo/index.php?disp=dynamic
INFO: [ app_init ] --START--
INFO: Run Behavior\BuildLiteBehavior [ RunTime:0.000013s ]
INFO: [ app_init ] --END-- [ RunTime:0.000310s ]
ERR: 无法加载模块:Phpsysinfo

[ 2016-06-03T03:13:10+08:00 ] 121.42.0.19 /zabbix/
INFO: [ app_init ] --START--
INFO: Run Behavior\BuildLiteBehavior [ RunTime:0.000014s ]
INFO: [ app_init ] --END-- [ RunTime:0.000308s ]
ERR: 无法加载模块:Zabbix

[ 2016-06-03T03:13:33+08:00 ] 61.153.150.106 /favicon.ico
INFO: [ app_init ] --START--
INFO: Run Behavior\BuildLiteBehavior [ RunTime:0.000014s ]
INFO: [ app_init ] --END-- [ RunTime:0.000331s ]
ERR: 无法加载模块:Favicon

[ 2016-06-03T03:17:11+08:00 ] 121.42.0.19 /cacti/index.php
INFO: [ app_init ] --START--
INFO: Run Behavior\BuildLiteBehavior [ RunTime:0.000015s ]
INFO: [ app_init ] --END-- [ RunTime:0.000305s ]
ERR: 无法加载模块:Cacti

[ 2016-06-03T03:19:46+08:00 ] 121.42.0.19 /axis2/
INFO: [ app_init ] --START--
INFO: Run Behavior\BuildLiteBehavior [ RunTime:0.000016s ]
INFO: [ app_init ] --END-- [ RunTime:0.000316s ]
ERR: 无法加载模块:Axis2

[ 2016-06-03T03:21:24+08:00 ] 121.42.0.19 /solr/
INFO: [ app_init ] --START--
INFO: Run Behavior\BuildLiteBehavior [ RunTime:0.000014s ]
INFO: [ app_init ] --END-- [ RunTime:0.000305s ]
ERR: 无法加载模块:Solr

[ 2016-06-03T03:23:53+08:00 ] 121.42.0.19 /hudson/
INFO: [ app_init ] --START--
INFO: Run Behavior\BuildLiteBehavior [ RunTime:0.000014s ]
INFO: [ app_init ] --END-- [ RunTime:0.000309s ]
ERR: 无法加载模块:Hudson

[ 2016-06-03T03:24:08+08:00 ] 121.42.0.19 /phpRedisAdmin/?overview
INFO: [ app_init ] --START--
INFO: Run Behavior\BuildLiteBehavior [ RunTime:0.000014s ]
INFO: [ app_init ] --END-- [ RunTime:0.000305s ]
ERR: 无法加载模块:PhpRedisAdmin

[ 2016-06-03T03:24:13+08:00 ] 121.42.0.19 /.svn/entries
INFO: [ app_init ] --START--
INFO: Run Behavior\BuildLiteBehavior [ RunTime:0.000014s ]
INFO: [ app_init ] --END-- [ RunTime:0.000310s ]
ERR: 无法加载模块:.svn

[ 2016-06-03T03:24:15+08:00 ] 121.42.0.19 /.svn/entries
INFO: [ app_init ] --START--
INFO: Run Behavior\BuildLiteBehavior [ RunTime:0.000014s ]
INFO: [ app_init ] --END-- [ RunTime:0.000321s ]
ERR: 无法加载模块:.svn

[ 2016-06-03T03:24:19+08:00 ] 121.42.0.19 /.git/config
INFO: [ app_init ] --START--
INFO: Run Behavior\BuildLiteBehavior [ RunTime:0.000014s ]
INFO: [ app_init ] --END-- [ RunTime:0.000309s ]
ERR: 无法加载模块:.git

[ 2016-06-03T03:25:28+08:00 ] 121.42.0.19 /.git/config
INFO: [ app_init ] --START--
INFO: Run Behavior\BuildLiteBehavior [ RunTime:0.000015s ]
INFO: [ app_init ] --END-- [ RunTime:0.000456s ]
ERR: 无法加载模块:.git

[ 2016-06-03T03:25:37+08:00 ] 121.42.0.19 /examples/servlets/index.html
INFO: [ app_init ] --START--
INFO: Run Behavior\BuildLiteBehavior [ RunTime:0.000014s ]
INFO: [ app_init ] --END-- [ RunTime:0.000331s ]
ERR: 无法加载模块:Examples

[ 2016-06-03T03:26:22+08:00 ] 121.42.0.19 /examples/jsp/index.html
INFO: [ app_init ] --START--
INFO: Run Behavior\BuildLiteBehavior [ RunTime:0.000014s ]
INFO: [ app_init ] --END-- [ RunTime:0.000305s ]
ERR: 无法加载模块:Examples

[ 2016-06-03T03:26:34+08:00 ] 121.42.0.19 /monitor/WEB-INF/web.xml
INFO: [ app_init ] --START--
INFO: Run Behavior\BuildLiteBehavior [ RunTime:0.000013s ]
INFO: [ app_init ] --END-- [ RunTime:0.000309s ]
ERR: 无法加载模块:Monitor

[ 2016-06-03T03:26:39+08:00 ] 121.42.0.19 /WEB-INF/web.xml
INFO: [ app_init ] --START--
INFO: Run Behavior\BuildLiteBehavior [ RunTime:0.000013s ]
INFO: [ app_init ] --END-- [ RunTime:0.000313s ]
ERR: 无法加载模块:WEB-INF

[ 2016-06-03T03:27:16+08:00 ] 121.42.0.19 /console/
INFO: [ app_init ] --START--
INFO: Run Behavior\BuildLiteBehavior [ RunTime:0.000014s ]
INFO: [ app_init ] --END-- [ RunTime:0.000305s ]
ERR: 无法加载模块:Console

[ 2016-06-03T03:27:20+08:00 ] 121.42.0.19 /server-status/
INFO: [ app_init ] --START--
INFO: Run Behavior\BuildLiteBehavior [ RunTime:0.000015s ]
INFO: [ app_init ] --END-- [ RunTime:0.000305s ]
ERR: 无法加载模块:Server-status

[ 2016-06-03T03:27:22+08:00 ] 121.42.0.19 /www/admin/index.php
INFO: [ app_init ] --START--
INFO: Run Behavior\BuildLiteBehavior [ RunTime:0.000014s ]
INFO: [ app_init ] --END-- [ RunTime:0.000319s ]
ERR: 无法加载模块:Www

[ 2016-06-03T03:27:26+08:00 ] 121.42.0.19 /.bzr/branch-format
INFO: [ app_init ] --START--
INFO: Run Behavior\BuildLiteBehavior [ RunTime:0.000018s ]
INFO: [ app_init ] --END-- [ RunTime:0.000324s ]
ERR: 无法加载模块:.bzr

[ 2016-06-03T03:27:27+08:00 ] 121.42.0.19 /.bzr/branch-format
INFO: [ app_init ] --START--
INFO: Run Behavior\BuildLiteBehavior [ RunTime:0.000014s ]
INFO: [ app_init ] --END-- [ RunTime:0.000310s ]
ERR: 无法加载模块:.bzr

[ 2016-06-03T03:27:29+08:00 ] 121.42.0.19 /.hg/requires
INFO: [ app_init ] --START--
INFO: Run Behavior\BuildLiteBehavior [ RunTime:0.000014s ]
INFO: [ app_init ] --END-- [ RunTime:0.000367s ]
ERR: 无法加载模块:.hg

[ 2016-06-03T03:27:32+08:00 ] 121.42.0.19 /.hg/requires
INFO: [ app_init ] --START--
INFO: Run Behavior\BuildLiteBehavior [ RunTime:0.000014s ]
INFO: [ app_init ] --END-- [ RunTime:0.000376s ]
ERR: 无法加载模块:.hg

[ 2016-06-03T03:27:33+08:00 ] 121.42.0.19 /CVS/Root
INFO: [ app_init ] --START--
INFO: Run Behavior\BuildLiteBehavior [ RunTime:0.000014s ]
INFO: [ app_init ] --END-- [ RunTime:0.000314s ]
ERR: 无法加载模块:CVS

[ 2016-06-03T03:27:35+08:00 ] 121.42.0.19 /CVS/Root
INFO: [ app_init ] --START--
INFO: Run Behavior\BuildLiteBehavior [ RunTime:0.000013s ]
INFO: [ app_init ] --END-- [ RunTime:0.000303s ]
ERR: 无法加载模块:CVS

[ 2016-06-03T03:27:38+08:00 ] 121.42.0.19 /uc_server/uctools.php
INFO: [ app_init ] --START--
INFO: Run Behavior\BuildLiteBehavior [ RunTime:0.000014s ]
INFO: [ app_init ] --END-- [ RunTime:0.000341s ]
ERR: 无法加载模块:Uc_server

[ 2016-06-03T03:27:40+08:00 ] 121.42.0.19 /uc_server/uctools.php
INFO: [ app_init ] --START--
INFO: Run Behavior\BuildLiteBehavior [ RunTime:0.000018s ]
INFO: [ app_init ] --END-- [ RunTime:0.000317s ]
ERR: 无法加载模块:Uc_server

[ 2016-06-03T03:27:49+08:00 ] 121.42.0.19 /download/
INFO: [ app_init ] --START--
INFO: Run Behavior\BuildLiteBehavior [ RunTime:0.000013s ]
INFO: [ app_init ] --END-- [ RunTime:0.000311s ]
ERR: 无法加载模块:Download

[ 2016-06-03T03:27:51+08:00 ] 121.42.0.19 /download/
INFO: [ app_init ] --START--
INFO: Run Behavior\BuildLiteBehavior [ RunTime:0.000015s ]
INFO: [ app_init ] --END-- [ RunTime:0.000321s ]
ERR: 无法加载模块:Download

[ 2016-06-03T03:27:53+08:00 ] 121.42.0.19 /downloads/
INFO: [ app_init ] --START--
INFO: Run Behavior\BuildLiteBehavior [ RunTime:0.000014s ]
INFO: [ app_init ] --END-- [ RunTime:0.000307s ]
ERR: 无法加载模块:Downloads

[ 2016-06-03T03:27:55+08:00 ] 121.42.0.19 /downloads/
INFO: [ app_init ] --START--
INFO: Run Behavior\BuildLiteBehavior [ RunTime:0.000014s ]
INFO: [ app_init ] --END-- [ RunTime:0.000304s ]
ERR: 无法加载模块:Downloads

[ 2016-06-03T03:27:58+08:00 ] 121.42.0.19 /bin/
INFO: [ app_init ] --START--
INFO: Run Behavior\BuildLiteBehavior [ RunTime:0.000015s ]
INFO: [ app_init ] --END-- [ RunTime:0.000314s ]
ERR: 无法加载模块:Bin

[ 2016-06-03T03:28:35+08:00 ] 121.42.0.19 /bin/
INFO: [ app_init ] --START--
INFO: Run Behavior\BuildLiteBehavior [ RunTime:0.000014s ]
INFO: [ app_init ] --END-- [ RunTime:0.000327s ]
ERR: 无法加载模块:Bin

[ 2016-06-03T03:29:53+08:00 ] 121.42.0.19 /jenkins/
INFO: [ app_init ] --START--
INFO: Run Behavior\BuildLiteBehavior [ RunTime:0.000014s ]
INFO: [ app_init ] --END-- [ RunTime:0.000307s ]
ERR: 无法加载模块:Jenkins

[ 2016-06-03T03:32:22+08:00 ] 121.42.0.19 /WebResource.axd
INFO: [ app_init ] --START--
INFO: Run Behavior\BuildLiteBehavior [ RunTime:0.000014s ]
INFO: [ app_init ] --END-- [ RunTime:0.000331s ]
ERR: 无法加载模块:WebResource

[ 2016-06-03T03:32:34+08:00 ] 121.42.0.19 /WebResource.axd?d=LENSTEST&t=LENSTEST
INFO: [ app_init ] --START--
INFO: Run Behavior\BuildLiteBehavior [ RunTime:0.000015s ]
INFO: [ app_init ] --END-- [ RunTime:0.000329s ]
ERR: 无法加载模块:WebResource

[ 2016-06-03T03:32:56+08:00 ] 121.42.0.19 /upfile/
INFO: [ app_init ] --START--
INFO: Run Behavior\BuildLiteBehavior [ RunTime:0.000014s ]
INFO: [ app_init ] --END-- [ RunTime:0.000306s ]
ERR: 无法加载模块:Upfile

[ 2016-06-03T03:33:07+08:00 ] 121.42.0.19 /upfile/
INFO: [ app_init ] --START--
INFO: Run Behavior\BuildLiteBehavior [ RunTime:0.000015s ]
INFO: [ app_init ] --END-- [ RunTime:0.000333s ]
ERR: 无法加载模块:Upfile

[ 2016-06-03T03:33:11+08:00 ] 121.42.0.19 /upfiles/
INFO: [ app_init ] --START--
INFO: Run Behavior\BuildLiteBehavior [ RunTime:0.000013s ]
INFO: [ app_init ] --END-- [ RunTime:0.000300s ]
ERR: 无法加载模块:Upfiles

[ 2016-06-03T03:33:17+08:00 ] 121.42.0.19 /upfiles/
INFO: [ app_init ] --START--
INFO: Run Behavior\BuildLiteBehavior [ RunTime:0.000013s ]
INFO: [ app_init ] --END-- [ RunTime:0.000342s ]
ERR: 无法加载模块:Upfiles

[ 2016-06-03T03:33:23+08:00 ] 121.42.0.19 /uploadfile/
INFO: [ app_init ] --START--
INFO: Run Behavior\BuildLiteBehavior [ RunTime:0.000014s ]
INFO: [ app_init ] --END-- [ RunTime:0.000327s ]
ERR: 无法加载模块:Uploadfile

[ 2016-06-03T03:34:01+08:00 ] 121.42.0.19 /uploadfile/
INFO: [ app_init ] --START--
INFO: Run Behavior\BuildLiteBehavior [ RunTime:0.000014s ]
INFO: [ app_init ] --END-- [ RunTime:0.000348s ]
ERR: 无法加载模块:Uploadfile

[ 2016-06-03T03:34:16+08:00 ] 121.42.0.19 /uploadfiles/
INFO: [ app_init ] --START--
INFO: Run Behavior\BuildLiteBehavior [ RunTime:0.000015s ]
INFO: [ app_init ] --END-- [ RunTime:0.000331s ]
ERR: 无法加载模块:Uploadfiles

[ 2016-06-03T03:34:34+08:00 ] 121.42.0.19 /uploadfiles/
INFO: [ app_init ] --START--
INFO: Run Behavior\BuildLiteBehavior [ RunTime:0.000014s ]
INFO: [ app_init ] --END-- [ RunTime:0.000327s ]
ERR: 无法加载模块:Uploadfiles

[ 2016-06-03T03:34:41+08:00 ] 121.42.0.19 /web/
INFO: [ app_init ] --START--
INFO: Run Behavior\BuildLiteBehavior [ RunTime:0.000014s ]
INFO: [ app_init ] --END-- [ RunTime:0.000328s ]
ERR: 无法加载模块:Web

[ 2016-06-03T03:34:45+08:00 ] 121.42.0.19 /web/
INFO: [ app_init ] --START--
INFO: Run Behavior\BuildLiteBehavior [ RunTime:0.000014s ]
INFO: [ app_init ] --END-- [ RunTime:0.000328s ]
ERR: 无法加载模块:Web

[ 2016-06-03T03:35:12+08:00 ] 121.42.0.19 /data/
INFO: [ app_init ] --START--
INFO: Run Behavior\BuildLiteBehavior [ RunTime:0.000014s ]
INFO: [ app_init ] --END-- [ RunTime:0.000308s ]
ERR: 无法加载模块:Data

[ 2016-06-03T03:35:15+08:00 ] 121.42.0.19 /data/
INFO: [ app_init ] --START--
INFO: Run Behavior\BuildLiteBehavior [ RunTime:0.000014s ]
INFO: [ app_init ] --END-- [ RunTime:0.000314s ]
ERR: 无法加载模块:Data

[ 2016-06-03T03:35:18+08:00 ] 121.42.0.19 /backup/
INFO: [ app_init ] --START--
INFO: Run Behavior\BuildLiteBehavior [ RunTime:0.000014s ]
INFO: [ app_init ] --END-- [ RunTime:0.000306s ]
ERR: 无法加载模块:Backup

[ 2016-06-03T03:35:19+08:00 ] 121.42.0.19 /backup/
INFO: [ app_init ] --START--
INFO: Run Behavior\BuildLiteBehavior [ RunTime:0.000014s ]
INFO: [ app_init ] --END-- [ RunTime:0.000317s ]
ERR: 无法加载模块:Backup

[ 2016-06-03T03:35:21+08:00 ] 121.42.0.19 /uploads/
INFO: [ app_init ] --START--
INFO: Run Behavior\BuildLiteBehavior [ RunTime:0.000014s ]
INFO: [ app_init ] --END-- [ RunTime:0.000309s ]
ERR: 无法加载模块:Uploads

[ 2016-06-03T03:36:07+08:00 ] 121.42.0.19 /uploads/
INFO: [ app_init ] --START--
INFO: Run Behavior\BuildLiteBehavior [ RunTime:0.000015s ]
INFO: [ app_init ] --END-- [ RunTime:0.000333s ]
ERR: 无法加载模块:Uploads

[ 2016-06-03T03:39:16+08:00 ] 121.42.0.19 /upload/
INFO: [ app_init ] --START--
INFO: Run Behavior\BuildLiteBehavior [ RunTime:0.000014s ]
INFO: [ app_init ] --END-- [ RunTime:0.000306s ]
ERR: 无法加载模块:Upload

[ 2016-06-03T03:39:43+08:00 ] 121.42.0.19 /upload/
INFO: [ app_init ] --START--
INFO: Run Behavior\BuildLiteBehavior [ RunTime:0.000014s ]
INFO: [ app_init ] --END-- [ RunTime:0.000307s ]
ERR: 无法加载模块:Upload

[ 2016-06-03T03:40:33+08:00 ] 121.42.0.19 /db/
INFO: [ app_init ] --START--
INFO: Run Behavior\BuildLiteBehavior [ RunTime:0.000014s ]
INFO: [ app_init ] --END-- [ RunTime:0.000328s ]
ERR: 无法加载模块:Db

[ 2016-06-03T03:41:10+08:00 ] 121.42.0.19 /db/
INFO: [ app_init ] --START--
INFO: Run Behavior\BuildLiteBehavior [ RunTime:0.000014s ]
INFO: [ app_init ] --END-- [ RunTime:0.000324s ]
ERR: 无法加载模块:Db

[ 2016-06-03T03:41:17+08:00 ] 121.42.0.19 /config/
INFO: [ app_init ] --START--
INFO: Run Behavior\BuildLiteBehavior [ RunTime:0.000014s ]
INFO: [ app_init ] --END-- [ RunTime:0.000305s ]
ERR: 无法加载模块:Config

[ 2016-06-03T03:41:35+08:00 ] 121.42.0.19 /config/
INFO: [ app_init ] --START--
INFO: Run Behavior\BuildLiteBehavior [ RunTime:0.000014s ]
INFO: [ app_init ] --END-- [ RunTime:0.000333s ]
ERR: 无法加载模块:Config

[ 2016-06-03T03:41:44+08:00 ] 121.42.0.19 /logs/
INFO: [ app_init ] --START--
INFO: Run Behavior\BuildLiteBehavior [ RunTime:0.000014s ]
INFO: [ app_init ] --END-- [ RunTime:0.000332s ]
ERR: 无法加载模块:Logs

[ 2016-06-03T03:41:55+08:00 ] 121.42.0.19 /logs/
INFO: [ app_init ] --START--
INFO: Run Behavior\BuildLiteBehavior [ RunTime:0.000014s ]
INFO: [ app_init ] --END-- [ RunTime:0.000317s ]
ERR: 无法加载模块:Logs

[ 2016-06-03T03:42:13+08:00 ] 121.42.0.19 /log/
INFO: [ app_init ] --START--
INFO: Run Behavior\BuildLiteBehavior [ RunTime:0.000014s ]
INFO: [ app_init ] --END-- [ RunTime:0.000330s ]
ERR: 无法加载模块:Log

[ 2016-06-03T03:42:36+08:00 ] 121.42.0.19 /log/
INFO: [ app_init ] --START--
INFO: Run Behavior\BuildLiteBehavior [ RunTime:0.000014s ]
INFO: [ app_init ] --END-- [ RunTime:0.000310s ]
ERR: 无法加载模块:Log

[ 2016-06-03T03:43:50+08:00 ] 121.42.0.19 /htdocs/
INFO: [ app_init ] --START--
INFO: Run Behavior\BuildLiteBehavior [ RunTime:0.000019s ]
INFO: [ app_init ] --END-- [ RunTime:0.000386s ]
ERR: 无法加载模块:Htdocs

[ 2016-06-03T03:44:15+08:00 ] 121.42.0.19 /htdocs/
INFO: [ app_init ] --START--
INFO: Run Behavior\BuildLiteBehavior [ RunTime:0.000014s ]
INFO: [ app_init ] --END-- [ RunTime:0.000315s ]
ERR: 无法加载模块:Htdocs

[ 2016-06-03T03:45:37+08:00 ] 121.42.0.19 /index.php?m=Public&a=login
INFO: [ app_init ] --START--
INFO: Run Behavior\BuildLiteBehavior [ RunTime:0.000022s ]
INFO: [ app_init ] --END-- [ RunTime:0.000517s ]
ERR: 无法加载模块:Public

[ 2016-06-03T03:45:54+08:00 ] 121.42.0.19 /cgi-bin/authlogin.cgi
INFO: [ app_init ] --START--
INFO: Run Behavior\BuildLiteBehavior [ RunTime:0.000033s ]
INFO: [ app_init ] --END-- [ RunTime:0.000323s ]
ERR: 无法加载模块:Errpage

[ 2016-06-03T03:45:57+08:00 ] 121.42.0.19 /cgi-bin/it.cgi
INFO: [ app_init ] --START--
INFO: Run Behavior\BuildLiteBehavior [ RunTime:0.000014s ]
INFO: [ app_init ] --END-- [ RunTime:0.000359s ]
ERR: 无法加载模块:Errpage

[ 2016-06-03T03:46:00+08:00 ] 121.42.0.19 /cgi-sys/defaultwebpage.cgi
INFO: [ app_init ] --START--
INFO: Run Behavior\BuildLiteBehavior [ RunTime:0.000016s ]
INFO: [ app_init ] --END-- [ RunTime:0.000319s ]
ERR: 无法加载模块:Cgi-sys

[ 2016-06-03T03:46:02+08:00 ] 121.42.0.19 /cgi-sys/FormMail-clone.cgi
INFO: [ app_init ] --START--
INFO: Run Behavior\BuildLiteBehavior [ RunTime:0.000014s ]
INFO: [ app_init ] --END-- [ RunTime:0.000342s ]
ERR: 无法加载模块:Cgi-sys

[ 2016-06-03T03:46:15+08:00 ] 121.42.0.19 /xampp/cgi.cgi
INFO: [ app_init ] --START--
INFO: Run Behavior\BuildLiteBehavior [ RunTime:0.000015s ]
INFO: [ app_init ] --END-- [ RunTime:0.000325s ]
ERR: 无法加载模块:Xampp

[ 2016-06-03T03:46:17+08:00 ] 121.42.0.19 /bigdump.php
INFO: [ app_init ] --START--
INFO: Run Behavior\BuildLiteBehavior [ RunTime:0.000035s ]
INFO: [ app_init ] --END-- [ RunTime:0.000332s ]
ERR: 无法加载模块:Bigdump

[ 2016-06-03T03:46:19+08:00 ] 121.42.0.19 /adminer.php
INFO: [ app_init ] --START--
INFO: Run Behavior\BuildLiteBehavior [ RunTime:0.000014s ]
INFO: [ app_init ] --END-- [ RunTime:0.000305s ]
ERR: 无法加载模块:Adminer

[ 2016-06-03T03:46:21+08:00 ] 121.42.0.19 /adminer.php
INFO: [ app_init ] --START--
INFO: Run Behavior\BuildLiteBehavior [ RunTime:0.000014s ]
INFO: [ app_init ] --END-- [ RunTime:0.000308s ]
ERR: 无法加载模块:Adminer

[ 2016-06-03T03:46:23+08:00 ] 121.42.0.19 /jmx-console/
INFO: [ app_init ] --START--
INFO: Run Behavior\BuildLiteBehavior [ RunTime:0.000014s ]
INFO: [ app_init ] --END-- [ RunTime:0.005851s ]
ERR: 无法加载模块:Jmx-console

[ 2016-06-03T03:46:25+08:00 ] 121.42.0.19 /web-console/
INFO: [ app_init ] --START--
INFO: Run Behavior\BuildLiteBehavior [ RunTime:0.000014s ]
INFO: [ app_init ] --END-- [ RunTime:0.000338s ]
ERR: 无法加载模块:Web-console

[ 2016-06-03T03:46:30+08:00 ] 121.42.0.19 /robots.txt
INFO: [ app_init ] --START--
INFO: Run Behavior\BuildLiteBehavior [ RunTime:0.000014s ]
INFO: [ app_init ] --END-- [ RunTime:0.000306s ]
ERR: 无法加载模块:Robots

[ 2016-06-03T03:46:32+08:00 ] 121.42.0.19 /favicon.ico
INFO: [ app_init ] --START--
INFO: Run Behavior\BuildLiteBehavior [ RunTime:0.000015s ]
INFO: [ app_init ] --END-- [ RunTime:0.000329s ]
ERR: 无法加载模块:Favicon

[ 2016-06-03T03:46:36+08:00 ] 121.42.0.19 /phpinfo.php
INFO: [ app_init ] --START--
INFO: Run Behavior\BuildLiteBehavior [ RunTime:0.000015s ]
INFO: [ app_init ] --END-- [ RunTime:0.000349s ]
ERR: 无法加载模块:Phpinfo

[ 2016-06-03T03:46:38+08:00 ] 121.42.0.19 /info.php
INFO: [ app_init ] --START--
INFO: Run Behavior\BuildLiteBehavior [ RunTime:0.000014s ]
INFO: [ app_init ] --END-- [ RunTime:0.000307s ]
ERR: 无法加载模块:Info

[ 2016-06-03T03:46:40+08:00 ] 121.42.0.19 /php.php
INFO: [ app_init ] --START--
INFO: Run Behavior\BuildLiteBehavior [ RunTime:0.000014s ]
INFO: [ app_init ] --END-- [ RunTime:0.000312s ]
ERR: 无法加载模块:Php

[ 2016-06-03T03:46:42+08:00 ] 121.42.0.19 /test.php
INFO: [ app_init ] --START--
INFO: Run Behavior\BuildLiteBehavior [ RunTime:0.000016s ]
INFO: [ app_init ] --END-- [ RunTime:0.000337s ]
ERR: 无法加载模块:Test

[ 2016-06-03T03:46:44+08:00 ] 121.42.0.19 /show.php
INFO: [ app_init ] --START--
INFO: Run Behavior\BuildLiteBehavior [ RunTime:0.000014s ]
INFO: [ app_init ] --END-- [ RunTime:0.000307s ]
ERR: 无法加载模块:Show

[ 2016-06-03T03:46:48+08:00 ] 121.42.0.19 /a.php
INFO: [ app_init ] --START--
INFO: Run Behavior\BuildLiteBehavior [ RunTime:0.000015s ]
INFO: [ app_init ] --END-- [ RunTime:0.000350s ]
ERR: 无法加载模块:A

[ 2016-06-03T03:46:50+08:00 ] 121.42.0.19 /1.php
INFO: [ app_init ] --START--
INFO: Run Behavior\BuildLiteBehavior [ RunTime:0.000017s ]
INFO: [ app_init ] --END-- [ RunTime:0.000371s ]
ERR: 无法加载模块:1

[ 2016-06-03T03:46:52+08:00 ] 121.42.0.19 /u.php?act=phpinfo
INFO: [ app_init ] --START--
INFO: Run Behavior\BuildLiteBehavior [ RunTime:0.000014s ]
INFO: [ app_init ] --END-- [ RunTime:0.000305s ]
ERR: 无法加载模块:U

[ 2016-06-03T03:46:54+08:00 ] 121.42.0.19 /l.php?act=phpinfo
INFO: [ app_init ] --START--
INFO: Run Behavior\BuildLiteBehavior [ RunTime:0.000014s ]
INFO: [ app_init ] --END-- [ RunTime:0.000310s ]
ERR: 无法加载模块:L

[ 2016-06-03T03:46:56+08:00 ] 121.42.0.19 /tz.php?act=phpinfo
INFO: [ app_init ] --START--
INFO: Run Behavior\BuildLiteBehavior [ RunTime:0.000018s ]
INFO: [ app_init ] --END-- [ RunTime:0.000350s ]
ERR: 无法加载模块:Tz

[ 2016-06-03T03:46:58+08:00 ] 121.42.0.19 /app/dev/svinfo.php?phpinfo=true
INFO: [ app_init ] --START--
INFO: Run Behavior\BuildLiteBehavior [ RunTime:0.000014s ]
INFO: [ app_init ] --END-- [ RunTime:0.000337s ]
ERR: 无法加载模块:App

[ 2016-06-03T03:47:00+08:00 ] 121.42.0.19 /install/svinfo.php?phpinfo=true
INFO: [ app_init ] --START--
INFO: Run Behavior\BuildLiteBehavior [ RunTime:0.000013s ]
INFO: [ app_init ] --END-- [ RunTime:0.000307s ]
ERR: 无法加载模块:Install

[ 2016-06-03T03:47:06+08:00 ] 121.42.0.19 /'%22+onmouseover=alert()+d='%22
INFO: [ app_init ] --START--
INFO: Run Behavior\BuildLiteBehavior [ RunTime:0.000014s ]
INFO: [ app_init ] --END-- [ RunTime:0.000304s ]
ERR: 无法加载模块:'"+onmouseover=alert()+d='"

[ 2016-06-03T03:47:14+08:00 ] 121.42.0.19 /%27%22%20onmouseover%3Dalert%28%29%20d%3D%27%22
INFO: [ app_init ] --START--
INFO: Run Behavior\BuildLiteBehavior [ RunTime:0.000014s ]
INFO: [ app_init ] --END-- [ RunTime:0.000304s ]
ERR: 无法加载模块:'" onmouseover=alert() d='"

[ 2016-06-03T03:48:22+08:00 ] 121.42.0.19 /%2527%2522%2520onmouseover%253Dalert%2528%2529%2520d%253D%2527%2522
INFO: [ app_init ] --START--
INFO: Run Behavior\BuildLiteBehavior [ RunTime:0.000018s ]
INFO: [ app_init ] --END-- [ RunTime:0.000372s ]
ERR: 无法加载模块:'" onmouseover=alert() d='"

[ 2016-06-03T03:49:01+08:00 ] 121.42.0.19 /'%22+onmouseover=alert()+d='%22/?.tmp=t
INFO: [ app_init ] --START--
INFO: Run Behavior\BuildLiteBehavior [ RunTime:0.000014s ]
INFO: [ app_init ] --END-- [ RunTime:0.000327s ]
ERR: 无法加载模块:'"+onmouseover=alert()+d='"

[ 2016-06-03T03:49:38+08:00 ] 121.42.0.19 /%27%22%20onmouseover%3Dalert%28%29%20d%3D%27%22/?.tmp=t
INFO: [ app_init ] --START--
INFO: Run Behavior\BuildLiteBehavior [ RunTime:0.000014s ]
INFO: [ app_init ] --END-- [ RunTime:0.000330s ]
ERR: 无法加载模块:'" onmouseover=alert() d='"

[ 2016-06-03T03:50:12+08:00 ] 121.42.0.19 /%2527%2522%2520onmouseover%253Dalert%2528%2529%2520d%253D%2527%2522/?.tmp=t
INFO: [ app_init ] --START--
INFO: Run Behavior\BuildLiteBehavior [ RunTime:0.000014s ]
INFO: [ app_init ] --END-- [ RunTime:0.000306s ]
ERR: 无法加载模块:'" onmouseover=alert() d='"

[ 2016-06-03T03:50:20+08:00 ] 121.42.0.19 /'%22/%3E%3C/script%3E%3Cscript%3Ealert()%3C/script%3E
INFO: [ app_init ] --START--
INFO: Run Behavior\BuildLiteBehavior [ RunTime:0.000014s ]
INFO: [ app_init ] --END-- [ RunTime:0.000307s ]
ERR: 无法加载模块:'"

[ 2016-06-03T03:50:23+08:00 ] 121.42.0.19 /%27%22%2f%3E%3C%2fscript%3E%3Cscript%3Ealert%28%29%3C%2fscript%3E
INFO: [ app_init ] --START--
INFO: Run Behavior\BuildLiteBehavior [ RunTime:0.000014s ]
INFO: [ app_init ] --END-- [ RunTime:0.000309s ]
ERR: 无法加载模块:Errpage

[ 2016-06-03T03:50:40+08:00 ] 121.42.0.19 /'%22/%3E%3C/script%3E%3Cscript%3Ealert()%3C/script%3E/?.tmp=t
INFO: [ app_init ] --START--
INFO: Run Behavior\BuildLiteBehavior [ RunTime:0.000014s ]
INFO: [ app_init ] --END-- [ RunTime:0.000307s ]
ERR: 无法加载模块:'"

[ 2016-06-03T03:50:44+08:00 ] 121.42.0.19 /%27%22%2f%3E%3C%2fscript%3E%3Cscript%3Ealert%28%29%3C%2fscript%3E/?.tmp=t
INFO: [ app_init ] --START--
INFO: Run Behavior\BuildLiteBehavior [ RunTime:0.000014s ]
INFO: [ app_init ] --END-- [ RunTime:0.000333s ]
ERR: 无法加载模块:Errpage

[ 2016-06-03T03:50:57+08:00 ] 121.42.0.19 /%2527%2522%252f%253E%253C%252fscript%253E%253Cscript%253Ealert%2528%2529%253C%252fscript%253E/?.tmp=t
INFO: [ app_init ] --START--
INFO: Run Behavior\BuildLiteBehavior [ RunTime:0.000016s ]
INFO: [ app_init ] --END-- [ RunTime:0.000312s ]
ERR: 无法加载模块:Errpage

[ 2016-06-03T04:08:39+08:00 ] 101.226.125.121 /favicon.ico
INFO: [ app_init ] --START--
INFO: Run Behavior\BuildLiteBehavior [ RunTime:0.000015s ]
INFO: [ app_init ] --END-- [ RunTime:0.000333s ]
ERR: 无法加载模块:Favicon

[ 2016-06-03T06:38:56+08:00 ] 121.42.0.19 /Public/template/default/assets/fonts/index.php?disp=dynamic
INFO: [ app_init ] --START--
INFO: Run Behavior\BuildLiteBehavior [ RunTime:0.000018s ]
INFO: [ app_init ] --END-- [ RunTime:0.000360s ]
ERR: 无法加载模块:Public

[ 2016-06-03T06:40:14+08:00 ] 121.42.0.19 /Public/template/default/assets/fonts/phpsysinfo/index.php?disp=dynamic
INFO: [ app_init ] --START--
INFO: Run Behavior\BuildLiteBehavior [ RunTime:0.000013s ]
INFO: [ app_init ] --END-- [ RunTime:0.000341s ]
ERR: 无法加载模块:Public

[ 2016-06-03T06:42:25+08:00 ] 121.42.0.19 /Public/template/default/assets/fonts/.DS_Store
INFO: [ app_init ] --START--
INFO: Run Behavior\BuildLiteBehavior [ RunTime:0.000014s ]
INFO: [ app_init ] --END-- [ RunTime:0.000305s ]
ERR: 无法加载模块:Public

[ 2016-06-03T06:43:16+08:00 ] 121.42.0.19 /Public/template/default/assets/fonts/.svn/entries
INFO: [ app_init ] --START--
INFO: Run Behavior\BuildLiteBehavior [ RunTime:0.000014s ]
INFO: [ app_init ] --END-- [ RunTime:0.000311s ]
ERR: 无法加载模块:Public

[ 2016-06-03T06:44:28+08:00 ] 121.42.0.19 /Public/template/default/assets/fonts/.git/config
INFO: [ app_init ] --START--
INFO: Run Behavior\BuildLiteBehavior [ RunTime:0.000014s ]
INFO: [ app_init ] --END-- [ RunTime:0.000306s ]
ERR: 无法加载模块:Public

[ 2016-06-03T06:47:08+08:00 ] 121.42.0.19 /Public/template/default/assets/fonts/.htaccess
INFO: [ app_init ] --START--
INFO: Run Behavior\BuildLiteBehavior [ RunTime:0.000014s ]
INFO: [ app_init ] --END-- [ RunTime:0.000330s ]
ERR: 无法加载模块:Errpage

[ 2016-06-03T06:47:53+08:00 ] 121.42.0.19 /Public/template/default/assets/fonts/.bzr/branch-format
INFO: [ app_init ] --START--
INFO: Run Behavior\BuildLiteBehavior [ RunTime:0.000015s ]
INFO: [ app_init ] --END-- [ RunTime:0.000329s ]
ERR: 无法加载模块:Public

[ 2016-06-03T06:51:37+08:00 ] 121.42.0.19 /Public/template/default/assets/fonts/.hg/requires
INFO: [ app_init ] --START--
INFO: Run Behavior\BuildLiteBehavior [ RunTime:0.000016s ]
INFO: [ app_init ] --END-- [ RunTime:0.000314s ]
ERR: 无法加载模块:Public

[ 2016-06-03T06:53:11+08:00 ] 121.42.0.19 /Public/template/default/assets/fonts/CVS/Root
INFO: [ app_init ] --START--
INFO: Run Behavior\BuildLiteBehavior [ RunTime:0.000014s ]
INFO: [ app_init ] --END-- [ RunTime:0.000351s ]
ERR: 无法加载模块:Public

[ 2016-06-03T06:56:05+08:00 ] 121.42.0.19 /Public/template/default/assets/fonts/uc_server/uctools.php
INFO: [ app_init ] --START--
INFO: Run Behavior\BuildLiteBehavior [ RunTime:0.000014s ]
INFO: [ app_init ] --END-- [ RunTime:0.000309s ]
ERR: 无法加载模块:Public

[ 2016-06-03T06:59:24+08:00 ] 121.42.0.19 /Public/template/default/assets/fonts/download/
INFO: [ app_init ] --START--
INFO: Run Behavior\BuildLiteBehavior [ RunTime:0.000014s ]
INFO: [ app_init ] --END-- [ RunTime:0.000369s ]
ERR: 无法加载模块:Public

[ 2016-06-03T07:00:27+08:00 ] 121.42.0.19 /Public/template/default/assets/fonts/downloads/
INFO: [ app_init ] --START--
INFO: Run Behavior\BuildLiteBehavior [ RunTime:0.000014s ]
INFO: [ app_init ] --END-- [ RunTime:0.000304s ]
ERR: 无法加载模块:Public

[ 2016-06-03T07:10:42+08:00 ] 121.42.0.19 /Public/template/default/assets/fonts/bin/
INFO: [ app_init ] --START--
INFO: Run Behavior\BuildLiteBehavior [ RunTime:0.000014s ]
INFO: [ app_init ] --END-- [ RunTime:0.000307s ]
ERR: 无法加载模块:Public

[ 2016-06-03T07:12:03+08:00 ] 121.42.0.19 /Public/template/default/assets/fonts/upfile/
INFO: [ app_init ] --START--
INFO: Run Behavior\BuildLiteBehavior [ RunTime:0.000015s ]
INFO: [ app_init ] --END-- [ RunTime:0.000306s ]
ERR: 无法加载模块:Public

[ 2016-06-03T07:12:35+08:00 ] 121.42.0.19 /Public/template/default/assets/fonts/upfiles/
INFO: [ app_init ] --START--
INFO: Run Behavior\BuildLiteBehavior [ RunTime:0.000017s ]
INFO: [ app_init ] --END-- [ RunTime:0.000321s ]
ERR: 无法加载模块:Public

[ 2016-06-03T07:13:10+08:00 ] 121.42.0.19 /Public/template/default/assets/fonts/uploadfile/
INFO: [ app_init ] --START--
INFO: Run Behavior\BuildLiteBehavior [ RunTime:0.000014s ]
INFO: [ app_init ] --END-- [ RunTime:0.000331s ]
ERR: 无法加载模块:Public

[ 2016-06-03T07:13:43+08:00 ] 121.42.0.19 /Public/template/default/assets/fonts/uploadfiles/
INFO: [ app_init ] --START--
INFO: Run Behavior\BuildLiteBehavior [ RunTime:0.000014s ]
INFO: [ app_init ] --END-- [ RunTime:0.000313s ]
ERR: 无法加载模块:Public

[ 2016-06-03T07:13:58+08:00 ] 121.42.0.19 /Public/template/default/assets/fonts/web/
INFO: [ app_init ] --START--
INFO: Run Behavior\BuildLiteBehavior [ RunTime:0.000015s ]
INFO: [ app_init ] --END-- [ RunTime:0.000331s ]
ERR: 无法加载模块:Public

[ 2016-06-03T07:14:03+08:00 ] 121.42.0.19 /Public/template/default/assets/fonts/data/
INFO: [ app_init ] --START--
INFO: Run Behavior\BuildLiteBehavior [ RunTime:0.000014s ]
INFO: [ app_init ] --END-- [ RunTime:0.000331s ]
ERR: 无法加载模块:Public

[ 2016-06-03T07:14:24+08:00 ] 121.42.0.19 /Public/template/default/assets/fonts/backup/
INFO: [ app_init ] --START--
INFO: Run Behavior\BuildLiteBehavior [ RunTime:0.000015s ]
INFO: [ app_init ] --END-- [ RunTime:0.000314s ]
ERR: 无法加载模块:Public

[ 2016-06-03T07:14:46+08:00 ] 121.42.0.19 /Public/template/default/assets/fonts/uploads/
INFO: [ app_init ] --START--
INFO: Run Behavior\BuildLiteBehavior [ RunTime:0.000014s ]
INFO: [ app_init ] --END-- [ RunTime:0.000306s ]
ERR: 无法加载模块:Public

[ 2016-06-03T07:15:03+08:00 ] 121.42.0.19 /Public/template/default/assets/fonts/upload/
INFO: [ app_init ] --START--
INFO: Run Behavior\BuildLiteBehavior [ RunTime:0.000014s ]
INFO: [ app_init ] --END-- [ RunTime:0.000305s ]
ERR: 无法加载模块:Public

[ 2016-06-03T07:15:11+08:00 ] 121.42.0.19 /Public/template/default/assets/fonts/db/
INFO: [ app_init ] --START--
INFO: Run Behavior\BuildLiteBehavior [ RunTime:0.000014s ]
INFO: [ app_init ] --END-- [ RunTime:0.000329s ]
ERR: 无法加载模块:Public

[ 2016-06-03T07:15:17+08:00 ] 121.42.0.19 /Public/template/default/assets/fonts/config/
INFO: [ app_init ] --START--
INFO: Run Behavior\BuildLiteBehavior [ RunTime:0.000014s ]
INFO: [ app_init ] --END-- [ RunTime:0.000332s ]
ERR: 无法加载模块:Public

[ 2016-06-03T07:15:30+08:00 ] 121.42.0.19 /Public/template/default/assets/fonts/logs/
INFO: [ app_init ] --START--
INFO: Run Behavior\BuildLiteBehavior [ RunTime:0.000014s ]
INFO: [ app_init ] --END-- [ RunTime:0.000327s ]
ERR: 无法加载模块:Public

[ 2016-06-03T07:15:38+08:00 ] 121.42.0.19 /Public/template/default/assets/fonts/log/
INFO: [ app_init ] --START--
INFO: Run Behavior\BuildLiteBehavior [ RunTime:0.000013s ]
INFO: [ app_init ] --END-- [ RunTime:0.000300s ]
ERR: 无法加载模块:Public

[ 2016-06-03T07:16:07+08:00 ] 121.42.0.19 /Public/template/default/assets/fonts//
INFO: [ app_init ] --START--
INFO: Run Behavior\BuildLiteBehavior [ RunTime:0.000014s ]
INFO: [ app_init ] --END-- [ RunTime:0.000306s ]
ERR: 无法加载模块:Errpage

[ 2016-06-03T07:16:16+08:00 ] 121.42.0.19 /Public/template/default/assets/fonts/bigdump.php
INFO: [ app_init ] --START--
INFO: Run Behavior\BuildLiteBehavior [ RunTime:0.000013s ]
INFO: [ app_init ] --END-- [ RunTime:0.000324s ]
ERR: 无法加载模块:Public

[ 2016-06-03T07:16:21+08:00 ] 121.42.0.19 /Public/template/default/assets/fonts/adminer.php
INFO: [ app_init ] --START--
INFO: Run Behavior\BuildLiteBehavior [ RunTime:0.000024s ]
INFO: [ app_init ] --END-- [ RunTime:0.000368s ]
ERR: 无法加载模块:Public

[ 2016-06-03T07:16:37+08:00 ] 121.42.0.19 /Public/template/default/assets/fonts/phpinfo.php
INFO: [ app_init ] --START--
INFO: Run Behavior\BuildLiteBehavior [ RunTime:0.000017s ]
INFO: [ app_init ] --END-- [ RunTime:0.000318s ]
ERR: 无法加载模块:Public

[ 2016-06-03T07:16:46+08:00 ] 121.42.0.19 /Public/template/default/assets/fonts/info.php
INFO: [ app_init ] --START--
INFO: Run Behavior\BuildLiteBehavior [ RunTime:0.000014s ]
INFO: [ app_init ] --END-- [ RunTime:0.000331s ]
ERR: 无法加载模块:Public

[ 2016-06-03T07:16:48+08:00 ] 121.42.0.19 /Public/template/default/assets/fonts/php.php
INFO: [ app_init ] --START--
INFO: Run Behavior\BuildLiteBehavior [ RunTime:0.000013s ]
INFO: [ app_init ] --END-- [ RunTime:0.000308s ]
ERR: 无法加载模块:Public

[ 2016-06-03T07:16:51+08:00 ] 121.42.0.19 /Public/template/default/assets/fonts/test.php
INFO: [ app_init ] --START--
INFO: Run Behavior\BuildLiteBehavior [ RunTime:0.000016s ]
INFO: [ app_init ] --END-- [ RunTime:0.000315s ]
ERR: 无法加载模块:Public

[ 2016-06-03T07:16:53+08:00 ] 121.42.0.19 /Public/template/default/assets/fonts/show.php
INFO: [ app_init ] --START--
INFO: Run Behavior\BuildLiteBehavior [ RunTime:0.000014s ]
INFO: [ app_init ] --END-- [ RunTime:0.000330s ]
ERR: 无法加载模块:Public

[ 2016-06-03T07:16:55+08:00 ] 121.42.0.19 /Public/template/default/assets/fonts/index.php
INFO: [ app_init ] --START--
INFO: Run Behavior\BuildLiteBehavior [ RunTime:0.000014s ]
INFO: [ app_init ] --END-- [ RunTime:0.000306s ]
ERR: 无法加载模块:Public

[ 2016-06-03T07:16:57+08:00 ] 121.42.0.19 /Public/template/default/assets/fonts/a.php
INFO: [ app_init ] --START--
INFO: Run Behavior\BuildLiteBehavior [ RunTime:0.000016s ]
INFO: [ app_init ] --END-- [ RunTime:0.000318s ]
ERR: 无法加载模块:Public

[ 2016-06-03T07:16:59+08:00 ] 121.42.0.19 /Public/template/default/assets/fonts/1.php
INFO: [ app_init ] --START--
INFO: Run Behavior\BuildLiteBehavior [ RunTime:0.000014s ]
INFO: [ app_init ] --END-- [ RunTime:0.000401s ]
ERR: 无法加载模块:Public

[ 2016-06-03T07:17:03+08:00 ] 121.42.0.19 /Public/template/default/assets/fonts/u.php?act=phpinfo
INFO: [ app_init ] --START--
INFO: Run Behavior\BuildLiteBehavior [ RunTime:0.000014s ]
INFO: [ app_init ] --END-- [ RunTime:0.000313s ]
ERR: 无法加载模块:Public

[ 2016-06-03T07:17:06+08:00 ] 121.42.0.19 /Public/template/default/assets/fonts/l.php?act=phpinfo
INFO: [ app_init ] --START--
INFO: Run Behavior\BuildLiteBehavior [ RunTime:0.000016s ]
INFO: [ app_init ] --END-- [ RunTime:0.000329s ]
ERR: 无法加载模块:Public

[ 2016-06-03T07:17:08+08:00 ] 121.42.0.19 /Public/template/default/assets/fonts/tz.php?act=phpinfo
INFO: [ app_init ] --START--
INFO: Run Behavior\BuildLiteBehavior [ RunTime:0.000014s ]
INFO: [ app_init ] --END-- [ RunTime:0.000310s ]
ERR: 无法加载模块:Public

[ 2016-06-03T07:17:11+08:00 ] 121.42.0.19 /Public/template/default/assets/fonts/app/dev/svinfo.php?phpinfo=true
INFO: [ app_init ] --START--
INFO: Run Behavior\BuildLiteBehavior [ RunTime:0.000020s ]
INFO: [ app_init ] --END-- [ RunTime:0.000470s ]
ERR: 无法加载模块:Public

[ 2016-06-03T07:17:13+08:00 ] 121.42.0.19 /Public/template/default/assets/fonts/install/svinfo.php?phpinfo=true
INFO: [ app_init ] --START--
INFO: Run Behavior\BuildLiteBehavior [ RunTime:0.000015s ]
INFO: [ app_init ] --END-- [ RunTime:0.000353s ]
ERR: 无法加载模块:Public

[ 2016-06-03T07:17:44+08:00 ] 121.42.0.19 /Public/template/default/assets/fonts/'%22+onmouseover=alert()+d='%22
INFO: [ app_init ] --START--
INFO: Run Behavior\BuildLiteBehavior [ RunTime:0.000015s ]
INFO: [ app_init ] --END-- [ RunTime:0.000309s ]
ERR: 无法加载模块:Public

[ 2016-06-03T07:17:53+08:00 ] 121.42.0.19 /Public/template/default/assets/fonts/%27%22%20onmouseover%3Dalert%28%29%20d%3D%27%22
INFO: [ app_init ] --START--
INFO: Run Behavior\BuildLiteBehavior [ RunTime:0.000034s ]
INFO: [ app_init ] --END-- [ RunTime:0.000395s ]
ERR: 无法加载模块:Public

[ 2016-06-03T07:17:56+08:00 ] 121.42.0.19 /Public/template/default/assets/fonts/%2527%2522%2520onmouseover%253Dalert%2528%2529%2520d%253D%2527%2522
INFO: [ app_init ] --START--
INFO: Run Behavior\BuildLiteBehavior [ RunTime:0.000014s ]
INFO: [ app_init ] --END-- [ RunTime:0.000304s ]
ERR: 无法加载模块:Public

[ 2016-06-03T07:17:58+08:00 ] 121.42.0.19 /Public/template/default/assets/fonts/'%22/%3E%3C/script%3E%3Cscript%3Ealert()%3C/script%3E
INFO: [ app_init ] --START--
INFO: Run Behavior\BuildLiteBehavior [ RunTime:0.000014s ]
INFO: [ app_init ] --END-- [ RunTime:0.000320s ]
ERR: 无法加载模块:Public

[ 2016-06-03T07:18:00+08:00 ] 121.42.0.19 /Public/template/default/assets/fonts/%27%22%2f%3E%3C%2fscript%3E%3Cscript%3Ealert%28%29%3C%2fscript%3E
INFO: [ app_init ] --START--
INFO: Run Behavior\BuildLiteBehavior [ RunTime:0.000026s ]
INFO: [ app_init ] --END-- [ RunTime:0.000370s ]
ERR: 无法加载模块:Errpage

[ 2016-06-03T07:18:01+08:00 ] 121.42.0.19 /Public/template/default/assets/fonts/%2527%2522%252f%253E%253C%252fscript%253E%253Cscript%253Ealert%2528%2529%253C%252fscript%253E
INFO: [ app_init ] --START--
INFO: Run Behavior\BuildLiteBehavior [ RunTime:0.000014s ]
INFO: [ app_init ] --END-- [ RunTime:0.000304s ]
ERR: 无法加载模块:Errpage

