[ 2016-06-05T07:19:01+08:00 ] 121.42.0.37 /console/
INFO: [ app_init ] --START--
INFO: Run Behavior\BuildLiteBehavior [ RunTime:0.000011s ]
INFO: [ app_init ] --END-- [ RunTime:0.000274s ]
ERR: 无法加载模块:Console

[ 2016-06-05T07:19:36+08:00 ] 121.42.0.37 /zabbix/
INFO: [ app_init ] --START--
INFO: Run Behavior\BuildLiteBehavior [ RunTime:0.000012s ]
INFO: [ app_init ] --END-- [ RunTime:0.000301s ]
ERR: 无法加载模块:Zabbix

[ 2016-06-05T07:20:26+08:00 ] 121.42.0.37 /cacti/index.php
INFO: [ app_init ] --START--
INFO: Run Behavior\BuildLiteBehavior [ RunTime:0.000011s ]
INFO: [ app_init ] --END-- [ RunTime:0.000271s ]
ERR: 无法加载模块:Cacti

[ 2016-06-05T07:21:15+08:00 ] 121.42.0.37 /axis2/
INFO: [ app_init ] --START--
INFO: Run Behavior\BuildLiteBehavior [ RunTime:0.000029s ]
INFO: [ app_init ] --END-- [ RunTime:0.000337s ]
ERR: 无法加载模块:Axis2

[ 2016-06-05T07:22:23+08:00 ] 121.42.0.37 /solr/
INFO: [ app_init ] --START--
INFO: Run Behavior\BuildLiteBehavior [ RunTime:0.000011s ]
INFO: [ app_init ] --END-- [ RunTime:0.000262s ]
ERR: 无法加载模块:Solr

[ 2016-06-05T07:23:27+08:00 ] 121.42.0.37 /hudson/
INFO: [ app_init ] --START--
INFO: Run Behavior\BuildLiteBehavior [ RunTime:0.000010s ]
INFO: [ app_init ] --END-- [ RunTime:0.000269s ]
ERR: 无法加载模块:Hudson

[ 2016-06-05T07:27:52+08:00 ] 121.42.0.37 /phpRedisAdmin/?overview
INFO: [ app_init ] --START--
INFO: Run Behavior\BuildLiteBehavior [ RunTime:0.000013s ]
INFO: [ app_init ] --END-- [ RunTime:0.000318s ]
ERR: 无法加载模块:PhpRedisAdmin

[ 2016-06-05T07:30:05+08:00 ] 121.42.0.37 /.svn/entries
INFO: [ app_init ] --START--
INFO: Run Behavior\BuildLiteBehavior [ RunTime:0.000011s ]
INFO: [ app_init ] --END-- [ RunTime:0.000299s ]
ERR: 无法加载模块:.svn

[ 2016-06-05T07:31:37+08:00 ] 121.42.0.37 /.svn/entries
INFO: [ app_init ] --START--
INFO: Run Behavior\BuildLiteBehavior [ RunTime:0.000011s ]
INFO: [ app_init ] --END-- [ RunTime:0.000290s ]
ERR: 无法加载模块:.svn

[ 2016-06-05T07:32:18+08:00 ] 121.42.0.37 /.git/config
INFO: [ app_init ] --START--
INFO: Run Behavior\BuildLiteBehavior [ RunTime:0.000011s ]
INFO: [ app_init ] --END-- [ RunTime:0.000292s ]
ERR: 无法加载模块:.git

[ 2016-06-05T07:32:24+08:00 ] 121.42.0.37 /.git/config
INFO: [ app_init ] --START--
INFO: Run Behavior\BuildLiteBehavior [ RunTime:0.000012s ]
INFO: [ app_init ] --END-- [ RunTime:0.000286s ]
ERR: 无法加载模块:.git

[ 2016-06-05T07:32:28+08:00 ] 121.42.0.37 /examples/servlets/index.html
INFO: [ app_init ] --START--
INFO: Run Behavior\BuildLiteBehavior [ RunTime:0.000010s ]
INFO: [ app_init ] --END-- [ RunTime:0.000258s ]
ERR: 无法加载模块:Examples

[ 2016-06-05T07:32:36+08:00 ] 121.42.0.37 /examples/jsp/index.html
INFO: [ app_init ] --START--
INFO: Run Behavior\BuildLiteBehavior [ RunTime:0.000014s ]
INFO: [ app_init ] --END-- [ RunTime:0.000306s ]
ERR: 无法加载模块:Examples

[ 2016-06-05T07:32:38+08:00 ] 121.42.0.37 /monitor/WEB-INF/web.xml
INFO: [ app_init ] --START--
INFO: Run Behavior\BuildLiteBehavior [ RunTime:0.000012s ]
INFO: [ app_init ] --END-- [ RunTime:0.000268s ]
ERR: 无法加载模块:Monitor

[ 2016-06-05T07:32:48+08:00 ] 121.42.0.37 /WEB-INF/web.xml
INFO: [ app_init ] --START--
INFO: Run Behavior\BuildLiteBehavior [ RunTime:0.000012s ]
INFO: [ app_init ] --END-- [ RunTime:0.000289s ]
ERR: 无法加载模块:WEB-INF

[ 2016-06-05T07:32:55+08:00 ] 121.42.0.37 /server-status/
INFO: [ app_init ] --START--
INFO: Run Behavior\BuildLiteBehavior [ RunTime:0.000010s ]
INFO: [ app_init ] --END-- [ RunTime:0.000282s ]
ERR: 无法加载模块:Server-status

[ 2016-06-05T07:33:03+08:00 ] 121.42.0.37 /index.html
INFO: [ app_init ] --START--
INFO: Run Behavior\BuildLiteBehavior [ RunTime:0.000014s ]
INFO: [ app_init ] --END-- [ RunTime:0.000286s ]
ERR: 无法加载模块:Index

[ 2016-06-05T07:33:13+08:00 ] 121.42.0.37 /phpsysinfo/index.php?disp=dynamic
INFO: [ app_init ] --START--
INFO: Run Behavior\BuildLiteBehavior [ RunTime:0.000011s ]
INFO: [ app_init ] --END-- [ RunTime:0.000287s ]
ERR: 无法加载模块:Phpsysinfo

[ 2016-06-05T07:33:15+08:00 ] 121.42.0.37 /phpsysinfo/index.php?disp=dynamic
INFO: [ app_init ] --START--
INFO: Run Behavior\BuildLiteBehavior [ RunTime:0.000011s ]
INFO: [ app_init ] --END-- [ RunTime:0.000260s ]
ERR: 无法加载模块:Phpsysinfo

[ 2016-06-05T07:33:16+08:00 ] 121.42.0.37 /www/admin/index.php
INFO: [ app_init ] --START--
INFO: Run Behavior\BuildLiteBehavior [ RunTime:0.000012s ]
INFO: [ app_init ] --END-- [ RunTime:0.000266s ]
ERR: 无法加载模块:Www

[ 2016-06-05T07:33:18+08:00 ] 121.42.0.37 /.bzr/branch-format
INFO: [ app_init ] --START--
INFO: Run Behavior\BuildLiteBehavior [ RunTime:0.000011s ]
INFO: [ app_init ] --END-- [ RunTime:0.000262s ]
ERR: 无法加载模块:.bzr

[ 2016-06-05T07:33:19+08:00 ] 121.42.0.37 /.bzr/branch-format
INFO: [ app_init ] --START--
INFO: Run Behavior\BuildLiteBehavior [ RunTime:0.000012s ]
INFO: [ app_init ] --END-- [ RunTime:0.000270s ]
ERR: 无法加载模块:.bzr

[ 2016-06-05T07:33:21+08:00 ] 121.42.0.37 /.hg/requires
INFO: [ app_init ] --START--
INFO: Run Behavior\BuildLiteBehavior [ RunTime:0.000011s ]
INFO: [ app_init ] --END-- [ RunTime:0.000261s ]
ERR: 无法加载模块:.hg

[ 2016-06-05T07:33:34+08:00 ] 121.42.0.37 /.hg/requires
INFO: [ app_init ] --START--
INFO: Run Behavior\BuildLiteBehavior [ RunTime:0.000013s ]
INFO: [ app_init ] --END-- [ RunTime:0.000303s ]
ERR: 无法加载模块:.hg

[ 2016-06-05T07:33:38+08:00 ] 121.42.0.37 /CVS/Root
INFO: [ app_init ] --START--
INFO: Run Behavior\BuildLiteBehavior [ RunTime:0.000012s ]
INFO: [ app_init ] --END-- [ RunTime:0.000272s ]
ERR: 无法加载模块:CVS

[ 2016-06-05T07:33:40+08:00 ] 121.42.0.37 /CVS/Root
INFO: [ app_init ] --START--
INFO: Run Behavior\BuildLiteBehavior [ RunTime:0.000011s ]
INFO: [ app_init ] --END-- [ RunTime:0.000272s ]
ERR: 无法加载模块:CVS

[ 2016-06-05T07:33:41+08:00 ] 121.42.0.37 /uc_server/uctools.php
INFO: [ app_init ] --START--
INFO: Run Behavior\BuildLiteBehavior [ RunTime:0.000011s ]
INFO: [ app_init ] --END-- [ RunTime:0.000270s ]
ERR: 无法加载模块:Uc_server

[ 2016-06-05T07:33:45+08:00 ] 121.42.0.37 /uc_server/uctools.php
INFO: [ app_init ] --START--
INFO: Run Behavior\BuildLiteBehavior [ RunTime:0.000011s ]
INFO: [ app_init ] --END-- [ RunTime:0.000265s ]
ERR: 无法加载模块:Uc_server

[ 2016-06-05T07:37:52+08:00 ] 121.42.0.37 /download/
INFO: [ app_init ] --START--
INFO: Run Behavior\BuildLiteBehavior [ RunTime:0.000010s ]
INFO: [ app_init ] --END-- [ RunTime:0.000283s ]
ERR: 无法加载模块:Download

[ 2016-06-05T07:38:01+08:00 ] 121.42.0.37 /download/
INFO: [ app_init ] --START--
INFO: Run Behavior\BuildLiteBehavior [ RunTime:0.000014s ]
INFO: [ app_init ] --END-- [ RunTime:0.000285s ]
ERR: 无法加载模块:Download

[ 2016-06-05T07:38:18+08:00 ] 121.42.0.37 /downloads/
INFO: [ app_init ] --START--
INFO: Run Behavior\BuildLiteBehavior [ RunTime:0.000011s ]
INFO: [ app_init ] --END-- [ RunTime:0.000267s ]
ERR: 无法加载模块:Downloads

[ 2016-06-05T07:38:23+08:00 ] 121.42.0.37 /downloads/
INFO: [ app_init ] --START--
INFO: Run Behavior\BuildLiteBehavior [ RunTime:0.000011s ]
INFO: [ app_init ] --END-- [ RunTime:0.000261s ]
ERR: 无法加载模块:Downloads

[ 2016-06-05T07:38:38+08:00 ] 121.42.0.37 /bin/
INFO: [ app_init ] --START--
INFO: Run Behavior\BuildLiteBehavior [ RunTime:0.000011s ]
INFO: [ app_init ] --END-- [ RunTime:0.000283s ]
ERR: 无法加载模块:Bin

[ 2016-06-05T07:38:56+08:00 ] 121.42.0.37 /bin/
INFO: [ app_init ] --START--
INFO: Run Behavior\BuildLiteBehavior [ RunTime:0.000011s ]
INFO: [ app_init ] --END-- [ RunTime:0.000295s ]
ERR: 无法加载模块:Bin

[ 2016-06-05T08:11:22+08:00 ] 121.42.0.37 /Public/template/default/assets/fonts/.DS_Store
INFO: [ app_init ] --START--
INFO: Run Behavior\BuildLiteBehavior [ RunTime:0.000011s ]
INFO: [ app_init ] --END-- [ RunTime:0.000258s ]
ERR: 无法加载模块:Public

[ 2016-06-05T08:12:01+08:00 ] 121.42.0.37 /Public/template/default/assets/fonts/.svn/entries
INFO: [ app_init ] --START--
INFO: Run Behavior\BuildLiteBehavior [ RunTime:0.000014s ]
INFO: [ app_init ] --END-- [ RunTime:0.000305s ]
ERR: 无法加载模块:Public

[ 2016-06-05T08:12:10+08:00 ] 121.42.0.37 /Public/template/default/assets/fonts/.git/config
INFO: [ app_init ] --START--
INFO: Run Behavior\BuildLiteBehavior [ RunTime:0.000012s ]
INFO: [ app_init ] --END-- [ RunTime:0.000276s ]
ERR: 无法加载模块:Public

[ 2016-06-05T08:13:57+08:00 ] 121.42.0.37 /Public/template/default/assets/fonts/index.php?disp=dynamic
INFO: [ app_init ] --START--
INFO: Run Behavior\BuildLiteBehavior [ RunTime:0.000011s ]
INFO: [ app_init ] --END-- [ RunTime:0.000278s ]
ERR: 无法加载模块:Public

[ 2016-06-05T08:16:13+08:00 ] 121.42.0.37 /Public/template/default/assets/fonts/phpsysinfo/index.php?disp=dynamic
INFO: [ app_init ] --START--
INFO: Run Behavior\BuildLiteBehavior [ RunTime:0.000010s ]
INFO: [ app_init ] --END-- [ RunTime:0.000299s ]
ERR: 无法加载模块:Public

[ 2016-06-05T08:16:18+08:00 ] 121.42.0.37 /Public/template/default/assets/fonts/.bzr/branch-format
INFO: [ app_init ] --START--
INFO: Run Behavior\BuildLiteBehavior [ RunTime:0.000011s ]
INFO: [ app_init ] --END-- [ RunTime:0.000285s ]
ERR: 无法加载模块:Public

[ 2016-06-05T08:16:30+08:00 ] 121.42.0.37 /Public/template/default/assets/fonts/.hg/requires
INFO: [ app_init ] --START--
INFO: Run Behavior\BuildLiteBehavior [ RunTime:0.000011s ]
INFO: [ app_init ] --END-- [ RunTime:0.000367s ]
ERR: 无法加载模块:Public

[ 2016-06-05T08:16:34+08:00 ] 121.42.0.37 /Public/template/default/assets/fonts/CVS/Root
INFO: [ app_init ] --START--
INFO: Run Behavior\BuildLiteBehavior [ RunTime:0.000011s ]
INFO: [ app_init ] --END-- [ RunTime:0.000361s ]
ERR: 无法加载模块:Public

[ 2016-06-05T08:17:06+08:00 ] 121.42.0.37 /Public/template/default/assets/fonts/uc_server/uctools.php
INFO: [ app_init ] --START--
INFO: Run Behavior\BuildLiteBehavior [ RunTime:0.000011s ]
INFO: [ app_init ] --END-- [ RunTime:0.000267s ]
ERR: 无法加载模块:Public

[ 2016-06-05T08:17:11+08:00 ] 121.42.0.37 /Public/template/default/assets/fonts/download/
INFO: [ app_init ] --START--
INFO: Run Behavior\BuildLiteBehavior [ RunTime:0.000011s ]
INFO: [ app_init ] --END-- [ RunTime:0.000269s ]
ERR: 无法加载模块:Public

[ 2016-06-05T08:17:16+08:00 ] 121.42.0.37 /Public/template/default/assets/fonts/downloads/
INFO: [ app_init ] --START--
INFO: Run Behavior\BuildLiteBehavior [ RunTime:0.000011s ]
INFO: [ app_init ] --END-- [ RunTime:0.000270s ]
ERR: 无法加载模块:Public

[ 2016-06-05T08:17:34+08:00 ] 121.42.0.37 /Public/template/default/assets/fonts/bin/
INFO: [ app_init ] --START--
INFO: Run Behavior\BuildLiteBehavior [ RunTime:0.000010s ]
INFO: [ app_init ] --END-- [ RunTime:0.000265s ]
ERR: 无法加载模块:Public

[ 2016-06-05T08:18:25+08:00 ] 121.42.0.37 /Public/template/default/assets/fonts/upfile/
INFO: [ app_init ] --START--
INFO: Run Behavior\BuildLiteBehavior [ RunTime:0.000011s ]
INFO: [ app_init ] --END-- [ RunTime:0.000274s ]
ERR: 无法加载模块:Public

[ 2016-06-05T08:18:31+08:00 ] 121.42.0.37 /Public/template/default/assets/fonts/upfiles/
INFO: [ app_init ] --START--
INFO: Run Behavior\BuildLiteBehavior [ RunTime:0.000011s ]
INFO: [ app_init ] --END-- [ RunTime:0.000266s ]
ERR: 无法加载模块:Public

[ 2016-06-05T08:18:44+08:00 ] 121.42.0.37 /Public/template/default/assets/fonts/uploadfile/
INFO: [ app_init ] --START--
INFO: Run Behavior\BuildLiteBehavior [ RunTime:0.000011s ]
INFO: [ app_init ] --END-- [ RunTime:0.000305s ]
ERR: 无法加载模块:Public

[ 2016-06-05T08:19:15+08:00 ] 121.42.0.37 /Public/template/default/assets/fonts/uploadfiles/
INFO: [ app_init ] --START--
INFO: Run Behavior\BuildLiteBehavior [ RunTime:0.000011s ]
INFO: [ app_init ] --END-- [ RunTime:0.000264s ]
ERR: 无法加载模块:Public

[ 2016-06-05T08:19:31+08:00 ] 121.42.0.37 /jenkins/
INFO: [ app_init ] --START--
INFO: Run Behavior\BuildLiteBehavior [ RunTime:0.000011s ]
INFO: [ app_init ] --END-- [ RunTime:0.000268s ]
ERR: 无法加载模块:Jenkins

[ 2016-06-05T08:19:40+08:00 ] 121.42.0.37 /Public/template/default/assets/fonts/web/
INFO: [ app_init ] --START--
INFO: Run Behavior\BuildLiteBehavior [ RunTime:0.000011s ]
INFO: [ app_init ] --END-- [ RunTime:0.000260s ]
ERR: 无法加载模块:Public

[ 2016-06-05T08:19:42+08:00 ] 121.42.0.37 /Public/template/default/assets/fonts/data/
INFO: [ app_init ] --START--
INFO: Run Behavior\BuildLiteBehavior [ RunTime:0.000011s ]
INFO: [ app_init ] --END-- [ RunTime:0.000260s ]
ERR: 无法加载模块:Public

[ 2016-06-05T08:19:45+08:00 ] 121.42.0.37 /Public/template/default/assets/fonts/backup/
INFO: [ app_init ] --START--
INFO: Run Behavior\BuildLiteBehavior [ RunTime:0.000011s ]
INFO: [ app_init ] --END-- [ RunTime:0.000273s ]
ERR: 无法加载模块:Public

[ 2016-06-05T08:19:47+08:00 ] 121.42.0.37 /Public/template/default/assets/fonts/uploads/
INFO: [ app_init ] --START--
INFO: Run Behavior\BuildLiteBehavior [ RunTime:0.000010s ]
INFO: [ app_init ] --END-- [ RunTime:0.000258s ]
ERR: 无法加载模块:Public

[ 2016-06-05T08:19:50+08:00 ] 121.42.0.37 /Public/template/default/assets/fonts/upload/
INFO: [ app_init ] --START--
INFO: Run Behavior\BuildLiteBehavior [ RunTime:0.000011s ]
INFO: [ app_init ] --END-- [ RunTime:0.000259s ]
ERR: 无法加载模块:Public

[ 2016-06-05T08:21:13+08:00 ] 121.42.0.37 /Public/template/default/assets/fonts/db/
INFO: [ app_init ] --START--
INFO: Run Behavior\BuildLiteBehavior [ RunTime:0.000011s ]
INFO: [ app_init ] --END-- [ RunTime:0.000277s ]
ERR: 无法加载模块:Public

[ 2016-06-05T08:21:29+08:00 ] 121.42.0.37 /Public/template/default/assets/fonts/config/
INFO: [ app_init ] --START--
INFO: Run Behavior\BuildLiteBehavior [ RunTime:0.000011s ]
INFO: [ app_init ] --END-- [ RunTime:0.000264s ]
ERR: 无法加载模块:Public

[ 2016-06-05T08:21:40+08:00 ] 121.42.0.37 /Public/template/default/assets/fonts/logs/
INFO: [ app_init ] --START--
INFO: Run Behavior\BuildLiteBehavior [ RunTime:0.000013s ]
INFO: [ app_init ] --END-- [ RunTime:0.000291s ]
ERR: 无法加载模块:Public

[ 2016-06-05T08:22:17+08:00 ] 121.42.0.37 /Public/template/default/assets/fonts/log/
INFO: [ app_init ] --START--
INFO: Run Behavior\BuildLiteBehavior [ RunTime:0.000011s ]
INFO: [ app_init ] --END-- [ RunTime:0.000259s ]
ERR: 无法加载模块:Public

[ 2016-06-05T08:25:05+08:00 ] 121.42.0.37 /upfile/
INFO: [ app_init ] --START--
INFO: Run Behavior\BuildLiteBehavior [ RunTime:0.000011s ]
INFO: [ app_init ] --END-- [ RunTime:0.000294s ]
ERR: 无法加载模块:Upfile

[ 2016-06-05T08:25:05+08:00 ] 121.42.0.37 /Public/template/default/assets/fonts/htdocs/
INFO: [ app_init ] --START--
INFO: Run Behavior\BuildLiteBehavior [ RunTime:0.000011s ]
INFO: [ app_init ] --END-- [ RunTime:0.000299s ]
ERR: 无法加载模块:Public

[ 2016-06-05T08:25:09+08:00 ] 121.42.0.37 /upfile/
INFO: [ app_init ] --START--
INFO: Run Behavior\BuildLiteBehavior [ RunTime:0.000012s ]
INFO: [ app_init ] --END-- [ RunTime:0.000355s ]
ERR: 无法加载模块:Upfile

[ 2016-06-05T08:25:19+08:00 ] 121.42.0.37 /upfiles/
INFO: [ app_init ] --START--
INFO: Run Behavior\BuildLiteBehavior [ RunTime:0.000011s ]
INFO: [ app_init ] --END-- [ RunTime:0.000296s ]
ERR: 无法加载模块:Upfiles

[ 2016-06-05T08:26:30+08:00 ] 121.42.0.37 /Public/template/default/assets/fonts/bigdump.php
INFO: [ app_init ] --START--
INFO: Run Behavior\BuildLiteBehavior [ RunTime:0.000012s ]
INFO: [ app_init ] --END-- [ RunTime:0.000299s ]
ERR: 无法加载模块:Public

[ 2016-06-05T08:26:30+08:00 ] 121.42.0.37 /upfiles/
INFO: [ app_init ] --START--
INFO: Run Behavior\BuildLiteBehavior [ RunTime:0.000010s ]
INFO: [ app_init ] --END-- [ RunTime:0.000260s ]
ERR: 无法加载模块:Upfiles

[ 2016-06-05T08:26:37+08:00 ] 121.42.0.37 /Public/template/default/assets/fonts/adminer.php
INFO: [ app_init ] --START--
INFO: Run Behavior\BuildLiteBehavior [ RunTime:0.000012s ]
INFO: [ app_init ] --END-- [ RunTime:0.000284s ]
ERR: 无法加载模块:Public

[ 2016-06-05T08:26:37+08:00 ] 121.42.0.37 /uploadfile/
INFO: [ app_init ] --START--
INFO: Run Behavior\BuildLiteBehavior [ RunTime:0.000011s ]
INFO: [ app_init ] --END-- [ RunTime:0.000302s ]
ERR: 无法加载模块:Uploadfile

[ 2016-06-05T08:26:47+08:00 ] 121.42.0.37 /uploadfile/
INFO: [ app_init ] --START--
INFO: Run Behavior\BuildLiteBehavior [ RunTime:0.000011s ]
INFO: [ app_init ] --END-- [ RunTime:0.000261s ]
ERR: 无法加载模块:Uploadfile

[ 2016-06-05T08:26:51+08:00 ] 121.42.0.37 /uploadfiles/
INFO: [ app_init ] --START--
INFO: Run Behavior\BuildLiteBehavior [ RunTime:0.000011s ]
INFO: [ app_init ] --END-- [ RunTime:0.000258s ]
ERR: 无法加载模块:Uploadfiles

[ 2016-06-05T08:26:54+08:00 ] 121.42.0.37 /uploadfiles/
INFO: [ app_init ] --START--
INFO: Run Behavior\BuildLiteBehavior [ RunTime:0.000028s ]
INFO: [ app_init ] --END-- [ RunTime:0.000282s ]
ERR: 无法加载模块:Uploadfiles

[ 2016-06-05T08:26:57+08:00 ] 121.42.0.37 /web/
INFO: [ app_init ] --START--
INFO: Run Behavior\BuildLiteBehavior [ RunTime:0.000014s ]
INFO: [ app_init ] --END-- [ RunTime:0.000370s ]
ERR: 无法加载模块:Web

[ 2016-06-05T08:27:00+08:00 ] 121.42.0.37 /web/
INFO: [ app_init ] --START--
INFO: Run Behavior\BuildLiteBehavior [ RunTime:0.000010s ]
INFO: [ app_init ] --END-- [ RunTime:0.000278s ]
ERR: 无法加载模块:Web

[ 2016-06-05T08:27:09+08:00 ] 121.42.0.37 /data/
INFO: [ app_init ] --START--
INFO: Run Behavior\BuildLiteBehavior [ RunTime:0.000011s ]
INFO: [ app_init ] --END-- [ RunTime:0.000272s ]
ERR: 无法加载模块:Data

[ 2016-06-05T08:27:12+08:00 ] 121.42.0.37 /data/
INFO: [ app_init ] --START--
INFO: Run Behavior\BuildLiteBehavior [ RunTime:0.000011s ]
INFO: [ app_init ] --END-- [ RunTime:0.000277s ]
ERR: 无法加载模块:Data

[ 2016-06-05T08:27:15+08:00 ] 121.42.0.37 /backup/
INFO: [ app_init ] --START--
INFO: Run Behavior\BuildLiteBehavior [ RunTime:0.000011s ]
INFO: [ app_init ] --END-- [ RunTime:0.000265s ]
ERR: 无法加载模块:Backup

[ 2016-06-05T08:27:18+08:00 ] 121.42.0.37 /backup/
INFO: [ app_init ] --START--
INFO: Run Behavior\BuildLiteBehavior [ RunTime:0.000012s ]
INFO: [ app_init ] --END-- [ RunTime:0.000286s ]
ERR: 无法加载模块:Backup

[ 2016-06-05T08:27:21+08:00 ] 121.42.0.37 /uploads/
INFO: [ app_init ] --START--
INFO: Run Behavior\BuildLiteBehavior [ RunTime:0.000012s ]
INFO: [ app_init ] --END-- [ RunTime:0.000290s ]
ERR: 无法加载模块:Uploads

[ 2016-06-05T08:27:24+08:00 ] 121.42.0.37 /uploads/
INFO: [ app_init ] --START--
INFO: Run Behavior\BuildLiteBehavior [ RunTime:0.000011s ]
INFO: [ app_init ] --END-- [ RunTime:0.000265s ]
ERR: 无法加载模块:Uploads

[ 2016-06-05T08:27:26+08:00 ] 121.42.0.37 /upload/
INFO: [ app_init ] --START--
INFO: Run Behavior\BuildLiteBehavior [ RunTime:0.000014s ]
INFO: [ app_init ] --END-- [ RunTime:0.000391s ]
ERR: 无法加载模块:Upload

[ 2016-06-05T08:27:29+08:00 ] 121.42.0.37 /upload/
INFO: [ app_init ] --START--
INFO: Run Behavior\BuildLiteBehavior [ RunTime:0.000011s ]
INFO: [ app_init ] --END-- [ RunTime:0.000265s ]
ERR: 无法加载模块:Upload

[ 2016-06-05T08:27:32+08:00 ] 121.42.0.37 /db/
INFO: [ app_init ] --START--
INFO: Run Behavior\BuildLiteBehavior [ RunTime:0.000010s ]
INFO: [ app_init ] --END-- [ RunTime:0.000277s ]
ERR: 无法加载模块:Db

[ 2016-06-05T08:27:34+08:00 ] 121.42.0.37 /db/
INFO: [ app_init ] --START--
INFO: Run Behavior\BuildLiteBehavior [ RunTime:0.000012s ]
INFO: [ app_init ] --END-- [ RunTime:0.000262s ]
ERR: 无法加载模块:Db

[ 2016-06-05T08:27:37+08:00 ] 121.42.0.37 /config/
INFO: [ app_init ] --START--
INFO: Run Behavior\BuildLiteBehavior [ RunTime:0.000010s ]
INFO: [ app_init ] --END-- [ RunTime:0.000286s ]
ERR: 无法加载模块:Config

[ 2016-06-05T08:27:40+08:00 ] 121.42.0.37 /config/
INFO: [ app_init ] --START--
INFO: Run Behavior\BuildLiteBehavior [ RunTime:0.000011s ]
INFO: [ app_init ] --END-- [ RunTime:0.000262s ]
ERR: 无法加载模块:Config

[ 2016-06-05T08:27:46+08:00 ] 121.42.0.37 /logs/
INFO: [ app_init ] --START--
INFO: Run Behavior\BuildLiteBehavior [ RunTime:0.000011s ]
INFO: [ app_init ] --END-- [ RunTime:0.000280s ]
ERR: 无法加载模块:Logs

[ 2016-06-05T08:27:48+08:00 ] 121.42.0.37 /logs/
INFO: [ app_init ] --START--
INFO: Run Behavior\BuildLiteBehavior [ RunTime:0.000015s ]
INFO: [ app_init ] --END-- [ RunTime:0.000341s ]
ERR: 无法加载模块:Logs

[ 2016-06-05T08:27:53+08:00 ] 121.42.0.37 /log/
INFO: [ app_init ] --START--
INFO: Run Behavior\BuildLiteBehavior [ RunTime:0.000011s ]
INFO: [ app_init ] --END-- [ RunTime:0.000263s ]
ERR: 无法加载模块:Log

[ 2016-06-05T08:27:56+08:00 ] 121.42.0.37 /log/
INFO: [ app_init ] --START--
INFO: Run Behavior\BuildLiteBehavior [ RunTime:0.000012s ]
INFO: [ app_init ] --END-- [ RunTime:0.000272s ]
ERR: 无法加载模块:Log

[ 2016-06-05T08:27:58+08:00 ] 121.42.0.37 /WebResource.axd
INFO: [ app_init ] --START--
INFO: Run Behavior\BuildLiteBehavior [ RunTime:0.000011s ]
INFO: [ app_init ] --END-- [ RunTime:0.000259s ]
ERR: 无法加载模块:WebResource

[ 2016-06-05T08:28:01+08:00 ] 121.42.0.37 /WebResource.axd?d=LENSTEST&t=LENSTEST
INFO: [ app_init ] --START--
INFO: Run Behavior\BuildLiteBehavior [ RunTime:0.000011s ]
INFO: [ app_init ] --END-- [ RunTime:0.000281s ]
ERR: 无法加载模块:WebResource

[ 2016-06-05T08:28:03+08:00 ] 121.42.0.37 /htdocs/
INFO: [ app_init ] --START--
INFO: Run Behavior\BuildLiteBehavior [ RunTime:0.000017s ]
INFO: [ app_init ] --END-- [ RunTime:0.000443s ]
ERR: 无法加载模块:Htdocs

[ 2016-06-05T08:28:15+08:00 ] 121.42.0.37 /htdocs/
INFO: [ app_init ] --START--
INFO: Run Behavior\BuildLiteBehavior [ RunTime:0.000011s ]
INFO: [ app_init ] --END-- [ RunTime:0.000260s ]
ERR: 无法加载模块:Htdocs

[ 2016-06-05T08:28:36+08:00 ] 121.42.0.37 /index.php?m=Public&a=login
INFO: [ app_init ] --START--
INFO: Run Behavior\BuildLiteBehavior [ RunTime:0.000010s ]
INFO: [ app_init ] --END-- [ RunTime:0.000265s ]
ERR: 无法加载模块:Public

[ 2016-06-05T08:28:48+08:00 ] 121.42.0.37 /cgi-sys/defaultwebpage.cgi
INFO: [ app_init ] --START--
INFO: Run Behavior\BuildLiteBehavior [ RunTime:0.000015s ]
INFO: [ app_init ] --END-- [ RunTime:0.000280s ]
ERR: 无法加载模块:Cgi-sys

[ 2016-06-05T08:28:50+08:00 ] 121.42.0.37 /cgi-sys/FormMail-clone.cgi
INFO: [ app_init ] --START--
INFO: Run Behavior\BuildLiteBehavior [ RunTime:0.000010s ]
INFO: [ app_init ] --END-- [ RunTime:0.000258s ]
ERR: 无法加载模块:Cgi-sys

[ 2016-06-05T08:29:14+08:00 ] 121.42.0.37 /xampp/cgi.cgi
INFO: [ app_init ] --START--
INFO: Run Behavior\BuildLiteBehavior [ RunTime:0.000011s ]
INFO: [ app_init ] --END-- [ RunTime:0.000305s ]
ERR: 无法加载模块:Xampp

[ 2016-06-05T08:29:15+08:00 ] 121.42.0.37 /bigdump.php
INFO: [ app_init ] --START--
INFO: Run Behavior\BuildLiteBehavior [ RunTime:0.000012s ]
INFO: [ app_init ] --END-- [ RunTime:0.000266s ]
ERR: 无法加载模块:Bigdump

[ 2016-06-05T08:29:20+08:00 ] 121.42.0.37 /adminer.php
INFO: [ app_init ] --START--
INFO: Run Behavior\BuildLiteBehavior [ RunTime:0.000012s ]
INFO: [ app_init ] --END-- [ RunTime:0.000260s ]
ERR: 无法加载模块:Adminer

[ 2016-06-05T08:29:22+08:00 ] 121.42.0.37 /adminer.php
INFO: [ app_init ] --START--
INFO: Run Behavior\BuildLiteBehavior [ RunTime:0.000011s ]
INFO: [ app_init ] --END-- [ RunTime:0.000266s ]
ERR: 无法加载模块:Adminer

[ 2016-06-05T08:29:25+08:00 ] 121.42.0.37 /Public/template/default/assets/fonts/phpinfo.php
INFO: [ app_init ] --START--
INFO: Run Behavior\BuildLiteBehavior [ RunTime:0.000012s ]
INFO: [ app_init ] --END-- [ RunTime:0.000284s ]
ERR: 无法加载模块:Public

[ 2016-06-05T08:29:27+08:00 ] 121.42.0.37 /jmx-console/
INFO: [ app_init ] --START--
INFO: Run Behavior\BuildLiteBehavior [ RunTime:0.000011s ]
INFO: [ app_init ] --END-- [ RunTime:0.000263s ]
ERR: 无法加载模块:Jmx-console

[ 2016-06-05T08:29:31+08:00 ] 121.42.0.37 /web-console/
INFO: [ app_init ] --START--
INFO: Run Behavior\BuildLiteBehavior [ RunTime:0.000011s ]
INFO: [ app_init ] --END-- [ RunTime:0.000265s ]
ERR: 无法加载模块:Web-console

[ 2016-06-05T08:29:36+08:00 ] 121.42.0.37 /Public/template/default/assets/fonts/info.php
INFO: [ app_init ] --START--
INFO: Run Behavior\BuildLiteBehavior [ RunTime:0.000011s ]
INFO: [ app_init ] --END-- [ RunTime:0.000260s ]
ERR: 无法加载模块:Public

[ 2016-06-05T08:29:44+08:00 ] 121.42.0.37 /robots.txt
INFO: [ app_init ] --START--
INFO: Run Behavior\BuildLiteBehavior [ RunTime:0.000015s ]
INFO: [ app_init ] --END-- [ RunTime:0.000396s ]
ERR: 无法加载模块:Robots

[ 2016-06-05T08:29:46+08:00 ] 121.42.0.37 /favicon.ico
INFO: [ app_init ] --START--
INFO: Run Behavior\BuildLiteBehavior [ RunTime:0.000011s ]
INFO: [ app_init ] --END-- [ RunTime:0.000273s ]
ERR: 无法加载模块:Favicon

[ 2016-06-05T08:29:51+08:00 ] 121.42.0.37 /phpinfo.php
INFO: [ app_init ] --START--
INFO: Run Behavior\BuildLiteBehavior [ RunTime:0.000012s ]
INFO: [ app_init ] --END-- [ RunTime:0.000267s ]
ERR: 无法加载模块:Phpinfo

[ 2016-06-05T08:29:53+08:00 ] 121.42.0.37 /info.php
INFO: [ app_init ] --START--
INFO: Run Behavior\BuildLiteBehavior [ RunTime:0.000011s ]
INFO: [ app_init ] --END-- [ RunTime:0.000266s ]
ERR: 无法加载模块:Info

[ 2016-06-05T08:29:56+08:00 ] 121.42.0.37 /php.php
INFO: [ app_init ] --START--
INFO: Run Behavior\BuildLiteBehavior [ RunTime:0.000011s ]
INFO: [ app_init ] --END-- [ RunTime:0.000308s ]
ERR: 无法加载模块:Php

[ 2016-06-05T08:29:58+08:00 ] 121.42.0.37 /test.php
INFO: [ app_init ] --START--
INFO: Run Behavior\BuildLiteBehavior [ RunTime:0.000011s ]
INFO: [ app_init ] --END-- [ RunTime:0.000282s ]
ERR: 无法加载模块:Test

[ 2016-06-05T08:30:01+08:00 ] 121.42.0.37 /show.php
INFO: [ app_init ] --START--
INFO: Run Behavior\BuildLiteBehavior [ RunTime:0.000011s ]
INFO: [ app_init ] --END-- [ RunTime:0.000288s ]
ERR: 无法加载模块:Show

[ 2016-06-05T08:30:08+08:00 ] 121.42.0.37 /a.php
INFO: [ app_init ] --START--
INFO: Run Behavior\BuildLiteBehavior [ RunTime:0.000011s ]
INFO: [ app_init ] --END-- [ RunTime:0.000280s ]
ERR: 无法加载模块:A

[ 2016-06-05T08:30:10+08:00 ] 121.42.0.37 /1.php
INFO: [ app_init ] --START--
INFO: Run Behavior\BuildLiteBehavior [ RunTime:0.000011s ]
INFO: [ app_init ] --END-- [ RunTime:0.000261s ]
ERR: 无法加载模块:1

[ 2016-06-05T08:30:14+08:00 ] 121.42.0.37 /u.php?act=phpinfo
INFO: [ app_init ] --START--
INFO: Run Behavior\BuildLiteBehavior [ RunTime:0.000010s ]
INFO: [ app_init ] --END-- [ RunTime:0.000260s ]
ERR: 无法加载模块:U

[ 2016-06-05T08:30:18+08:00 ] 121.42.0.37 /.svn/entries
INFO: [ app_init ] --START--
INFO: Run Behavior\BuildLiteBehavior [ RunTime:0.000012s ]
INFO: [ app_init ] --END-- [ RunTime:0.000267s ]
ERR: 无法加载模块:.svn

[ 2016-06-05T08:30:42+08:00 ] 121.42.0.37 /l.php?act=phpinfo
INFO: [ app_init ] --START--
INFO: Run Behavior\BuildLiteBehavior [ RunTime:0.000014s ]
INFO: [ app_init ] --END-- [ RunTime:0.000368s ]
ERR: 无法加载模块:L

[ 2016-06-05T08:30:44+08:00 ] 121.42.0.37 /Public/template/default/assets/fonts/php.php
INFO: [ app_init ] --START--
INFO: Run Behavior\BuildLiteBehavior [ RunTime:0.000010s ]
INFO: [ app_init ] --END-- [ RunTime:0.000249s ]
ERR: 无法加载模块:Public

[ 2016-06-05T08:30:54+08:00 ] 121.42.0.37 /tz.php?act=phpinfo
INFO: [ app_init ] --START--
INFO: Run Behavior\BuildLiteBehavior [ RunTime:0.000012s ]
INFO: [ app_init ] --END-- [ RunTime:0.000269s ]
ERR: 无法加载模块:Tz

[ 2016-06-05T08:30:54+08:00 ] 121.42.0.37 /Public/template/default/assets/fonts/test.php
INFO: [ app_init ] --START--
INFO: Run Behavior\BuildLiteBehavior [ RunTime:0.000010s ]
INFO: [ app_init ] --END-- [ RunTime:0.000257s ]
ERR: 无法加载模块:Public

[ 2016-06-05T08:31:31+08:00 ] 121.42.0.37 /app/dev/svinfo.php?phpinfo=true
INFO: [ app_init ] --START--
INFO: Run Behavior\BuildLiteBehavior [ RunTime:0.000011s ]
INFO: [ app_init ] --END-- [ RunTime:0.000287s ]
ERR: 无法加载模块:App

[ 2016-06-05T08:31:31+08:00 ] 121.42.0.37 /Public/template/default/assets/fonts/show.php
INFO: [ app_init ] --START--
INFO: Run Behavior\BuildLiteBehavior [ RunTime:0.000010s ]
INFO: [ app_init ] --END-- [ RunTime:0.000282s ]
ERR: 无法加载模块:Public

[ 2016-06-05T08:31:37+08:00 ] 121.42.0.37 /install/svinfo.php?phpinfo=true
INFO: [ app_init ] --START--
INFO: Run Behavior\BuildLiteBehavior [ RunTime:0.000011s ]
INFO: [ app_init ] --END-- [ RunTime:0.000286s ]
ERR: 无法加载模块:Install

[ 2016-06-05T08:31:46+08:00 ] 121.42.0.37 /Public/template/default/assets/fonts/index.php
INFO: [ app_init ] --START--
INFO: Run Behavior\BuildLiteBehavior [ RunTime:0.000011s ]
INFO: [ app_init ] --END-- [ RunTime:0.000266s ]
ERR: 无法加载模块:Public

[ 2016-06-05T08:31:49+08:00 ] 121.42.0.37 /index.php?m=useri1268255i&c=index&a=login&openid=o4oq9vrth6xoOukHedv5iQtqTbs8&avatar=http://wx.qlogo.cn/mmopen/ajNVdqHZLLD0Z0Ksut3uvXWYNovOJGRoJaz6unyg4Ml56oNF8CNvZdnUZP5ROHlkCicGibkewlcjKA5ic5LTt0puQ/0
INFO: [ app_init ] --START--
INFO: Run Behavior\BuildLiteBehavior [ RunTime:0.000011s ]
INFO: [ app_init ] --END-- [ RunTime:0.000279s ]
ERR: 无法加载模块:Useri1268255i

[ 2016-06-05T08:31:51+08:00 ] 121.42.0.37 /Public/template/default/assets/fonts/a.php
INFO: [ app_init ] --START--
INFO: Run Behavior\BuildLiteBehavior [ RunTime:0.000011s ]
INFO: [ app_init ] --END-- [ RunTime:0.000265s ]
ERR: 无法加载模块:Public

[ 2016-06-05T08:31:54+08:00 ] 121.42.0.37 /Public/template/default/assets/fonts/1.php
INFO: [ app_init ] --START--
INFO: Run Behavior\BuildLiteBehavior [ RunTime:0.000010s ]
INFO: [ app_init ] --END-- [ RunTime:0.000265s ]
ERR: 无法加载模块:Public

[ 2016-06-05T08:32:04+08:00 ] 121.42.0.37 /Public/template/default/assets/fonts/u.php?act=phpinfo
INFO: [ app_init ] --START--
INFO: Run Behavior\BuildLiteBehavior [ RunTime:0.000013s ]
INFO: [ app_init ] --END-- [ RunTime:0.000375s ]
ERR: 无法加载模块:Public

[ 2016-06-05T08:33:21+08:00 ] 121.42.0.37 /Public/template/default/assets/fonts/l.php?act=phpinfo
INFO: [ app_init ] --START--
INFO: Run Behavior\BuildLiteBehavior [ RunTime:0.000011s ]
INFO: [ app_init ] --END-- [ RunTime:0.000258s ]
ERR: 无法加载模块:Public

[ 2016-06-05T08:33:24+08:00 ] 121.42.0.37 /Public/template/default/assets/fonts/tz.php?act=phpinfo
INFO: [ app_init ] --START--
INFO: Run Behavior\BuildLiteBehavior [ RunTime:0.000011s ]
INFO: [ app_init ] --END-- [ RunTime:0.000330s ]
ERR: 无法加载模块:Public

[ 2016-06-05T08:33:28+08:00 ] 121.42.0.37 /Public/template/default/assets/fonts/app/dev/svinfo.php?phpinfo=true
INFO: [ app_init ] --START--
INFO: Run Behavior\BuildLiteBehavior [ RunTime:0.000010s ]
INFO: [ app_init ] --END-- [ RunTime:0.000276s ]
ERR: 无法加载模块:Public

[ 2016-06-05T08:33:33+08:00 ] 121.42.0.37 /Public/template/default/assets/fonts/install/svinfo.php?phpinfo=true
INFO: [ app_init ] --START--
INFO: Run Behavior\BuildLiteBehavior [ RunTime:0.000011s ]
INFO: [ app_init ] --END-- [ RunTime:0.000283s ]
ERR: 无法加载模块:Public

[ 2016-06-05T08:33:37+08:00 ] 121.42.0.37 /index.php?m=PHNjcmlwdD5hbGVydCgxKTwvc2NyaXB0Pg==&c=index&a=login&openid=o4oq9vrth6xoOukHedv5iQtqTbs8&avatar=http://wx.qlogo.cn/mmopen/ajNVdqHZLLD0Z0Ksut3uvXWYNovOJGRoJaz6unyg4Ml56oNF8CNvZdnUZP5ROHlkCicGibkewlcjKA5ic5LTt0puQ/0
INFO: [ app_init ] --START--
INFO: Run Behavior\BuildLiteBehavior [ RunTime:0.000011s ]
INFO: [ app_init ] --END-- [ RunTime:0.000258s ]
ERR: 无法加载模块:PHNjcmlwdD5hbGVydCgxKTwvc2NyaXB0Pg==

[ 2016-06-05T08:33:51+08:00 ] 121.42.0.37 /index.php?m=amF2YXNjcmlwdDpwcm9tcHQoMTExKTt4&c=index&a=login&openid=o4oq9vrth6xoOukHedv5iQtqTbs8&avatar=http://wx.qlogo.cn/mmopen/ajNVdqHZLLD0Z0Ksut3uvXWYNovOJGRoJaz6unyg4Ml56oNF8CNvZdnUZP5ROHlkCicGibkewlcjKA5ic5LTt0puQ/0
INFO: [ app_init ] --START--
INFO: Run Behavior\BuildLiteBehavior [ RunTime:0.000012s ]
INFO: [ app_init ] --END-- [ RunTime:0.000290s ]
ERR: 无法加载模块:AmF2YXNjcmlwdDpwcm9tcHQoMTExKTt4

[ 2016-06-05T08:33:53+08:00 ] 121.42.0.37 /Public/template/default/assets/fonts/'%22+onmouseover=alert()+d='%22
INFO: [ app_init ] --START--
INFO: Run Behavior\BuildLiteBehavior [ RunTime:0.000012s ]
INFO: [ app_init ] --END-- [ RunTime:0.000279s ]
ERR: 无法加载模块:Public

[ 2016-06-05T08:33:58+08:00 ] 121.42.0.37 /Public/template/default/assets/fonts/%27%22%20onmouseover%3Dalert%28%29%20d%3D%27%22
INFO: [ app_init ] --START--
INFO: Run Behavior\BuildLiteBehavior [ RunTime:0.000010s ]
INFO: [ app_init ] --END-- [ RunTime:0.000263s ]
ERR: 无法加载模块:Public

[ 2016-06-05T08:34:03+08:00 ] 121.42.0.37 /Public/template/default/assets/fonts/%2527%2522%2520onmouseover%253Dalert%2528%2529%2520d%253D%2527%2522
INFO: [ app_init ] --START--
INFO: Run Behavior\BuildLiteBehavior [ RunTime:0.000011s ]
INFO: [ app_init ] --END-- [ RunTime:0.000260s ]
ERR: 无法加载模块:Public

[ 2016-06-05T08:34:08+08:00 ] 121.42.0.37 /Public/template/default/assets/fonts/'%22/%3E%3C/script%3E%3Cscript%3Ealert()%3C/script%3E
INFO: [ app_init ] --START--
INFO: Run Behavior\BuildLiteBehavior [ RunTime:0.000011s ]
INFO: [ app_init ] --END-- [ RunTime:0.000265s ]
ERR: 无法加载模块:Public

[ 2016-06-05T08:34:15+08:00 ] 121.42.0.37 /'%22+onmouseover=alert()+d='%22
INFO: [ app_init ] --START--
INFO: Run Behavior\BuildLiteBehavior [ RunTime:0.000011s ]
INFO: [ app_init ] --END-- [ RunTime:0.000280s ]
ERR: 无法加载模块:'"+onmouseover=alert()+d='"

[ 2016-06-05T08:34:42+08:00 ] 121.42.0.37 /%27%22%20onmouseover%3Dalert%28%29%20d%3D%27%22
INFO: [ app_init ] --START--
INFO: Run Behavior\BuildLiteBehavior [ RunTime:0.000010s ]
INFO: [ app_init ] --END-- [ RunTime:0.000306s ]
ERR: 无法加载模块:'" onmouseover=alert() d='"

[ 2016-06-05T08:34:51+08:00 ] 121.42.0.37 /%2527%2522%2520onmouseover%253Dalert%2528%2529%2520d%253D%2527%2522
INFO: [ app_init ] --START--
INFO: Run Behavior\BuildLiteBehavior [ RunTime:0.000012s ]
INFO: [ app_init ] --END-- [ RunTime:0.000261s ]
ERR: 无法加载模块:'" onmouseover=alert() d='"

[ 2016-06-05T08:35:01+08:00 ] 121.42.0.37 /index.php/'%22+onmouseover=alert()+d='%22/?m=user&c=index&a=login&openid=o4oq9vrth6xoOukHedv5iQtqTbs8&avatar=http://wx.qlogo.cn/mmopen/ajNVdqHZLLD0Z0Ksut3uvXWYNovOJGRoJaz6unyg4Ml56oNF8CNvZdnUZP5ROHlkCicGibkewlcjKA5ic5LTt0puQ/0
INFO: [ app_init ] --START--
INFO: Run Behavior\BuildLiteBehavior [ RunTime:0.000011s ]
INFO: [ app_init ] --END-- [ RunTime:0.000292s ]
ERR: 无法加载模块:'"+onmouseover=alert()+d='"

[ 2016-06-05T08:35:10+08:00 ] 121.42.0.37 /'%22/%3E%3C/script%3E%3Cscript%3Ealert()%3C/script%3E
INFO: [ app_init ] --START--
INFO: Run Behavior\BuildLiteBehavior [ RunTime:0.000011s ]
INFO: [ app_init ] --END-- [ RunTime:0.000260s ]
ERR: 无法加载模块:'"

[ 2016-06-05T08:35:13+08:00 ] 121.42.0.37 /index.php/%27%22%20onmouseover%3Dalert%28%29%20d%3D%27%22/?m=user&c=index&a=login&openid=o4oq9vrth6xoOukHedv5iQtqTbs8&avatar=http://wx.qlogo.cn/mmopen/ajNVdqHZLLD0Z0Ksut3uvXWYNovOJGRoJaz6unyg4Ml56oNF8CNvZdnUZP5ROHlkCicGibkewlcjKA5ic5LTt0puQ/0
INFO: [ app_init ] --START--
INFO: Run Behavior\BuildLiteBehavior [ RunTime:0.000011s ]
INFO: [ app_init ] --END-- [ RunTime:0.000260s ]
ERR: 无法加载模块:'" onmouseover=alert() d='"

[ 2016-06-05T08:36:08+08:00 ] 121.42.0.37 /index.php/%2527%2522%2520onmouseover%253Dalert%2528%2529%2520d%253D%2527%2522/?m=user&c=index&a=login&openid=o4oq9vrth6xoOukHedv5iQtqTbs8&avatar=http://wx.qlogo.cn/mmopen/ajNVdqHZLLD0Z0Ksut3uvXWYNovOJGRoJaz6unyg4Ml56oNF8CNvZdnUZP5ROHlkCicGibkewlcjKA5ic5LTt0puQ/0
INFO: [ app_init ] --START--
INFO: Run Behavior\BuildLiteBehavior [ RunTime:0.000015s ]
INFO: [ app_init ] --END-- [ RunTime:0.000317s ]
ERR: 无法加载模块:%27%22%20onmouseover%3Dalert%28%29%20d%3D%27%22

[ 2016-06-05T08:36:31+08:00 ] 121.42.0.37 /api/.DS_Store
INFO: [ app_init ] --START--
INFO: Run Behavior\BuildLiteBehavior [ RunTime:0.000011s ]
INFO: [ app_init ] --END-- [ RunTime:0.000265s ]
ERR: 无法加载模块:Api

[ 2016-06-05T08:36:31+08:00 ] 121.42.0.37 /index.php/'%22/%3E%3C/script%3E%3Cscript%3Ealert()%3C/script%3E/?m=user&c=index&a=login&openid=o4oq9vrth6xoOukHedv5iQtqTbs8&avatar=http://wx.qlogo.cn/mmopen/ajNVdqHZLLD0Z0Ksut3uvXWYNovOJGRoJaz6unyg4Ml56oNF8CNvZdnUZP5ROHlkCicGibkewlcjKA5ic5LTt0puQ/0
INFO: [ app_init ] --START--
INFO: Run Behavior\BuildLiteBehavior [ RunTime:0.000011s ]
INFO: [ app_init ] --END-- [ RunTime:0.000258s ]
ERR: 无法加载模块:'"

[ 2016-06-05T08:37:13+08:00 ] 121.42.0.37 /api/.svn/entries
INFO: [ app_init ] --START--
INFO: Run Behavior\BuildLiteBehavior [ RunTime:0.000012s ]
INFO: [ app_init ] --END-- [ RunTime:0.000285s ]
ERR: 无法加载模块:Api

[ 2016-06-05T08:37:27+08:00 ] 121.42.0.37 /api/.git/config
INFO: [ app_init ] --START--
INFO: Run Behavior\BuildLiteBehavior [ RunTime:0.000015s ]
INFO: [ app_init ] --END-- [ RunTime:0.000382s ]
ERR: 无法加载模块:Api

[ 2016-06-05T08:37:27+08:00 ] 121.42.0.37 /index.php/%2527%2522%252f%253E%253C%252fscript%253E%253Cscript%253Ealert%2528%2529%253C%252fscript%253E/?m=user&c=index&a=login&openid=o4oq9vrth6xoOukHedv5iQtqTbs8&avatar=http://wx.qlogo.cn/mmopen/ajNVdqHZLLD0Z0Ksut3uvXWYNovOJGRoJaz6unyg4Ml56oNF8CNvZdnUZP5ROHlkCicGibkewlcjKA5ic5LTt0puQ/0
INFO: [ app_init ] --START--
INFO: Run Behavior\BuildLiteBehavior [ RunTime:0.000013s ]
INFO: [ app_init ] --END-- [ RunTime:0.000366s ]
ERR: 无法加载模块:%27%22%2f%3E%3C%2fscript%3E%3Cscript%3Ealert%28%29%3C%2fscript%3E

[ 2016-06-05T08:38:07+08:00 ] 121.42.0.37 /api/phpsysinfo/index.php?disp=dynamic
INFO: [ app_init ] --START--
INFO: Run Behavior\BuildLiteBehavior [ RunTime:0.000011s ]
INFO: [ app_init ] --END-- [ RunTime:0.000262s ]
ERR: 无法加载模块:Api

[ 2016-06-05T08:38:07+08:00 ] 121.42.0.59 /index.php?m=user'%22%3E%3Ciframe%20onload=alert()%3E&c=index&a=login&openid=o4oq9vrth6xoOukHedv5iQtqTbs8&avatar=http://wx.qlogo.cn/mmopen/ajNVdqHZLLD0Z0Ksut3uvXWYNovOJGRoJaz6unyg4Ml56oNF8CNvZdnUZP5ROHlkCicGibkewlcjKA5ic5LTt0puQ/0
INFO: [ app_init ] --START--
INFO: Run Behavior\BuildLiteBehavior [ RunTime:0.000011s ]
INFO: [ app_init ] --END-- [ RunTime:0.000284s ]
ERR: 无法加载模块:User'">

[ 2016-06-05T08:39:16+08:00 ] 121.42.0.37 /api/.bzr/branch-format
INFO: [ app_init ] --START--
INFO: Run Behavior\BuildLiteBehavior [ RunTime:0.000012s ]
INFO: [ app_init ] --END-- [ RunTime:0.000305s ]
ERR: 无法加载模块:Api

[ 2016-06-05T08:39:53+08:00 ] 121.42.0.37 /api/.hg/requires
INFO: [ app_init ] --START--
INFO: Run Behavior\BuildLiteBehavior [ RunTime:0.000011s ]
INFO: [ app_init ] --END-- [ RunTime:0.000288s ]
ERR: 无法加载模块:Api

[ 2016-06-05T08:40:15+08:00 ] 121.42.0.37 /api/CVS/Root
INFO: [ app_init ] --START--
INFO: Run Behavior\BuildLiteBehavior [ RunTime:0.000011s ]
INFO: [ app_init ] --END-- [ RunTime:0.000267s ]
ERR: 无法加载模块:Api

[ 2016-06-05T08:41:32+08:00 ] 121.42.0.37 /api/uc_server/uctools.php
INFO: [ app_init ] --START--
INFO: Run Behavior\BuildLiteBehavior [ RunTime:0.000011s ]
INFO: [ app_init ] --END-- [ RunTime:0.000329s ]
ERR: 无法加载模块:Api

[ 2016-06-05T08:42:30+08:00 ] 121.42.0.37 /api/download/
INFO: [ app_init ] --START--
INFO: Run Behavior\BuildLiteBehavior [ RunTime:0.000011s ]
INFO: [ app_init ] --END-- [ RunTime:0.000275s ]
ERR: 无法加载模块:Api

[ 2016-06-05T08:42:30+08:00 ] 121.42.0.67 /index.php?m=user'%22%3E%3Cimg%20src=x%20onerror=prompt()%3E&c=index&a=login&openid=o4oq9vrth6xoOukHedv5iQtqTbs8&avatar=http://wx.qlogo.cn/mmopen/ajNVdqHZLLD0Z0Ksut3uvXWYNovOJGRoJaz6unyg4Ml56oNF8CNvZdnUZP5ROHlkCicGibkewlcjKA5ic5LTt0puQ/0
INFO: [ app_init ] --START--
INFO: Run Behavior\BuildLiteBehavior [ RunTime:0.000013s ]
INFO: [ app_init ] --END-- [ RunTime:0.000346s ]
ERR: 无法加载模块:User'">

[ 2016-06-05T08:42:37+08:00 ] 121.42.0.37 /api/downloads/
INFO: [ app_init ] --START--
INFO: Run Behavior\BuildLiteBehavior [ RunTime:0.000015s ]
INFO: [ app_init ] --END-- [ RunTime:0.000283s ]
ERR: 无法加载模块:Api

[ 2016-06-05T08:42:54+08:00 ] 121.42.0.37 /api/bin/
INFO: [ app_init ] --START--
INFO: Run Behavior\BuildLiteBehavior [ RunTime:0.000012s ]
INFO: [ app_init ] --END-- [ RunTime:0.000328s ]
ERR: 无法加载模块:Api

[ 2016-06-05T08:43:47+08:00 ] 121.42.0.54 /index.php?m=user'%22%3E%3Csvg%20onload=prompt()%3E&c=index&a=login&openid=o4oq9vrth6xoOukHedv5iQtqTbs8&avatar=http://wx.qlogo.cn/mmopen/ajNVdqHZLLD0Z0Ksut3uvXWYNovOJGRoJaz6unyg4Ml56oNF8CNvZdnUZP5ROHlkCicGibkewlcjKA5ic5LTt0puQ/0
INFO: [ app_init ] --START--
INFO: Run Behavior\BuildLiteBehavior [ RunTime:0.000011s ]
INFO: [ app_init ] --END-- [ RunTime:0.000275s ]
ERR: 无法加载模块:User'">

[ 2016-06-05T08:43:53+08:00 ] 121.42.0.37 /api/upfile/
INFO: [ app_init ] --START--
INFO: Run Behavior\BuildLiteBehavior [ RunTime:0.000012s ]
INFO: [ app_init ] --END-- [ RunTime:0.000268s ]
ERR: 无法加载模块:Api

[ 2016-06-05T08:43:56+08:00 ] 121.42.0.37 /api/upfiles/
INFO: [ app_init ] --START--
INFO: Run Behavior\BuildLiteBehavior [ RunTime:0.000014s ]
INFO: [ app_init ] --END-- [ RunTime:0.000372s ]
ERR: 无法加载模块:Api

[ 2016-06-05T08:43:59+08:00 ] 121.42.0.37 /api/uploadfile/
INFO: [ app_init ] --START--
INFO: Run Behavior\BuildLiteBehavior [ RunTime:0.000011s ]
INFO: [ app_init ] --END-- [ RunTime:0.000285s ]
ERR: 无法加载模块:Api

[ 2016-06-05T08:44:02+08:00 ] 121.42.0.37 /api/uploadfiles/
INFO: [ app_init ] --START--
INFO: Run Behavior\BuildLiteBehavior [ RunTime:0.000011s ]
INFO: [ app_init ] --END-- [ RunTime:0.000262s ]
ERR: 无法加载模块:Api

[ 2016-06-05T08:44:04+08:00 ] 121.42.0.37 /api/web/
INFO: [ app_init ] --START--
INFO: Run Behavior\BuildLiteBehavior [ RunTime:0.000011s ]
INFO: [ app_init ] --END-- [ RunTime:0.000262s ]
ERR: 无法加载模块:Api

[ 2016-06-05T08:44:07+08:00 ] 121.42.0.37 /api/data/
INFO: [ app_init ] --START--
INFO: Run Behavior\BuildLiteBehavior [ RunTime:0.000012s ]
INFO: [ app_init ] --END-- [ RunTime:0.000265s ]
ERR: 无法加载模块:Api

[ 2016-06-05T08:44:09+08:00 ] 121.42.0.37 /api/backup/
INFO: [ app_init ] --START--
INFO: Run Behavior\BuildLiteBehavior [ RunTime:0.000011s ]
INFO: [ app_init ] --END-- [ RunTime:0.000278s ]
ERR: 无法加载模块:Api

[ 2016-06-05T08:44:12+08:00 ] 121.42.0.37 /api/uploads/
INFO: [ app_init ] --START--
INFO: Run Behavior\BuildLiteBehavior [ RunTime:0.000012s ]
INFO: [ app_init ] --END-- [ RunTime:0.000286s ]
ERR: 无法加载模块:Api

[ 2016-06-05T08:44:15+08:00 ] 121.42.0.37 /api/upload/
INFO: [ app_init ] --START--
INFO: Run Behavior\BuildLiteBehavior [ RunTime:0.000014s ]
INFO: [ app_init ] --END-- [ RunTime:0.000370s ]
ERR: 无法加载模块:Api

[ 2016-06-05T08:44:17+08:00 ] 121.42.0.37 /api/db/
INFO: [ app_init ] --START--
INFO: Run Behavior\BuildLiteBehavior [ RunTime:0.000011s ]
INFO: [ app_init ] --END-- [ RunTime:0.000261s ]
ERR: 无法加载模块:Api

[ 2016-06-05T08:44:20+08:00 ] 121.42.0.37 /api/config/
INFO: [ app_init ] --START--
INFO: Run Behavior\BuildLiteBehavior [ RunTime:0.000014s ]
INFO: [ app_init ] --END-- [ RunTime:0.000284s ]
ERR: 无法加载模块:Api

[ 2016-06-05T08:44:22+08:00 ] 121.42.0.37 /api/logs/
INFO: [ app_init ] --START--
INFO: Run Behavior\BuildLiteBehavior [ RunTime:0.000012s ]
INFO: [ app_init ] --END-- [ RunTime:0.000276s ]
ERR: 无法加载模块:Api

[ 2016-06-05T08:44:24+08:00 ] 121.42.0.37 /api/log/
INFO: [ app_init ] --START--
INFO: Run Behavior\BuildLiteBehavior [ RunTime:0.000012s ]
INFO: [ app_init ] --END-- [ RunTime:0.000290s ]
ERR: 无法加载模块:Api

[ 2016-06-05T08:44:27+08:00 ] 121.42.0.37 /api/htdocs/
INFO: [ app_init ] --START--
INFO: Run Behavior\BuildLiteBehavior [ RunTime:0.000015s ]
INFO: [ app_init ] --END-- [ RunTime:0.000284s ]
ERR: 无法加载模块:Api

[ 2016-06-05T08:44:33+08:00 ] 121.42.0.37 /api/bigdump.php
INFO: [ app_init ] --START--
INFO: Run Behavior\BuildLiteBehavior [ RunTime:0.000011s ]
INFO: [ app_init ] --END-- [ RunTime:0.000264s ]
ERR: 无法加载模块:Api

[ 2016-06-05T08:44:36+08:00 ] 121.42.0.37 /api/adminer.php
INFO: [ app_init ] --START--
INFO: Run Behavior\BuildLiteBehavior [ RunTime:0.000036s ]
INFO: [ app_init ] --END-- [ RunTime:0.000321s ]
ERR: 无法加载模块:Api

[ 2016-06-05T08:44:44+08:00 ] 121.42.0.37 /api/phpinfo.php
INFO: [ app_init ] --START--
INFO: Run Behavior\BuildLiteBehavior [ RunTime:0.000011s ]
INFO: [ app_init ] --END-- [ RunTime:0.000261s ]
ERR: 无法加载模块:Api

[ 2016-06-05T08:44:47+08:00 ] 121.42.0.37 /api/info.php
INFO: [ app_init ] --START--
INFO: Run Behavior\BuildLiteBehavior [ RunTime:0.000011s ]
INFO: [ app_init ] --END-- [ RunTime:0.000279s ]
ERR: 无法加载模块:Api

[ 2016-06-05T08:44:49+08:00 ] 121.42.0.37 /api/php.php
INFO: [ app_init ] --START--
INFO: Run Behavior\BuildLiteBehavior [ RunTime:0.000011s ]
INFO: [ app_init ] --END-- [ RunTime:0.000294s ]
ERR: 无法加载模块:Api

[ 2016-06-05T08:44:52+08:00 ] 121.42.0.37 /api/test.php
INFO: [ app_init ] --START--
INFO: Run Behavior\BuildLiteBehavior [ RunTime:0.000012s ]
INFO: [ app_init ] --END-- [ RunTime:0.000282s ]
ERR: 无法加载模块:Api

[ 2016-06-05T08:44:55+08:00 ] 121.42.0.37 /api/show.php
INFO: [ app_init ] --START--
INFO: Run Behavior\BuildLiteBehavior [ RunTime:0.000011s ]
INFO: [ app_init ] --END-- [ RunTime:0.000260s ]
ERR: 无法加载模块:Api

[ 2016-06-05T08:45:01+08:00 ] 121.42.0.37 /api/a.php
INFO: [ app_init ] --START--
INFO: Run Behavior\BuildLiteBehavior [ RunTime:0.000012s ]
INFO: [ app_init ] --END-- [ RunTime:0.000324s ]
ERR: 无法加载模块:Api

[ 2016-06-05T08:45:06+08:00 ] 121.42.0.37 /api/1.php
INFO: [ app_init ] --START--
INFO: Run Behavior\BuildLiteBehavior [ RunTime:0.000012s ]
INFO: [ app_init ] --END-- [ RunTime:0.000293s ]
ERR: 无法加载模块:Api

[ 2016-06-05T08:45:08+08:00 ] 121.42.0.37 /api/u.php?act=phpinfo
INFO: [ app_init ] --START--
INFO: Run Behavior\BuildLiteBehavior [ RunTime:0.000011s ]
INFO: [ app_init ] --END-- [ RunTime:0.000264s ]
ERR: 无法加载模块:Api

[ 2016-06-05T08:45:11+08:00 ] 121.42.0.37 /api/l.php?act=phpinfo
INFO: [ app_init ] --START--
INFO: Run Behavior\BuildLiteBehavior [ RunTime:0.000012s ]
INFO: [ app_init ] --END-- [ RunTime:0.000289s ]
ERR: 无法加载模块:Api

[ 2016-06-05T08:45:14+08:00 ] 121.42.0.37 /api/tz.php?act=phpinfo
INFO: [ app_init ] --START--
INFO: Run Behavior\BuildLiteBehavior [ RunTime:0.000012s ]
INFO: [ app_init ] --END-- [ RunTime:0.000270s ]
ERR: 无法加载模块:Api

[ 2016-06-05T08:45:16+08:00 ] 121.42.0.37 /api/app/dev/svinfo.php?phpinfo=true
INFO: [ app_init ] --START--
INFO: Run Behavior\BuildLiteBehavior [ RunTime:0.000012s ]
INFO: [ app_init ] --END-- [ RunTime:0.000264s ]
ERR: 无法加载模块:Api

[ 2016-06-05T08:45:19+08:00 ] 121.42.0.37 /api/install/svinfo.php?phpinfo=true
INFO: [ app_init ] --START--
INFO: Run Behavior\BuildLiteBehavior [ RunTime:0.000011s ]
INFO: [ app_init ] --END-- [ RunTime:0.000276s ]
ERR: 无法加载模块:Api

[ 2016-06-05T08:45:23+08:00 ] 121.42.0.37 /api/'%22+onmouseover=alert()+d='%22
INFO: [ app_init ] --START--
INFO: Run Behavior\BuildLiteBehavior [ RunTime:0.000012s ]
INFO: [ app_init ] --END-- [ RunTime:0.000272s ]
ERR: 无法加载模块:Api

[ 2016-06-05T08:45:26+08:00 ] 121.42.0.37 /api/%27%22%20onmouseover%3Dalert%28%29%20d%3D%27%22
INFO: [ app_init ] --START--
INFO: Run Behavior\BuildLiteBehavior [ RunTime:0.000012s ]
INFO: [ app_init ] --END-- [ RunTime:0.000279s ]
ERR: 无法加载模块:Api

[ 2016-06-05T08:45:28+08:00 ] 121.42.0.37 /api/%2527%2522%2520onmouseover%253Dalert%2528%2529%2520d%253D%2527%2522
INFO: [ app_init ] --START--
INFO: Run Behavior\BuildLiteBehavior [ RunTime:0.000014s ]
INFO: [ app_init ] --END-- [ RunTime:0.000425s ]
ERR: 无法加载模块:Api

[ 2016-06-05T08:45:31+08:00 ] 121.42.0.37 /api/'%22/%3E%3C/script%3E%3Cscript%3Ealert()%3C/script%3E
INFO: [ app_init ] --START--
INFO: Run Behavior\BuildLiteBehavior [ RunTime:0.000011s ]
INFO: [ app_init ] --END-- [ RunTime:0.000260s ]
ERR: 无法加载模块:Api

